<?xml version="1.0" encoding="UTF-8"?>
<testsuite xmlns:xsi="http://www.w3.org/2001/XMLSchema-instance" xsi:noNamespaceSchemaLocation="https://maven.apache.org/surefire/maven-surefire-plugin/xsd/surefire-test-report-3.0.xsd" version="3.0" name="com.example.mattermost.MeetingSchedulerWorkflowTest" time="8.353" tests="6" errors="3" skipped="0" failures="2">
  <properties>
    <property name="java.specification.version" value="21"/>
    <property name="sun.jnu.encoding" value="UTF-8"/>
    <property name="java.class.path" value="/app/target/test-classes:/app/target/classes:/home/swebot/.m2/repository/org/springframework/boot/spring-boot-starter-web/2.7.17/spring-boot-starter-web-2.7.17.jar:/home/swebot/.m2/repository/org/springframework/boot/spring-boot-starter/2.7.17/spring-boot-starter-2.7.17.jar:/home/swebot/.m2/repository/org/springframework/boot/spring-boot/2.7.17/spring-boot-2.7.17.jar:/home/swebot/.m2/repository/org/springframework/boot/spring-boot-autoconfigure/2.7.17/spring-boot-autoconfigure-2.7.17.jar:/home/swebot/.m2/repository/org/springframework/boot/spring-boot-starter-logging/2.7.17/spring-boot-starter-logging-2.7.17.jar:/home/swebot/.m2/repository/ch/qos/logback/logback-classic/1.2.12/logback-classic-1.2.12.jar:/home/swebot/.m2/repository/ch/qos/logback/logback-core/1.2.12/logback-core-1.2.12.jar:/home/swebot/.m2/repository/org/apache/logging/log4j/log4j-to-slf4j/2.17.2/log4j-to-slf4j-2.17.2.jar:/home/swebot/.m2/repository/org/apache/logging/log4j/log4j-api/2.17.2/log4j-api-2.17.2.jar:/home/swebot/.m2/repository/org/slf4j/jul-to-slf4j/2.0.7/jul-to-slf4j-2.0.7.jar:/home/swebot/.m2/repository/jakarta/annotation/jakarta.annotation-api/1.3.5/jakarta.annotation-api-1.3.5.jar:/home/swebot/.m2/repository/org/yaml/snakeyaml/1.30/snakeyaml-1.30.jar:/home/swebot/.m2/repository/org/springframework/boot/spring-boot-starter-json/2.7.17/spring-boot-starter-json-2.7.17.jar:/home/swebot/.m2/repository/com/fasterxml/jackson/module/jackson-module-parameter-names/2.13.5/jackson-module-parameter-names-2.13.5.jar:/home/swebot/.m2/repository/org/springframework/boot/spring-boot-starter-tomcat/2.7.17/spring-boot-starter-tomcat-2.7.17.jar:/home/swebot/.m2/repository/org/apache/tomcat/embed/tomcat-embed-core/9.0.82/tomcat-embed-core-9.0.82.jar:/home/swebot/.m2/repository/org/apache/tomcat/embed/tomcat-embed-el/9.0.82/tomcat-embed-el-9.0.82.jar:/home/swebot/.m2/repository/org/apache/tomcat/embed/tomcat-embed-websocket/9.0.82/tomcat-embed-websocket-9.0.82.jar:/home/swebot/.m2/repository/org/springframework/spring-web/5.3.30/spring-web-5.3.30.jar:/home/swebot/.m2/repository/org/springframework/spring-beans/5.3.30/spring-beans-5.3.30.jar:/home/swebot/.m2/repository/org/springframework/spring-webmvc/5.3.30/spring-webmvc-5.3.30.jar:/home/swebot/.m2/repository/org/springframework/spring-aop/5.3.30/spring-aop-5.3.30.jar:/home/swebot/.m2/repository/org/springframework/spring-context/5.3.30/spring-context-5.3.30.jar:/home/swebot/.m2/repository/org/springframework/spring-expression/5.3.30/spring-expression-5.3.30.jar:/home/swebot/.m2/repository/org/springframework/boot/spring-boot-starter-actuator/2.7.17/spring-boot-starter-actuator-2.7.17.jar:/home/swebot/.m2/repository/org/springframework/boot/spring-boot-actuator-autoconfigure/2.7.17/spring-boot-actuator-autoconfigure-2.7.17.jar:/home/swebot/.m2/repository/org/springframework/boot/spring-boot-actuator/2.7.17/spring-boot-actuator-2.7.17.jar:/home/swebot/.m2/repository/io/micrometer/micrometer-core/1.9.16/micrometer-core-1.9.16.jar:/home/swebot/.m2/repository/org/hdrhistogram/HdrHistogram/2.1.12/HdrHistogram-2.1.12.jar:/home/swebot/.m2/repository/org/latencyutils/LatencyUtils/2.0.3/LatencyUtils-2.0.3.jar:/home/swebot/.m2/repository/org/springframework/boot/spring-boot-starter-test/2.7.17/spring-boot-starter-test-2.7.17.jar:/home/swebot/.m2/repository/org/springframework/boot/spring-boot-test/2.7.17/spring-boot-test-2.7.17.jar:/home/swebot/.m2/repository/org/springframework/boot/spring-boot-test-autoconfigure/2.7.17/spring-boot-test-autoconfigure-2.7.17.jar:/home/swebot/.m2/repository/com/jayway/jsonpath/json-path/2.7.0/json-path-2.7.0.jar:/home/swebot/.m2/repository/net/minidev/json-smart/2.4.11/json-smart-2.4.11.jar:/home/swebot/.m2/repository/net/minidev/accessors-smart/2.4.11/accessors-smart-2.4.11.jar:/home/swebot/.m2/repository/org/ow2/asm/asm/9.3/asm-9.3.jar:/home/swebot/.m2/repository/jakarta/xml/bind/jakarta.xml.bind-api/2.3.3/jakarta.xml.bind-api-2.3.3.jar:/home/swebot/.m2/repository/jakarta/activation/jakarta.activation-api/1.2.2/jakarta.activation-api-1.2.2.jar:/home/swebot/.m2/repository/org/assertj/assertj-core/3.22.0/assertj-core-3.22.0.jar:/home/swebot/.m2/repository/org/hamcrest/hamcrest/2.2/hamcrest-2.2.jar:/home/swebot/.m2/repository/org/junit/jupiter/junit-jupiter/5.8.2/junit-jupiter-5.8.2.jar:/home/swebot/.m2/repository/org/junit/jupiter/junit-jupiter-params/5.8.2/junit-jupiter-params-5.8.2.jar:/home/swebot/.m2/repository/org/mockito/mockito-junit-jupiter/4.5.1/mockito-junit-jupiter-4.5.1.jar:/home/swebot/.m2/repository/org/skyscreamer/jsonassert/1.5.1/jsonassert-1.5.1.jar:/home/swebot/.m2/repository/com/vaadin/external/google/android-json/0.0.20131108.vaadin1/android-json-0.0.20131108.vaadin1.jar:/home/swebot/.m2/repository/org/springframework/spring-core/5.3.30/spring-core-5.3.30.jar:/home/swebot/.m2/repository/org/springframework/spring-jcl/5.3.30/spring-jcl-5.3.30.jar:/home/swebot/.m2/repository/org/springframework/spring-test/5.3.30/spring-test-5.3.30.jar:/home/swebot/.m2/repository/org/xmlunit/xmlunit-core/2.9.1/xmlunit-core-2.9.1.jar:/home/swebot/.m2/repository/io/temporal/temporal-sdk/1.22.3/temporal-sdk-1.22.3.jar:/home/swebot/.m2/repository/io/temporal/temporal-serviceclient/1.22.3/temporal-serviceclient-1.22.3.jar:/home/swebot/.m2/repository/io/grpc/grpc-api/1.54.1/grpc-api-1.54.1.jar:/home/swebot/.m2/repository/io/grpc/grpc-context/1.54.1/grpc-context-1.54.1.jar:/home/swebot/.m2/repository/io/grpc/grpc-stub/1.54.1/grpc-stub-1.54.1.jar:/home/swebot/.m2/repository/io/grpc/grpc-netty-shaded/1.54.1/grpc-netty-shaded-1.54.1.jar:/home/swebot/.m2/repository/io/perfmark/perfmark-api/0.25.0/perfmark-api-0.25.0.jar:/home/swebot/.m2/repository/io/grpc/grpc-core/1.54.1/grpc-core-1.54.1.jar:/home/swebot/.m2/repository/com/google/android/annotations/4.1.1.4/annotations-4.1.1.4.jar:/home/swebot/.m2/repository/org/codehaus/mojo/animal-sniffer-annotations/1.21/animal-sniffer-annotations-1.21.jar:/home/swebot/.m2/repository/io/grpc/grpc-services/1.54.1/grpc-services-1.54.1.jar:/home/swebot/.m2/repository/io/grpc/grpc-protobuf/1.54.1/grpc-protobuf-1.54.1.jar:/home/swebot/.m2/repository/com/google/protobuf/protobuf-java/3.21.7/protobuf-java-3.21.7.jar:/home/swebot/.m2/repository/com/google/api/grpc/proto-google-common-protos/2.9.0/proto-google-common-protos-2.9.0.jar:/home/swebot/.m2/repository/io/grpc/grpc-protobuf-lite/1.54.1/grpc-protobuf-lite-1.54.1.jar:/home/swebot/.m2/repository/com/google/protobuf/protobuf-java-util/3.22.0/protobuf-java-util-3.22.0.jar:/home/swebot/.m2/repository/com/uber/m3/tally-core/0.13.0/tally-core-0.13.0.jar:/home/swebot/.m2/repository/com/google/code/gson/gson/2.9.1/gson-2.9.1.jar:/home/swebot/.m2/repository/com/google/guava/guava/31.1-jre/guava-31.1-jre.jar:/home/swebot/.m2/repository/com/google/guava/failureaccess/1.0.1/failureaccess-1.0.1.jar:/home/swebot/.m2/repository/com/google/guava/listenablefuture/9999.0-empty-to-avoid-conflict-with-guava/listenablefuture-9999.0-empty-to-avoid-conflict-with-guava.jar:/home/swebot/.m2/repository/com/google/code/findbugs/jsr305/3.0.2/jsr305-3.0.2.jar:/home/swebot/.m2/repository/org/checkerframework/checker-qual/3.12.0/checker-qual-3.12.0.jar:/home/swebot/.m2/repository/com/google/errorprone/error_prone_annotations/2.11.0/error_prone_annotations-2.11.0.jar:/home/swebot/.m2/repository/com/google/j2objc/j2objc-annotations/1.3/j2objc-annotations-1.3.jar:/home/swebot/.m2/repository/com/fasterxml/jackson/datatype/jackson-datatype-jdk8/2.13.5/jackson-datatype-jdk8-2.13.5.jar:/home/swebot/.m2/repository/com/fasterxml/jackson/core/jackson-databind/2.13.5/jackson-databind-2.13.5.jar:/home/swebot/.m2/repository/com/fasterxml/jackson/core/jackson-annotations/2.13.5/jackson-annotations-2.13.5.jar:/home/swebot/.m2/repository/com/fasterxml/jackson/core/jackson-core/2.13.5/jackson-core-2.13.5.jar:/home/swebot/.m2/repository/com/fasterxml/jackson/datatype/jackson-datatype-jsr310/2.13.5/jackson-datatype-jsr310-2.13.5.jar:/home/swebot/.m2/repository/org/slf4j/slf4j-api/2.0.7/slf4j-api-2.0.7.jar:/home/swebot/.m2/repository/org/slf4j/slf4j-simple/2.0.7/slf4j-simple-2.0.7.jar:/home/swebot/.m2/repository/io/temporal/temporal-testing/1.22.3/temporal-testing-1.22.3.jar:/home/swebot/.m2/repository/io/temporal/temporal-test-server/1.22.3/temporal-test-server-1.22.3.jar:/home/swebot/.m2/repository/com/cronutils/cron-utils/9.2.1/cron-utils-9.2.1.jar:/home/swebot/.m2/repository/org/junit/jupiter/junit-jupiter-api/5.8.2/junit-jupiter-api-5.8.2.jar:/home/swebot/.m2/repository/org/opentest4j/opentest4j/1.2.0/opentest4j-1.2.0.jar:/home/swebot/.m2/repository/org/junit/platform/junit-platform-commons/1.8.2/junit-platform-commons-1.8.2.jar:/home/swebot/.m2/repository/org/apiguardian/apiguardian-api/1.1.2/apiguardian-api-1.1.2.jar:/home/swebot/.m2/repository/org/junit/jupiter/junit-jupiter-engine/5.8.2/junit-jupiter-engine-5.8.2.jar:/home/swebot/.m2/repository/org/junit/platform/junit-platform-engine/1.8.2/junit-platform-engine-1.8.2.jar:/home/swebot/.m2/repository/org/mockito/mockito-core/4.5.1/mockito-core-4.5.1.jar:/home/swebot/.m2/repository/net/bytebuddy/byte-buddy/1.12.23/byte-buddy-1.12.23.jar:/home/swebot/.m2/repository/net/bytebuddy/byte-buddy-agent/1.12.23/byte-buddy-agent-1.12.23.jar:/home/swebot/.m2/repository/org/objenesis/objenesis/3.2/objenesis-3.2.jar:"/>
    <property name="java.vm.vendor" value="Ubuntu"/>
    <property name="sun.arch.data.model" value="64"/>
    <property name="java.vendor.url" value="https://ubuntu.com/"/>
    <property name="user.timezone" value="Etc/UTC"/>
    <property name="os.name" value="Linux"/>
    <property name="java.vm.specification.version" value="21"/>
    <property name="sun.java.launcher" value="SUN_STANDARD"/>
    <property name="sun.boot.library.path" value="/usr/lib/jvm/java-21-openjdk-amd64/lib"/>
    <property name="sun.java.command" value="/app/target/surefire/surefirebooter-20250614094411017_3.jar /app/target/surefire 2025-06-14T09-44-10_931-jvmRun1 surefire-20250614094411017_1tmp surefire_0-20250614094411017_2tmp"/>
    <property name="jdk.debug" value="release"/>
    <property name="surefire.test.class.path" value="/app/target/test-classes:/app/target/classes:/home/swebot/.m2/repository/org/springframework/boot/spring-boot-starter-web/2.7.17/spring-boot-starter-web-2.7.17.jar:/home/swebot/.m2/repository/org/springframework/boot/spring-boot-starter/2.7.17/spring-boot-starter-2.7.17.jar:/home/swebot/.m2/repository/org/springframework/boot/spring-boot/2.7.17/spring-boot-2.7.17.jar:/home/swebot/.m2/repository/org/springframework/boot/spring-boot-autoconfigure/2.7.17/spring-boot-autoconfigure-2.7.17.jar:/home/swebot/.m2/repository/org/springframework/boot/spring-boot-starter-logging/2.7.17/spring-boot-starter-logging-2.7.17.jar:/home/swebot/.m2/repository/ch/qos/logback/logback-classic/1.2.12/logback-classic-1.2.12.jar:/home/swebot/.m2/repository/ch/qos/logback/logback-core/1.2.12/logback-core-1.2.12.jar:/home/swebot/.m2/repository/org/apache/logging/log4j/log4j-to-slf4j/2.17.2/log4j-to-slf4j-2.17.2.jar:/home/swebot/.m2/repository/org/apache/logging/log4j/log4j-api/2.17.2/log4j-api-2.17.2.jar:/home/swebot/.m2/repository/org/slf4j/jul-to-slf4j/2.0.7/jul-to-slf4j-2.0.7.jar:/home/swebot/.m2/repository/jakarta/annotation/jakarta.annotation-api/1.3.5/jakarta.annotation-api-1.3.5.jar:/home/swebot/.m2/repository/org/yaml/snakeyaml/1.30/snakeyaml-1.30.jar:/home/swebot/.m2/repository/org/springframework/boot/spring-boot-starter-json/2.7.17/spring-boot-starter-json-2.7.17.jar:/home/swebot/.m2/repository/com/fasterxml/jackson/module/jackson-module-parameter-names/2.13.5/jackson-module-parameter-names-2.13.5.jar:/home/swebot/.m2/repository/org/springframework/boot/spring-boot-starter-tomcat/2.7.17/spring-boot-starter-tomcat-2.7.17.jar:/home/swebot/.m2/repository/org/apache/tomcat/embed/tomcat-embed-core/9.0.82/tomcat-embed-core-9.0.82.jar:/home/swebot/.m2/repository/org/apache/tomcat/embed/tomcat-embed-el/9.0.82/tomcat-embed-el-9.0.82.jar:/home/swebot/.m2/repository/org/apache/tomcat/embed/tomcat-embed-websocket/9.0.82/tomcat-embed-websocket-9.0.82.jar:/home/swebot/.m2/repository/org/springframework/spring-web/5.3.30/spring-web-5.3.30.jar:/home/swebot/.m2/repository/org/springframework/spring-beans/5.3.30/spring-beans-5.3.30.jar:/home/swebot/.m2/repository/org/springframework/spring-webmvc/5.3.30/spring-webmvc-5.3.30.jar:/home/swebot/.m2/repository/org/springframework/spring-aop/5.3.30/spring-aop-5.3.30.jar:/home/swebot/.m2/repository/org/springframework/spring-context/5.3.30/spring-context-5.3.30.jar:/home/swebot/.m2/repository/org/springframework/spring-expression/5.3.30/spring-expression-5.3.30.jar:/home/swebot/.m2/repository/org/springframework/boot/spring-boot-starter-actuator/2.7.17/spring-boot-starter-actuator-2.7.17.jar:/home/swebot/.m2/repository/org/springframework/boot/spring-boot-actuator-autoconfigure/2.7.17/spring-boot-actuator-autoconfigure-2.7.17.jar:/home/swebot/.m2/repository/org/springframework/boot/spring-boot-actuator/2.7.17/spring-boot-actuator-2.7.17.jar:/home/swebot/.m2/repository/io/micrometer/micrometer-core/1.9.16/micrometer-core-1.9.16.jar:/home/swebot/.m2/repository/org/hdrhistogram/HdrHistogram/2.1.12/HdrHistogram-2.1.12.jar:/home/swebot/.m2/repository/org/latencyutils/LatencyUtils/2.0.3/LatencyUtils-2.0.3.jar:/home/swebot/.m2/repository/org/springframework/boot/spring-boot-starter-test/2.7.17/spring-boot-starter-test-2.7.17.jar:/home/swebot/.m2/repository/org/springframework/boot/spring-boot-test/2.7.17/spring-boot-test-2.7.17.jar:/home/swebot/.m2/repository/org/springframework/boot/spring-boot-test-autoconfigure/2.7.17/spring-boot-test-autoconfigure-2.7.17.jar:/home/swebot/.m2/repository/com/jayway/jsonpath/json-path/2.7.0/json-path-2.7.0.jar:/home/swebot/.m2/repository/net/minidev/json-smart/2.4.11/json-smart-2.4.11.jar:/home/swebot/.m2/repository/net/minidev/accessors-smart/2.4.11/accessors-smart-2.4.11.jar:/home/swebot/.m2/repository/org/ow2/asm/asm/9.3/asm-9.3.jar:/home/swebot/.m2/repository/jakarta/xml/bind/jakarta.xml.bind-api/2.3.3/jakarta.xml.bind-api-2.3.3.jar:/home/swebot/.m2/repository/jakarta/activation/jakarta.activation-api/1.2.2/jakarta.activation-api-1.2.2.jar:/home/swebot/.m2/repository/org/assertj/assertj-core/3.22.0/assertj-core-3.22.0.jar:/home/swebot/.m2/repository/org/hamcrest/hamcrest/2.2/hamcrest-2.2.jar:/home/swebot/.m2/repository/org/junit/jupiter/junit-jupiter/5.8.2/junit-jupiter-5.8.2.jar:/home/swebot/.m2/repository/org/junit/jupiter/junit-jupiter-params/5.8.2/junit-jupiter-params-5.8.2.jar:/home/swebot/.m2/repository/org/mockito/mockito-junit-jupiter/4.5.1/mockito-junit-jupiter-4.5.1.jar:/home/swebot/.m2/repository/org/skyscreamer/jsonassert/1.5.1/jsonassert-1.5.1.jar:/home/swebot/.m2/repository/com/vaadin/external/google/android-json/0.0.20131108.vaadin1/android-json-0.0.20131108.vaadin1.jar:/home/swebot/.m2/repository/org/springframework/spring-core/5.3.30/spring-core-5.3.30.jar:/home/swebot/.m2/repository/org/springframework/spring-jcl/5.3.30/spring-jcl-5.3.30.jar:/home/swebot/.m2/repository/org/springframework/spring-test/5.3.30/spring-test-5.3.30.jar:/home/swebot/.m2/repository/org/xmlunit/xmlunit-core/2.9.1/xmlunit-core-2.9.1.jar:/home/swebot/.m2/repository/io/temporal/temporal-sdk/1.22.3/temporal-sdk-1.22.3.jar:/home/swebot/.m2/repository/io/temporal/temporal-serviceclient/1.22.3/temporal-serviceclient-1.22.3.jar:/home/swebot/.m2/repository/io/grpc/grpc-api/1.54.1/grpc-api-1.54.1.jar:/home/swebot/.m2/repository/io/grpc/grpc-context/1.54.1/grpc-context-1.54.1.jar:/home/swebot/.m2/repository/io/grpc/grpc-stub/1.54.1/grpc-stub-1.54.1.jar:/home/swebot/.m2/repository/io/grpc/grpc-netty-shaded/1.54.1/grpc-netty-shaded-1.54.1.jar:/home/swebot/.m2/repository/io/perfmark/perfmark-api/0.25.0/perfmark-api-0.25.0.jar:/home/swebot/.m2/repository/io/grpc/grpc-core/1.54.1/grpc-core-1.54.1.jar:/home/swebot/.m2/repository/com/google/android/annotations/4.1.1.4/annotations-4.1.1.4.jar:/home/swebot/.m2/repository/org/codehaus/mojo/animal-sniffer-annotations/1.21/animal-sniffer-annotations-1.21.jar:/home/swebot/.m2/repository/io/grpc/grpc-services/1.54.1/grpc-services-1.54.1.jar:/home/swebot/.m2/repository/io/grpc/grpc-protobuf/1.54.1/grpc-protobuf-1.54.1.jar:/home/swebot/.m2/repository/com/google/protobuf/protobuf-java/3.21.7/protobuf-java-3.21.7.jar:/home/swebot/.m2/repository/com/google/api/grpc/proto-google-common-protos/2.9.0/proto-google-common-protos-2.9.0.jar:/home/swebot/.m2/repository/io/grpc/grpc-protobuf-lite/1.54.1/grpc-protobuf-lite-1.54.1.jar:/home/swebot/.m2/repository/com/google/protobuf/protobuf-java-util/3.22.0/protobuf-java-util-3.22.0.jar:/home/swebot/.m2/repository/com/uber/m3/tally-core/0.13.0/tally-core-0.13.0.jar:/home/swebot/.m2/repository/com/google/code/gson/gson/2.9.1/gson-2.9.1.jar:/home/swebot/.m2/repository/com/google/guava/guava/31.1-jre/guava-31.1-jre.jar:/home/swebot/.m2/repository/com/google/guava/failureaccess/1.0.1/failureaccess-1.0.1.jar:/home/swebot/.m2/repository/com/google/guava/listenablefuture/9999.0-empty-to-avoid-conflict-with-guava/listenablefuture-9999.0-empty-to-avoid-conflict-with-guava.jar:/home/swebot/.m2/repository/com/google/code/findbugs/jsr305/3.0.2/jsr305-3.0.2.jar:/home/swebot/.m2/repository/org/checkerframework/checker-qual/3.12.0/checker-qual-3.12.0.jar:/home/swebot/.m2/repository/com/google/errorprone/error_prone_annotations/2.11.0/error_prone_annotations-2.11.0.jar:/home/swebot/.m2/repository/com/google/j2objc/j2objc-annotations/1.3/j2objc-annotations-1.3.jar:/home/swebot/.m2/repository/com/fasterxml/jackson/datatype/jackson-datatype-jdk8/2.13.5/jackson-datatype-jdk8-2.13.5.jar:/home/swebot/.m2/repository/com/fasterxml/jackson/core/jackson-databind/2.13.5/jackson-databind-2.13.5.jar:/home/swebot/.m2/repository/com/fasterxml/jackson/core/jackson-annotations/2.13.5/jackson-annotations-2.13.5.jar:/home/swebot/.m2/repository/com/fasterxml/jackson/core/jackson-core/2.13.5/jackson-core-2.13.5.jar:/home/swebot/.m2/repository/com/fasterxml/jackson/datatype/jackson-datatype-jsr310/2.13.5/jackson-datatype-jsr310-2.13.5.jar:/home/swebot/.m2/repository/org/slf4j/slf4j-api/2.0.7/slf4j-api-2.0.7.jar:/home/swebot/.m2/repository/org/slf4j/slf4j-simple/2.0.7/slf4j-simple-2.0.7.jar:/home/swebot/.m2/repository/io/temporal/temporal-testing/1.22.3/temporal-testing-1.22.3.jar:/home/swebot/.m2/repository/io/temporal/temporal-test-server/1.22.3/temporal-test-server-1.22.3.jar:/home/swebot/.m2/repository/com/cronutils/cron-utils/9.2.1/cron-utils-9.2.1.jar:/home/swebot/.m2/repository/org/junit/jupiter/junit-jupiter-api/5.8.2/junit-jupiter-api-5.8.2.jar:/home/swebot/.m2/repository/org/opentest4j/opentest4j/1.2.0/opentest4j-1.2.0.jar:/home/swebot/.m2/repository/org/junit/platform/junit-platform-commons/1.8.2/junit-platform-commons-1.8.2.jar:/home/swebot/.m2/repository/org/apiguardian/apiguardian-api/1.1.2/apiguardian-api-1.1.2.jar:/home/swebot/.m2/repository/org/junit/jupiter/junit-jupiter-engine/5.8.2/junit-jupiter-engine-5.8.2.jar:/home/swebot/.m2/repository/org/junit/platform/junit-platform-engine/1.8.2/junit-platform-engine-1.8.2.jar:/home/swebot/.m2/repository/org/mockito/mockito-core/4.5.1/mockito-core-4.5.1.jar:/home/swebot/.m2/repository/net/bytebuddy/byte-buddy/1.12.23/byte-buddy-1.12.23.jar:/home/swebot/.m2/repository/net/bytebuddy/byte-buddy-agent/1.12.23/byte-buddy-agent-1.12.23.jar:/home/swebot/.m2/repository/org/objenesis/objenesis/3.2/objenesis-3.2.jar:"/>
    <property name="sun.cpu.endian" value="little"/>
    <property name="user.home" value="/home/swebot"/>
    <property name="user.language" value="en"/>
    <property name="java.specification.vendor" value="Oracle Corporation"/>
    <property name="java.version.date" value="2025-04-15"/>
    <property name="java.home" value="/usr/lib/jvm/java-21-openjdk-amd64"/>
    <property name="file.separator" value="/"/>
    <property name="basedir" value="/app"/>
    <property name="java.vm.compressedOopsMode" value="32-bit"/>
    <property name="line.separator" value="&#10;"/>
    <property name="java.specification.name" value="Java Platform API Specification"/>
    <property name="java.vm.specification.vendor" value="Oracle Corporation"/>
    <property name="FILE_LOG_CHARSET" value="UTF-8"/>
    <property name="java.awt.headless" value="true"/>
    <property name="surefire.real.class.path" value="/app/target/surefire/surefirebooter-20250614094411017_3.jar"/>
    <property name="sun.management.compiler" value="HotSpot 64-Bit Tiered Compilers"/>
    <property name="java.runtime.version" value="21.0.7+6-Ubuntu-0ubuntu124.04"/>
    <property name="user.name" value="jules"/>
    <property name="stdout.encoding" value="UTF-8"/>
    <property name="path.separator" value=":"/>
    <property name="os.version" value="6.8.0"/>
    <property name="java.runtime.name" value="OpenJDK Runtime Environment"/>
    <property name="file.encoding" value="UTF-8"/>
    <property name="spring.beaninfo.ignore" value="true"/>
    <property name="java.vm.name" value="OpenJDK 64-Bit Server VM"/>
    <property name="localRepository" value="/home/swebot/.m2/repository"/>
    <property name="java.vendor.url.bug" value="https://bugs.launchpad.net/ubuntu/+source/openjdk-21"/>
    <property name="java.io.tmpdir" value="/tmp"/>
    <property name="java.version" value="21.0.7"/>
    <property name="user.dir" value="/app"/>
    <property name="os.arch" value="amd64"/>
    <property name="java.vm.specification.name" value="Java Virtual Machine Specification"/>
    <property name="PID" value="6146"/>
    <property name="CONSOLE_LOG_CHARSET" value="UTF-8"/>
    <property name="native.encoding" value="UTF-8"/>
    <property name="java.library.path" value="/usr/java/packages/lib:/usr/lib/x86_64-linux-gnu/jni:/lib/x86_64-linux-gnu:/usr/lib/x86_64-linux-gnu:/usr/lib/jni:/lib:/usr/lib"/>
    <property name="stderr.encoding" value="UTF-8"/>
    <property name="java.vm.info" value="mixed mode, sharing"/>
    <property name="java.vendor" value="Ubuntu"/>
    <property name="java.vm.version" value="21.0.7+6-Ubuntu-0ubuntu124.04"/>
    <property name="sun.io.unicode.encoding" value="UnicodeLittle"/>
    <property name="java.class.version" value="65.0"/>
  </properties>
  <testcase name="testLLMCompletesActionSuccessfully" classname="com.example.mattermost.MeetingSchedulerWorkflowTest" time="1.255">
    <system-out><![CDATA[setUp completed. worker, mocks, client initialized for taskQueue: Test-69909e36-e5fc-4af3-af76-57c5c2f6b6d2
Starting testLLMCompletesActionSuccessfully with taskQueue: Test-69909e36-e5fc-4af3-af76-57c5c2f6b6d2
]]></system-out>
    <system-err><![CDATA[[main] INFO io.temporal.serviceclient.WorkflowServiceStubsImpl - Created WorkflowServiceStubs for channel: ManagedChannelOrphanWrapper{delegate=ManagedChannelImpl{logId=2, target=directaddress:///c89ee7f8-bcef-425a-b9c8-a372cd9e72b8}}
[main] INFO io.temporal.serviceclient.TestServiceStubsImpl - Created TestServiceStubs for channel: ManagedChannelOrphanWrapper{delegate=ManagedChannelImpl{logId=2, target=directaddress:///c89ee7f8-bcef-425a-b9c8-a372cd9e72b8}}
[main] INFO io.temporal.serviceclient.OperatorServiceStubsImpl - Created OperatorServiceStubs for channel: ManagedChannelOrphanWrapper{delegate=ManagedChannelImpl{logId=2, target=directaddress:///c89ee7f8-bcef-425a-b9c8-a372cd9e72b8}}
[main] INFO io.temporal.internal.worker.Poller - start: Poller{name=Workflow Poller taskQueue="Test-69909e36-e5fc-4af3-af76-57c5c2f6b6d2", namespace="UnitTest", identity=6146@devbox}
[main] INFO io.temporal.internal.worker.Poller - start: Poller{name=Activity Poller taskQueue="Test-69909e36-e5fc-4af3-af76-57c5c2f6b6d2", namespace="UnitTest", identity=6146@devbox}
[main] INFO io.temporal.internal.worker.Poller - start: Poller{name=Workflow Poller taskQueue="WorkflowTest-testLLMCompletesActionSuccessfully()-[engine:junit-jupiter]/[class:com.example.mattermost.MeetingSchedulerWorkflowTest]/[method:testLLMCompletesActionSuccessfully()]", namespace="UnitTest", identity=6146@devbox}
[main] INFO com.example.mattermost.MeetingSchedulerWorkflowTest - Test: Waiting for workflow completion for testLLMCompletesActionSuccessfully...
[workflow-method-testLLMSuccess-7a26dd4f-7fb7-44e1-8266-762f2f29c3f...-caa49191-01fd-4ee7-b049-60c0f44c7870] INFO com.example.mattermost.MeetingSchedulerWorkflowImpl - Workflow started for goal: Single action test goal. Initializing action statuses.
[workflow-method-testLLMSuccess-7a26dd4f-7fb7-44e1-8266-762f2f29c3f...-caa49191-01fd-4ee7-b049-60c0f44c7870] INFO com.example.mattermost.MeetingSchedulerWorkflowImpl - Initialized actionStatuses: {single_action_001=PENDING}
[workflow-method-testLLMSuccess-7a26dd4f-7fb7-44e1-8266-762f2f29c3f...-caa49191-01fd-4ee7-b049-60c0f44c7870] INFO com.example.mattermost.MeetingSchedulerWorkflowImpl - Evaluating processable actions.
[workflow-method-testLLMSuccess-7a26dd4f-7fb7-44e1-8266-762f2f29c3f...-caa49191-01fd-4ee7-b049-60c0f44c7870] INFO com.example.mattermost.MeetingSchedulerWorkflowImpl - getProcessableActions: Checking all nodes in currentGoal.
[workflow-method-testLLMSuccess-7a26dd4f-7fb7-44e1-8266-762f2f29c3f...-caa49191-01fd-4ee7-b049-60c0f44c7870] INFO com.example.mattermost.MeetingSchedulerWorkflowImpl - dependenciesMet: Checking dependencies for actionId: single_action_001
[workflow-method-testLLMSuccess-7a26dd4f-7fb7-44e1-8266-762f2f29c3f...-caa49191-01fd-4ee7-b049-60c0f44c7870] INFO com.example.mattermost.MeetingSchedulerWorkflowImpl - dependenciesMet: No explicit dependencies found for actionId: single_action_001. Returning true.
[workflow-method-testLLMSuccess-7a26dd4f-7fb7-44e1-8266-762f2f29c3f...-caa49191-01fd-4ee7-b049-60c0f44c7870] INFO com.example.mattermost.MeetingSchedulerWorkflowImpl - getProcessableActions: Node ID: single_action_001, Status: PENDING, IsPending: true, DependenciesMet: true
[workflow-method-testLLMSuccess-7a26dd4f-7fb7-44e1-8266-762f2f29c3f...-caa49191-01fd-4ee7-b049-60c0f44c7870] INFO com.example.mattermost.MeetingSchedulerWorkflowImpl - getProcessableActions: Returning 1 processable nodes.
[workflow-method-testLLMSuccess-7a26dd4f-7fb7-44e1-8266-762f2f29c3f...-caa49191-01fd-4ee7-b049-60c0f44c7870] INFO com.example.mattermost.MeetingSchedulerWorkflowImpl - Found 1 processable actions: [single_action_001]
[workflow-method-testLLMSuccess-7a26dd4f-7fb7-44e1-8266-762f2f29c3f...-caa49191-01fd-4ee7-b049-60c0f44c7870] INFO com.example.mattermost.MeetingSchedulerWorkflowImpl - Processing action: single_action_001
[workflow-method-testLLMSuccess-7a26dd4f-7fb7-44e1-8266-762f2f29c3f...-caa49191-01fd-4ee7-b049-60c0f44c7870] INFO com.example.mattermost.MeetingSchedulerWorkflowImpl - processSingleAction: Evaluating action single_action_001 with status PENDING
[workflow-method-testLLMSuccess-7a26dd4f-7fb7-44e1-8266-762f2f29c3f...-caa49191-01fd-4ee7-b049-60c0f44c7870] INFO com.example.mattermost.MeetingSchedulerWorkflowImpl - processSingleAction: Processing PENDING action: single_action_001
[workflow-method-testLLMSuccess-7a26dd4f-7fb7-44e1-8266-762f2f29c3f...-caa49191-01fd-4ee7-b049-60c0f44c7870] INFO com.example.mattermost.MeetingSchedulerWorkflowImpl - processSingleAction: Action single_action_001 is configured for LLM completion. Attempting.
[workflow-method-testLLMSuccess-7a26dd4f-7fb7-44e1-8266-762f2f29c3f...-caa49191-01fd-4ee7-b049-60c0f44c7870] INFO com.example.mattermost.MeetingSchedulerWorkflowImpl - processSingleAction: LLM completed action single_action_001.
[workflow-method-testLLMSuccess-7a26dd4f-7fb7-44e1-8266-762f2f29c3f...-caa49191-01fd-4ee7-b049-60c0f44c7870] INFO com.example.mattermost.MeetingSchedulerWorkflowImpl - Evaluating processable actions.
[workflow-method-testLLMSuccess-7a26dd4f-7fb7-44e1-8266-762f2f29c3f...-caa49191-01fd-4ee7-b049-60c0f44c7870] INFO com.example.mattermost.MeetingSchedulerWorkflowImpl - getProcessableActions: Checking all nodes in currentGoal.
[workflow-method-testLLMSuccess-7a26dd4f-7fb7-44e1-8266-762f2f29c3f...-caa49191-01fd-4ee7-b049-60c0f44c7870] INFO com.example.mattermost.MeetingSchedulerWorkflowImpl - getProcessableActions: Node ID: single_action_001, Status: COMPLETED, IsPending: false, DependenciesMet: false
[workflow-method-testLLMSuccess-7a26dd4f-7fb7-44e1-8266-762f2f29c3f...-caa49191-01fd-4ee7-b049-60c0f44c7870] INFO com.example.mattermost.MeetingSchedulerWorkflowImpl - getProcessableActions: Returning 0 processable nodes.
[workflow-method-testLLMSuccess-7a26dd4f-7fb7-44e1-8266-762f2f29c3f...-caa49191-01fd-4ee7-b049-60c0f44c7870] INFO com.example.mattermost.MeetingSchedulerWorkflowImpl - Found 0 processable actions: []
[workflow-method-testLLMSuccess-7a26dd4f-7fb7-44e1-8266-762f2f29c3f...-caa49191-01fd-4ee7-b049-60c0f44c7870] INFO com.example.mattermost.MeetingSchedulerWorkflowImpl - Workflow logic after initial action processing for goal: Single action test goal. Final outputs (will be updated by signals): {single_action_001={llm_output=Completed by LLM mock}}
[main] INFO com.example.mattermost.MeetingSchedulerWorkflowTest - Test: Workflow completed for testLLMCompletesActionSuccessfully.
[main] INFO io.temporal.serviceclient.TestServiceStubsImpl - shutdownNow
[main] INFO io.temporal.serviceclient.OperatorServiceStubsImpl - shutdownNow
[main] INFO io.temporal.worker.WorkerFactory - shutdownNow: WorkerFactory{identity=6146@devbox}
[main] INFO io.temporal.internal.worker.Poller - shutdown: Poller{name=Workflow Poller taskQueue="Test-69909e36-e5fc-4af3-af76-57c5c2f6b6d2", namespace="UnitTest", identity=6146@devbox}
[Workflow Poller taskQueue="Test-69909e36-e5fc-4af3-af76-57c5c2f6b6d2", namespace="UnitTest": 5] INFO io.temporal.internal.worker.Poller - poll loop is terminated: WorkflowPollTask
[Workflow Poller taskQueue="Test-69909e36-e5fc-4af3-af76-57c5c2f6b6d2", namespace="UnitTest": 3] INFO io.temporal.internal.worker.Poller - poll loop is terminated: WorkflowPollTask
[Workflow Poller taskQueue="Test-69909e36-e5fc-4af3-af76-57c5c2f6b6d2", namespace="UnitTest": 2] INFO io.temporal.internal.worker.Poller - poll loop is terminated: WorkflowPollTask
[Workflow Poller taskQueue="Test-69909e36-e5fc-4af3-af76-57c5c2f6b6d2", namespace="UnitTest": 1] INFO io.temporal.internal.worker.Poller - poll loop is terminated: WorkflowPollTask
[Workflow Poller taskQueue="Test-69909e36-e5fc-4af3-af76-57c5c2f6b6d2", namespace="UnitTest": 4] INFO io.temporal.internal.worker.Poller - poll loop is terminated: WorkflowPollTask
[main] INFO io.temporal.internal.worker.Poller - shutdown: Poller{name=Activity Poller taskQueue="Test-69909e36-e5fc-4af3-af76-57c5c2f6b6d2", namespace="UnitTest", identity=6146@devbox}
[Activity Poller taskQueue="Test-69909e36-e5fc-4af3-af76-57c5c2f6b6d2", namespace="UnitTest": 4] INFO io.temporal.internal.worker.Poller - poll loop is terminated: ActivityPollTask
[Activity Poller taskQueue="Test-69909e36-e5fc-4af3-af76-57c5c2f6b6d2", namespace="UnitTest": 2] INFO io.temporal.internal.worker.Poller - poll loop is terminated: ActivityPollTask
[Activity Poller taskQueue="Test-69909e36-e5fc-4af3-af76-57c5c2f6b6d2", namespace="UnitTest": 1] INFO io.temporal.internal.worker.Poller - poll loop is terminated: ActivityPollTask
[Activity Poller taskQueue="Test-69909e36-e5fc-4af3-af76-57c5c2f6b6d2", namespace="UnitTest": 3] INFO io.temporal.internal.worker.Poller - poll loop is terminated: ActivityPollTask
[Activity Poller taskQueue="Test-69909e36-e5fc-4af3-af76-57c5c2f6b6d2", namespace="UnitTest": 5] INFO io.temporal.internal.worker.Poller - poll loop is terminated: ActivityPollTask
[main] INFO io.temporal.internal.worker.Poller - shutdown: Poller{name=Workflow Poller taskQueue="WorkflowTest-testLLMCompletesActionSuccessfully()-[engine:junit-jupiter]/[class:com.example.mattermost.MeetingSchedulerWorkflowTest]/[method:testLLMCompletesActionSuccessfully()]", namespace="UnitTest", identity=6146@devbox}
[Workflow Poller taskQueue="WorkflowTest-testLLMCompletesActionSuccessfully()-[engine:junit-jupiter]/[class:com.example.mattermost.MeetingSchedulerWorkflowTest]/[method:testLLMCompletesActionSuccessfully()]", namespace="UnitTest": 5] INFO io.temporal.internal.worker.Poller - poll loop is terminated: WorkflowPollTask
[Workflow Poller taskQueue="WorkflowTest-testLLMCompletesActionSuccessfully()-[engine:junit-jupiter]/[class:com.example.mattermost.MeetingSchedulerWorkflowTest]/[method:testLLMCompletesActionSuccessfully()]", namespace="UnitTest": 1] INFO io.temporal.internal.worker.Poller - poll loop is terminated: WorkflowPollTask
[Workflow Poller taskQueue="WorkflowTest-testLLMCompletesActionSuccessfully()-[engine:junit-jupiter]/[class:com.example.mattermost.MeetingSchedulerWorkflowTest]/[method:testLLMCompletesActionSuccessfully()]", namespace="UnitTest": 3] INFO io.temporal.internal.worker.Poller - poll loop is terminated: WorkflowPollTask
[Workflow Poller taskQueue="WorkflowTest-testLLMCompletesActionSuccessfully()-[engine:junit-jupiter]/[class:com.example.mattermost.MeetingSchedulerWorkflowTest]/[method:testLLMCompletesActionSuccessfully()]", namespace="UnitTest": 2] INFO io.temporal.internal.worker.Poller - poll loop is terminated: WorkflowPollTask
[Workflow Poller taskQueue="WorkflowTest-testLLMCompletesActionSuccessfully()-[engine:junit-jupiter]/[class:com.example.mattermost.MeetingSchedulerWorkflowTest]/[method:testLLMCompletesActionSuccessfully()]", namespace="UnitTest": 4] INFO io.temporal.internal.worker.Poller - poll loop is terminated: WorkflowPollTask
[main] INFO io.temporal.worker.WorkerFactory - awaitTermination begin: WorkerFactory{identity=6146@devbox}
[main] INFO io.temporal.worker.WorkerFactory - awaitTermination done: WorkerFactory{identity=6146@devbox}
[main] INFO io.temporal.serviceclient.WorkflowServiceStubsImpl - shutdownNow
[main] INFO io.temporal.testserver.TestServer - Shutting down in-process gRPC server
[main] INFO io.temporal.testserver.TestServer - Shutting down gRPC Services
[main] INFO io.temporal.serviceclient.TestServiceStubsImpl - shutdownNow
[main] INFO io.temporal.serviceclient.OperatorServiceStubsImpl - shutdownNow
[main] INFO io.temporal.worker.WorkerFactory - shutdownNow: WorkerFactory{identity=6146@devbox}
[main] INFO io.temporal.internal.worker.Poller - shutdown: Poller{name=Workflow Poller taskQueue="Test-69909e36-e5fc-4af3-af76-57c5c2f6b6d2", namespace="UnitTest", identity=6146@devbox}
[main] INFO io.temporal.internal.worker.Poller - shutdown: Poller{name=Workflow Poller taskQueue="WorkflowTest-testLLMCompletesActionSuccessfully()-[engine:junit-jupiter]/[class:com.example.mattermost.MeetingSchedulerWorkflowTest]/[method:testLLMCompletesActionSuccessfully()]", namespace="UnitTest", identity=6146@devbox}
[main] INFO io.temporal.worker.WorkerFactory - awaitTermination begin: WorkerFactory{identity=6146@devbox}
[TemporalShutdownManager: 1] INFO io.temporal.internal.worker.Poller - shutdown: Poller{name=Activity Poller taskQueue="Test-69909e36-e5fc-4af3-af76-57c5c2f6b6d2", namespace="UnitTest", identity=6146@devbox}
[main] INFO io.temporal.worker.WorkerFactory - awaitTermination done: WorkerFactory{identity=6146@devbox}
[main] INFO io.temporal.serviceclient.WorkflowServiceStubsImpl - shutdownNow
[main] INFO io.temporal.testserver.TestServer - Shutting down in-process gRPC server
[main] INFO io.temporal.testserver.TestServer - Shutting down gRPC Services
]]></system-err>
  </testcase>
  <testcase name="testLLMConfiguredButNoPromptActionFails" classname="com.example.mattermost.MeetingSchedulerWorkflowTest" time="0.373">
    <failure message="Workflow should not complete successfully when the only action fails this way and is not handled to allow completion." type="org.opentest4j.AssertionFailedError"><![CDATA[org.opentest4j.AssertionFailedError: Workflow should not complete successfully when the only action fails this way and is not handled to allow completion.
	at org.junit.jupiter.api.AssertionUtils.fail(AssertionUtils.java:39)
	at org.junit.jupiter.api.Assertions.fail(Assertions.java:134)
	at com.example.mattermost.MeetingSchedulerWorkflowTest.testLLMConfiguredButNoPromptActionFails(MeetingSchedulerWorkflowTest.java:511)
	at java.base/jdk.internal.reflect.DirectMethodHandleAccessor.invoke(DirectMethodHandleAccessor.java:103)
	at java.base/java.lang.reflect.Method.invoke(Method.java:580)
	at org.junit.platform.commons.util.ReflectionUtils.invokeMethod(ReflectionUtils.java:725)
	at org.junit.jupiter.engine.execution.MethodInvocation.proceed(MethodInvocation.java:60)
	at org.junit.jupiter.engine.execution.InvocationInterceptorChain$ValidatingInvocation.proceed(InvocationInterceptorChain.java:131)
	at org.junit.jupiter.engine.extension.TimeoutExtension.intercept(TimeoutExtension.java:149)
	at org.junit.jupiter.engine.extension.TimeoutExtension.interceptTestableMethod(TimeoutExtension.java:140)
	at org.junit.jupiter.engine.extension.TimeoutExtension.interceptTestMethod(TimeoutExtension.java:84)
	at org.junit.jupiter.engine.execution.ExecutableInvoker$ReflectiveInterceptorCall.lambda$ofVoidMethod$0(ExecutableInvoker.java:115)
	at org.junit.jupiter.engine.execution.ExecutableInvoker.lambda$invoke$0(ExecutableInvoker.java:105)
	at org.junit.jupiter.engine.execution.InvocationInterceptorChain$InterceptedInvocation.proceed(InvocationInterceptorChain.java:106)
	at org.junit.jupiter.engine.execution.InvocationInterceptorChain.proceed(InvocationInterceptorChain.java:64)
	at org.junit.jupiter.engine.execution.InvocationInterceptorChain.chainAndInvoke(InvocationInterceptorChain.java:45)
	at org.junit.jupiter.engine.execution.InvocationInterceptorChain.invoke(InvocationInterceptorChain.java:37)
	at org.junit.jupiter.engine.execution.ExecutableInvoker.invoke(ExecutableInvoker.java:104)
	at org.junit.jupiter.engine.execution.ExecutableInvoker.invoke(ExecutableInvoker.java:98)
	at org.junit.jupiter.engine.descriptor.TestMethodTestDescriptor.lambda$invokeTestMethod$7(TestMethodTestDescriptor.java:214)
	at org.junit.platform.engine.support.hierarchical.ThrowableCollector.execute(ThrowableCollector.java:73)
	at org.junit.jupiter.engine.descriptor.TestMethodTestDescriptor.invokeTestMethod(TestMethodTestDescriptor.java:210)
	at org.junit.jupiter.engine.descriptor.TestMethodTestDescriptor.execute(TestMethodTestDescriptor.java:135)
	at org.junit.jupiter.engine.descriptor.TestMethodTestDescriptor.execute(TestMethodTestDescriptor.java:66)
	at org.junit.platform.engine.support.hierarchical.NodeTestTask.lambda$executeRecursively$6(NodeTestTask.java:151)
	at org.junit.platform.engine.support.hierarchical.ThrowableCollector.execute(ThrowableCollector.java:73)
	at org.junit.platform.engine.support.hierarchical.NodeTestTask.lambda$executeRecursively$8(NodeTestTask.java:141)
	at org.junit.platform.engine.support.hierarchical.Node.around(Node.java:137)
	at org.junit.platform.engine.support.hierarchical.NodeTestTask.lambda$executeRecursively$9(NodeTestTask.java:139)
	at org.junit.platform.engine.support.hierarchical.ThrowableCollector.execute(ThrowableCollector.java:73)
	at org.junit.platform.engine.support.hierarchical.NodeTestTask.executeRecursively(NodeTestTask.java:138)
	at org.junit.platform.engine.support.hierarchical.NodeTestTask.execute(NodeTestTask.java:95)
	at java.base/java.util.ArrayList.forEach(ArrayList.java:1596)
	at org.junit.platform.engine.support.hierarchical.SameThreadHierarchicalTestExecutorService.invokeAll(SameThreadHierarchicalTestExecutorService.java:41)
	at org.junit.platform.engine.support.hierarchical.NodeTestTask.lambda$executeRecursively$6(NodeTestTask.java:155)
	at org.junit.platform.engine.support.hierarchical.ThrowableCollector.execute(ThrowableCollector.java:73)
	at org.junit.platform.engine.support.hierarchical.NodeTestTask.lambda$executeRecursively$8(NodeTestTask.java:141)
	at org.junit.platform.engine.support.hierarchical.Node.around(Node.java:137)
	at org.junit.platform.engine.support.hierarchical.NodeTestTask.lambda$executeRecursively$9(NodeTestTask.java:139)
	at org.junit.platform.engine.support.hierarchical.ThrowableCollector.execute(ThrowableCollector.java:73)
	at org.junit.platform.engine.support.hierarchical.NodeTestTask.executeRecursively(NodeTestTask.java:138)
	at org.junit.platform.engine.support.hierarchical.NodeTestTask.execute(NodeTestTask.java:95)
	at java.base/java.util.ArrayList.forEach(ArrayList.java:1596)
	at org.junit.platform.engine.support.hierarchical.SameThreadHierarchicalTestExecutorService.invokeAll(SameThreadHierarchicalTestExecutorService.java:41)
	at org.junit.platform.engine.support.hierarchical.NodeTestTask.lambda$executeRecursively$6(NodeTestTask.java:155)
	at org.junit.platform.engine.support.hierarchical.ThrowableCollector.execute(ThrowableCollector.java:73)
	at org.junit.platform.engine.support.hierarchical.NodeTestTask.lambda$executeRecursively$8(NodeTestTask.java:141)
	at org.junit.platform.engine.support.hierarchical.Node.around(Node.java:137)
	at org.junit.platform.engine.support.hierarchical.NodeTestTask.lambda$executeRecursively$9(NodeTestTask.java:139)
	at org.junit.platform.engine.support.hierarchical.ThrowableCollector.execute(ThrowableCollector.java:73)
	at org.junit.platform.engine.support.hierarchical.NodeTestTask.executeRecursively(NodeTestTask.java:138)
	at org.junit.platform.engine.support.hierarchical.NodeTestTask.execute(NodeTestTask.java:95)
	at org.junit.platform.engine.support.hierarchical.SameThreadHierarchicalTestExecutorService.submit(SameThreadHierarchicalTestExecutorService.java:35)
	at org.junit.platform.engine.support.hierarchical.HierarchicalTestExecutor.execute(HierarchicalTestExecutor.java:57)
	at org.junit.platform.engine.support.hierarchical.HierarchicalTestEngine.execute(HierarchicalTestEngine.java:54)
	at org.junit.platform.launcher.core.EngineExecutionOrchestrator.execute(EngineExecutionOrchestrator.java:147)
	at org.junit.platform.launcher.core.EngineExecutionOrchestrator.execute(EngineExecutionOrchestrator.java:127)
	at org.junit.platform.launcher.core.EngineExecutionOrchestrator.execute(EngineExecutionOrchestrator.java:90)
	at org.junit.platform.launcher.core.EngineExecutionOrchestrator.lambda$execute$0(EngineExecutionOrchestrator.java:55)
	at org.junit.platform.launcher.core.EngineExecutionOrchestrator.withInterceptedStreams(EngineExecutionOrchestrator.java:102)
	at org.junit.platform.launcher.core.EngineExecutionOrchestrator.execute(EngineExecutionOrchestrator.java:54)
	at org.junit.platform.launcher.core.DefaultLauncher.execute(DefaultLauncher.java:114)
	at org.junit.platform.launcher.core.DefaultLauncher.execute(DefaultLauncher.java:86)
	at org.junit.platform.launcher.core.DefaultLauncherSession$DelegatingLauncher.execute(DefaultLauncherSession.java:86)
	at org.apache.maven.surefire.junitplatform.LazyLauncher.execute(LazyLauncher.java:56)
	at org.apache.maven.surefire.junitplatform.JUnitPlatformProvider.execute(JUnitPlatformProvider.java:184)
	at org.apache.maven.surefire.junitplatform.JUnitPlatformProvider.invokeAllTests(JUnitPlatformProvider.java:148)
	at org.apache.maven.surefire.junitplatform.JUnitPlatformProvider.invoke(JUnitPlatformProvider.java:122)
	at org.apache.maven.surefire.booter.ForkedBooter.runSuitesInProcess(ForkedBooter.java:385)
	at org.apache.maven.surefire.booter.ForkedBooter.execute(ForkedBooter.java:162)
	at org.apache.maven.surefire.booter.ForkedBooter.run(ForkedBooter.java:507)
	at org.apache.maven.surefire.booter.ForkedBooter.main(ForkedBooter.java:495)
]]></failure>
    <system-out><![CDATA[setUp completed. worker, mocks, client initialized for taskQueue: Test-67a7a925-78af-4e87-be9f-9f24211cf924
Starting testLLMConfiguredButNoPromptActionFails with taskQueue: Test-67a7a925-78af-4e87-be9f-9f24211cf924
]]></system-out>
    <system-err><![CDATA[[main] INFO io.temporal.serviceclient.WorkflowServiceStubsImpl - Created WorkflowServiceStubs for channel: ManagedChannelOrphanWrapper{delegate=ManagedChannelImpl{logId=7, target=directaddress:///aaa2883e-ae3a-4cf3-9cf3-e0ae6dcf7618}}
[main] INFO io.temporal.serviceclient.TestServiceStubsImpl - Created TestServiceStubs for channel: ManagedChannelOrphanWrapper{delegate=ManagedChannelImpl{logId=7, target=directaddress:///aaa2883e-ae3a-4cf3-9cf3-e0ae6dcf7618}}
[main] INFO io.temporal.serviceclient.OperatorServiceStubsImpl - Created OperatorServiceStubs for channel: ManagedChannelOrphanWrapper{delegate=ManagedChannelImpl{logId=7, target=directaddress:///aaa2883e-ae3a-4cf3-9cf3-e0ae6dcf7618}}
[main] INFO io.temporal.internal.worker.Poller - start: Poller{name=Workflow Poller taskQueue="WorkflowTest-testLLMConfiguredButNoPromptActionFails()-[engine:junit-jupiter]/[class:com.example.mattermost.MeetingSchedulerWorkflowTest]/[method:testLLMConfiguredButNoPromptActionFails()]", namespace="UnitTest", identity=6146@devbox}
[main] INFO io.temporal.internal.worker.Poller - start: Poller{name=Workflow Poller taskQueue="Test-67a7a925-78af-4e87-be9f-9f24211cf924", namespace="UnitTest", identity=6146@devbox}
[main] INFO io.temporal.internal.worker.Poller - start: Poller{name=Activity Poller taskQueue="Test-67a7a925-78af-4e87-be9f-9f24211cf924", namespace="UnitTest", identity=6146@devbox}
[workflow-method-testLLMNoPromptFail-d2b1f15e-1285-410f-9544-3e33a6...-b2ebad34-bbc7-40f6-abb5-dd43c8a887a5] INFO com.example.mattermost.MeetingSchedulerWorkflowImpl - Workflow started for goal: Single action test goal. Initializing action statuses.
[workflow-method-testLLMNoPromptFail-d2b1f15e-1285-410f-9544-3e33a6...-b2ebad34-bbc7-40f6-abb5-dd43c8a887a5] INFO com.example.mattermost.MeetingSchedulerWorkflowImpl - Initialized actionStatuses: {single_action_001=PENDING}
[workflow-method-testLLMNoPromptFail-d2b1f15e-1285-410f-9544-3e33a6...-b2ebad34-bbc7-40f6-abb5-dd43c8a887a5] INFO com.example.mattermost.MeetingSchedulerWorkflowImpl - Evaluating processable actions.
[workflow-method-testLLMNoPromptFail-d2b1f15e-1285-410f-9544-3e33a6...-b2ebad34-bbc7-40f6-abb5-dd43c8a887a5] INFO com.example.mattermost.MeetingSchedulerWorkflowImpl - getProcessableActions: Checking all nodes in currentGoal.
[workflow-method-testLLMNoPromptFail-d2b1f15e-1285-410f-9544-3e33a6...-b2ebad34-bbc7-40f6-abb5-dd43c8a887a5] INFO com.example.mattermost.MeetingSchedulerWorkflowImpl - dependenciesMet: Checking dependencies for actionId: single_action_001
[workflow-method-testLLMNoPromptFail-d2b1f15e-1285-410f-9544-3e33a6...-b2ebad34-bbc7-40f6-abb5-dd43c8a887a5] INFO com.example.mattermost.MeetingSchedulerWorkflowImpl - dependenciesMet: No explicit dependencies found for actionId: single_action_001. Returning true.
[workflow-method-testLLMNoPromptFail-d2b1f15e-1285-410f-9544-3e33a6...-b2ebad34-bbc7-40f6-abb5-dd43c8a887a5] INFO com.example.mattermost.MeetingSchedulerWorkflowImpl - getProcessableActions: Node ID: single_action_001, Status: PENDING, IsPending: true, DependenciesMet: true
[workflow-method-testLLMNoPromptFail-d2b1f15e-1285-410f-9544-3e33a6...-b2ebad34-bbc7-40f6-abb5-dd43c8a887a5] INFO com.example.mattermost.MeetingSchedulerWorkflowImpl - getProcessableActions: Returning 1 processable nodes.
[workflow-method-testLLMNoPromptFail-d2b1f15e-1285-410f-9544-3e33a6...-b2ebad34-bbc7-40f6-abb5-dd43c8a887a5] INFO com.example.mattermost.MeetingSchedulerWorkflowImpl - Found 1 processable actions: [single_action_001]
[workflow-method-testLLMNoPromptFail-d2b1f15e-1285-410f-9544-3e33a6...-b2ebad34-bbc7-40f6-abb5-dd43c8a887a5] INFO com.example.mattermost.MeetingSchedulerWorkflowImpl - Processing action: single_action_001
[workflow-method-testLLMNoPromptFail-d2b1f15e-1285-410f-9544-3e33a6...-b2ebad34-bbc7-40f6-abb5-dd43c8a887a5] INFO com.example.mattermost.MeetingSchedulerWorkflowImpl - processSingleAction: Evaluating action single_action_001 with status PENDING
[workflow-method-testLLMNoPromptFail-d2b1f15e-1285-410f-9544-3e33a6...-b2ebad34-bbc7-40f6-abb5-dd43c8a887a5] INFO com.example.mattermost.MeetingSchedulerWorkflowImpl - processSingleAction: Processing PENDING action: single_action_001
[workflow-method-testLLMNoPromptFail-d2b1f15e-1285-410f-9544-3e33a6...-b2ebad34-bbc7-40f6-abb5-dd43c8a887a5] INFO com.example.mattermost.MeetingSchedulerWorkflowImpl - processSingleAction: Action single_action_001 is configured for LLM completion. Attempting.
[workflow-method-testLLMNoPromptFail-d2b1f15e-1285-410f-9544-3e33a6...-b2ebad34-bbc7-40f6-abb5-dd43c8a887a5] INFO com.example.mattermost.MeetingSchedulerWorkflowImpl - processSingleAction: LLM did not complete action single_action_001.
[workflow-method-testLLMNoPromptFail-d2b1f15e-1285-410f-9544-3e33a6...-b2ebad34-bbc7-40f6-abb5-dd43c8a887a5] WARN com.example.mattermost.MeetingSchedulerWorkflowImpl - processSingleAction: Action single_action_001 was LLM-attempted but not completed, and no fallback prompt. Marking FAILED.
[workflow-method-testLLMNoPromptFail-d2b1f15e-1285-410f-9544-3e33a6...-b2ebad34-bbc7-40f6-abb5-dd43c8a887a5] INFO com.example.mattermost.MeetingSchedulerWorkflowImpl - Workflow logic after initial action processing for goal: Single action test goal. Final outputs (will be updated by signals): {single_action_001={}}
[main] INFO com.example.mattermost.MeetingSchedulerWorkflowTest - Test: Expecting workflow to not complete successfully or timeout for testLLMConfiguredButNoPromptActionFails.
[main] INFO io.temporal.serviceclient.TestServiceStubsImpl - shutdownNow
[main] INFO io.temporal.serviceclient.OperatorServiceStubsImpl - shutdownNow
[main] INFO io.temporal.worker.WorkerFactory - shutdownNow: WorkerFactory{identity=6146@devbox}
[main] INFO io.temporal.internal.worker.Poller - shutdown: Poller{name=Workflow Poller taskQueue="WorkflowTest-testLLMConfiguredButNoPromptActionFails()-[engine:junit-jupiter]/[class:com.example.mattermost.MeetingSchedulerWorkflowTest]/[method:testLLMConfiguredButNoPromptActionFails()]", namespace="UnitTest", identity=6146@devbox}
[Workflow Poller taskQueue="WorkflowTest-testLLMConfiguredButNoPromptActionFails()-[engine:junit-jupiter]/[class:com.example.mattermost.MeetingSchedulerWorkflowTest]/[method:testLLMConfiguredButNoPromptActionFails()]", namespace="UnitTest": 1] INFO io.temporal.internal.worker.Poller - poll loop is terminated: WorkflowPollTask
[Workflow Poller taskQueue="WorkflowTest-testLLMConfiguredButNoPromptActionFails()-[engine:junit-jupiter]/[class:com.example.mattermost.MeetingSchedulerWorkflowTest]/[method:testLLMConfiguredButNoPromptActionFails()]", namespace="UnitTest": 4] INFO io.temporal.internal.worker.Poller - poll loop is terminated: WorkflowPollTask
[main] INFO io.temporal.internal.worker.Poller - shutdown: Poller{name=Workflow Poller taskQueue="Test-67a7a925-78af-4e87-be9f-9f24211cf924", namespace="UnitTest", identity=6146@devbox}
[Workflow Poller taskQueue="WorkflowTest-testLLMConfiguredButNoPromptActionFails()-[engine:junit-jupiter]/[class:com.example.mattermost.MeetingSchedulerWorkflowTest]/[method:testLLMConfiguredButNoPromptActionFails()]", namespace="UnitTest": 3] INFO io.temporal.internal.worker.Poller - poll loop is terminated: WorkflowPollTask
[main] INFO io.temporal.worker.WorkerFactory - awaitTermination begin: WorkerFactory{identity=6146@devbox}
[TemporalShutdownManager: 1] INFO io.temporal.internal.worker.Poller - shutdown: Poller{name=Activity Poller taskQueue="Test-67a7a925-78af-4e87-be9f-9f24211cf924", namespace="UnitTest", identity=6146@devbox}
[Workflow Poller taskQueue="WorkflowTest-testLLMConfiguredButNoPromptActionFails()-[engine:junit-jupiter]/[class:com.example.mattermost.MeetingSchedulerWorkflowTest]/[method:testLLMConfiguredButNoPromptActionFails()]", namespace="UnitTest": 5] INFO io.temporal.internal.worker.Poller - poll loop is terminated: WorkflowPollTask
[Workflow Poller taskQueue="Test-67a7a925-78af-4e87-be9f-9f24211cf924", namespace="UnitTest": 2] INFO io.temporal.internal.worker.Poller - poll loop is terminated: WorkflowPollTask
[Workflow Poller taskQueue="Test-67a7a925-78af-4e87-be9f-9f24211cf924", namespace="UnitTest": 5] INFO io.temporal.internal.worker.Poller - poll loop is terminated: WorkflowPollTask
[Activity Poller taskQueue="Test-67a7a925-78af-4e87-be9f-9f24211cf924", namespace="UnitTest": 1] INFO io.temporal.internal.worker.Poller - poll loop is terminated: ActivityPollTask
[Workflow Poller taskQueue="WorkflowTest-testLLMConfiguredButNoPromptActionFails()-[engine:junit-jupiter]/[class:com.example.mattermost.MeetingSchedulerWorkflowTest]/[method:testLLMConfiguredButNoPromptActionFails()]", namespace="UnitTest": 2] INFO io.temporal.internal.worker.Poller - poll loop is terminated: WorkflowPollTask
[Workflow Poller taskQueue="Test-67a7a925-78af-4e87-be9f-9f24211cf924", namespace="UnitTest": 1] INFO io.temporal.internal.worker.Poller - poll loop is terminated: WorkflowPollTask
[Activity Poller taskQueue="Test-67a7a925-78af-4e87-be9f-9f24211cf924", namespace="UnitTest": 2] INFO io.temporal.internal.worker.Poller - poll loop is terminated: ActivityPollTask
[Activity Poller taskQueue="Test-67a7a925-78af-4e87-be9f-9f24211cf924", namespace="UnitTest": 4] INFO io.temporal.internal.worker.Poller - poll loop is terminated: ActivityPollTask
[Workflow Poller taskQueue="Test-67a7a925-78af-4e87-be9f-9f24211cf924", namespace="UnitTest": 4] INFO io.temporal.internal.worker.Poller - poll loop is terminated: WorkflowPollTask
[Activity Poller taskQueue="Test-67a7a925-78af-4e87-be9f-9f24211cf924", namespace="UnitTest": 5] INFO io.temporal.internal.worker.Poller - poll loop is terminated: ActivityPollTask
[Activity Poller taskQueue="Test-67a7a925-78af-4e87-be9f-9f24211cf924", namespace="UnitTest": 3] INFO io.temporal.internal.worker.Poller - poll loop is terminated: ActivityPollTask
[Workflow Poller taskQueue="Test-67a7a925-78af-4e87-be9f-9f24211cf924", namespace="UnitTest": 3] INFO io.temporal.internal.worker.Poller - poll loop is terminated: WorkflowPollTask
[main] INFO io.temporal.worker.WorkerFactory - awaitTermination done: WorkerFactory{identity=6146@devbox}
[main] INFO io.temporal.serviceclient.WorkflowServiceStubsImpl - shutdownNow
[main] INFO io.temporal.testserver.TestServer - Shutting down in-process gRPC server
[main] INFO io.temporal.testserver.TestServer - Shutting down gRPC Services
[main] INFO io.temporal.serviceclient.TestServiceStubsImpl - shutdownNow
[main] INFO io.temporal.serviceclient.OperatorServiceStubsImpl - shutdownNow
[main] INFO io.temporal.worker.WorkerFactory - shutdownNow: WorkerFactory{identity=6146@devbox}
[main] INFO io.temporal.internal.worker.Poller - shutdown: Poller{name=Workflow Poller taskQueue="WorkflowTest-testLLMConfiguredButNoPromptActionFails()-[engine:junit-jupiter]/[class:com.example.mattermost.MeetingSchedulerWorkflowTest]/[method:testLLMConfiguredButNoPromptActionFails()]", namespace="UnitTest", identity=6146@devbox}
[main] INFO io.temporal.internal.worker.Poller - shutdown: Poller{name=Workflow Poller taskQueue="Test-67a7a925-78af-4e87-be9f-9f24211cf924", namespace="UnitTest", identity=6146@devbox}
[main] INFO io.temporal.worker.WorkerFactory - awaitTermination begin: WorkerFactory{identity=6146@devbox}
[TemporalShutdownManager: 1] INFO io.temporal.internal.worker.Poller - shutdown: Poller{name=Activity Poller taskQueue="Test-67a7a925-78af-4e87-be9f-9f24211cf924", namespace="UnitTest", identity=6146@devbox}
[main] INFO io.temporal.worker.WorkerFactory - awaitTermination done: WorkerFactory{identity=6146@devbox}
[main] INFO io.temporal.serviceclient.WorkflowServiceStubsImpl - shutdownNow
[main] INFO io.temporal.testserver.TestServer - Shutting down in-process gRPC server
[main] INFO io.temporal.testserver.TestServer - Shutting down gRPC Services
Workflow execution histories:
Stored Workflows:
ExecutionId{namespace='UnitTest', execution=workflow_id: "testLLMNoPromptFail-d2b1f15e-1285-410f-9544-3e33a641a82f"
run_id: "b2ebad34-bbc7-40f6-abb5-dd43c8a887a5"
}

event_id: 1
event_time { seconds: 1749894255 nanos: 812000000 }
event_type: EVENT_TYPE_WORKFLOW_EXECUTION_STARTED
workflow_execution_started_event_attributes {
  workflow_type { name: "MeetingSchedulerWorkflow" }
  task_queue { name: "Test-67a7a925-78af-4e87-be9f-9f24211cf924" }
  input {
    payloads {
      metadata {
        key: "encoding"
        value: "json/plain"
      }
      data: "{\"goal\":\"Single action test goal\",\"nodes\":[{\"actionId\":\"single_action_001\",\"actionName\":\"Perform Single Action\",\"actionDescription\":null,\"actionParams\":{\"llm_can_complete\":true},\"actionStatus\":\"PENDING\"}],\"relationships\":[],\"actionOutputs\":{}}"
    }
  }
  workflow_execution_timeout { seconds: 315360000 }
  workflow_run_timeout { seconds: 315360000 }
  workflow_task_timeout { seconds: 10 }
  original_execution_run_id: "b2ebad34-bbc7-40f6-abb5-dd43c8a887a5"
  identity: "6146@devbox"
  first_execution_run_id: "b2ebad34-bbc7-40f6-abb5-dd43c8a887a5"
  attempt: 1
  header { }
}

event_id: 2
event_time { seconds: 1749894255 nanos: 812000000 }
event_type: EVENT_TYPE_WORKFLOW_TASK_SCHEDULED
workflow_task_scheduled_event_attributes {
  task_queue { name: "Test-67a7a925-78af-4e87-be9f-9f24211cf924" }
  start_to_close_timeout { seconds: 10 }
  attempt: 1
}

event_id: 3
event_time { seconds: 1749894255 nanos: 812000000 }
event_type: EVENT_TYPE_WORKFLOW_TASK_STARTED
workflow_task_started_event_attributes {
  scheduled_event_id: 2
  identity: "6146@devbox"
}

event_id: 4
event_time { seconds: 1749894255 nanos: 821000000 }
event_type: EVENT_TYPE_WORKFLOW_TASK_COMPLETED
workflow_task_completed_event_attributes {
  scheduled_event_id: 2
  identity: "6146@devbox"
  sdk_metadata { lang_used_flags: 1 }
  metering_metadata { }
}

event_id: 5
event_time { seconds: 1749894255 nanos: 821000000 }
event_type: EVENT_TYPE_ACTIVITY_TASK_SCHEDULED
activity_task_scheduled_event_attributes {
  activity_id: "e9553683-6591-3e46-aa8b-e769599e0e96"
  activity_type { name: "IsActionComplete" }
  task_queue { name: "Test-67a7a925-78af-4e87-be9f-9f24211cf924" }
  header { }
  input {
    payloads {
      metadata {
        key: "encoding"
        value: "json/plain"
      }
      data: "\"single_action_001\""
    }
    payloads {
      metadata {
        key: "encoding"
        value: "json/plain"
      }
      data: "{\"llm_can_complete\":true}"
    }
    payloads {
      metadata {
        key: "encoding"
        value: "json/plain"
      }
      data: "{\"single_action_001\":{}}"
    }
  }
  schedule_to_close_timeout { seconds: 315360000 }
  schedule_to_start_timeout { seconds: 315360000 }
  start_to_close_timeout { seconds: 300 }
  heartbeat_timeout { }
  workflow_task_completed_event_id: 3
  retry_policy { initial_interval { seconds: 1 } backoff_coefficient: 2.0 maximum_interval { seconds: 10 } maximum_attempts: 3 }
}

event_id: 6
event_time { seconds: 1749894255 nanos: 822000000 }
event_type: EVENT_TYPE_ACTIVITY_TASK_STARTED
activity_task_started_event_attributes {
  scheduled_event_id: 5
  identity: "6146@devbox"
  attempt: 1
}

event_id: 7
event_time { seconds: 1749894255 nanos: 825000000 }
event_type: EVENT_TYPE_ACTIVITY_TASK_COMPLETED
activity_task_completed_event_attributes {
  result {
    payloads {
      metadata {
        key: "encoding"
        value: "json/plain"
      }
      data: "false"
    }
  }
  scheduled_event_id: 5
  started_event_id: 6
  identity: "6146@devbox"
}

event_id: 8
event_time { seconds: 1749894255 nanos: 825000000 }
event_type: EVENT_TYPE_WORKFLOW_TASK_SCHEDULED
workflow_task_scheduled_event_attributes {
  task_queue { name: "Test-67a7a925-78af-4e87-be9f-9f24211cf924" }
  start_to_close_timeout { seconds: 10 }
  attempt: 1
}

event_id: 9
event_time { seconds: 1749894255 nanos: 825000000 }
event_type: EVENT_TYPE_WORKFLOW_TASK_STARTED
workflow_task_started_event_attributes {
  scheduled_event_id: 8
  identity: "6146@devbox"
}

event_id: 10
event_time { seconds: 1749894255 nanos: 828000000 }
event_type: EVENT_TYPE_WORKFLOW_TASK_COMPLETED
workflow_task_completed_event_attributes {
  scheduled_event_id: 8
  identity: "6146@devbox"
  sdk_metadata { }
  metering_metadata { }
}

event_id: 11
event_time { seconds: 1749894255 nanos: 828000000 }
event_type: EVENT_TYPE_WORKFLOW_EXECUTION_COMPLETED
workflow_execution_completed_event_attributes {
  result {
  }
  workflow_task_completed_event_id: 9
}



]]></system-err>
  </testcase>
  <testcase name="testLLMFailsToCompleteActionFallsBackToUserInput" classname="com.example.mattermost.MeetingSchedulerWorkflowTest" time="0.313">
    <error message="workflowId=&apos;testLLMFallback-fbfe4316-1b62-4031-b1d0-c2b7b03e0f16&apos;, runId=&apos;&apos;, workflowType=&apos;MeetingSchedulerWorkflow&apos;}" type="io.temporal.client.WorkflowNotFoundException"><![CDATA[io.temporal.client.WorkflowNotFoundException: workflowId='testLLMFallback-fbfe4316-1b62-4031-b1d0-c2b7b03e0f16', runId='', workflowType='MeetingSchedulerWorkflow'}
	at io.temporal.client.WorkflowStubImpl.throwAsWorkflowFailureException(WorkflowStubImpl.java:516)
	at io.temporal.client.WorkflowStubImpl.signal(WorkflowStubImpl.java:93)
	at io.temporal.testing.TimeLockingInterceptor$TimeLockingWorkflowStub.signal(TimeLockingInterceptor.java:72)
	at io.temporal.client.WorkflowInvocationHandler$SyncWorkflowInvocationHandler.signalWorkflow(WorkflowInvocationHandler.java:296)
	at io.temporal.client.WorkflowInvocationHandler$SyncWorkflowInvocationHandler.invoke(WorkflowInvocationHandler.java:271)
	at io.temporal.client.WorkflowInvocationHandler.invoke(WorkflowInvocationHandler.java:175)
	at jdk.proxy2/jdk.proxy2.$Proxy137.onUserResponse(Unknown Source)
	at com.example.mattermost.MeetingSchedulerWorkflowTest.testLLMFailsToCompleteActionFallsBackToUserInput(MeetingSchedulerWorkflowTest.java:435)
	at java.base/jdk.internal.reflect.DirectMethodHandleAccessor.invoke(DirectMethodHandleAccessor.java:103)
	at java.base/java.lang.reflect.Method.invoke(Method.java:580)
	at org.junit.platform.commons.util.ReflectionUtils.invokeMethod(ReflectionUtils.java:725)
	at org.junit.jupiter.engine.execution.MethodInvocation.proceed(MethodInvocation.java:60)
	at org.junit.jupiter.engine.execution.InvocationInterceptorChain$ValidatingInvocation.proceed(InvocationInterceptorChain.java:131)
	at org.junit.jupiter.engine.extension.TimeoutExtension.intercept(TimeoutExtension.java:149)
	at org.junit.jupiter.engine.extension.TimeoutExtension.interceptTestableMethod(TimeoutExtension.java:140)
	at org.junit.jupiter.engine.extension.TimeoutExtension.interceptTestMethod(TimeoutExtension.java:84)
	at org.junit.jupiter.engine.execution.ExecutableInvoker$ReflectiveInterceptorCall.lambda$ofVoidMethod$0(ExecutableInvoker.java:115)
	at org.junit.jupiter.engine.execution.ExecutableInvoker.lambda$invoke$0(ExecutableInvoker.java:105)
	at org.junit.jupiter.engine.execution.InvocationInterceptorChain$InterceptedInvocation.proceed(InvocationInterceptorChain.java:106)
	at org.junit.jupiter.engine.execution.InvocationInterceptorChain.proceed(InvocationInterceptorChain.java:64)
	at org.junit.jupiter.engine.execution.InvocationInterceptorChain.chainAndInvoke(InvocationInterceptorChain.java:45)
	at org.junit.jupiter.engine.execution.InvocationInterceptorChain.invoke(InvocationInterceptorChain.java:37)
	at org.junit.jupiter.engine.execution.ExecutableInvoker.invoke(ExecutableInvoker.java:104)
	at org.junit.jupiter.engine.execution.ExecutableInvoker.invoke(ExecutableInvoker.java:98)
	at org.junit.jupiter.engine.descriptor.TestMethodTestDescriptor.lambda$invokeTestMethod$7(TestMethodTestDescriptor.java:214)
	at org.junit.platform.engine.support.hierarchical.ThrowableCollector.execute(ThrowableCollector.java:73)
	at org.junit.jupiter.engine.descriptor.TestMethodTestDescriptor.invokeTestMethod(TestMethodTestDescriptor.java:210)
	at org.junit.jupiter.engine.descriptor.TestMethodTestDescriptor.execute(TestMethodTestDescriptor.java:135)
	at org.junit.jupiter.engine.descriptor.TestMethodTestDescriptor.execute(TestMethodTestDescriptor.java:66)
	at org.junit.platform.engine.support.hierarchical.NodeTestTask.lambda$executeRecursively$6(NodeTestTask.java:151)
	at org.junit.platform.engine.support.hierarchical.ThrowableCollector.execute(ThrowableCollector.java:73)
	at org.junit.platform.engine.support.hierarchical.NodeTestTask.lambda$executeRecursively$8(NodeTestTask.java:141)
	at org.junit.platform.engine.support.hierarchical.Node.around(Node.java:137)
	at org.junit.platform.engine.support.hierarchical.NodeTestTask.lambda$executeRecursively$9(NodeTestTask.java:139)
	at org.junit.platform.engine.support.hierarchical.ThrowableCollector.execute(ThrowableCollector.java:73)
	at org.junit.platform.engine.support.hierarchical.NodeTestTask.executeRecursively(NodeTestTask.java:138)
	at org.junit.platform.engine.support.hierarchical.NodeTestTask.execute(NodeTestTask.java:95)
	at java.base/java.util.ArrayList.forEach(ArrayList.java:1596)
	at org.junit.platform.engine.support.hierarchical.SameThreadHierarchicalTestExecutorService.invokeAll(SameThreadHierarchicalTestExecutorService.java:41)
	at org.junit.platform.engine.support.hierarchical.NodeTestTask.lambda$executeRecursively$6(NodeTestTask.java:155)
	at org.junit.platform.engine.support.hierarchical.ThrowableCollector.execute(ThrowableCollector.java:73)
	at org.junit.platform.engine.support.hierarchical.NodeTestTask.lambda$executeRecursively$8(NodeTestTask.java:141)
	at org.junit.platform.engine.support.hierarchical.Node.around(Node.java:137)
	at org.junit.platform.engine.support.hierarchical.NodeTestTask.lambda$executeRecursively$9(NodeTestTask.java:139)
	at org.junit.platform.engine.support.hierarchical.ThrowableCollector.execute(ThrowableCollector.java:73)
	at org.junit.platform.engine.support.hierarchical.NodeTestTask.executeRecursively(NodeTestTask.java:138)
	at org.junit.platform.engine.support.hierarchical.NodeTestTask.execute(NodeTestTask.java:95)
	at java.base/java.util.ArrayList.forEach(ArrayList.java:1596)
	at org.junit.platform.engine.support.hierarchical.SameThreadHierarchicalTestExecutorService.invokeAll(SameThreadHierarchicalTestExecutorService.java:41)
	at org.junit.platform.engine.support.hierarchical.NodeTestTask.lambda$executeRecursively$6(NodeTestTask.java:155)
	at org.junit.platform.engine.support.hierarchical.ThrowableCollector.execute(ThrowableCollector.java:73)
	at org.junit.platform.engine.support.hierarchical.NodeTestTask.lambda$executeRecursively$8(NodeTestTask.java:141)
	at org.junit.platform.engine.support.hierarchical.Node.around(Node.java:137)
	at org.junit.platform.engine.support.hierarchical.NodeTestTask.lambda$executeRecursively$9(NodeTestTask.java:139)
	at org.junit.platform.engine.support.hierarchical.ThrowableCollector.execute(ThrowableCollector.java:73)
	at org.junit.platform.engine.support.hierarchical.NodeTestTask.executeRecursively(NodeTestTask.java:138)
	at org.junit.platform.engine.support.hierarchical.NodeTestTask.execute(NodeTestTask.java:95)
	at org.junit.platform.engine.support.hierarchical.SameThreadHierarchicalTestExecutorService.submit(SameThreadHierarchicalTestExecutorService.java:35)
	at org.junit.platform.engine.support.hierarchical.HierarchicalTestExecutor.execute(HierarchicalTestExecutor.java:57)
	at org.junit.platform.engine.support.hierarchical.HierarchicalTestEngine.execute(HierarchicalTestEngine.java:54)
	at org.junit.platform.launcher.core.EngineExecutionOrchestrator.execute(EngineExecutionOrchestrator.java:147)
	at org.junit.platform.launcher.core.EngineExecutionOrchestrator.execute(EngineExecutionOrchestrator.java:127)
	at org.junit.platform.launcher.core.EngineExecutionOrchestrator.execute(EngineExecutionOrchestrator.java:90)
	at org.junit.platform.launcher.core.EngineExecutionOrchestrator.lambda$execute$0(EngineExecutionOrchestrator.java:55)
	at org.junit.platform.launcher.core.EngineExecutionOrchestrator.withInterceptedStreams(EngineExecutionOrchestrator.java:102)
	at org.junit.platform.launcher.core.EngineExecutionOrchestrator.execute(EngineExecutionOrchestrator.java:54)
	at org.junit.platform.launcher.core.DefaultLauncher.execute(DefaultLauncher.java:114)
	at org.junit.platform.launcher.core.DefaultLauncher.execute(DefaultLauncher.java:86)
	at org.junit.platform.launcher.core.DefaultLauncherSession$DelegatingLauncher.execute(DefaultLauncherSession.java:86)
	at org.apache.maven.surefire.junitplatform.LazyLauncher.execute(LazyLauncher.java:56)
	at org.apache.maven.surefire.junitplatform.JUnitPlatformProvider.execute(JUnitPlatformProvider.java:184)
	at org.apache.maven.surefire.junitplatform.JUnitPlatformProvider.invokeAllTests(JUnitPlatformProvider.java:148)
	at org.apache.maven.surefire.junitplatform.JUnitPlatformProvider.invoke(JUnitPlatformProvider.java:122)
	at org.apache.maven.surefire.booter.ForkedBooter.runSuitesInProcess(ForkedBooter.java:385)
	at org.apache.maven.surefire.booter.ForkedBooter.execute(ForkedBooter.java:162)
	at org.apache.maven.surefire.booter.ForkedBooter.run(ForkedBooter.java:507)
	at org.apache.maven.surefire.booter.ForkedBooter.main(ForkedBooter.java:495)
Caused by: io.grpc.StatusRuntimeException: NOT_FOUND: Completed workflow
	at io.grpc.stub.ClientCalls.toStatusRuntimeException(ClientCalls.java:271)
	at io.grpc.stub.ClientCalls.getUnchecked(ClientCalls.java:252)
	at io.grpc.stub.ClientCalls.blockingUnaryCall(ClientCalls.java:165)
	at io.temporal.api.workflowservice.v1.WorkflowServiceGrpc$WorkflowServiceBlockingStub.signalWorkflowExecution(WorkflowServiceGrpc.java:4091)
	at io.temporal.internal.client.external.GenericWorkflowClientImpl.lambda$signal$2(GenericWorkflowClientImpl.java:90)
	at io.temporal.internal.retryer.GrpcRetryer.lambda$retry$0(GrpcRetryer.java:52)
	at io.temporal.internal.retryer.GrpcSyncRetryer.retry(GrpcSyncRetryer.java:69)
	at io.temporal.internal.retryer.GrpcRetryer.retryWithResult(GrpcRetryer.java:60)
	at io.temporal.internal.retryer.GrpcRetryer.retry(GrpcRetryer.java:50)
	at io.temporal.internal.client.external.GenericWorkflowClientImpl.signal(GenericWorkflowClientImpl.java:85)
	at io.temporal.internal.client.RootWorkflowClientInvoker.signal(RootWorkflowClientInvoker.java:149)
	at io.temporal.client.WorkflowStubImpl.signal(WorkflowStubImpl.java:89)
	... 75 more
]]></error>
    <system-out><![CDATA[setUp completed. worker, mocks, client initialized for taskQueue: Test-776477bf-7bb9-4b33-a8d0-3093fb166251
Starting testLLMFailsToCompleteActionFallsBackToUserInput with taskQueue: Test-776477bf-7bb9-4b33-a8d0-3093fb166251
]]></system-out>
    <system-err><![CDATA[[main] INFO io.temporal.serviceclient.WorkflowServiceStubsImpl - Created WorkflowServiceStubs for channel: ManagedChannelOrphanWrapper{delegate=ManagedChannelImpl{logId=12, target=directaddress:///3e7d7718-21b8-4c31-afbd-5ce209b593d4}}
[main] INFO io.temporal.serviceclient.TestServiceStubsImpl - Created TestServiceStubs for channel: ManagedChannelOrphanWrapper{delegate=ManagedChannelImpl{logId=12, target=directaddress:///3e7d7718-21b8-4c31-afbd-5ce209b593d4}}
[main] INFO io.temporal.serviceclient.OperatorServiceStubsImpl - Created OperatorServiceStubs for channel: ManagedChannelOrphanWrapper{delegate=ManagedChannelImpl{logId=12, target=directaddress:///3e7d7718-21b8-4c31-afbd-5ce209b593d4}}
[main] INFO io.temporal.internal.worker.Poller - start: Poller{name=Workflow Poller taskQueue="Test-776477bf-7bb9-4b33-a8d0-3093fb166251", namespace="UnitTest", identity=6146@devbox}
[main] INFO io.temporal.internal.worker.Poller - start: Poller{name=Activity Poller taskQueue="Test-776477bf-7bb9-4b33-a8d0-3093fb166251", namespace="UnitTest", identity=6146@devbox}
[main] INFO io.temporal.internal.worker.Poller - start: Poller{name=Workflow Poller taskQueue="WorkflowTest-testLLMFailsToCompleteActionFallsBackToUserInput()-[engine:junit-jupiter]/[class:com.example.mattermost.MeetingSchedulerWorkflowTest]/[method:testLLMFailsToCompleteActionFallsBackToUserInput()]", namespace="UnitTest", identity=6146@devbox}
[workflow-method-testLLMFallback-fbfe4316-1b62-4031-b1d0-c2b7b03e0f...-68d0e35b-7f72-400c-9dc1-39e18657122a] INFO com.example.mattermost.MeetingSchedulerWorkflowImpl - Workflow started for goal: Single action test goal. Initializing action statuses.
[workflow-method-testLLMFallback-fbfe4316-1b62-4031-b1d0-c2b7b03e0f...-68d0e35b-7f72-400c-9dc1-39e18657122a] INFO com.example.mattermost.MeetingSchedulerWorkflowImpl - Initialized actionStatuses: {single_action_001=PENDING}
[workflow-method-testLLMFallback-fbfe4316-1b62-4031-b1d0-c2b7b03e0f...-68d0e35b-7f72-400c-9dc1-39e18657122a] INFO com.example.mattermost.MeetingSchedulerWorkflowImpl - Evaluating processable actions.
[workflow-method-testLLMFallback-fbfe4316-1b62-4031-b1d0-c2b7b03e0f...-68d0e35b-7f72-400c-9dc1-39e18657122a] INFO com.example.mattermost.MeetingSchedulerWorkflowImpl - getProcessableActions: Checking all nodes in currentGoal.
[workflow-method-testLLMFallback-fbfe4316-1b62-4031-b1d0-c2b7b03e0f...-68d0e35b-7f72-400c-9dc1-39e18657122a] INFO com.example.mattermost.MeetingSchedulerWorkflowImpl - dependenciesMet: Checking dependencies for actionId: single_action_001
[workflow-method-testLLMFallback-fbfe4316-1b62-4031-b1d0-c2b7b03e0f...-68d0e35b-7f72-400c-9dc1-39e18657122a] INFO com.example.mattermost.MeetingSchedulerWorkflowImpl - dependenciesMet: No explicit dependencies found for actionId: single_action_001. Returning true.
[workflow-method-testLLMFallback-fbfe4316-1b62-4031-b1d0-c2b7b03e0f...-68d0e35b-7f72-400c-9dc1-39e18657122a] INFO com.example.mattermost.MeetingSchedulerWorkflowImpl - getProcessableActions: Node ID: single_action_001, Status: PENDING, IsPending: true, DependenciesMet: true
[workflow-method-testLLMFallback-fbfe4316-1b62-4031-b1d0-c2b7b03e0f...-68d0e35b-7f72-400c-9dc1-39e18657122a] INFO com.example.mattermost.MeetingSchedulerWorkflowImpl - getProcessableActions: Returning 1 processable nodes.
[workflow-method-testLLMFallback-fbfe4316-1b62-4031-b1d0-c2b7b03e0f...-68d0e35b-7f72-400c-9dc1-39e18657122a] INFO com.example.mattermost.MeetingSchedulerWorkflowImpl - Found 1 processable actions: [single_action_001]
[workflow-method-testLLMFallback-fbfe4316-1b62-4031-b1d0-c2b7b03e0f...-68d0e35b-7f72-400c-9dc1-39e18657122a] INFO com.example.mattermost.MeetingSchedulerWorkflowImpl - Processing action: single_action_001
[workflow-method-testLLMFallback-fbfe4316-1b62-4031-b1d0-c2b7b03e0f...-68d0e35b-7f72-400c-9dc1-39e18657122a] INFO com.example.mattermost.MeetingSchedulerWorkflowImpl - processSingleAction: Evaluating action single_action_001 with status PENDING
[workflow-method-testLLMFallback-fbfe4316-1b62-4031-b1d0-c2b7b03e0f...-68d0e35b-7f72-400c-9dc1-39e18657122a] INFO com.example.mattermost.MeetingSchedulerWorkflowImpl - processSingleAction: Processing PENDING action: single_action_001
[workflow-method-testLLMFallback-fbfe4316-1b62-4031-b1d0-c2b7b03e0f...-68d0e35b-7f72-400c-9dc1-39e18657122a] INFO com.example.mattermost.MeetingSchedulerWorkflowImpl - processSingleAction: Action single_action_001 is configured for LLM completion. Attempting.
[workflow-method-testLLMFallback-fbfe4316-1b62-4031-b1d0-c2b7b03e0f...-68d0e35b-7f72-400c-9dc1-39e18657122a] INFO com.example.mattermost.MeetingSchedulerWorkflowImpl - processSingleAction: LLM did not complete action single_action_001.
[workflow-method-testLLMFallback-fbfe4316-1b62-4031-b1d0-c2b7b03e0f...-68d0e35b-7f72-400c-9dc1-39e18657122a] INFO com.example.mattermost.MeetingSchedulerWorkflowImpl - processSingleAction: Action single_action_001 not completed by LLM or not configured for LLM. Proceeding with user input. Prompt: 'Please provide input for Perform Single Action'
[workflow-method-testLLMFallback-fbfe4316-1b62-4031-b1d0-c2b7b03e0f...-68d0e35b-7f72-400c-9dc1-39e18657122a] INFO com.example.mattermost.MeetingSchedulerWorkflowImpl - processSingleAction: About to call askUserActivity.ask for action single_action_001
[workflow-method-testLLMFallback-fbfe4316-1b62-4031-b1d0-c2b7b03e0f...-68d0e35b-7f72-400c-9dc1-39e18657122a] INFO com.example.mattermost.MeetingSchedulerWorkflowImpl - processSingleAction: askUserActivity.ask called for action single_action_001. Setting status to WAITING_FOR_INPUT.
[workflow-method-testLLMFallback-fbfe4316-1b62-4031-b1d0-c2b7b03e0f...-68d0e35b-7f72-400c-9dc1-39e18657122a] INFO com.example.mattermost.MeetingSchedulerWorkflowImpl - processSingleAction: Action single_action_001 is now WAITING_FOR_INPUT.
[workflow-method-testLLMFallback-fbfe4316-1b62-4031-b1d0-c2b7b03e0f...-68d0e35b-7f72-400c-9dc1-39e18657122a] INFO com.example.mattermost.MeetingSchedulerWorkflowImpl - Workflow logic after initial action processing for goal: Single action test goal. Final outputs (will be updated by signals): {single_action_001={}}
[main] INFO io.temporal.serviceclient.TestServiceStubsImpl - shutdownNow
[main] INFO io.temporal.serviceclient.OperatorServiceStubsImpl - shutdownNow
[main] INFO io.temporal.worker.WorkerFactory - shutdownNow: WorkerFactory{identity=6146@devbox}
[main] INFO io.temporal.internal.worker.Poller - shutdown: Poller{name=Workflow Poller taskQueue="Test-776477bf-7bb9-4b33-a8d0-3093fb166251", namespace="UnitTest", identity=6146@devbox}
[Workflow Poller taskQueue="Test-776477bf-7bb9-4b33-a8d0-3093fb166251", namespace="UnitTest": 4] INFO io.temporal.internal.worker.Poller - poll loop is terminated: WorkflowPollTask
[Workflow Poller taskQueue="Test-776477bf-7bb9-4b33-a8d0-3093fb166251", namespace="UnitTest": 3] INFO io.temporal.internal.worker.Poller - poll loop is terminated: WorkflowPollTask
[Workflow Poller taskQueue="Test-776477bf-7bb9-4b33-a8d0-3093fb166251", namespace="UnitTest": 1] INFO io.temporal.internal.worker.Poller - poll loop is terminated: WorkflowPollTask
[Workflow Poller taskQueue="Test-776477bf-7bb9-4b33-a8d0-3093fb166251", namespace="UnitTest": 2] INFO io.temporal.internal.worker.Poller - poll loop is terminated: WorkflowPollTask
[main] INFO io.temporal.internal.worker.Poller - shutdown: Poller{name=Workflow Poller taskQueue="WorkflowTest-testLLMFailsToCompleteActionFallsBackToUserInput()-[engine:junit-jupiter]/[class:com.example.mattermost.MeetingSchedulerWorkflowTest]/[method:testLLMFailsToCompleteActionFallsBackToUserInput()]", namespace="UnitTest", identity=6146@devbox}
[main] INFO io.temporal.worker.WorkerFactory - awaitTermination begin: WorkerFactory{identity=6146@devbox}
[Workflow Poller taskQueue="Test-776477bf-7bb9-4b33-a8d0-3093fb166251", namespace="UnitTest": 5] INFO io.temporal.internal.worker.Poller - poll loop is terminated: WorkflowPollTask
[Workflow Poller taskQueue="WorkflowTest-testLLMFailsToCompleteActionFallsBackToUserInput()-[engine:junit-jupiter]/[class:com.example.mattermost.MeetingSchedulerWorkflowTest]/[method:testLLMFailsToCompleteActionFallsBackToUserInput()]", namespace="UnitTest": 1] INFO io.temporal.internal.worker.Poller - poll loop is terminated: WorkflowPollTask
[Workflow Poller taskQueue="WorkflowTest-testLLMFailsToCompleteActionFallsBackToUserInput()-[engine:junit-jupiter]/[class:com.example.mattermost.MeetingSchedulerWorkflowTest]/[method:testLLMFailsToCompleteActionFallsBackToUserInput()]", namespace="UnitTest": 4] INFO io.temporal.internal.worker.Poller - poll loop is terminated: WorkflowPollTask
[Workflow Poller taskQueue="WorkflowTest-testLLMFailsToCompleteActionFallsBackToUserInput()-[engine:junit-jupiter]/[class:com.example.mattermost.MeetingSchedulerWorkflowTest]/[method:testLLMFailsToCompleteActionFallsBackToUserInput()]", namespace="UnitTest": 3] INFO io.temporal.internal.worker.Poller - poll loop is terminated: WorkflowPollTask
[Workflow Poller taskQueue="WorkflowTest-testLLMFailsToCompleteActionFallsBackToUserInput()-[engine:junit-jupiter]/[class:com.example.mattermost.MeetingSchedulerWorkflowTest]/[method:testLLMFailsToCompleteActionFallsBackToUserInput()]", namespace="UnitTest": 2] INFO io.temporal.internal.worker.Poller - poll loop is terminated: WorkflowPollTask
[Workflow Poller taskQueue="WorkflowTest-testLLMFailsToCompleteActionFallsBackToUserInput()-[engine:junit-jupiter]/[class:com.example.mattermost.MeetingSchedulerWorkflowTest]/[method:testLLMFailsToCompleteActionFallsBackToUserInput()]", namespace="UnitTest": 5] INFO io.temporal.internal.worker.Poller - poll loop is terminated: WorkflowPollTask
[TemporalShutdownManager: 1] INFO io.temporal.internal.worker.Poller - shutdown: Poller{name=Activity Poller taskQueue="Test-776477bf-7bb9-4b33-a8d0-3093fb166251", namespace="UnitTest", identity=6146@devbox}
[Activity Poller taskQueue="Test-776477bf-7bb9-4b33-a8d0-3093fb166251", namespace="UnitTest": 2] INFO io.temporal.internal.worker.Poller - poll loop is terminated: ActivityPollTask
[Activity Poller taskQueue="Test-776477bf-7bb9-4b33-a8d0-3093fb166251", namespace="UnitTest": 4] INFO io.temporal.internal.worker.Poller - poll loop is terminated: ActivityPollTask
[Activity Poller taskQueue="Test-776477bf-7bb9-4b33-a8d0-3093fb166251", namespace="UnitTest": 5] INFO io.temporal.internal.worker.Poller - poll loop is terminated: ActivityPollTask
[Activity Poller taskQueue="Test-776477bf-7bb9-4b33-a8d0-3093fb166251", namespace="UnitTest": 1] INFO io.temporal.internal.worker.Poller - poll loop is terminated: ActivityPollTask
[Activity Poller taskQueue="Test-776477bf-7bb9-4b33-a8d0-3093fb166251", namespace="UnitTest": 3] INFO io.temporal.internal.worker.Poller - poll loop is terminated: ActivityPollTask
[main] INFO io.temporal.worker.WorkerFactory - awaitTermination done: WorkerFactory{identity=6146@devbox}
[main] INFO io.temporal.serviceclient.WorkflowServiceStubsImpl - shutdownNow
[main] INFO io.temporal.testserver.TestServer - Shutting down in-process gRPC server
[main] INFO io.temporal.testserver.TestServer - Shutting down gRPC Services
[main] INFO io.temporal.serviceclient.TestServiceStubsImpl - shutdownNow
[main] INFO io.temporal.serviceclient.OperatorServiceStubsImpl - shutdownNow
[main] INFO io.temporal.worker.WorkerFactory - shutdownNow: WorkerFactory{identity=6146@devbox}
[main] INFO io.temporal.internal.worker.Poller - shutdown: Poller{name=Workflow Poller taskQueue="Test-776477bf-7bb9-4b33-a8d0-3093fb166251", namespace="UnitTest", identity=6146@devbox}
[main] INFO io.temporal.internal.worker.Poller - shutdown: Poller{name=Workflow Poller taskQueue="WorkflowTest-testLLMFailsToCompleteActionFallsBackToUserInput()-[engine:junit-jupiter]/[class:com.example.mattermost.MeetingSchedulerWorkflowTest]/[method:testLLMFailsToCompleteActionFallsBackToUserInput()]", namespace="UnitTest", identity=6146@devbox}
[main] INFO io.temporal.worker.WorkerFactory - awaitTermination begin: WorkerFactory{identity=6146@devbox}
[TemporalShutdownManager: 1] INFO io.temporal.internal.worker.Poller - shutdown: Poller{name=Activity Poller taskQueue="Test-776477bf-7bb9-4b33-a8d0-3093fb166251", namespace="UnitTest", identity=6146@devbox}
[main] INFO io.temporal.worker.WorkerFactory - awaitTermination done: WorkerFactory{identity=6146@devbox}
[main] INFO io.temporal.serviceclient.WorkflowServiceStubsImpl - shutdownNow
[main] INFO io.temporal.testserver.TestServer - Shutting down in-process gRPC server
[main] INFO io.temporal.testserver.TestServer - Shutting down gRPC Services
Workflow execution histories:
Stored Workflows:
ExecutionId{namespace='UnitTest', execution=workflow_id: "testLLMFallback-fbfe4316-1b62-4031-b1d0-c2b7b03e0f16"
run_id: "68d0e35b-7f72-400c-9dc1-39e18657122a"
}

event_id: 1
event_time { seconds: 1749894256 nanos: 187000000 }
event_type: EVENT_TYPE_WORKFLOW_EXECUTION_STARTED
workflow_execution_started_event_attributes {
  workflow_type { name: "MeetingSchedulerWorkflow" }
  task_queue { name: "Test-776477bf-7bb9-4b33-a8d0-3093fb166251" }
  input {
    payloads {
      metadata {
        key: "encoding"
        value: "json/plain"
      }
      data: "{\"goal\":\"Single action test goal\",\"nodes\":[{\"actionId\":\"single_action_001\",\"actionName\":\"Perform Single Action\",\"actionDescription\":null,\"actionParams\":{\"prompt_message\":\"Please provide input for Perform Single Action\",\"llm_can_complete\":true},\"actionStatus\":\"PENDING\"}],\"relationships\":[],\"actionOutputs\":{}}"
    }
  }
  workflow_execution_timeout { seconds: 315360000 }
  workflow_run_timeout { seconds: 315360000 }
  workflow_task_timeout { seconds: 10 }
  original_execution_run_id: "68d0e35b-7f72-400c-9dc1-39e18657122a"
  identity: "6146@devbox"
  first_execution_run_id: "68d0e35b-7f72-400c-9dc1-39e18657122a"
  attempt: 1
  header { }
}

event_id: 2
event_time { seconds: 1749894256 nanos: 187000000 }
event_type: EVENT_TYPE_WORKFLOW_TASK_SCHEDULED
workflow_task_scheduled_event_attributes {
  task_queue { name: "Test-776477bf-7bb9-4b33-a8d0-3093fb166251" }
  start_to_close_timeout { seconds: 10 }
  attempt: 1
}

event_id: 3
event_time { seconds: 1749894256 nanos: 187000000 }
event_type: EVENT_TYPE_WORKFLOW_TASK_STARTED
workflow_task_started_event_attributes {
  scheduled_event_id: 2
  identity: "6146@devbox"
}

event_id: 4
event_time { seconds: 1749894256 nanos: 194000000 }
event_type: EVENT_TYPE_WORKFLOW_TASK_COMPLETED
workflow_task_completed_event_attributes {
  scheduled_event_id: 2
  identity: "6146@devbox"
  sdk_metadata { lang_used_flags: 1 }
  metering_metadata { }
}

event_id: 5
event_time { seconds: 1749894256 nanos: 194000000 }
event_type: EVENT_TYPE_ACTIVITY_TASK_SCHEDULED
activity_task_scheduled_event_attributes {
  activity_id: "5a521857-5dfa-332b-b78a-9f367e111f45"
  activity_type { name: "IsActionComplete" }
  task_queue { name: "Test-776477bf-7bb9-4b33-a8d0-3093fb166251" }
  header { }
  input {
    payloads {
      metadata {
        key: "encoding"
        value: "json/plain"
      }
      data: "\"single_action_001\""
    }
    payloads {
      metadata {
        key: "encoding"
        value: "json/plain"
      }
      data: "{\"prompt_message\":\"Please provide input for Perform Single Action\",\"llm_can_complete\":true}"
    }
    payloads {
      metadata {
        key: "encoding"
        value: "json/plain"
      }
      data: "{\"single_action_001\":{}}"
    }
  }
  schedule_to_close_timeout { seconds: 315360000 }
  schedule_to_start_timeout { seconds: 315360000 }
  start_to_close_timeout { seconds: 300 }
  heartbeat_timeout { }
  workflow_task_completed_event_id: 3
  retry_policy { initial_interval { seconds: 1 } backoff_coefficient: 2.0 maximum_interval { seconds: 10 } maximum_attempts: 3 }
}

event_id: 6
event_time { seconds: 1749894256 nanos: 194000000 }
event_type: EVENT_TYPE_ACTIVITY_TASK_STARTED
activity_task_started_event_attributes {
  scheduled_event_id: 5
  identity: "6146@devbox"
  attempt: 1
}

event_id: 7
event_time { seconds: 1749894256 nanos: 197000000 }
event_type: EVENT_TYPE_ACTIVITY_TASK_COMPLETED
activity_task_completed_event_attributes {
  result {
    payloads {
      metadata {
        key: "encoding"
        value: "json/plain"
      }
      data: "false"
    }
  }
  scheduled_event_id: 5
  started_event_id: 6
  identity: "6146@devbox"
}

event_id: 8
event_time { seconds: 1749894256 nanos: 197000000 }
event_type: EVENT_TYPE_WORKFLOW_TASK_SCHEDULED
workflow_task_scheduled_event_attributes {
  task_queue { name: "Test-776477bf-7bb9-4b33-a8d0-3093fb166251" }
  start_to_close_timeout { seconds: 10 }
  attempt: 1
}

event_id: 9
event_time { seconds: 1749894256 nanos: 197000000 }
event_type: EVENT_TYPE_WORKFLOW_TASK_STARTED
workflow_task_started_event_attributes {
  scheduled_event_id: 8
  identity: "6146@devbox"
}

event_id: 10
event_time { seconds: 1749894256 nanos: 202000000 }
event_type: EVENT_TYPE_WORKFLOW_TASK_COMPLETED
workflow_task_completed_event_attributes {
  scheduled_event_id: 8
  identity: "6146@devbox"
  sdk_metadata { }
  metering_metadata { }
}

event_id: 11
event_time { seconds: 1749894256 nanos: 202000000 }
event_type: EVENT_TYPE_ACTIVITY_TASK_SCHEDULED
activity_task_scheduled_event_attributes {
  activity_id: "a180f49b-e74e-3e53-813e-2c392e96060f"
  activity_type { name: "Ask" }
  task_queue { name: "Test-776477bf-7bb9-4b33-a8d0-3093fb166251" }
  header { }
  input {
    payloads {
      metadata {
        key: "encoding"
        value: "json/plain"
      }
      data: "\"single_action_001\""
    }
    payloads {
      metadata {
        key: "encoding"
        value: "json/plain"
      }
      data: "\"Please provide input for Perform Single Action\""
    }
  }
  schedule_to_close_timeout { seconds: 315360000 }
  schedule_to_start_timeout { seconds: 315360000 }
  start_to_close_timeout { seconds: 300 }
  heartbeat_timeout { }
  workflow_task_completed_event_id: 9
  retry_policy { initial_interval { seconds: 1 } backoff_coefficient: 2.0 maximum_interval { seconds: 10 } maximum_attempts: 3 }
}

event_id: 12
event_time { seconds: 1749894256 nanos: 202000000 }
event_type: EVENT_TYPE_ACTIVITY_TASK_STARTED
activity_task_started_event_attributes {
  scheduled_event_id: 11
  identity: "6146@devbox"
  attempt: 1
}

event_id: 13
event_time { seconds: 1749894256 nanos: 205000000 }
event_type: EVENT_TYPE_ACTIVITY_TASK_COMPLETED
activity_task_completed_event_attributes {
  result {
  }
  scheduled_event_id: 11
  started_event_id: 12
  identity: "6146@devbox"
}

event_id: 14
event_time { seconds: 1749894256 nanos: 205000000 }
event_type: EVENT_TYPE_WORKFLOW_TASK_SCHEDULED
workflow_task_scheduled_event_attributes {
  task_queue { name: "Test-776477bf-7bb9-4b33-a8d0-3093fb166251" }
  start_to_close_timeout { seconds: 10 }
  attempt: 1
}

event_id: 15
event_time { seconds: 1749894256 nanos: 205000000 }
event_type: EVENT_TYPE_WORKFLOW_TASK_STARTED
workflow_task_started_event_attributes {
  scheduled_event_id: 14
  identity: "6146@devbox"
}

event_id: 16
event_time { seconds: 1749894256 nanos: 208000000 }
event_type: EVENT_TYPE_WORKFLOW_TASK_COMPLETED
workflow_task_completed_event_attributes {
  scheduled_event_id: 14
  identity: "6146@devbox"
  sdk_metadata { }
  metering_metadata { }
}

event_id: 17
event_time { seconds: 1749894256 nanos: 208000000 }
event_type: EVENT_TYPE_WORKFLOW_EXECUTION_COMPLETED
workflow_execution_completed_event_attributes {
  result {
  }
  workflow_task_completed_event_id: 15
}



]]></system-err>
  </testcase>
  <testcase name="testDependencyAndPlaceholderResolution" classname="com.example.mattermost.MeetingSchedulerWorkflowTest" time="5.563">
    <failure message="&#10;Wanted but not invoked:&#10;askUserActivity.ask(&#10;    &quot;ask_arun_availability_001&quot;,&#10;    &lt;Capturing argument&gt;&#10;);&#10;-&gt; at com.example.mattermost.MeetingSchedulerWorkflowTest.testDependencyAndPlaceholderResolution(MeetingSchedulerWorkflowTest.java:297)&#10;&#10;However, there was exactly 1 interaction with this mock:&#10;askUserActivity.ask(&#10;    &quot;get_requester_preferred_details_001&quot;,&#10;    &quot;What should be the topic of the meeting, and do you have any preferred days or times and duration for the meeting with Arun and Jasbir?&quot;&#10;);&#10;-&gt; at com.example.mattermost.MeetingSchedulerWorkflowTest.lambda$setUp$0(MeetingSchedulerWorkflowTest.java:83)&#10;&#10;" type="Wanted but not invoked"><![CDATA[Wanted but not invoked:
askUserActivity.ask(
    "ask_arun_availability_001",
    <Capturing argument>
);
-> at com.example.mattermost.MeetingSchedulerWorkflowTest.testDependencyAndPlaceholderResolution(MeetingSchedulerWorkflowTest.java:297)

However, there was exactly 1 interaction with this mock:
askUserActivity.ask(
    "get_requester_preferred_details_001",
    "What should be the topic of the meeting, and do you have any preferred days or times and duration for the meeting with Arun and Jasbir?"
);
-> at com.example.mattermost.MeetingSchedulerWorkflowTest.lambda$setUp$0(MeetingSchedulerWorkflowTest.java:83)


	at com.example.mattermost.MeetingSchedulerWorkflowTest.testDependencyAndPlaceholderResolution(MeetingSchedulerWorkflowTest.java:297)
	at java.base/jdk.internal.reflect.DirectMethodHandleAccessor.invoke(DirectMethodHandleAccessor.java:103)
	at java.base/java.lang.reflect.Method.invoke(Method.java:580)
	at org.junit.platform.commons.util.ReflectionUtils.invokeMethod(ReflectionUtils.java:725)
	at org.junit.jupiter.engine.execution.MethodInvocation.proceed(MethodInvocation.java:60)
	at org.junit.jupiter.engine.execution.InvocationInterceptorChain$ValidatingInvocation.proceed(InvocationInterceptorChain.java:131)
	at org.junit.jupiter.engine.extension.TimeoutExtension.intercept(TimeoutExtension.java:149)
	at org.junit.jupiter.engine.extension.TimeoutExtension.interceptTestableMethod(TimeoutExtension.java:140)
	at org.junit.jupiter.engine.extension.TimeoutExtension.interceptTestMethod(TimeoutExtension.java:84)
	at org.junit.jupiter.engine.execution.ExecutableInvoker$ReflectiveInterceptorCall.lambda$ofVoidMethod$0(ExecutableInvoker.java:115)
	at org.junit.jupiter.engine.execution.ExecutableInvoker.lambda$invoke$0(ExecutableInvoker.java:105)
	at org.junit.jupiter.engine.execution.InvocationInterceptorChain$InterceptedInvocation.proceed(InvocationInterceptorChain.java:106)
	at org.junit.jupiter.engine.execution.InvocationInterceptorChain.proceed(InvocationInterceptorChain.java:64)
	at org.junit.jupiter.engine.execution.InvocationInterceptorChain.chainAndInvoke(InvocationInterceptorChain.java:45)
	at org.junit.jupiter.engine.execution.InvocationInterceptorChain.invoke(InvocationInterceptorChain.java:37)
	at org.junit.jupiter.engine.execution.ExecutableInvoker.invoke(ExecutableInvoker.java:104)
	at org.junit.jupiter.engine.execution.ExecutableInvoker.invoke(ExecutableInvoker.java:98)
	at org.junit.jupiter.engine.descriptor.TestMethodTestDescriptor.lambda$invokeTestMethod$7(TestMethodTestDescriptor.java:214)
	at org.junit.platform.engine.support.hierarchical.ThrowableCollector.execute(ThrowableCollector.java:73)
	at org.junit.jupiter.engine.descriptor.TestMethodTestDescriptor.invokeTestMethod(TestMethodTestDescriptor.java:210)
	at org.junit.jupiter.engine.descriptor.TestMethodTestDescriptor.execute(TestMethodTestDescriptor.java:135)
	at org.junit.jupiter.engine.descriptor.TestMethodTestDescriptor.execute(TestMethodTestDescriptor.java:66)
	at org.junit.platform.engine.support.hierarchical.NodeTestTask.lambda$executeRecursively$6(NodeTestTask.java:151)
	at org.junit.platform.engine.support.hierarchical.ThrowableCollector.execute(ThrowableCollector.java:73)
	at org.junit.platform.engine.support.hierarchical.NodeTestTask.lambda$executeRecursively$8(NodeTestTask.java:141)
	at org.junit.platform.engine.support.hierarchical.Node.around(Node.java:137)
	at org.junit.platform.engine.support.hierarchical.NodeTestTask.lambda$executeRecursively$9(NodeTestTask.java:139)
	at org.junit.platform.engine.support.hierarchical.ThrowableCollector.execute(ThrowableCollector.java:73)
	at org.junit.platform.engine.support.hierarchical.NodeTestTask.executeRecursively(NodeTestTask.java:138)
	at org.junit.platform.engine.support.hierarchical.NodeTestTask.execute(NodeTestTask.java:95)
	at java.base/java.util.ArrayList.forEach(ArrayList.java:1596)
	at org.junit.platform.engine.support.hierarchical.SameThreadHierarchicalTestExecutorService.invokeAll(SameThreadHierarchicalTestExecutorService.java:41)
	at org.junit.platform.engine.support.hierarchical.NodeTestTask.lambda$executeRecursively$6(NodeTestTask.java:155)
	at org.junit.platform.engine.support.hierarchical.ThrowableCollector.execute(ThrowableCollector.java:73)
	at org.junit.platform.engine.support.hierarchical.NodeTestTask.lambda$executeRecursively$8(NodeTestTask.java:141)
	at org.junit.platform.engine.support.hierarchical.Node.around(Node.java:137)
	at org.junit.platform.engine.support.hierarchical.NodeTestTask.lambda$executeRecursively$9(NodeTestTask.java:139)
	at org.junit.platform.engine.support.hierarchical.ThrowableCollector.execute(ThrowableCollector.java:73)
	at org.junit.platform.engine.support.hierarchical.NodeTestTask.executeRecursively(NodeTestTask.java:138)
	at org.junit.platform.engine.support.hierarchical.NodeTestTask.execute(NodeTestTask.java:95)
	at java.base/java.util.ArrayList.forEach(ArrayList.java:1596)
	at org.junit.platform.engine.support.hierarchical.SameThreadHierarchicalTestExecutorService.invokeAll(SameThreadHierarchicalTestExecutorService.java:41)
	at org.junit.platform.engine.support.hierarchical.NodeTestTask.lambda$executeRecursively$6(NodeTestTask.java:155)
	at org.junit.platform.engine.support.hierarchical.ThrowableCollector.execute(ThrowableCollector.java:73)
	at org.junit.platform.engine.support.hierarchical.NodeTestTask.lambda$executeRecursively$8(NodeTestTask.java:141)
	at org.junit.platform.engine.support.hierarchical.Node.around(Node.java:137)
	at org.junit.platform.engine.support.hierarchical.NodeTestTask.lambda$executeRecursively$9(NodeTestTask.java:139)
	at org.junit.platform.engine.support.hierarchical.ThrowableCollector.execute(ThrowableCollector.java:73)
	at org.junit.platform.engine.support.hierarchical.NodeTestTask.executeRecursively(NodeTestTask.java:138)
	at org.junit.platform.engine.support.hierarchical.NodeTestTask.execute(NodeTestTask.java:95)
	at org.junit.platform.engine.support.hierarchical.SameThreadHierarchicalTestExecutorService.submit(SameThreadHierarchicalTestExecutorService.java:35)
	at org.junit.platform.engine.support.hierarchical.HierarchicalTestExecutor.execute(HierarchicalTestExecutor.java:57)
	at org.junit.platform.engine.support.hierarchical.HierarchicalTestEngine.execute(HierarchicalTestEngine.java:54)
	at org.junit.platform.launcher.core.EngineExecutionOrchestrator.execute(EngineExecutionOrchestrator.java:147)
	at org.junit.platform.launcher.core.EngineExecutionOrchestrator.execute(EngineExecutionOrchestrator.java:127)
	at org.junit.platform.launcher.core.EngineExecutionOrchestrator.execute(EngineExecutionOrchestrator.java:90)
	at org.junit.platform.launcher.core.EngineExecutionOrchestrator.lambda$execute$0(EngineExecutionOrchestrator.java:55)
	at org.junit.platform.launcher.core.EngineExecutionOrchestrator.withInterceptedStreams(EngineExecutionOrchestrator.java:102)
	at org.junit.platform.launcher.core.EngineExecutionOrchestrator.execute(EngineExecutionOrchestrator.java:54)
	at org.junit.platform.launcher.core.DefaultLauncher.execute(DefaultLauncher.java:114)
	at org.junit.platform.launcher.core.DefaultLauncher.execute(DefaultLauncher.java:86)
	at org.junit.platform.launcher.core.DefaultLauncherSession$DelegatingLauncher.execute(DefaultLauncherSession.java:86)
	at org.apache.maven.surefire.junitplatform.LazyLauncher.execute(LazyLauncher.java:56)
	at org.apache.maven.surefire.junitplatform.JUnitPlatformProvider.execute(JUnitPlatformProvider.java:184)
	at org.apache.maven.surefire.junitplatform.JUnitPlatformProvider.invokeAllTests(JUnitPlatformProvider.java:148)
	at org.apache.maven.surefire.junitplatform.JUnitPlatformProvider.invoke(JUnitPlatformProvider.java:122)
	at org.apache.maven.surefire.booter.ForkedBooter.runSuitesInProcess(ForkedBooter.java:385)
	at org.apache.maven.surefire.booter.ForkedBooter.execute(ForkedBooter.java:162)
	at org.apache.maven.surefire.booter.ForkedBooter.run(ForkedBooter.java:507)
	at org.apache.maven.surefire.booter.ForkedBooter.main(ForkedBooter.java:495)
]]></failure>
    <system-out><![CDATA[setUp completed. worker, mocks, client initialized for taskQueue: Test-83322d6c-13d5-45b4-a684-aaf2244d7d52
Starting testDependencyAndPlaceholderResolution with taskQueue: Test-83322d6c-13d5-45b4-a684-aaf2244d7d52
]]></system-out>
    <system-err><![CDATA[[main] INFO io.temporal.serviceclient.WorkflowServiceStubsImpl - Created WorkflowServiceStubs for channel: ManagedChannelOrphanWrapper{delegate=ManagedChannelImpl{logId=17, target=directaddress:///b3f00b0c-8054-48b2-b150-378d3696c7ee}}
[main] INFO io.temporal.serviceclient.TestServiceStubsImpl - Created TestServiceStubs for channel: ManagedChannelOrphanWrapper{delegate=ManagedChannelImpl{logId=17, target=directaddress:///b3f00b0c-8054-48b2-b150-378d3696c7ee}}
[main] INFO io.temporal.serviceclient.OperatorServiceStubsImpl - Created OperatorServiceStubs for channel: ManagedChannelOrphanWrapper{delegate=ManagedChannelImpl{logId=17, target=directaddress:///b3f00b0c-8054-48b2-b150-378d3696c7ee}}
[main] INFO io.temporal.internal.worker.Poller - start: Poller{name=Workflow Poller taskQueue="WorkflowTest-testDependencyAndPlaceholderResolution()-[engine:junit-jupiter]/[class:com.example.mattermost.MeetingSchedulerWorkflowTest]/[method:testDependencyAndPlaceholderResolution()]", namespace="UnitTest", identity=6146@devbox}
[main] INFO io.temporal.internal.worker.Poller - start: Poller{name=Workflow Poller taskQueue="Test-83322d6c-13d5-45b4-a684-aaf2244d7d52", namespace="UnitTest", identity=6146@devbox}
[main] INFO io.temporal.internal.worker.Poller - start: Poller{name=Activity Poller taskQueue="Test-83322d6c-13d5-45b4-a684-aaf2244d7d52", namespace="UnitTest", identity=6146@devbox}
[main] INFO com.example.mattermost.MeetingSchedulerWorkflowTest - Test: Verifying ask for get_requester_preferred_details_001
[workflow-method-testDependency-abd0ece7-ecd9-4e6e-8f2e-6fd87248e1a...-367f99e2-6d0f-4cd3-bffc-e5ede78036ab] INFO com.example.mattermost.MeetingSchedulerWorkflowImpl - Workflow started for goal: Schedule a meeting with Arun and Jasbir, coordinating availability and topic. Initializing action statuses.
[workflow-method-testDependency-abd0ece7-ecd9-4e6e-8f2e-6fd87248e1a...-367f99e2-6d0f-4cd3-bffc-e5ede78036ab] INFO com.example.mattermost.MeetingSchedulerWorkflowImpl - Initialized actionStatuses: {get_requester_preferred_details_001=PENDING, propose_final_time_for_approval_001=PENDING, ask_arun_availability_001=PENDING, consolidate_availabilities_001=PENDING, send_meeting_invite_001=PENDING, ask_jasbir_availability_001=PENDING}
[workflow-method-testDependency-abd0ece7-ecd9-4e6e-8f2e-6fd87248e1a...-367f99e2-6d0f-4cd3-bffc-e5ede78036ab] INFO com.example.mattermost.MeetingSchedulerWorkflowImpl - Evaluating processable actions.
[workflow-method-testDependency-abd0ece7-ecd9-4e6e-8f2e-6fd87248e1a...-367f99e2-6d0f-4cd3-bffc-e5ede78036ab] INFO com.example.mattermost.MeetingSchedulerWorkflowImpl - getProcessableActions: Checking all nodes in currentGoal.
[workflow-method-testDependency-abd0ece7-ecd9-4e6e-8f2e-6fd87248e1a...-367f99e2-6d0f-4cd3-bffc-e5ede78036ab] INFO com.example.mattermost.MeetingSchedulerWorkflowImpl - dependenciesMet: Checking dependencies for actionId: get_requester_preferred_details_001
[workflow-method-testDependency-abd0ece7-ecd9-4e6e-8f2e-6fd87248e1a...-367f99e2-6d0f-4cd3-bffc-e5ede78036ab] INFO com.example.mattermost.MeetingSchedulerWorkflowImpl - dependenciesMet: No explicit dependencies found for actionId: get_requester_preferred_details_001. Returning true.
[workflow-method-testDependency-abd0ece7-ecd9-4e6e-8f2e-6fd87248e1a...-367f99e2-6d0f-4cd3-bffc-e5ede78036ab] INFO com.example.mattermost.MeetingSchedulerWorkflowImpl - getProcessableActions: Node ID: get_requester_preferred_details_001, Status: PENDING, IsPending: true, DependenciesMet: true
[workflow-method-testDependency-abd0ece7-ecd9-4e6e-8f2e-6fd87248e1a...-367f99e2-6d0f-4cd3-bffc-e5ede78036ab] INFO com.example.mattermost.MeetingSchedulerWorkflowImpl - dependenciesMet: Checking dependencies for actionId: ask_arun_availability_001
[workflow-method-testDependency-abd0ece7-ecd9-4e6e-8f2e-6fd87248e1a...-367f99e2-6d0f-4cd3-bffc-e5ede78036ab] INFO com.example.mattermost.MeetingSchedulerWorkflowImpl - dependenciesMet: ActionId: ask_arun_availability_001 has source dependencies: [get_requester_preferred_details_001]
[workflow-method-testDependency-abd0ece7-ecd9-4e6e-8f2e-6fd87248e1a...-367f99e2-6d0f-4cd3-bffc-e5ede78036ab] INFO com.example.mattermost.MeetingSchedulerWorkflowImpl - dependenciesMet: ActionId: ask_arun_availability_001, Dependency: get_requester_preferred_details_001, Status: PENDING, IsCompleted: false
[workflow-method-testDependency-abd0ece7-ecd9-4e6e-8f2e-6fd87248e1a...-367f99e2-6d0f-4cd3-bffc-e5ede78036ab] INFO com.example.mattermost.MeetingSchedulerWorkflowImpl - dependenciesMet: ActionId: ask_arun_availability_001, AllDependenciesMet: false
[workflow-method-testDependency-abd0ece7-ecd9-4e6e-8f2e-6fd87248e1a...-367f99e2-6d0f-4cd3-bffc-e5ede78036ab] INFO com.example.mattermost.MeetingSchedulerWorkflowImpl - getProcessableActions: Node ID: ask_arun_availability_001, Status: PENDING, IsPending: true, DependenciesMet: false
[workflow-method-testDependency-abd0ece7-ecd9-4e6e-8f2e-6fd87248e1a...-367f99e2-6d0f-4cd3-bffc-e5ede78036ab] INFO com.example.mattermost.MeetingSchedulerWorkflowImpl - dependenciesMet: Checking dependencies for actionId: ask_jasbir_availability_001
[workflow-method-testDependency-abd0ece7-ecd9-4e6e-8f2e-6fd87248e1a...-367f99e2-6d0f-4cd3-bffc-e5ede78036ab] INFO com.example.mattermost.MeetingSchedulerWorkflowImpl - dependenciesMet: ActionId: ask_jasbir_availability_001 has source dependencies: [get_requester_preferred_details_001]
[workflow-method-testDependency-abd0ece7-ecd9-4e6e-8f2e-6fd87248e1a...-367f99e2-6d0f-4cd3-bffc-e5ede78036ab] INFO com.example.mattermost.MeetingSchedulerWorkflowImpl - dependenciesMet: ActionId: ask_jasbir_availability_001, Dependency: get_requester_preferred_details_001, Status: PENDING, IsCompleted: false
[workflow-method-testDependency-abd0ece7-ecd9-4e6e-8f2e-6fd87248e1a...-367f99e2-6d0f-4cd3-bffc-e5ede78036ab] INFO com.example.mattermost.MeetingSchedulerWorkflowImpl - dependenciesMet: ActionId: ask_jasbir_availability_001, AllDependenciesMet: false
[workflow-method-testDependency-abd0ece7-ecd9-4e6e-8f2e-6fd87248e1a...-367f99e2-6d0f-4cd3-bffc-e5ede78036ab] INFO com.example.mattermost.MeetingSchedulerWorkflowImpl - getProcessableActions: Node ID: ask_jasbir_availability_001, Status: PENDING, IsPending: true, DependenciesMet: false
[workflow-method-testDependency-abd0ece7-ecd9-4e6e-8f2e-6fd87248e1a...-367f99e2-6d0f-4cd3-bffc-e5ede78036ab] INFO com.example.mattermost.MeetingSchedulerWorkflowImpl - dependenciesMet: Checking dependencies for actionId: consolidate_availabilities_001
[workflow-method-testDependency-abd0ece7-ecd9-4e6e-8f2e-6fd87248e1a...-367f99e2-6d0f-4cd3-bffc-e5ede78036ab] INFO com.example.mattermost.MeetingSchedulerWorkflowImpl - dependenciesMet: ActionId: consolidate_availabilities_001 has source dependencies: [get_requester_preferred_details_001, ask_arun_availability_001, ask_jasbir_availability_001]
[workflow-method-testDependency-abd0ece7-ecd9-4e6e-8f2e-6fd87248e1a...-367f99e2-6d0f-4cd3-bffc-e5ede78036ab] INFO com.example.mattermost.MeetingSchedulerWorkflowImpl - dependenciesMet: ActionId: consolidate_availabilities_001, Dependency: get_requester_preferred_details_001, Status: PENDING, IsCompleted: false
[workflow-method-testDependency-abd0ece7-ecd9-4e6e-8f2e-6fd87248e1a...-367f99e2-6d0f-4cd3-bffc-e5ede78036ab] INFO com.example.mattermost.MeetingSchedulerWorkflowImpl - dependenciesMet: ActionId: consolidate_availabilities_001, AllDependenciesMet: false
[workflow-method-testDependency-abd0ece7-ecd9-4e6e-8f2e-6fd87248e1a...-367f99e2-6d0f-4cd3-bffc-e5ede78036ab] INFO com.example.mattermost.MeetingSchedulerWorkflowImpl - getProcessableActions: Node ID: consolidate_availabilities_001, Status: PENDING, IsPending: true, DependenciesMet: false
[workflow-method-testDependency-abd0ece7-ecd9-4e6e-8f2e-6fd87248e1a...-367f99e2-6d0f-4cd3-bffc-e5ede78036ab] INFO com.example.mattermost.MeetingSchedulerWorkflowImpl - dependenciesMet: Checking dependencies for actionId: propose_final_time_for_approval_001
[workflow-method-testDependency-abd0ece7-ecd9-4e6e-8f2e-6fd87248e1a...-367f99e2-6d0f-4cd3-bffc-e5ede78036ab] INFO com.example.mattermost.MeetingSchedulerWorkflowImpl - dependenciesMet: ActionId: propose_final_time_for_approval_001 has source dependencies: [consolidate_availabilities_001]
[workflow-method-testDependency-abd0ece7-ecd9-4e6e-8f2e-6fd87248e1a...-367f99e2-6d0f-4cd3-bffc-e5ede78036ab] INFO com.example.mattermost.MeetingSchedulerWorkflowImpl - dependenciesMet: ActionId: propose_final_time_for_approval_001, Dependency: consolidate_availabilities_001, Status: PENDING, IsCompleted: false
[workflow-method-testDependency-abd0ece7-ecd9-4e6e-8f2e-6fd87248e1a...-367f99e2-6d0f-4cd3-bffc-e5ede78036ab] INFO com.example.mattermost.MeetingSchedulerWorkflowImpl - dependenciesMet: ActionId: propose_final_time_for_approval_001, AllDependenciesMet: false
[workflow-method-testDependency-abd0ece7-ecd9-4e6e-8f2e-6fd87248e1a...-367f99e2-6d0f-4cd3-bffc-e5ede78036ab] INFO com.example.mattermost.MeetingSchedulerWorkflowImpl - getProcessableActions: Node ID: propose_final_time_for_approval_001, Status: PENDING, IsPending: true, DependenciesMet: false
[workflow-method-testDependency-abd0ece7-ecd9-4e6e-8f2e-6fd87248e1a...-367f99e2-6d0f-4cd3-bffc-e5ede78036ab] INFO com.example.mattermost.MeetingSchedulerWorkflowImpl - dependenciesMet: Checking dependencies for actionId: send_meeting_invite_001
[workflow-method-testDependency-abd0ece7-ecd9-4e6e-8f2e-6fd87248e1a...-367f99e2-6d0f-4cd3-bffc-e5ede78036ab] INFO com.example.mattermost.MeetingSchedulerWorkflowImpl - dependenciesMet: ActionId: send_meeting_invite_001 has source dependencies: [propose_final_time_for_approval_001]
[workflow-method-testDependency-abd0ece7-ecd9-4e6e-8f2e-6fd87248e1a...-367f99e2-6d0f-4cd3-bffc-e5ede78036ab] INFO com.example.mattermost.MeetingSchedulerWorkflowImpl - dependenciesMet: ActionId: send_meeting_invite_001, Dependency: propose_final_time_for_approval_001, Status: PENDING, IsCompleted: false
[workflow-method-testDependency-abd0ece7-ecd9-4e6e-8f2e-6fd87248e1a...-367f99e2-6d0f-4cd3-bffc-e5ede78036ab] INFO com.example.mattermost.MeetingSchedulerWorkflowImpl - dependenciesMet: ActionId: send_meeting_invite_001, AllDependenciesMet: false
[workflow-method-testDependency-abd0ece7-ecd9-4e6e-8f2e-6fd87248e1a...-367f99e2-6d0f-4cd3-bffc-e5ede78036ab] INFO com.example.mattermost.MeetingSchedulerWorkflowImpl - getProcessableActions: Node ID: send_meeting_invite_001, Status: PENDING, IsPending: true, DependenciesMet: false
[workflow-method-testDependency-abd0ece7-ecd9-4e6e-8f2e-6fd87248e1a...-367f99e2-6d0f-4cd3-bffc-e5ede78036ab] INFO com.example.mattermost.MeetingSchedulerWorkflowImpl - getProcessableActions: Returning 1 processable nodes.
[workflow-method-testDependency-abd0ece7-ecd9-4e6e-8f2e-6fd87248e1a...-367f99e2-6d0f-4cd3-bffc-e5ede78036ab] INFO com.example.mattermost.MeetingSchedulerWorkflowImpl - Found 1 processable actions: [get_requester_preferred_details_001]
[workflow-method-testDependency-abd0ece7-ecd9-4e6e-8f2e-6fd87248e1a...-367f99e2-6d0f-4cd3-bffc-e5ede78036ab] INFO com.example.mattermost.MeetingSchedulerWorkflowImpl - Processing action: get_requester_preferred_details_001
[workflow-method-testDependency-abd0ece7-ecd9-4e6e-8f2e-6fd87248e1a...-367f99e2-6d0f-4cd3-bffc-e5ede78036ab] INFO com.example.mattermost.MeetingSchedulerWorkflowImpl - processSingleAction: Evaluating action get_requester_preferred_details_001 with status PENDING
[workflow-method-testDependency-abd0ece7-ecd9-4e6e-8f2e-6fd87248e1a...-367f99e2-6d0f-4cd3-bffc-e5ede78036ab] INFO com.example.mattermost.MeetingSchedulerWorkflowImpl - processSingleAction: Processing PENDING action: get_requester_preferred_details_001
[workflow-method-testDependency-abd0ece7-ecd9-4e6e-8f2e-6fd87248e1a...-367f99e2-6d0f-4cd3-bffc-e5ede78036ab] INFO com.example.mattermost.MeetingSchedulerWorkflowImpl - processSingleAction: Action get_requester_preferred_details_001 not completed by LLM or not configured for LLM. Proceeding with user input. Prompt: 'What should be the topic of the meeting, and do you have any preferred days or times and duration for the meeting with Arun and Jasbir?'
[workflow-method-testDependency-abd0ece7-ecd9-4e6e-8f2e-6fd87248e1a...-367f99e2-6d0f-4cd3-bffc-e5ede78036ab] INFO com.example.mattermost.MeetingSchedulerWorkflowImpl - processSingleAction: About to call askUserActivity.ask for action get_requester_preferred_details_001
[workflow-method-testDependency-abd0ece7-ecd9-4e6e-8f2e-6fd87248e1a...-367f99e2-6d0f-4cd3-bffc-e5ede78036ab] INFO com.example.mattermost.MeetingSchedulerWorkflowImpl - processSingleAction: askUserActivity.ask called for action get_requester_preferred_details_001. Setting status to WAITING_FOR_INPUT.
[workflow-method-testDependency-abd0ece7-ecd9-4e6e-8f2e-6fd87248e1a...-367f99e2-6d0f-4cd3-bffc-e5ede78036ab] INFO com.example.mattermost.MeetingSchedulerWorkflowImpl - processSingleAction: Action get_requester_preferred_details_001 is now WAITING_FOR_INPUT.
[workflow-method-testDependency-abd0ece7-ecd9-4e6e-8f2e-6fd87248e1a...-367f99e2-6d0f-4cd3-bffc-e5ede78036ab] INFO com.example.mattermost.MeetingSchedulerWorkflowImpl - Workflow logic after initial action processing for goal: Schedule a meeting with Arun and Jasbir, coordinating availability and topic. Final outputs (will be updated by signals): {get_requester_preferred_details_001={}, propose_final_time_for_approval_001={}, ask_arun_availability_001={}, consolidate_availabilities_001={}, send_meeting_invite_001={}, ask_jasbir_availability_001={}}
[main] INFO com.example.mattermost.MeetingSchedulerWorkflowTest - Test: Signal for get_requester_preferred_details_001 sent.
[main] INFO com.example.mattermost.MeetingSchedulerWorkflowTest - Test: Verifying ask for ask_arun_availability_001
[workflow-method-testDependency-abd0ece7-ecd9-4e6e-8f2e-6fd87248e1a...-367f99e2-6d0f-4cd3-bffc-e5ede78036ab] INFO com.example.mattermost.MeetingSchedulerWorkflowImpl - Workflow started for goal: Schedule a meeting with Arun and Jasbir, coordinating availability and topic. Initializing action statuses.
[workflow-method-testDependency-abd0ece7-ecd9-4e6e-8f2e-6fd87248e1a...-367f99e2-6d0f-4cd3-bffc-e5ede78036ab] INFO com.example.mattermost.MeetingSchedulerWorkflowImpl - Initialized actionStatuses: {get_requester_preferred_details_001=PENDING, propose_final_time_for_approval_001=PENDING, ask_arun_availability_001=PENDING, consolidate_availabilities_001=PENDING, send_meeting_invite_001=PENDING, ask_jasbir_availability_001=PENDING}
[workflow-method-testDependency-abd0ece7-ecd9-4e6e-8f2e-6fd87248e1a...-367f99e2-6d0f-4cd3-bffc-e5ede78036ab] INFO com.example.mattermost.MeetingSchedulerWorkflowImpl - Evaluating processable actions.
[workflow-method-testDependency-abd0ece7-ecd9-4e6e-8f2e-6fd87248e1a...-367f99e2-6d0f-4cd3-bffc-e5ede78036ab] INFO com.example.mattermost.MeetingSchedulerWorkflowImpl - getProcessableActions: Checking all nodes in currentGoal.
[workflow-method-testDependency-abd0ece7-ecd9-4e6e-8f2e-6fd87248e1a...-367f99e2-6d0f-4cd3-bffc-e5ede78036ab] INFO com.example.mattermost.MeetingSchedulerWorkflowImpl - dependenciesMet: Checking dependencies for actionId: get_requester_preferred_details_001
[workflow-method-testDependency-abd0ece7-ecd9-4e6e-8f2e-6fd87248e1a...-367f99e2-6d0f-4cd3-bffc-e5ede78036ab] INFO com.example.mattermost.MeetingSchedulerWorkflowImpl - dependenciesMet: No explicit dependencies found for actionId: get_requester_preferred_details_001. Returning true.
[workflow-method-testDependency-abd0ece7-ecd9-4e6e-8f2e-6fd87248e1a...-367f99e2-6d0f-4cd3-bffc-e5ede78036ab] INFO com.example.mattermost.MeetingSchedulerWorkflowImpl - getProcessableActions: Node ID: get_requester_preferred_details_001, Status: PENDING, IsPending: true, DependenciesMet: true
[workflow-method-testDependency-abd0ece7-ecd9-4e6e-8f2e-6fd87248e1a...-367f99e2-6d0f-4cd3-bffc-e5ede78036ab] INFO com.example.mattermost.MeetingSchedulerWorkflowImpl - dependenciesMet: Checking dependencies for actionId: ask_arun_availability_001
[workflow-method-testDependency-abd0ece7-ecd9-4e6e-8f2e-6fd87248e1a...-367f99e2-6d0f-4cd3-bffc-e5ede78036ab] INFO com.example.mattermost.MeetingSchedulerWorkflowImpl - dependenciesMet: ActionId: ask_arun_availability_001 has source dependencies: [get_requester_preferred_details_001]
[workflow-method-testDependency-abd0ece7-ecd9-4e6e-8f2e-6fd87248e1a...-367f99e2-6d0f-4cd3-bffc-e5ede78036ab] INFO com.example.mattermost.MeetingSchedulerWorkflowImpl - dependenciesMet: ActionId: ask_arun_availability_001, Dependency: get_requester_preferred_details_001, Status: PENDING, IsCompleted: false
[workflow-method-testDependency-abd0ece7-ecd9-4e6e-8f2e-6fd87248e1a...-367f99e2-6d0f-4cd3-bffc-e5ede78036ab] INFO com.example.mattermost.MeetingSchedulerWorkflowImpl - dependenciesMet: ActionId: ask_arun_availability_001, AllDependenciesMet: false
[workflow-method-testDependency-abd0ece7-ecd9-4e6e-8f2e-6fd87248e1a...-367f99e2-6d0f-4cd3-bffc-e5ede78036ab] INFO com.example.mattermost.MeetingSchedulerWorkflowImpl - getProcessableActions: Node ID: ask_arun_availability_001, Status: PENDING, IsPending: true, DependenciesMet: false
[workflow-method-testDependency-abd0ece7-ecd9-4e6e-8f2e-6fd87248e1a...-367f99e2-6d0f-4cd3-bffc-e5ede78036ab] INFO com.example.mattermost.MeetingSchedulerWorkflowImpl - dependenciesMet: Checking dependencies for actionId: ask_jasbir_availability_001
[workflow-method-testDependency-abd0ece7-ecd9-4e6e-8f2e-6fd87248e1a...-367f99e2-6d0f-4cd3-bffc-e5ede78036ab] INFO com.example.mattermost.MeetingSchedulerWorkflowImpl - dependenciesMet: ActionId: ask_jasbir_availability_001 has source dependencies: [get_requester_preferred_details_001]
[workflow-method-testDependency-abd0ece7-ecd9-4e6e-8f2e-6fd87248e1a...-367f99e2-6d0f-4cd3-bffc-e5ede78036ab] INFO com.example.mattermost.MeetingSchedulerWorkflowImpl - dependenciesMet: ActionId: ask_jasbir_availability_001, Dependency: get_requester_preferred_details_001, Status: PENDING, IsCompleted: false
[workflow-method-testDependency-abd0ece7-ecd9-4e6e-8f2e-6fd87248e1a...-367f99e2-6d0f-4cd3-bffc-e5ede78036ab] INFO com.example.mattermost.MeetingSchedulerWorkflowImpl - dependenciesMet: ActionId: ask_jasbir_availability_001, AllDependenciesMet: false
[workflow-method-testDependency-abd0ece7-ecd9-4e6e-8f2e-6fd87248e1a...-367f99e2-6d0f-4cd3-bffc-e5ede78036ab] INFO com.example.mattermost.MeetingSchedulerWorkflowImpl - getProcessableActions: Node ID: ask_jasbir_availability_001, Status: PENDING, IsPending: true, DependenciesMet: false
[workflow-method-testDependency-abd0ece7-ecd9-4e6e-8f2e-6fd87248e1a...-367f99e2-6d0f-4cd3-bffc-e5ede78036ab] INFO com.example.mattermost.MeetingSchedulerWorkflowImpl - dependenciesMet: Checking dependencies for actionId: consolidate_availabilities_001
[workflow-method-testDependency-abd0ece7-ecd9-4e6e-8f2e-6fd87248e1a...-367f99e2-6d0f-4cd3-bffc-e5ede78036ab] INFO com.example.mattermost.MeetingSchedulerWorkflowImpl - dependenciesMet: ActionId: consolidate_availabilities_001 has source dependencies: [get_requester_preferred_details_001, ask_arun_availability_001, ask_jasbir_availability_001]
[workflow-method-testDependency-abd0ece7-ecd9-4e6e-8f2e-6fd87248e1a...-367f99e2-6d0f-4cd3-bffc-e5ede78036ab] INFO com.example.mattermost.MeetingSchedulerWorkflowImpl - dependenciesMet: ActionId: consolidate_availabilities_001, Dependency: get_requester_preferred_details_001, Status: PENDING, IsCompleted: false
[workflow-method-testDependency-abd0ece7-ecd9-4e6e-8f2e-6fd87248e1a...-367f99e2-6d0f-4cd3-bffc-e5ede78036ab] INFO com.example.mattermost.MeetingSchedulerWorkflowImpl - dependenciesMet: ActionId: consolidate_availabilities_001, AllDependenciesMet: false
[workflow-method-testDependency-abd0ece7-ecd9-4e6e-8f2e-6fd87248e1a...-367f99e2-6d0f-4cd3-bffc-e5ede78036ab] INFO com.example.mattermost.MeetingSchedulerWorkflowImpl - getProcessableActions: Node ID: consolidate_availabilities_001, Status: PENDING, IsPending: true, DependenciesMet: false
[workflow-method-testDependency-abd0ece7-ecd9-4e6e-8f2e-6fd87248e1a...-367f99e2-6d0f-4cd3-bffc-e5ede78036ab] INFO com.example.mattermost.MeetingSchedulerWorkflowImpl - dependenciesMet: Checking dependencies for actionId: propose_final_time_for_approval_001
[workflow-method-testDependency-abd0ece7-ecd9-4e6e-8f2e-6fd87248e1a...-367f99e2-6d0f-4cd3-bffc-e5ede78036ab] INFO com.example.mattermost.MeetingSchedulerWorkflowImpl - dependenciesMet: ActionId: propose_final_time_for_approval_001 has source dependencies: [consolidate_availabilities_001]
[workflow-method-testDependency-abd0ece7-ecd9-4e6e-8f2e-6fd87248e1a...-367f99e2-6d0f-4cd3-bffc-e5ede78036ab] INFO com.example.mattermost.MeetingSchedulerWorkflowImpl - dependenciesMet: ActionId: propose_final_time_for_approval_001, Dependency: consolidate_availabilities_001, Status: PENDING, IsCompleted: false
[workflow-method-testDependency-abd0ece7-ecd9-4e6e-8f2e-6fd87248e1a...-367f99e2-6d0f-4cd3-bffc-e5ede78036ab] INFO com.example.mattermost.MeetingSchedulerWorkflowImpl - dependenciesMet: ActionId: propose_final_time_for_approval_001, AllDependenciesMet: false
[workflow-method-testDependency-abd0ece7-ecd9-4e6e-8f2e-6fd87248e1a...-367f99e2-6d0f-4cd3-bffc-e5ede78036ab] INFO com.example.mattermost.MeetingSchedulerWorkflowImpl - getProcessableActions: Node ID: propose_final_time_for_approval_001, Status: PENDING, IsPending: true, DependenciesMet: false
[workflow-method-testDependency-abd0ece7-ecd9-4e6e-8f2e-6fd87248e1a...-367f99e2-6d0f-4cd3-bffc-e5ede78036ab] INFO com.example.mattermost.MeetingSchedulerWorkflowImpl - dependenciesMet: Checking dependencies for actionId: send_meeting_invite_001
[workflow-method-testDependency-abd0ece7-ecd9-4e6e-8f2e-6fd87248e1a...-367f99e2-6d0f-4cd3-bffc-e5ede78036ab] INFO com.example.mattermost.MeetingSchedulerWorkflowImpl - dependenciesMet: ActionId: send_meeting_invite_001 has source dependencies: [propose_final_time_for_approval_001]
[workflow-method-testDependency-abd0ece7-ecd9-4e6e-8f2e-6fd87248e1a...-367f99e2-6d0f-4cd3-bffc-e5ede78036ab] INFO com.example.mattermost.MeetingSchedulerWorkflowImpl - dependenciesMet: ActionId: send_meeting_invite_001, Dependency: propose_final_time_for_approval_001, Status: PENDING, IsCompleted: false
[workflow-method-testDependency-abd0ece7-ecd9-4e6e-8f2e-6fd87248e1a...-367f99e2-6d0f-4cd3-bffc-e5ede78036ab] INFO com.example.mattermost.MeetingSchedulerWorkflowImpl - dependenciesMet: ActionId: send_meeting_invite_001, AllDependenciesMet: false
[workflow-method-testDependency-abd0ece7-ecd9-4e6e-8f2e-6fd87248e1a...-367f99e2-6d0f-4cd3-bffc-e5ede78036ab] INFO com.example.mattermost.MeetingSchedulerWorkflowImpl - getProcessableActions: Node ID: send_meeting_invite_001, Status: PENDING, IsPending: true, DependenciesMet: false
[workflow-method-testDependency-abd0ece7-ecd9-4e6e-8f2e-6fd87248e1a...-367f99e2-6d0f-4cd3-bffc-e5ede78036ab] INFO com.example.mattermost.MeetingSchedulerWorkflowImpl - getProcessableActions: Returning 1 processable nodes.
[workflow-method-testDependency-abd0ece7-ecd9-4e6e-8f2e-6fd87248e1a...-367f99e2-6d0f-4cd3-bffc-e5ede78036ab] INFO com.example.mattermost.MeetingSchedulerWorkflowImpl - Found 1 processable actions: [get_requester_preferred_details_001]
[workflow-method-testDependency-abd0ece7-ecd9-4e6e-8f2e-6fd87248e1a...-367f99e2-6d0f-4cd3-bffc-e5ede78036ab] INFO com.example.mattermost.MeetingSchedulerWorkflowImpl - Processing action: get_requester_preferred_details_001
[workflow-method-testDependency-abd0ece7-ecd9-4e6e-8f2e-6fd87248e1a...-367f99e2-6d0f-4cd3-bffc-e5ede78036ab] INFO com.example.mattermost.MeetingSchedulerWorkflowImpl - processSingleAction: Evaluating action get_requester_preferred_details_001 with status PENDING
[workflow-method-testDependency-abd0ece7-ecd9-4e6e-8f2e-6fd87248e1a...-367f99e2-6d0f-4cd3-bffc-e5ede78036ab] INFO com.example.mattermost.MeetingSchedulerWorkflowImpl - processSingleAction: Processing PENDING action: get_requester_preferred_details_001
[workflow-method-testDependency-abd0ece7-ecd9-4e6e-8f2e-6fd87248e1a...-367f99e2-6d0f-4cd3-bffc-e5ede78036ab] INFO com.example.mattermost.MeetingSchedulerWorkflowImpl - processSingleAction: Action get_requester_preferred_details_001 not completed by LLM or not configured for LLM. Proceeding with user input. Prompt: 'What should be the topic of the meeting, and do you have any preferred days or times and duration for the meeting with Arun and Jasbir?'
[workflow-method-testDependency-abd0ece7-ecd9-4e6e-8f2e-6fd87248e1a...-367f99e2-6d0f-4cd3-bffc-e5ede78036ab] INFO com.example.mattermost.MeetingSchedulerWorkflowImpl - processSingleAction: About to call askUserActivity.ask for action get_requester_preferred_details_001
[signal onUserResponse] INFO com.example.mattermost.MeetingSchedulerWorkflowImpl - Signal: Received onUserResponse for actionId: get_requester_preferred_details_001 with input: {duration=1 hour, topic=Project Phoenix, datetime=Next Monday 10AM}. Current status: PROCESSING, waitingForUserInputMap containsKey: false
[signal onUserResponse] WARN com.example.mattermost.MeetingSchedulerWorkflowImpl - Received unexpected user response for actionId: get_requester_preferred_details_001 or action not in WAITING_FOR_INPUT state. Current status: PROCESSING
[workflow-method-testDependency-abd0ece7-ecd9-4e6e-8f2e-6fd87248e1a...-367f99e2-6d0f-4cd3-bffc-e5ede78036ab] INFO com.example.mattermost.MeetingSchedulerWorkflowImpl - processSingleAction: askUserActivity.ask called for action get_requester_preferred_details_001. Setting status to WAITING_FOR_INPUT.
[workflow-method-testDependency-abd0ece7-ecd9-4e6e-8f2e-6fd87248e1a...-367f99e2-6d0f-4cd3-bffc-e5ede78036ab] INFO com.example.mattermost.MeetingSchedulerWorkflowImpl - processSingleAction: Action get_requester_preferred_details_001 is now WAITING_FOR_INPUT.
[workflow-method-testDependency-abd0ece7-ecd9-4e6e-8f2e-6fd87248e1a...-367f99e2-6d0f-4cd3-bffc-e5ede78036ab] INFO com.example.mattermost.MeetingSchedulerWorkflowImpl - Workflow logic after initial action processing for goal: Schedule a meeting with Arun and Jasbir, coordinating availability and topic. Final outputs (will be updated by signals): {get_requester_preferred_details_001={}, propose_final_time_for_approval_001={}, ask_arun_availability_001={}, consolidate_availabilities_001={}, send_meeting_invite_001={}, ask_jasbir_availability_001={}}
[main] INFO io.temporal.serviceclient.TestServiceStubsImpl - shutdownNow
[main] INFO io.temporal.serviceclient.OperatorServiceStubsImpl - shutdownNow
[main] INFO io.temporal.worker.WorkerFactory - shutdownNow: WorkerFactory{identity=6146@devbox}
[main] INFO io.temporal.internal.worker.Poller - shutdown: Poller{name=Workflow Poller taskQueue="WorkflowTest-testDependencyAndPlaceholderResolution()-[engine:junit-jupiter]/[class:com.example.mattermost.MeetingSchedulerWorkflowTest]/[method:testDependencyAndPlaceholderResolution()]", namespace="UnitTest", identity=6146@devbox}
[Workflow Poller taskQueue="WorkflowTest-testDependencyAndPlaceholderResolution()-[engine:junit-jupiter]/[class:com.example.mattermost.MeetingSchedulerWorkflowTest]/[method:testDependencyAndPlaceholderResolution()]", namespace="UnitTest": 1] INFO io.temporal.internal.worker.Poller - poll loop is terminated: WorkflowPollTask
[Workflow Poller taskQueue="WorkflowTest-testDependencyAndPlaceholderResolution()-[engine:junit-jupiter]/[class:com.example.mattermost.MeetingSchedulerWorkflowTest]/[method:testDependencyAndPlaceholderResolution()]", namespace="UnitTest": 3] INFO io.temporal.internal.worker.Poller - poll loop is terminated: WorkflowPollTask
[Workflow Poller taskQueue="WorkflowTest-testDependencyAndPlaceholderResolution()-[engine:junit-jupiter]/[class:com.example.mattermost.MeetingSchedulerWorkflowTest]/[method:testDependencyAndPlaceholderResolution()]", namespace="UnitTest": 2] INFO io.temporal.internal.worker.Poller - poll loop is terminated: WorkflowPollTask
[Workflow Poller taskQueue="WorkflowTest-testDependencyAndPlaceholderResolution()-[engine:junit-jupiter]/[class:com.example.mattermost.MeetingSchedulerWorkflowTest]/[method:testDependencyAndPlaceholderResolution()]", namespace="UnitTest": 4] INFO io.temporal.internal.worker.Poller - poll loop is terminated: WorkflowPollTask
[main] INFO io.temporal.internal.worker.Poller - shutdown: Poller{name=Workflow Poller taskQueue="Test-83322d6c-13d5-45b4-a684-aaf2244d7d52", namespace="UnitTest", identity=6146@devbox}
[main] INFO io.temporal.worker.WorkerFactory - awaitTermination begin: WorkerFactory{identity=6146@devbox}
[TemporalShutdownManager: 1] INFO io.temporal.internal.worker.Poller - shutdown: Poller{name=Activity Poller taskQueue="Test-83322d6c-13d5-45b4-a684-aaf2244d7d52", namespace="UnitTest", identity=6146@devbox}
[Workflow Poller taskQueue="WorkflowTest-testDependencyAndPlaceholderResolution()-[engine:junit-jupiter]/[class:com.example.mattermost.MeetingSchedulerWorkflowTest]/[method:testDependencyAndPlaceholderResolution()]", namespace="UnitTest": 5] INFO io.temporal.internal.worker.Poller - poll loop is terminated: WorkflowPollTask
[Activity Poller taskQueue="Test-83322d6c-13d5-45b4-a684-aaf2244d7d52", namespace="UnitTest": 4] INFO io.temporal.internal.worker.Poller - poll loop is terminated: ActivityPollTask
[Activity Poller taskQueue="Test-83322d6c-13d5-45b4-a684-aaf2244d7d52", namespace="UnitTest": 5] INFO io.temporal.internal.worker.Poller - poll loop is terminated: ActivityPollTask
[Activity Poller taskQueue="Test-83322d6c-13d5-45b4-a684-aaf2244d7d52", namespace="UnitTest": 2] INFO io.temporal.internal.worker.Poller - poll loop is terminated: ActivityPollTask
[Workflow Poller taskQueue="Test-83322d6c-13d5-45b4-a684-aaf2244d7d52", namespace="UnitTest": 1] INFO io.temporal.internal.worker.Poller - poll loop is terminated: WorkflowPollTask
[Workflow Poller taskQueue="Test-83322d6c-13d5-45b4-a684-aaf2244d7d52", namespace="UnitTest": 4] INFO io.temporal.internal.worker.Poller - poll loop is terminated: WorkflowPollTask
[Workflow Poller taskQueue="Test-83322d6c-13d5-45b4-a684-aaf2244d7d52", namespace="UnitTest": 3] INFO io.temporal.internal.worker.Poller - poll loop is terminated: WorkflowPollTask
[Workflow Poller taskQueue="Test-83322d6c-13d5-45b4-a684-aaf2244d7d52", namespace="UnitTest": 5] INFO io.temporal.internal.worker.Poller - poll loop is terminated: WorkflowPollTask
[Activity Poller taskQueue="Test-83322d6c-13d5-45b4-a684-aaf2244d7d52", namespace="UnitTest": 3] INFO io.temporal.internal.worker.Poller - poll loop is terminated: ActivityPollTask
[Workflow Poller taskQueue="Test-83322d6c-13d5-45b4-a684-aaf2244d7d52", namespace="UnitTest": 2] INFO io.temporal.internal.worker.Poller - poll loop is terminated: WorkflowPollTask
[Activity Poller taskQueue="Test-83322d6c-13d5-45b4-a684-aaf2244d7d52", namespace="UnitTest": 1] INFO io.temporal.internal.worker.Poller - poll loop is terminated: ActivityPollTask
[main] INFO io.temporal.worker.WorkerFactory - awaitTermination done: WorkerFactory{identity=6146@devbox}
[main] INFO io.temporal.serviceclient.WorkflowServiceStubsImpl - shutdownNow
[main] INFO io.temporal.testserver.TestServer - Shutting down in-process gRPC server
[main] INFO io.temporal.testserver.TestServer - Shutting down gRPC Services
[main] INFO io.temporal.serviceclient.TestServiceStubsImpl - shutdownNow
[main] INFO io.temporal.serviceclient.OperatorServiceStubsImpl - shutdownNow
[main] INFO io.temporal.worker.WorkerFactory - shutdownNow: WorkerFactory{identity=6146@devbox}
[main] INFO io.temporal.internal.worker.Poller - shutdown: Poller{name=Workflow Poller taskQueue="WorkflowTest-testDependencyAndPlaceholderResolution()-[engine:junit-jupiter]/[class:com.example.mattermost.MeetingSchedulerWorkflowTest]/[method:testDependencyAndPlaceholderResolution()]", namespace="UnitTest", identity=6146@devbox}
[main] INFO io.temporal.internal.worker.Poller - shutdown: Poller{name=Workflow Poller taskQueue="Test-83322d6c-13d5-45b4-a684-aaf2244d7d52", namespace="UnitTest", identity=6146@devbox}
[main] INFO io.temporal.worker.WorkerFactory - awaitTermination begin: WorkerFactory{identity=6146@devbox}
[TemporalShutdownManager: 1] INFO io.temporal.internal.worker.Poller - shutdown: Poller{name=Activity Poller taskQueue="Test-83322d6c-13d5-45b4-a684-aaf2244d7d52", namespace="UnitTest", identity=6146@devbox}
[main] INFO io.temporal.worker.WorkerFactory - awaitTermination done: WorkerFactory{identity=6146@devbox}
[main] INFO io.temporal.serviceclient.WorkflowServiceStubsImpl - shutdownNow
[main] INFO io.temporal.testserver.TestServer - Shutting down in-process gRPC server
[main] INFO io.temporal.testserver.TestServer - Shutting down gRPC Services
Workflow execution histories:
Stored Workflows:
ExecutionId{namespace='UnitTest', execution=workflow_id: "testDependency-abd0ece7-ecd9-4e6e-8f2e-6fd87248e1a6"
run_id: "367f99e2-6d0f-4cd3-bffc-e5ede78036ab"
}

event_id: 1
event_time { seconds: 1749894256 nanos: 505000000 }
event_type: EVENT_TYPE_WORKFLOW_EXECUTION_STARTED
workflow_execution_started_event_attributes {
  workflow_type { name: "MeetingSchedulerWorkflow" }
  task_queue { name: "Test-83322d6c-13d5-45b4-a684-aaf2244d7d52" }
  input {
    payloads {
      metadata {
        key: "encoding"
        value: "json/plain"
      }
      data: "{\"goal\":\"Schedule a meeting with Arun and Jasbir, coordinating availability and topic\",\"nodes\":[{\"actionId\":\"get_requester_preferred_details_001\",\"actionName\":\"Get Requester\'s Meeting Details\",\"actionDescription\":\"Ask the user who initiated the request for their preferred topic, day, time, and duration for the meeting.\",\"actionParams\":{\"required_users\":[\"requester\"],\"prompt_message\":\"What should be the topic of the meeting, and do you have any preferred days or times and duration for the meeting with Arun and Jasbir?\",\"required_fields\":[\"topic\",\"datetime\",\"duration\"]},\"actionStatus\":\"PENDING\"},{\"actionId\":\"ask_arun_availability_001\",\"actionName\":\"Ask Arun for Availability\",\"actionDescription\":\"Send a message to Arun to inquire about his available time slots for the meeting, considering the topic from the requester.\",\"actionParams\":{\"recipient\":\"Arun\",\"subject\":\"Meeting Availability Request\",\"body\":\"Hi Arun, I\'m trying to schedule a meeting. Could you please share your availability for a brief discussion about {get_requester_preferred_details_001.topic}?\",\"context_for_availability\":\"meeting with requester and Jasbir\",\"required_fields\":[\"arun_availability\"]},\"actionStatus\":\"PENDING\"},{\"actionId\":\"ask_jasbir_availability_001\",\"actionName\":\"Ask Jasbir for Availability\",\"actionDescription\":\"Send a message to Jasbir to inquire about her available time slots for the meeting, considering the topic from the requester.\",\"actionParams\":{\"recipient\":\"Jasbir\",\"subject\":\"Meeting Availability Request\",\"body\":\"Hi Jasbir, I\'m trying to schedule a meeting. Could you please share your availability for a brief discussion about {get_requester_preferred_details_001.topic}?\",\"context_for_availability\":\"meeting with requester and Arun\",\"required_fields\":[\"jasbir_availability\"]},\"actionStatus\":\"PENDING\"},{\"actionId\":\"consolidate_availabilities_001\",\"actionName\":\"Consolidate All Availabilities\",\"actionDescription\":\"Review and consolidate the preferred meeting details from the requester and the availability received from Arun and Jasbir to find common optimal slots.\",\"actionParams\":{\"required_fields\":[\"proposed_time\"]},\"actionStatus\":\"PENDING\"},{\"actionId\":\"propose_final_time_for_approval_001\",\"actionName\":\"Propose Final Meeting Time for Approval\",\"actionDescription\":\"Based on consolidated availabilities, propose the most suitable meeting time and wait for final confirmation from the requester and attendees.\",\"actionParams\":{\"required_users\":[\"requester\",\"Arun\",\"Jasbir\"],\"prompt_message\":\"Based on everyone\'s availability, I propose the following meeting time: {consolidate_availabilities_001.proposed_time}. Does this work for everyone?\",\"required_fields\":[\"approved_time_final\"]},\"actionStatus\":\"PENDING\"},{\"actionId\":\"send_meeting_invite_001\",\"actionName\":\"Send Final Meeting Invite\",\"actionDescription\":\"Create and send the official calendar invite to all attendees once the final meeting time is approved.\",\"actionParams\":{\"attendees\":[\"Arun\",\"Jasbir\",\"requester\"],\"subject\":\"{get_requester_preferred_details_001.topic}\",\"time\":\"{propose_final_time_for_approval_001.approved_time_final}\"},\"actionStatus\":\"PENDING\"}],\"relationships\":[{\"sourceActionId\":\"get_requester_preferred_details_001\",\"targetActionId\":\"ask_arun_availability_001\",\"type\":\"DEPENDS_ON\"},{\"sourceActionId\":\"get_requester_preferred_details_001\",\"targetActionId\":\"ask_jasbir_availability_001\",\"type\":\"DEPENDS_ON\"},{\"sourceActionId\":\"ask_arun_availability_001\",\"targetActionId\":\"consolidate_availabilities_001\",\"type\":\"DEPENDS_ON\"},{\"sourceActionId\":\"ask_jasbir_availability_001\",\"targetActionId\":\"consolidate_availabilities_001\",\"type\":\"DEPENDS_ON\"},{\"sourceActionId\":\"get_requester_preferred_details_001\",\"targetActionId\":\"consolidate_availabilities_001\",\"type\":\"DEPENDS_ON\"},{\"sourceActionId\":\"consolidate_availabilities_001\",\"targetActionId\":\"propose_final_time_for_approval_001\",\"type\":\"DEPENDS_ON\"},{\"sourceActionId\":\"propose_final_time_for_approval_001\",\"targetActionId\":\"send_meeting_invite_001\",\"type\":\"DEPENDS_ON\"}],\"actionOutputs\":{}}"
    }
  }
  workflow_execution_timeout { seconds: 315360000 }
  workflow_run_timeout { seconds: 315360000 }
  workflow_task_timeout { seconds: 10 }
  original_execution_run_id: "367f99e2-6d0f-4cd3-bffc-e5ede78036ab"
  identity: "6146@devbox"
  first_execution_run_id: "367f99e2-6d0f-4cd3-bffc-e5ede78036ab"
  attempt: 1
  header { }
}

event_id: 2
event_time { seconds: 1749894256 nanos: 505000000 }
event_type: EVENT_TYPE_WORKFLOW_TASK_SCHEDULED
workflow_task_scheduled_event_attributes {
  task_queue { name: "Test-83322d6c-13d5-45b4-a684-aaf2244d7d52" }
  start_to_close_timeout { seconds: 10 }
  attempt: 1
}

event_id: 3
event_time { seconds: 1749894256 nanos: 505000000 }
event_type: EVENT_TYPE_WORKFLOW_TASK_STARTED
workflow_task_started_event_attributes {
  scheduled_event_id: 2
  identity: "6146@devbox"
}

event_id: 4
event_time { seconds: 1749894256 nanos: 512000000 }
event_type: EVENT_TYPE_WORKFLOW_TASK_COMPLETED
workflow_task_completed_event_attributes {
  scheduled_event_id: 2
  identity: "6146@devbox"
  sdk_metadata { lang_used_flags: 1 }
  metering_metadata { }
}

event_id: 5
event_time { seconds: 1749894256 nanos: 512000000 }
event_type: EVENT_TYPE_ACTIVITY_TASK_SCHEDULED
activity_task_scheduled_event_attributes {
  activity_id: "3af52759-de12-344f-84ce-0e113daaf64f"
  activity_type { name: "Ask" }
  task_queue { name: "Test-83322d6c-13d5-45b4-a684-aaf2244d7d52" }
  header { }
  input {
    payloads {
      metadata {
        key: "encoding"
        value: "json/plain"
      }
      data: "\"get_requester_preferred_details_001\""
    }
    payloads {
      metadata {
        key: "encoding"
        value: "json/plain"
      }
      data: "\"What should be the topic of the meeting, and do you have any preferred days or times and duration for the meeting with Arun and Jasbir?\""
    }
  }
  schedule_to_close_timeout { seconds: 315360000 }
  schedule_to_start_timeout { seconds: 315360000 }
  start_to_close_timeout { seconds: 300 }
  heartbeat_timeout { }
  workflow_task_completed_event_id: 3
  retry_policy { initial_interval { seconds: 1 } backoff_coefficient: 2.0 maximum_interval { seconds: 10 } maximum_attempts: 3 }
}

event_id: 6
event_time { seconds: 1749894256 nanos: 513000000 }
event_type: EVENT_TYPE_ACTIVITY_TASK_STARTED
activity_task_started_event_attributes {
  scheduled_event_id: 5
  identity: "6146@devbox"
  attempt: 1
}

event_id: 7
event_time { seconds: 1749894256 nanos: 515000000 }
event_type: EVENT_TYPE_ACTIVITY_TASK_COMPLETED
activity_task_completed_event_attributes {
  result {
  }
  scheduled_event_id: 5
  started_event_id: 6
  identity: "6146@devbox"
}

event_id: 8
event_time { seconds: 1749894256 nanos: 515000000 }
event_type: EVENT_TYPE_WORKFLOW_TASK_SCHEDULED
workflow_task_scheduled_event_attributes {
  task_queue { name: "Test-83322d6c-13d5-45b4-a684-aaf2244d7d52" }
  start_to_close_timeout { seconds: 10 }
  attempt: 1
}

event_id: 9
event_time { seconds: 1749894256 nanos: 515000000 }
event_type: EVENT_TYPE_WORKFLOW_TASK_STARTED
workflow_task_started_event_attributes {
  scheduled_event_id: 8
  identity: "6146@devbox"
}

event_id: 10
event_time { seconds: 1749894256 nanos: 522000000 }
event_type: EVENT_TYPE_WORKFLOW_TASK_FAILED
workflow_task_failed_event_attributes {
  scheduled_event_id: 8
  started_event_id: 9
  cause: WORKFLOW_TASK_FAILED_CAUSE_UNHANDLED_COMMAND
  identity: "6146@devbox"
}

event_id: 11
event_time { seconds: 1749894256 nanos: 522000000 }
event_type: EVENT_TYPE_WORKFLOW_EXECUTION_SIGNALED
workflow_execution_signaled_event_attributes {
  signal_name: "onUserResponse"
  input {
    payloads {
      metadata {
        key: "encoding"
        value: "json/plain"
      }
      data: "\"get_requester_preferred_details_001\""
    }
    payloads {
      metadata {
        key: "encoding"
        value: "json/plain"
      }
      data: "{\"duration\":\"1 hour\",\"topic\":\"Project Phoenix\",\"datetime\":\"Next Monday 10AM\"}"
    }
  }
  identity: "6146@devbox"
}

event_id: 12
event_time { seconds: 1749894256 nanos: 522000000 }
event_type: EVENT_TYPE_WORKFLOW_TASK_SCHEDULED
workflow_task_scheduled_event_attributes {
  task_queue { name: "Test-83322d6c-13d5-45b4-a684-aaf2244d7d52" }
  start_to_close_timeout { seconds: 10 }
  attempt: 2
}

event_id: 13
event_time { seconds: 1749894256 nanos: 522000000 }
event_type: EVENT_TYPE_WORKFLOW_TASK_STARTED
workflow_task_started_event_attributes {
  scheduled_event_id: 12
  identity: "6146@devbox"
}

event_id: 14
event_time { seconds: 1749894256 nanos: 533000000 }
event_type: EVENT_TYPE_WORKFLOW_TASK_COMPLETED
workflow_task_completed_event_attributes {
  scheduled_event_id: 12
  identity: "6146@devbox"
  sdk_metadata { }
  metering_metadata { }
}

event_id: 15
event_time { seconds: 1749894256 nanos: 533000000 }
event_type: EVENT_TYPE_WORKFLOW_EXECUTION_COMPLETED
workflow_execution_completed_event_attributes {
  result {
  }
  workflow_task_completed_event_id: 13
}



]]></system-err>
  </testcase>
  <testcase name="testSuccessfulWorkflowExecution" classname="com.example.mattermost.MeetingSchedulerWorkflowTest" time="0.542">
    <error message="workflowId=&apos;testSuccessfulWorkflow-070d15ca-0be8-4e27-80d0-b3a67f181181&apos;, runId=&apos;&apos;, workflowType=&apos;MeetingSchedulerWorkflow&apos;}" type="io.temporal.client.WorkflowNotFoundException"><![CDATA[io.temporal.client.WorkflowNotFoundException: workflowId='testSuccessfulWorkflow-070d15ca-0be8-4e27-80d0-b3a67f181181', runId='', workflowType='MeetingSchedulerWorkflow'}
	at io.temporal.client.WorkflowStubImpl.throwAsWorkflowFailureException(WorkflowStubImpl.java:516)
	at io.temporal.client.WorkflowStubImpl.signal(WorkflowStubImpl.java:93)
	at io.temporal.testing.TimeLockingInterceptor$TimeLockingWorkflowStub.signal(TimeLockingInterceptor.java:72)
	at io.temporal.client.WorkflowInvocationHandler$SyncWorkflowInvocationHandler.signalWorkflow(WorkflowInvocationHandler.java:296)
	at io.temporal.client.WorkflowInvocationHandler$SyncWorkflowInvocationHandler.invoke(WorkflowInvocationHandler.java:271)
	at io.temporal.client.WorkflowInvocationHandler.invoke(WorkflowInvocationHandler.java:175)
	at jdk.proxy2/jdk.proxy2.$Proxy137.onUserResponse(Unknown Source)
	at com.example.mattermost.MeetingSchedulerWorkflowTest.testSuccessfulWorkflowExecution(MeetingSchedulerWorkflowTest.java:161)
	at java.base/jdk.internal.reflect.DirectMethodHandleAccessor.invoke(DirectMethodHandleAccessor.java:103)
	at java.base/java.lang.reflect.Method.invoke(Method.java:580)
	at org.junit.platform.commons.util.ReflectionUtils.invokeMethod(ReflectionUtils.java:725)
	at org.junit.jupiter.engine.execution.MethodInvocation.proceed(MethodInvocation.java:60)
	at org.junit.jupiter.engine.execution.InvocationInterceptorChain$ValidatingInvocation.proceed(InvocationInterceptorChain.java:131)
	at org.junit.jupiter.engine.extension.TimeoutExtension.intercept(TimeoutExtension.java:149)
	at org.junit.jupiter.engine.extension.TimeoutExtension.interceptTestableMethod(TimeoutExtension.java:140)
	at org.junit.jupiter.engine.extension.TimeoutExtension.interceptTestMethod(TimeoutExtension.java:84)
	at org.junit.jupiter.engine.execution.ExecutableInvoker$ReflectiveInterceptorCall.lambda$ofVoidMethod$0(ExecutableInvoker.java:115)
	at org.junit.jupiter.engine.execution.ExecutableInvoker.lambda$invoke$0(ExecutableInvoker.java:105)
	at org.junit.jupiter.engine.execution.InvocationInterceptorChain$InterceptedInvocation.proceed(InvocationInterceptorChain.java:106)
	at org.junit.jupiter.engine.execution.InvocationInterceptorChain.proceed(InvocationInterceptorChain.java:64)
	at org.junit.jupiter.engine.execution.InvocationInterceptorChain.chainAndInvoke(InvocationInterceptorChain.java:45)
	at org.junit.jupiter.engine.execution.InvocationInterceptorChain.invoke(InvocationInterceptorChain.java:37)
	at org.junit.jupiter.engine.execution.ExecutableInvoker.invoke(ExecutableInvoker.java:104)
	at org.junit.jupiter.engine.execution.ExecutableInvoker.invoke(ExecutableInvoker.java:98)
	at org.junit.jupiter.engine.descriptor.TestMethodTestDescriptor.lambda$invokeTestMethod$7(TestMethodTestDescriptor.java:214)
	at org.junit.platform.engine.support.hierarchical.ThrowableCollector.execute(ThrowableCollector.java:73)
	at org.junit.jupiter.engine.descriptor.TestMethodTestDescriptor.invokeTestMethod(TestMethodTestDescriptor.java:210)
	at org.junit.jupiter.engine.descriptor.TestMethodTestDescriptor.execute(TestMethodTestDescriptor.java:135)
	at org.junit.jupiter.engine.descriptor.TestMethodTestDescriptor.execute(TestMethodTestDescriptor.java:66)
	at org.junit.platform.engine.support.hierarchical.NodeTestTask.lambda$executeRecursively$6(NodeTestTask.java:151)
	at org.junit.platform.engine.support.hierarchical.ThrowableCollector.execute(ThrowableCollector.java:73)
	at org.junit.platform.engine.support.hierarchical.NodeTestTask.lambda$executeRecursively$8(NodeTestTask.java:141)
	at org.junit.platform.engine.support.hierarchical.Node.around(Node.java:137)
	at org.junit.platform.engine.support.hierarchical.NodeTestTask.lambda$executeRecursively$9(NodeTestTask.java:139)
	at org.junit.platform.engine.support.hierarchical.ThrowableCollector.execute(ThrowableCollector.java:73)
	at org.junit.platform.engine.support.hierarchical.NodeTestTask.executeRecursively(NodeTestTask.java:138)
	at org.junit.platform.engine.support.hierarchical.NodeTestTask.execute(NodeTestTask.java:95)
	at java.base/java.util.ArrayList.forEach(ArrayList.java:1596)
	at org.junit.platform.engine.support.hierarchical.SameThreadHierarchicalTestExecutorService.invokeAll(SameThreadHierarchicalTestExecutorService.java:41)
	at org.junit.platform.engine.support.hierarchical.NodeTestTask.lambda$executeRecursively$6(NodeTestTask.java:155)
	at org.junit.platform.engine.support.hierarchical.ThrowableCollector.execute(ThrowableCollector.java:73)
	at org.junit.platform.engine.support.hierarchical.NodeTestTask.lambda$executeRecursively$8(NodeTestTask.java:141)
	at org.junit.platform.engine.support.hierarchical.Node.around(Node.java:137)
	at org.junit.platform.engine.support.hierarchical.NodeTestTask.lambda$executeRecursively$9(NodeTestTask.java:139)
	at org.junit.platform.engine.support.hierarchical.ThrowableCollector.execute(ThrowableCollector.java:73)
	at org.junit.platform.engine.support.hierarchical.NodeTestTask.executeRecursively(NodeTestTask.java:138)
	at org.junit.platform.engine.support.hierarchical.NodeTestTask.execute(NodeTestTask.java:95)
	at java.base/java.util.ArrayList.forEach(ArrayList.java:1596)
	at org.junit.platform.engine.support.hierarchical.SameThreadHierarchicalTestExecutorService.invokeAll(SameThreadHierarchicalTestExecutorService.java:41)
	at org.junit.platform.engine.support.hierarchical.NodeTestTask.lambda$executeRecursively$6(NodeTestTask.java:155)
	at org.junit.platform.engine.support.hierarchical.ThrowableCollector.execute(ThrowableCollector.java:73)
	at org.junit.platform.engine.support.hierarchical.NodeTestTask.lambda$executeRecursively$8(NodeTestTask.java:141)
	at org.junit.platform.engine.support.hierarchical.Node.around(Node.java:137)
	at org.junit.platform.engine.support.hierarchical.NodeTestTask.lambda$executeRecursively$9(NodeTestTask.java:139)
	at org.junit.platform.engine.support.hierarchical.ThrowableCollector.execute(ThrowableCollector.java:73)
	at org.junit.platform.engine.support.hierarchical.NodeTestTask.executeRecursively(NodeTestTask.java:138)
	at org.junit.platform.engine.support.hierarchical.NodeTestTask.execute(NodeTestTask.java:95)
	at org.junit.platform.engine.support.hierarchical.SameThreadHierarchicalTestExecutorService.submit(SameThreadHierarchicalTestExecutorService.java:35)
	at org.junit.platform.engine.support.hierarchical.HierarchicalTestExecutor.execute(HierarchicalTestExecutor.java:57)
	at org.junit.platform.engine.support.hierarchical.HierarchicalTestEngine.execute(HierarchicalTestEngine.java:54)
	at org.junit.platform.launcher.core.EngineExecutionOrchestrator.execute(EngineExecutionOrchestrator.java:147)
	at org.junit.platform.launcher.core.EngineExecutionOrchestrator.execute(EngineExecutionOrchestrator.java:127)
	at org.junit.platform.launcher.core.EngineExecutionOrchestrator.execute(EngineExecutionOrchestrator.java:90)
	at org.junit.platform.launcher.core.EngineExecutionOrchestrator.lambda$execute$0(EngineExecutionOrchestrator.java:55)
	at org.junit.platform.launcher.core.EngineExecutionOrchestrator.withInterceptedStreams(EngineExecutionOrchestrator.java:102)
	at org.junit.platform.launcher.core.EngineExecutionOrchestrator.execute(EngineExecutionOrchestrator.java:54)
	at org.junit.platform.launcher.core.DefaultLauncher.execute(DefaultLauncher.java:114)
	at org.junit.platform.launcher.core.DefaultLauncher.execute(DefaultLauncher.java:86)
	at org.junit.platform.launcher.core.DefaultLauncherSession$DelegatingLauncher.execute(DefaultLauncherSession.java:86)
	at org.apache.maven.surefire.junitplatform.LazyLauncher.execute(LazyLauncher.java:56)
	at org.apache.maven.surefire.junitplatform.JUnitPlatformProvider.execute(JUnitPlatformProvider.java:184)
	at org.apache.maven.surefire.junitplatform.JUnitPlatformProvider.invokeAllTests(JUnitPlatformProvider.java:148)
	at org.apache.maven.surefire.junitplatform.JUnitPlatformProvider.invoke(JUnitPlatformProvider.java:122)
	at org.apache.maven.surefire.booter.ForkedBooter.runSuitesInProcess(ForkedBooter.java:385)
	at org.apache.maven.surefire.booter.ForkedBooter.execute(ForkedBooter.java:162)
	at org.apache.maven.surefire.booter.ForkedBooter.run(ForkedBooter.java:507)
	at org.apache.maven.surefire.booter.ForkedBooter.main(ForkedBooter.java:495)
Caused by: io.grpc.StatusRuntimeException: NOT_FOUND: Completed workflow
	at io.grpc.stub.ClientCalls.toStatusRuntimeException(ClientCalls.java:271)
	at io.grpc.stub.ClientCalls.getUnchecked(ClientCalls.java:252)
	at io.grpc.stub.ClientCalls.blockingUnaryCall(ClientCalls.java:165)
	at io.temporal.api.workflowservice.v1.WorkflowServiceGrpc$WorkflowServiceBlockingStub.signalWorkflowExecution(WorkflowServiceGrpc.java:4091)
	at io.temporal.internal.client.external.GenericWorkflowClientImpl.lambda$signal$2(GenericWorkflowClientImpl.java:90)
	at io.temporal.internal.retryer.GrpcRetryer.lambda$retry$0(GrpcRetryer.java:52)
	at io.temporal.internal.retryer.GrpcSyncRetryer.retry(GrpcSyncRetryer.java:69)
	at io.temporal.internal.retryer.GrpcRetryer.retryWithResult(GrpcRetryer.java:60)
	at io.temporal.internal.retryer.GrpcRetryer.retry(GrpcRetryer.java:50)
	at io.temporal.internal.client.external.GenericWorkflowClientImpl.signal(GenericWorkflowClientImpl.java:85)
	at io.temporal.internal.client.RootWorkflowClientInvoker.signal(RootWorkflowClientInvoker.java:149)
	at io.temporal.client.WorkflowStubImpl.signal(WorkflowStubImpl.java:89)
	... 75 more
]]></error>
    <system-out><![CDATA[setUp completed. worker, mocks, client initialized for taskQueue: Test-0bb92ba6-7149-47e7-8e44-dfe147251609
Starting testSuccessfulWorkflowExecution with taskQueue: Test-0bb92ba6-7149-47e7-8e44-dfe147251609
]]></system-out>
    <system-err><![CDATA[[main] INFO io.temporal.serviceclient.WorkflowServiceStubsImpl - Created WorkflowServiceStubs for channel: ManagedChannelOrphanWrapper{delegate=ManagedChannelImpl{logId=22, target=directaddress:///fbd0a0b0-ae16-4dea-98cf-e3df2d1acac4}}
[main] INFO io.temporal.serviceclient.TestServiceStubsImpl - Created TestServiceStubs for channel: ManagedChannelOrphanWrapper{delegate=ManagedChannelImpl{logId=22, target=directaddress:///fbd0a0b0-ae16-4dea-98cf-e3df2d1acac4}}
[main] INFO io.temporal.serviceclient.OperatorServiceStubsImpl - Created OperatorServiceStubs for channel: ManagedChannelOrphanWrapper{delegate=ManagedChannelImpl{logId=22, target=directaddress:///fbd0a0b0-ae16-4dea-98cf-e3df2d1acac4}}
[main] INFO io.temporal.internal.worker.Poller - start: Poller{name=Workflow Poller taskQueue="WorkflowTest-testSuccessfulWorkflowExecution()-[engine:junit-jupiter]/[class:com.example.mattermost.MeetingSchedulerWorkflowTest]/[method:testSuccessfulWorkflowExecution()]", namespace="UnitTest", identity=6146@devbox}
[main] INFO io.temporal.internal.worker.Poller - start: Poller{name=Workflow Poller taskQueue="Test-0bb92ba6-7149-47e7-8e44-dfe147251609", namespace="UnitTest", identity=6146@devbox}
[main] INFO io.temporal.internal.worker.Poller - start: Poller{name=Activity Poller taskQueue="Test-0bb92ba6-7149-47e7-8e44-dfe147251609", namespace="UnitTest", identity=6146@devbox}
[main] INFO com.example.mattermost.MeetingSchedulerWorkflowTest - Test: Verifying askUserActivity.ask for get_details...
[workflow-method-testSuccessfulWorkflow-070d15ca-0be8-4e27-80d0-b3a...-9548434f-22cc-4c45-8b29-ef2ee6ffaf49] INFO com.example.mattermost.MeetingSchedulerWorkflowImpl - Workflow started for goal: Simple test goal. Initializing action statuses.
[workflow-method-testSuccessfulWorkflow-070d15ca-0be8-4e27-80d0-b3a...-9548434f-22cc-4c45-8b29-ef2ee6ffaf49] INFO com.example.mattermost.MeetingSchedulerWorkflowImpl - Initialized actionStatuses: {get_details=PENDING, send_invite=PENDING}
[workflow-method-testSuccessfulWorkflow-070d15ca-0be8-4e27-80d0-b3a...-9548434f-22cc-4c45-8b29-ef2ee6ffaf49] INFO com.example.mattermost.MeetingSchedulerWorkflowImpl - Evaluating processable actions.
[workflow-method-testSuccessfulWorkflow-070d15ca-0be8-4e27-80d0-b3a...-9548434f-22cc-4c45-8b29-ef2ee6ffaf49] INFO com.example.mattermost.MeetingSchedulerWorkflowImpl - getProcessableActions: Checking all nodes in currentGoal.
[workflow-method-testSuccessfulWorkflow-070d15ca-0be8-4e27-80d0-b3a...-9548434f-22cc-4c45-8b29-ef2ee6ffaf49] INFO com.example.mattermost.MeetingSchedulerWorkflowImpl - dependenciesMet: Checking dependencies for actionId: get_details
[workflow-method-testSuccessfulWorkflow-070d15ca-0be8-4e27-80d0-b3a...-9548434f-22cc-4c45-8b29-ef2ee6ffaf49] INFO com.example.mattermost.MeetingSchedulerWorkflowImpl - dependenciesMet: No explicit dependencies found for actionId: get_details. Returning true.
[workflow-method-testSuccessfulWorkflow-070d15ca-0be8-4e27-80d0-b3a...-9548434f-22cc-4c45-8b29-ef2ee6ffaf49] INFO com.example.mattermost.MeetingSchedulerWorkflowImpl - getProcessableActions: Node ID: get_details, Status: PENDING, IsPending: true, DependenciesMet: true
[workflow-method-testSuccessfulWorkflow-070d15ca-0be8-4e27-80d0-b3a...-9548434f-22cc-4c45-8b29-ef2ee6ffaf49] INFO com.example.mattermost.MeetingSchedulerWorkflowImpl - dependenciesMet: Checking dependencies for actionId: send_invite
[workflow-method-testSuccessfulWorkflow-070d15ca-0be8-4e27-80d0-b3a...-9548434f-22cc-4c45-8b29-ef2ee6ffaf49] INFO com.example.mattermost.MeetingSchedulerWorkflowImpl - dependenciesMet: ActionId: send_invite has source dependencies: [get_details]
[workflow-method-testSuccessfulWorkflow-070d15ca-0be8-4e27-80d0-b3a...-9548434f-22cc-4c45-8b29-ef2ee6ffaf49] INFO com.example.mattermost.MeetingSchedulerWorkflowImpl - dependenciesMet: ActionId: send_invite, Dependency: get_details, Status: PENDING, IsCompleted: false
[workflow-method-testSuccessfulWorkflow-070d15ca-0be8-4e27-80d0-b3a...-9548434f-22cc-4c45-8b29-ef2ee6ffaf49] INFO com.example.mattermost.MeetingSchedulerWorkflowImpl - dependenciesMet: ActionId: send_invite, AllDependenciesMet: false
[workflow-method-testSuccessfulWorkflow-070d15ca-0be8-4e27-80d0-b3a...-9548434f-22cc-4c45-8b29-ef2ee6ffaf49] INFO com.example.mattermost.MeetingSchedulerWorkflowImpl - getProcessableActions: Node ID: send_invite, Status: PENDING, IsPending: true, DependenciesMet: false
[workflow-method-testSuccessfulWorkflow-070d15ca-0be8-4e27-80d0-b3a...-9548434f-22cc-4c45-8b29-ef2ee6ffaf49] INFO com.example.mattermost.MeetingSchedulerWorkflowImpl - getProcessableActions: Returning 1 processable nodes.
[workflow-method-testSuccessfulWorkflow-070d15ca-0be8-4e27-80d0-b3a...-9548434f-22cc-4c45-8b29-ef2ee6ffaf49] INFO com.example.mattermost.MeetingSchedulerWorkflowImpl - Found 1 processable actions: [get_details]
[workflow-method-testSuccessfulWorkflow-070d15ca-0be8-4e27-80d0-b3a...-9548434f-22cc-4c45-8b29-ef2ee6ffaf49] INFO com.example.mattermost.MeetingSchedulerWorkflowImpl - Processing action: get_details
[workflow-method-testSuccessfulWorkflow-070d15ca-0be8-4e27-80d0-b3a...-9548434f-22cc-4c45-8b29-ef2ee6ffaf49] INFO com.example.mattermost.MeetingSchedulerWorkflowImpl - processSingleAction: Evaluating action get_details with status PENDING
[workflow-method-testSuccessfulWorkflow-070d15ca-0be8-4e27-80d0-b3a...-9548434f-22cc-4c45-8b29-ef2ee6ffaf49] INFO com.example.mattermost.MeetingSchedulerWorkflowImpl - processSingleAction: Processing PENDING action: get_details
[workflow-method-testSuccessfulWorkflow-070d15ca-0be8-4e27-80d0-b3a...-9548434f-22cc-4c45-8b29-ef2ee6ffaf49] INFO com.example.mattermost.MeetingSchedulerWorkflowImpl - processSingleAction: Action get_details not completed by LLM or not configured for LLM. Proceeding with user input. Prompt: 'Please provide your preferred topic and time.'
[workflow-method-testSuccessfulWorkflow-070d15ca-0be8-4e27-80d0-b3a...-9548434f-22cc-4c45-8b29-ef2ee6ffaf49] INFO com.example.mattermost.MeetingSchedulerWorkflowImpl - processSingleAction: About to call askUserActivity.ask for action get_details
[workflow-method-testSuccessfulWorkflow-070d15ca-0be8-4e27-80d0-b3a...-9548434f-22cc-4c45-8b29-ef2ee6ffaf49] INFO com.example.mattermost.MeetingSchedulerWorkflowImpl - processSingleAction: askUserActivity.ask called for action get_details. Setting status to WAITING_FOR_INPUT.
[workflow-method-testSuccessfulWorkflow-070d15ca-0be8-4e27-80d0-b3a...-9548434f-22cc-4c45-8b29-ef2ee6ffaf49] INFO com.example.mattermost.MeetingSchedulerWorkflowImpl - processSingleAction: Action get_details is now WAITING_FOR_INPUT.
[workflow-method-testSuccessfulWorkflow-070d15ca-0be8-4e27-80d0-b3a...-9548434f-22cc-4c45-8b29-ef2ee6ffaf49] INFO com.example.mattermost.MeetingSchedulerWorkflowImpl - Workflow logic after initial action processing for goal: Simple test goal. Final outputs (will be updated by signals): {get_details={}, send_invite={}}
[main] INFO com.example.mattermost.MeetingSchedulerWorkflowTest - Test: askUserActivity.ask for get_details verified. Sending signal.
[main] INFO io.temporal.serviceclient.TestServiceStubsImpl - shutdownNow
[main] INFO io.temporal.serviceclient.OperatorServiceStubsImpl - shutdownNow
[main] INFO io.temporal.worker.WorkerFactory - shutdownNow: WorkerFactory{identity=6146@devbox}
[main] INFO io.temporal.internal.worker.Poller - shutdown: Poller{name=Workflow Poller taskQueue="WorkflowTest-testSuccessfulWorkflowExecution()-[engine:junit-jupiter]/[class:com.example.mattermost.MeetingSchedulerWorkflowTest]/[method:testSuccessfulWorkflowExecution()]", namespace="UnitTest", identity=6146@devbox}
[Workflow Poller taskQueue="WorkflowTest-testSuccessfulWorkflowExecution()-[engine:junit-jupiter]/[class:com.example.mattermost.MeetingSchedulerWorkflowTest]/[method:testSuccessfulWorkflowExecution()]", namespace="UnitTest": 2] INFO io.temporal.internal.worker.Poller - poll loop is terminated: WorkflowPollTask
[Workflow Poller taskQueue="WorkflowTest-testSuccessfulWorkflowExecution()-[engine:junit-jupiter]/[class:com.example.mattermost.MeetingSchedulerWorkflowTest]/[method:testSuccessfulWorkflowExecution()]", namespace="UnitTest": 3] INFO io.temporal.internal.worker.Poller - poll loop is terminated: WorkflowPollTask
[Workflow Poller taskQueue="WorkflowTest-testSuccessfulWorkflowExecution()-[engine:junit-jupiter]/[class:com.example.mattermost.MeetingSchedulerWorkflowTest]/[method:testSuccessfulWorkflowExecution()]", namespace="UnitTest": 5] INFO io.temporal.internal.worker.Poller - poll loop is terminated: WorkflowPollTask
[main] INFO io.temporal.internal.worker.Poller - shutdown: Poller{name=Workflow Poller taskQueue="Test-0bb92ba6-7149-47e7-8e44-dfe147251609", namespace="UnitTest", identity=6146@devbox}
[Workflow Poller taskQueue="Test-0bb92ba6-7149-47e7-8e44-dfe147251609", namespace="UnitTest": 2] INFO io.temporal.internal.worker.Poller - poll loop is terminated: WorkflowPollTask
[Workflow Poller taskQueue="Test-0bb92ba6-7149-47e7-8e44-dfe147251609", namespace="UnitTest": 5] INFO io.temporal.internal.worker.Poller - poll loop is terminated: WorkflowPollTask
[Workflow Poller taskQueue="Test-0bb92ba6-7149-47e7-8e44-dfe147251609", namespace="UnitTest": 1] INFO io.temporal.internal.worker.Poller - poll loop is terminated: WorkflowPollTask
[Workflow Poller taskQueue="WorkflowTest-testSuccessfulWorkflowExecution()-[engine:junit-jupiter]/[class:com.example.mattermost.MeetingSchedulerWorkflowTest]/[method:testSuccessfulWorkflowExecution()]", namespace="UnitTest": 4] INFO io.temporal.internal.worker.Poller - poll loop is terminated: WorkflowPollTask
[Workflow Poller taskQueue="Test-0bb92ba6-7149-47e7-8e44-dfe147251609", namespace="UnitTest": 3] INFO io.temporal.internal.worker.Poller - poll loop is terminated: WorkflowPollTask
[Workflow Poller taskQueue="Test-0bb92ba6-7149-47e7-8e44-dfe147251609", namespace="UnitTest": 4] INFO io.temporal.internal.worker.Poller - poll loop is terminated: WorkflowPollTask
[main] INFO io.temporal.internal.worker.Poller - shutdown: Poller{name=Activity Poller taskQueue="Test-0bb92ba6-7149-47e7-8e44-dfe147251609", namespace="UnitTest", identity=6146@devbox}
[main] INFO io.temporal.worker.WorkerFactory - awaitTermination begin: WorkerFactory{identity=6146@devbox}
[Workflow Poller taskQueue="WorkflowTest-testSuccessfulWorkflowExecution()-[engine:junit-jupiter]/[class:com.example.mattermost.MeetingSchedulerWorkflowTest]/[method:testSuccessfulWorkflowExecution()]", namespace="UnitTest": 1] INFO io.temporal.internal.worker.Poller - poll loop is terminated: WorkflowPollTask
[Activity Poller taskQueue="Test-0bb92ba6-7149-47e7-8e44-dfe147251609", namespace="UnitTest": 4] INFO io.temporal.internal.worker.Poller - poll loop is terminated: ActivityPollTask
[Activity Poller taskQueue="Test-0bb92ba6-7149-47e7-8e44-dfe147251609", namespace="UnitTest": 5] INFO io.temporal.internal.worker.Poller - poll loop is terminated: ActivityPollTask
[Activity Poller taskQueue="Test-0bb92ba6-7149-47e7-8e44-dfe147251609", namespace="UnitTest": 3] INFO io.temporal.internal.worker.Poller - poll loop is terminated: ActivityPollTask
[Activity Poller taskQueue="Test-0bb92ba6-7149-47e7-8e44-dfe147251609", namespace="UnitTest": 2] INFO io.temporal.internal.worker.Poller - poll loop is terminated: ActivityPollTask
[Activity Poller taskQueue="Test-0bb92ba6-7149-47e7-8e44-dfe147251609", namespace="UnitTest": 1] INFO io.temporal.internal.worker.Poller - poll loop is terminated: ActivityPollTask
[main] INFO io.temporal.worker.WorkerFactory - awaitTermination done: WorkerFactory{identity=6146@devbox}
[main] INFO io.temporal.serviceclient.WorkflowServiceStubsImpl - shutdownNow
[main] INFO io.temporal.testserver.TestServer - Shutting down in-process gRPC server
[main] INFO io.temporal.testserver.TestServer - Shutting down gRPC Services
[main] INFO io.temporal.serviceclient.TestServiceStubsImpl - shutdownNow
[main] INFO io.temporal.serviceclient.OperatorServiceStubsImpl - shutdownNow
[main] INFO io.temporal.worker.WorkerFactory - shutdownNow: WorkerFactory{identity=6146@devbox}
[main] INFO io.temporal.internal.worker.Poller - shutdown: Poller{name=Workflow Poller taskQueue="WorkflowTest-testSuccessfulWorkflowExecution()-[engine:junit-jupiter]/[class:com.example.mattermost.MeetingSchedulerWorkflowTest]/[method:testSuccessfulWorkflowExecution()]", namespace="UnitTest", identity=6146@devbox}
[main] INFO io.temporal.internal.worker.Poller - shutdown: Poller{name=Workflow Poller taskQueue="Test-0bb92ba6-7149-47e7-8e44-dfe147251609", namespace="UnitTest", identity=6146@devbox}
[main] INFO io.temporal.worker.WorkerFactory - awaitTermination begin: WorkerFactory{identity=6146@devbox}
[main] INFO io.temporal.worker.WorkerFactory - awaitTermination done: WorkerFactory{identity=6146@devbox}
[main] INFO io.temporal.serviceclient.WorkflowServiceStubsImpl - shutdownNow
[main] INFO io.temporal.testserver.TestServer - Shutting down in-process gRPC server
[TemporalShutdownManager: 1] INFO io.temporal.internal.worker.Poller - shutdown: Poller{name=Activity Poller taskQueue="Test-0bb92ba6-7149-47e7-8e44-dfe147251609", namespace="UnitTest", identity=6146@devbox}
[main] INFO io.temporal.testserver.TestServer - Shutting down gRPC Services
Workflow execution histories:
Stored Workflows:
ExecutionId{namespace='UnitTest', execution=workflow_id: "testSuccessfulWorkflow-070d15ca-0be8-4e27-80d0-b3a67f181181"
run_id: "9548434f-22cc-4c45-8b29-ef2ee6ffaf49"
}

event_id: 1
event_time { seconds: 1749894262 nanos: 66000000 }
event_type: EVENT_TYPE_WORKFLOW_EXECUTION_STARTED
workflow_execution_started_event_attributes {
  workflow_type { name: "MeetingSchedulerWorkflow" }
  task_queue { name: "Test-0bb92ba6-7149-47e7-8e44-dfe147251609" }
  input {
    payloads {
      metadata {
        key: "encoding"
        value: "json/plain"
      }
      data: "{\"goal\":\"Simple test goal\",\"nodes\":[{\"actionId\":\"get_details\",\"actionName\":\"Get Some Details\",\"actionDescription\":null,\"actionParams\":{\"prompt_message\":\"Please provide your preferred topic and time.\"},\"actionStatus\":\"PENDING\"},{\"actionId\":\"send_invite\",\"actionName\":\"Send An Invite\",\"actionDescription\":null,\"actionParams\":{\"prompt_message\":\"Confirm sending invite for {get_details.topic} at {get_details.time}.\"},\"actionStatus\":\"PENDING\"}],\"relationships\":[{\"sourceActionId\":\"get_details\",\"targetActionId\":\"send_invite\",\"type\":\"DEPENDS_ON\"}],\"actionOutputs\":{}}"
    }
  }
  workflow_execution_timeout { seconds: 315360000 }
  workflow_run_timeout { seconds: 315360000 }
  workflow_task_timeout { seconds: 10 }
  original_execution_run_id: "9548434f-22cc-4c45-8b29-ef2ee6ffaf49"
  identity: "6146@devbox"
  first_execution_run_id: "9548434f-22cc-4c45-8b29-ef2ee6ffaf49"
  attempt: 1
  header { }
}

event_id: 2
event_time { seconds: 1749894262 nanos: 66000000 }
event_type: EVENT_TYPE_WORKFLOW_TASK_SCHEDULED
workflow_task_scheduled_event_attributes {
  task_queue { name: "Test-0bb92ba6-7149-47e7-8e44-dfe147251609" }
  start_to_close_timeout { seconds: 10 }
  attempt: 1
}

event_id: 3
event_time { seconds: 1749894262 nanos: 66000000 }
event_type: EVENT_TYPE_WORKFLOW_TASK_STARTED
workflow_task_started_event_attributes {
  scheduled_event_id: 2
  identity: "6146@devbox"
}

event_id: 4
event_time { seconds: 1749894262 nanos: 71000000 }
event_type: EVENT_TYPE_WORKFLOW_TASK_COMPLETED
workflow_task_completed_event_attributes {
  scheduled_event_id: 2
  identity: "6146@devbox"
  sdk_metadata { lang_used_flags: 1 }
  metering_metadata { }
}

event_id: 5
event_time { seconds: 1749894262 nanos: 71000000 }
event_type: EVENT_TYPE_ACTIVITY_TASK_SCHEDULED
activity_task_scheduled_event_attributes {
  activity_id: "ac6127df-6c89-3b6d-b629-1315aad431d4"
  activity_type { name: "Ask" }
  task_queue { name: "Test-0bb92ba6-7149-47e7-8e44-dfe147251609" }
  header { }
  input {
    payloads {
      metadata {
        key: "encoding"
        value: "json/plain"
      }
      data: "\"get_details\""
    }
    payloads {
      metadata {
        key: "encoding"
        value: "json/plain"
      }
      data: "\"Please provide your preferred topic and time.\""
    }
  }
  schedule_to_close_timeout { seconds: 315360000 }
  schedule_to_start_timeout { seconds: 315360000 }
  start_to_close_timeout { seconds: 300 }
  heartbeat_timeout { }
  workflow_task_completed_event_id: 3
  retry_policy { initial_interval { seconds: 1 } backoff_coefficient: 2.0 maximum_interval { seconds: 10 } maximum_attempts: 3 }
}

event_id: 6
event_time { seconds: 1749894262 nanos: 72000000 }
event_type: EVENT_TYPE_ACTIVITY_TASK_STARTED
activity_task_started_event_attributes {
  scheduled_event_id: 5
  identity: "6146@devbox"
  attempt: 1
}

event_id: 7
event_time { seconds: 1749894262 nanos: 74000000 }
event_type: EVENT_TYPE_ACTIVITY_TASK_COMPLETED
activity_task_completed_event_attributes {
  result {
  }
  scheduled_event_id: 5
  started_event_id: 6
  identity: "6146@devbox"
}

event_id: 8
event_time { seconds: 1749894262 nanos: 74000000 }
event_type: EVENT_TYPE_WORKFLOW_TASK_SCHEDULED
workflow_task_scheduled_event_attributes {
  task_queue { name: "Test-0bb92ba6-7149-47e7-8e44-dfe147251609" }
  start_to_close_timeout { seconds: 10 }
  attempt: 1
}

event_id: 9
event_time { seconds: 1749894262 nanos: 74000000 }
event_type: EVENT_TYPE_WORKFLOW_TASK_STARTED
workflow_task_started_event_attributes {
  scheduled_event_id: 8
  identity: "6146@devbox"
}

event_id: 10
event_time { seconds: 1749894262 nanos: 76000000 }
event_type: EVENT_TYPE_WORKFLOW_TASK_COMPLETED
workflow_task_completed_event_attributes {
  scheduled_event_id: 8
  identity: "6146@devbox"
  sdk_metadata { }
  metering_metadata { }
}

event_id: 11
event_time { seconds: 1749894262 nanos: 76000000 }
event_type: EVENT_TYPE_WORKFLOW_EXECUTION_COMPLETED
workflow_execution_completed_event_attributes {
  result {
  }
  workflow_task_completed_event_id: 9
}



]]></system-err>
  </testcase>
  <testcase name="testInputValidationFailureAndRetry" classname="com.example.mattermost.MeetingSchedulerWorkflowTest" time="0.292">
    <error message="workflowId=&apos;testValidationFailure-f94bfe44-884c-49f0-bde9-4b55ede719b2&apos;, runId=&apos;&apos;, workflowType=&apos;MeetingSchedulerWorkflow&apos;}" type="io.temporal.client.WorkflowNotFoundException"><![CDATA[io.temporal.client.WorkflowNotFoundException: workflowId='testValidationFailure-f94bfe44-884c-49f0-bde9-4b55ede719b2', runId='', workflowType='MeetingSchedulerWorkflow'}
	at io.temporal.client.WorkflowStubImpl.throwAsWorkflowFailureException(WorkflowStubImpl.java:516)
	at io.temporal.client.WorkflowStubImpl.signal(WorkflowStubImpl.java:93)
	at io.temporal.testing.TimeLockingInterceptor$TimeLockingWorkflowStub.signal(TimeLockingInterceptor.java:72)
	at io.temporal.client.WorkflowInvocationHandler$SyncWorkflowInvocationHandler.signalWorkflow(WorkflowInvocationHandler.java:296)
	at io.temporal.client.WorkflowInvocationHandler$SyncWorkflowInvocationHandler.invoke(WorkflowInvocationHandler.java:271)
	at io.temporal.client.WorkflowInvocationHandler.invoke(WorkflowInvocationHandler.java:175)
	at jdk.proxy2/jdk.proxy2.$Proxy137.onUserResponse(Unknown Source)
	at com.example.mattermost.MeetingSchedulerWorkflowTest.testInputValidationFailureAndRetry(MeetingSchedulerWorkflowTest.java:231)
	at java.base/jdk.internal.reflect.DirectMethodHandleAccessor.invoke(DirectMethodHandleAccessor.java:103)
	at java.base/java.lang.reflect.Method.invoke(Method.java:580)
	at org.junit.platform.commons.util.ReflectionUtils.invokeMethod(ReflectionUtils.java:725)
	at org.junit.jupiter.engine.execution.MethodInvocation.proceed(MethodInvocation.java:60)
	at org.junit.jupiter.engine.execution.InvocationInterceptorChain$ValidatingInvocation.proceed(InvocationInterceptorChain.java:131)
	at org.junit.jupiter.engine.extension.TimeoutExtension.intercept(TimeoutExtension.java:149)
	at org.junit.jupiter.engine.extension.TimeoutExtension.interceptTestableMethod(TimeoutExtension.java:140)
	at org.junit.jupiter.engine.extension.TimeoutExtension.interceptTestMethod(TimeoutExtension.java:84)
	at org.junit.jupiter.engine.execution.ExecutableInvoker$ReflectiveInterceptorCall.lambda$ofVoidMethod$0(ExecutableInvoker.java:115)
	at org.junit.jupiter.engine.execution.ExecutableInvoker.lambda$invoke$0(ExecutableInvoker.java:105)
	at org.junit.jupiter.engine.execution.InvocationInterceptorChain$InterceptedInvocation.proceed(InvocationInterceptorChain.java:106)
	at org.junit.jupiter.engine.execution.InvocationInterceptorChain.proceed(InvocationInterceptorChain.java:64)
	at org.junit.jupiter.engine.execution.InvocationInterceptorChain.chainAndInvoke(InvocationInterceptorChain.java:45)
	at org.junit.jupiter.engine.execution.InvocationInterceptorChain.invoke(InvocationInterceptorChain.java:37)
	at org.junit.jupiter.engine.execution.ExecutableInvoker.invoke(ExecutableInvoker.java:104)
	at org.junit.jupiter.engine.execution.ExecutableInvoker.invoke(ExecutableInvoker.java:98)
	at org.junit.jupiter.engine.descriptor.TestMethodTestDescriptor.lambda$invokeTestMethod$7(TestMethodTestDescriptor.java:214)
	at org.junit.platform.engine.support.hierarchical.ThrowableCollector.execute(ThrowableCollector.java:73)
	at org.junit.jupiter.engine.descriptor.TestMethodTestDescriptor.invokeTestMethod(TestMethodTestDescriptor.java:210)
	at org.junit.jupiter.engine.descriptor.TestMethodTestDescriptor.execute(TestMethodTestDescriptor.java:135)
	at org.junit.jupiter.engine.descriptor.TestMethodTestDescriptor.execute(TestMethodTestDescriptor.java:66)
	at org.junit.platform.engine.support.hierarchical.NodeTestTask.lambda$executeRecursively$6(NodeTestTask.java:151)
	at org.junit.platform.engine.support.hierarchical.ThrowableCollector.execute(ThrowableCollector.java:73)
	at org.junit.platform.engine.support.hierarchical.NodeTestTask.lambda$executeRecursively$8(NodeTestTask.java:141)
	at org.junit.platform.engine.support.hierarchical.Node.around(Node.java:137)
	at org.junit.platform.engine.support.hierarchical.NodeTestTask.lambda$executeRecursively$9(NodeTestTask.java:139)
	at org.junit.platform.engine.support.hierarchical.ThrowableCollector.execute(ThrowableCollector.java:73)
	at org.junit.platform.engine.support.hierarchical.NodeTestTask.executeRecursively(NodeTestTask.java:138)
	at org.junit.platform.engine.support.hierarchical.NodeTestTask.execute(NodeTestTask.java:95)
	at java.base/java.util.ArrayList.forEach(ArrayList.java:1596)
	at org.junit.platform.engine.support.hierarchical.SameThreadHierarchicalTestExecutorService.invokeAll(SameThreadHierarchicalTestExecutorService.java:41)
	at org.junit.platform.engine.support.hierarchical.NodeTestTask.lambda$executeRecursively$6(NodeTestTask.java:155)
	at org.junit.platform.engine.support.hierarchical.ThrowableCollector.execute(ThrowableCollector.java:73)
	at org.junit.platform.engine.support.hierarchical.NodeTestTask.lambda$executeRecursively$8(NodeTestTask.java:141)
	at org.junit.platform.engine.support.hierarchical.Node.around(Node.java:137)
	at org.junit.platform.engine.support.hierarchical.NodeTestTask.lambda$executeRecursively$9(NodeTestTask.java:139)
	at org.junit.platform.engine.support.hierarchical.ThrowableCollector.execute(ThrowableCollector.java:73)
	at org.junit.platform.engine.support.hierarchical.NodeTestTask.executeRecursively(NodeTestTask.java:138)
	at org.junit.platform.engine.support.hierarchical.NodeTestTask.execute(NodeTestTask.java:95)
	at java.base/java.util.ArrayList.forEach(ArrayList.java:1596)
	at org.junit.platform.engine.support.hierarchical.SameThreadHierarchicalTestExecutorService.invokeAll(SameThreadHierarchicalTestExecutorService.java:41)
	at org.junit.platform.engine.support.hierarchical.NodeTestTask.lambda$executeRecursively$6(NodeTestTask.java:155)
	at org.junit.platform.engine.support.hierarchical.ThrowableCollector.execute(ThrowableCollector.java:73)
	at org.junit.platform.engine.support.hierarchical.NodeTestTask.lambda$executeRecursively$8(NodeTestTask.java:141)
	at org.junit.platform.engine.support.hierarchical.Node.around(Node.java:137)
	at org.junit.platform.engine.support.hierarchical.NodeTestTask.lambda$executeRecursively$9(NodeTestTask.java:139)
	at org.junit.platform.engine.support.hierarchical.ThrowableCollector.execute(ThrowableCollector.java:73)
	at org.junit.platform.engine.support.hierarchical.NodeTestTask.executeRecursively(NodeTestTask.java:138)
	at org.junit.platform.engine.support.hierarchical.NodeTestTask.execute(NodeTestTask.java:95)
	at org.junit.platform.engine.support.hierarchical.SameThreadHierarchicalTestExecutorService.submit(SameThreadHierarchicalTestExecutorService.java:35)
	at org.junit.platform.engine.support.hierarchical.HierarchicalTestExecutor.execute(HierarchicalTestExecutor.java:57)
	at org.junit.platform.engine.support.hierarchical.HierarchicalTestEngine.execute(HierarchicalTestEngine.java:54)
	at org.junit.platform.launcher.core.EngineExecutionOrchestrator.execute(EngineExecutionOrchestrator.java:147)
	at org.junit.platform.launcher.core.EngineExecutionOrchestrator.execute(EngineExecutionOrchestrator.java:127)
	at org.junit.platform.launcher.core.EngineExecutionOrchestrator.execute(EngineExecutionOrchestrator.java:90)
	at org.junit.platform.launcher.core.EngineExecutionOrchestrator.lambda$execute$0(EngineExecutionOrchestrator.java:55)
	at org.junit.platform.launcher.core.EngineExecutionOrchestrator.withInterceptedStreams(EngineExecutionOrchestrator.java:102)
	at org.junit.platform.launcher.core.EngineExecutionOrchestrator.execute(EngineExecutionOrchestrator.java:54)
	at org.junit.platform.launcher.core.DefaultLauncher.execute(DefaultLauncher.java:114)
	at org.junit.platform.launcher.core.DefaultLauncher.execute(DefaultLauncher.java:86)
	at org.junit.platform.launcher.core.DefaultLauncherSession$DelegatingLauncher.execute(DefaultLauncherSession.java:86)
	at org.apache.maven.surefire.junitplatform.LazyLauncher.execute(LazyLauncher.java:56)
	at org.apache.maven.surefire.junitplatform.JUnitPlatformProvider.execute(JUnitPlatformProvider.java:184)
	at org.apache.maven.surefire.junitplatform.JUnitPlatformProvider.invokeAllTests(JUnitPlatformProvider.java:148)
	at org.apache.maven.surefire.junitplatform.JUnitPlatformProvider.invoke(JUnitPlatformProvider.java:122)
	at org.apache.maven.surefire.booter.ForkedBooter.runSuitesInProcess(ForkedBooter.java:385)
	at org.apache.maven.surefire.booter.ForkedBooter.execute(ForkedBooter.java:162)
	at org.apache.maven.surefire.booter.ForkedBooter.run(ForkedBooter.java:507)
	at org.apache.maven.surefire.booter.ForkedBooter.main(ForkedBooter.java:495)
Caused by: io.grpc.StatusRuntimeException: NOT_FOUND: Completed workflow
	at io.grpc.stub.ClientCalls.toStatusRuntimeException(ClientCalls.java:271)
	at io.grpc.stub.ClientCalls.getUnchecked(ClientCalls.java:252)
	at io.grpc.stub.ClientCalls.blockingUnaryCall(ClientCalls.java:165)
	at io.temporal.api.workflowservice.v1.WorkflowServiceGrpc$WorkflowServiceBlockingStub.signalWorkflowExecution(WorkflowServiceGrpc.java:4091)
	at io.temporal.internal.client.external.GenericWorkflowClientImpl.lambda$signal$2(GenericWorkflowClientImpl.java:90)
	at io.temporal.internal.retryer.GrpcRetryer.lambda$retry$0(GrpcRetryer.java:52)
	at io.temporal.internal.retryer.GrpcSyncRetryer.retry(GrpcSyncRetryer.java:69)
	at io.temporal.internal.retryer.GrpcRetryer.retryWithResult(GrpcRetryer.java:60)
	at io.temporal.internal.retryer.GrpcRetryer.retry(GrpcRetryer.java:50)
	at io.temporal.internal.client.external.GenericWorkflowClientImpl.signal(GenericWorkflowClientImpl.java:85)
	at io.temporal.internal.client.RootWorkflowClientInvoker.signal(RootWorkflowClientInvoker.java:149)
	at io.temporal.client.WorkflowStubImpl.signal(WorkflowStubImpl.java:89)
	... 75 more
]]></error>
    <system-out><![CDATA[setUp completed. worker, mocks, client initialized for taskQueue: Test-ba29996f-ec4f-462c-acb4-c95c031a570e
Starting testInputValidationFailureAndRetry with taskQueue: Test-ba29996f-ec4f-462c-acb4-c95c031a570e
]]></system-out>
    <system-err><![CDATA[[main] INFO io.temporal.serviceclient.WorkflowServiceStubsImpl - Created WorkflowServiceStubs for channel: ManagedChannelOrphanWrapper{delegate=ManagedChannelImpl{logId=27, target=directaddress:///64e030b3-bea9-4f08-ba57-826bcbe902ba}}
[main] INFO io.temporal.serviceclient.TestServiceStubsImpl - Created TestServiceStubs for channel: ManagedChannelOrphanWrapper{delegate=ManagedChannelImpl{logId=27, target=directaddress:///64e030b3-bea9-4f08-ba57-826bcbe902ba}}
[main] INFO io.temporal.serviceclient.OperatorServiceStubsImpl - Created OperatorServiceStubs for channel: ManagedChannelOrphanWrapper{delegate=ManagedChannelImpl{logId=27, target=directaddress:///64e030b3-bea9-4f08-ba57-826bcbe902ba}}
[main] INFO io.temporal.internal.worker.Poller - start: Poller{name=Workflow Poller taskQueue="Test-ba29996f-ec4f-462c-acb4-c95c031a570e", namespace="UnitTest", identity=6146@devbox}
[main] INFO io.temporal.internal.worker.Poller - start: Poller{name=Activity Poller taskQueue="Test-ba29996f-ec4f-462c-acb4-c95c031a570e", namespace="UnitTest", identity=6146@devbox}
[main] INFO io.temporal.internal.worker.Poller - start: Poller{name=Workflow Poller taskQueue="WorkflowTest-testInputValidationFailureAndRetry()-[engine:junit-jupiter]/[class:com.example.mattermost.MeetingSchedulerWorkflowTest]/[method:testInputValidationFailureAndRetry()]", namespace="UnitTest", identity=6146@devbox}
[main] INFO com.example.mattermost.MeetingSchedulerWorkflowTest - Test: Verifying initial ask for single_action_001
[workflow-method-testValidationFailure-f94bfe44-884c-49f0-bde9-4b55...-7380affa-ead5-4ce1-b058-a4db83815559] INFO com.example.mattermost.MeetingSchedulerWorkflowImpl - Workflow started for goal: Single action test goal. Initializing action statuses.
[workflow-method-testValidationFailure-f94bfe44-884c-49f0-bde9-4b55...-7380affa-ead5-4ce1-b058-a4db83815559] INFO com.example.mattermost.MeetingSchedulerWorkflowImpl - Initialized actionStatuses: {single_action_001=PENDING}
[workflow-method-testValidationFailure-f94bfe44-884c-49f0-bde9-4b55...-7380affa-ead5-4ce1-b058-a4db83815559] INFO com.example.mattermost.MeetingSchedulerWorkflowImpl - Evaluating processable actions.
[workflow-method-testValidationFailure-f94bfe44-884c-49f0-bde9-4b55...-7380affa-ead5-4ce1-b058-a4db83815559] INFO com.example.mattermost.MeetingSchedulerWorkflowImpl - getProcessableActions: Checking all nodes in currentGoal.
[workflow-method-testValidationFailure-f94bfe44-884c-49f0-bde9-4b55...-7380affa-ead5-4ce1-b058-a4db83815559] INFO com.example.mattermost.MeetingSchedulerWorkflowImpl - dependenciesMet: Checking dependencies for actionId: single_action_001
[workflow-method-testValidationFailure-f94bfe44-884c-49f0-bde9-4b55...-7380affa-ead5-4ce1-b058-a4db83815559] INFO com.example.mattermost.MeetingSchedulerWorkflowImpl - dependenciesMet: No explicit dependencies found for actionId: single_action_001. Returning true.
[workflow-method-testValidationFailure-f94bfe44-884c-49f0-bde9-4b55...-7380affa-ead5-4ce1-b058-a4db83815559] INFO com.example.mattermost.MeetingSchedulerWorkflowImpl - getProcessableActions: Node ID: single_action_001, Status: PENDING, IsPending: true, DependenciesMet: true
[workflow-method-testValidationFailure-f94bfe44-884c-49f0-bde9-4b55...-7380affa-ead5-4ce1-b058-a4db83815559] INFO com.example.mattermost.MeetingSchedulerWorkflowImpl - getProcessableActions: Returning 1 processable nodes.
[workflow-method-testValidationFailure-f94bfe44-884c-49f0-bde9-4b55...-7380affa-ead5-4ce1-b058-a4db83815559] INFO com.example.mattermost.MeetingSchedulerWorkflowImpl - Found 1 processable actions: [single_action_001]
[workflow-method-testValidationFailure-f94bfe44-884c-49f0-bde9-4b55...-7380affa-ead5-4ce1-b058-a4db83815559] INFO com.example.mattermost.MeetingSchedulerWorkflowImpl - Processing action: single_action_001
[workflow-method-testValidationFailure-f94bfe44-884c-49f0-bde9-4b55...-7380affa-ead5-4ce1-b058-a4db83815559] INFO com.example.mattermost.MeetingSchedulerWorkflowImpl - processSingleAction: Evaluating action single_action_001 with status PENDING
[workflow-method-testValidationFailure-f94bfe44-884c-49f0-bde9-4b55...-7380affa-ead5-4ce1-b058-a4db83815559] INFO com.example.mattermost.MeetingSchedulerWorkflowImpl - processSingleAction: Processing PENDING action: single_action_001
[workflow-method-testValidationFailure-f94bfe44-884c-49f0-bde9-4b55...-7380affa-ead5-4ce1-b058-a4db83815559] INFO com.example.mattermost.MeetingSchedulerWorkflowImpl - processSingleAction: Action single_action_001 not completed by LLM or not configured for LLM. Proceeding with user input. Prompt: 'Provide input for single action.'
[workflow-method-testValidationFailure-f94bfe44-884c-49f0-bde9-4b55...-7380affa-ead5-4ce1-b058-a4db83815559] INFO com.example.mattermost.MeetingSchedulerWorkflowImpl - processSingleAction: About to call askUserActivity.ask for action single_action_001
[signal onUserResponse] INFO com.example.mattermost.MeetingSchedulerWorkflowImpl - Signal: Received onUserResponse for actionId: single_action_001 with input: {input=bad_initial_input}. Current status: PROCESSING, waitingForUserInputMap containsKey: false
[signal onUserResponse] WARN com.example.mattermost.MeetingSchedulerWorkflowImpl - Received unexpected user response for actionId: single_action_001 or action not in WAITING_FOR_INPUT state. Current status: PROCESSING
[workflow-method-testValidationFailure-f94bfe44-884c-49f0-bde9-4b55...-7380affa-ead5-4ce1-b058-a4db83815559] INFO com.example.mattermost.MeetingSchedulerWorkflowImpl - processSingleAction: askUserActivity.ask called for action single_action_001. Setting status to WAITING_FOR_INPUT.
[workflow-method-testValidationFailure-f94bfe44-884c-49f0-bde9-4b55...-7380affa-ead5-4ce1-b058-a4db83815559] INFO com.example.mattermost.MeetingSchedulerWorkflowImpl - processSingleAction: Action single_action_001 is now WAITING_FOR_INPUT.
[workflow-method-testValidationFailure-f94bfe44-884c-49f0-bde9-4b55...-7380affa-ead5-4ce1-b058-a4db83815559] INFO com.example.mattermost.MeetingSchedulerWorkflowImpl - Workflow logic after initial action processing for goal: Single action test goal. Final outputs (will be updated by signals): {single_action_001={}}
[main] INFO com.example.mattermost.MeetingSchedulerWorkflowTest - Test: Initial ask for single_action_001 verified. Sending bad input.
[main] INFO io.temporal.serviceclient.TestServiceStubsImpl - shutdownNow
[main] INFO io.temporal.serviceclient.OperatorServiceStubsImpl - shutdownNow
[main] INFO io.temporal.worker.WorkerFactory - shutdownNow: WorkerFactory{identity=6146@devbox}
[main] INFO io.temporal.internal.worker.Poller - shutdown: Poller{name=Workflow Poller taskQueue="Test-ba29996f-ec4f-462c-acb4-c95c031a570e", namespace="UnitTest", identity=6146@devbox}
[Workflow Poller taskQueue="Test-ba29996f-ec4f-462c-acb4-c95c031a570e", namespace="UnitTest": 1] INFO io.temporal.internal.worker.Poller - poll loop is terminated: WorkflowPollTask
[Workflow Poller taskQueue="Test-ba29996f-ec4f-462c-acb4-c95c031a570e", namespace="UnitTest": 5] INFO io.temporal.internal.worker.Poller - poll loop is terminated: WorkflowPollTask
[Workflow Poller taskQueue="Test-ba29996f-ec4f-462c-acb4-c95c031a570e", namespace="UnitTest": 4] INFO io.temporal.internal.worker.Poller - poll loop is terminated: WorkflowPollTask
[Workflow Poller taskQueue="Test-ba29996f-ec4f-462c-acb4-c95c031a570e", namespace="UnitTest": 3] INFO io.temporal.internal.worker.Poller - poll loop is terminated: WorkflowPollTask
[Workflow Poller taskQueue="Test-ba29996f-ec4f-462c-acb4-c95c031a570e", namespace="UnitTest": 2] INFO io.temporal.internal.worker.Poller - poll loop is terminated: WorkflowPollTask
[main] INFO io.temporal.internal.worker.Poller - shutdown: Poller{name=Workflow Poller taskQueue="WorkflowTest-testInputValidationFailureAndRetry()-[engine:junit-jupiter]/[class:com.example.mattermost.MeetingSchedulerWorkflowTest]/[method:testInputValidationFailureAndRetry()]", namespace="UnitTest", identity=6146@devbox}
[TemporalShutdownManager: 1] INFO io.temporal.internal.worker.Poller - shutdown: Poller{name=Activity Poller taskQueue="Test-ba29996f-ec4f-462c-acb4-c95c031a570e", namespace="UnitTest", identity=6146@devbox}
[main] INFO io.temporal.worker.WorkerFactory - awaitTermination begin: WorkerFactory{identity=6146@devbox}
[Workflow Poller taskQueue="WorkflowTest-testInputValidationFailureAndRetry()-[engine:junit-jupiter]/[class:com.example.mattermost.MeetingSchedulerWorkflowTest]/[method:testInputValidationFailureAndRetry()]", namespace="UnitTest": 2] INFO io.temporal.internal.worker.Poller - poll loop is terminated: WorkflowPollTask
[Workflow Poller taskQueue="WorkflowTest-testInputValidationFailureAndRetry()-[engine:junit-jupiter]/[class:com.example.mattermost.MeetingSchedulerWorkflowTest]/[method:testInputValidationFailureAndRetry()]", namespace="UnitTest": 5] INFO io.temporal.internal.worker.Poller - poll loop is terminated: WorkflowPollTask
[Activity Poller taskQueue="Test-ba29996f-ec4f-462c-acb4-c95c031a570e", namespace="UnitTest": 5] INFO io.temporal.internal.worker.Poller - poll loop is terminated: ActivityPollTask
[Workflow Poller taskQueue="WorkflowTest-testInputValidationFailureAndRetry()-[engine:junit-jupiter]/[class:com.example.mattermost.MeetingSchedulerWorkflowTest]/[method:testInputValidationFailureAndRetry()]", namespace="UnitTest": 4] INFO io.temporal.internal.worker.Poller - poll loop is terminated: WorkflowPollTask
[Workflow Poller taskQueue="WorkflowTest-testInputValidationFailureAndRetry()-[engine:junit-jupiter]/[class:com.example.mattermost.MeetingSchedulerWorkflowTest]/[method:testInputValidationFailureAndRetry()]", namespace="UnitTest": 3] INFO io.temporal.internal.worker.Poller - poll loop is terminated: WorkflowPollTask
[Activity Poller taskQueue="Test-ba29996f-ec4f-462c-acb4-c95c031a570e", namespace="UnitTest": 3] INFO io.temporal.internal.worker.Poller - poll loop is terminated: ActivityPollTask
[Activity Poller taskQueue="Test-ba29996f-ec4f-462c-acb4-c95c031a570e", namespace="UnitTest": 1] INFO io.temporal.internal.worker.Poller - poll loop is terminated: ActivityPollTask
[Workflow Poller taskQueue="WorkflowTest-testInputValidationFailureAndRetry()-[engine:junit-jupiter]/[class:com.example.mattermost.MeetingSchedulerWorkflowTest]/[method:testInputValidationFailureAndRetry()]", namespace="UnitTest": 1] INFO io.temporal.internal.worker.Poller - poll loop is terminated: WorkflowPollTask
[Activity Poller taskQueue="Test-ba29996f-ec4f-462c-acb4-c95c031a570e", namespace="UnitTest": 4] INFO io.temporal.internal.worker.Poller - poll loop is terminated: ActivityPollTask
[Activity Poller taskQueue="Test-ba29996f-ec4f-462c-acb4-c95c031a570e", namespace="UnitTest": 2] INFO io.temporal.internal.worker.Poller - poll loop is terminated: ActivityPollTask
[main] INFO io.temporal.worker.WorkerFactory - awaitTermination done: WorkerFactory{identity=6146@devbox}
[main] INFO io.temporal.serviceclient.WorkflowServiceStubsImpl - shutdownNow
[main] INFO io.temporal.testserver.TestServer - Shutting down in-process gRPC server
[main] INFO io.temporal.testserver.TestServer - Shutting down gRPC Services
[main] INFO io.temporal.serviceclient.TestServiceStubsImpl - shutdownNow
[main] INFO io.temporal.serviceclient.OperatorServiceStubsImpl - shutdownNow
[main] INFO io.temporal.worker.WorkerFactory - shutdownNow: WorkerFactory{identity=6146@devbox}
[main] INFO io.temporal.internal.worker.Poller - shutdown: Poller{name=Workflow Poller taskQueue="Test-ba29996f-ec4f-462c-acb4-c95c031a570e", namespace="UnitTest", identity=6146@devbox}
[main] INFO io.temporal.internal.worker.Poller - shutdown: Poller{name=Workflow Poller taskQueue="WorkflowTest-testInputValidationFailureAndRetry()-[engine:junit-jupiter]/[class:com.example.mattermost.MeetingSchedulerWorkflowTest]/[method:testInputValidationFailureAndRetry()]", namespace="UnitTest", identity=6146@devbox}
[main] INFO io.temporal.worker.WorkerFactory - awaitTermination begin: WorkerFactory{identity=6146@devbox}
[TemporalShutdownManager: 1] INFO io.temporal.internal.worker.Poller - shutdown: Poller{name=Activity Poller taskQueue="Test-ba29996f-ec4f-462c-acb4-c95c031a570e", namespace="UnitTest", identity=6146@devbox}
[main] INFO io.temporal.worker.WorkerFactory - awaitTermination done: WorkerFactory{identity=6146@devbox}
[main] INFO io.temporal.serviceclient.WorkflowServiceStubsImpl - shutdownNow
[main] INFO io.temporal.testserver.TestServer - Shutting down in-process gRPC server
[main] INFO io.temporal.testserver.TestServer - Shutting down gRPC Services
Workflow execution histories:
Stored Workflows:
ExecutionId{namespace='UnitTest', execution=workflow_id: "testValidationFailure-f94bfe44-884c-49f0-bde9-4b55ede719b2"
run_id: "7380affa-ead5-4ce1-b058-a4db83815559"
}

event_id: 1
event_time { seconds: 1749894262 nanos: 608000000 }
event_type: EVENT_TYPE_WORKFLOW_EXECUTION_STARTED
workflow_execution_started_event_attributes {
  workflow_type { name: "MeetingSchedulerWorkflow" }
  task_queue { name: "Test-ba29996f-ec4f-462c-acb4-c95c031a570e" }
  input {
    payloads {
      metadata {
        key: "encoding"
        value: "json/plain"
      }
      data: "{\"goal\":\"Single action test goal\",\"nodes\":[{\"actionId\":\"single_action_001\",\"actionName\":\"Perform Single Action\",\"actionDescription\":null,\"actionParams\":{\"prompt_message\":\"Provide input for single action.\"},\"actionStatus\":\"PENDING\"}],\"relationships\":[],\"actionOutputs\":{}}"
    }
  }
  workflow_execution_timeout { seconds: 315360000 }
  workflow_run_timeout { seconds: 315360000 }
  workflow_task_timeout { seconds: 10 }
  original_execution_run_id: "7380affa-ead5-4ce1-b058-a4db83815559"
  identity: "6146@devbox"
  first_execution_run_id: "7380affa-ead5-4ce1-b058-a4db83815559"
  attempt: 1
  header { }
}

event_id: 2
event_time { seconds: 1749894262 nanos: 608000000 }
event_type: EVENT_TYPE_WORKFLOW_TASK_SCHEDULED
workflow_task_scheduled_event_attributes {
  task_queue { name: "Test-ba29996f-ec4f-462c-acb4-c95c031a570e" }
  start_to_close_timeout { seconds: 10 }
  attempt: 1
}

event_id: 3
event_time { seconds: 1749894262 nanos: 608000000 }
event_type: EVENT_TYPE_WORKFLOW_TASK_STARTED
workflow_task_started_event_attributes {
  scheduled_event_id: 2
  identity: "6146@devbox"
}

event_id: 4
event_time { seconds: 1749894262 nanos: 613000000 }
event_type: EVENT_TYPE_WORKFLOW_TASK_COMPLETED
workflow_task_completed_event_attributes {
  scheduled_event_id: 2
  identity: "6146@devbox"
  sdk_metadata { lang_used_flags: 1 }
  metering_metadata { }
}

event_id: 5
event_time { seconds: 1749894262 nanos: 613000000 }
event_type: EVENT_TYPE_ACTIVITY_TASK_SCHEDULED
activity_task_scheduled_event_attributes {
  activity_id: "c2dfea9b-e741-397b-818b-dd50a438aad2"
  activity_type { name: "Ask" }
  task_queue { name: "Test-ba29996f-ec4f-462c-acb4-c95c031a570e" }
  header { }
  input {
    payloads {
      metadata {
        key: "encoding"
        value: "json/plain"
      }
      data: "\"single_action_001\""
    }
    payloads {
      metadata {
        key: "encoding"
        value: "json/plain"
      }
      data: "\"Provide input for single action.\""
    }
  }
  schedule_to_close_timeout { seconds: 315360000 }
  schedule_to_start_timeout { seconds: 315360000 }
  start_to_close_timeout { seconds: 300 }
  heartbeat_timeout { }
  workflow_task_completed_event_id: 3
  retry_policy { initial_interval { seconds: 1 } backoff_coefficient: 2.0 maximum_interval { seconds: 10 } maximum_attempts: 3 }
}

event_id: 6
event_time { seconds: 1749894262 nanos: 613000000 }
event_type: EVENT_TYPE_WORKFLOW_EXECUTION_SIGNALED
workflow_execution_signaled_event_attributes {
  signal_name: "onUserResponse"
  input {
    payloads {
      metadata {
        key: "encoding"
        value: "json/plain"
      }
      data: "\"single_action_001\""
    }
    payloads {
      metadata {
        key: "encoding"
        value: "json/plain"
      }
      data: "{\"input\":\"bad_initial_input\"}"
    }
  }
  identity: "6146@devbox"
}

event_id: 7
event_time { seconds: 1749894262 nanos: 613000000 }
event_type: EVENT_TYPE_WORKFLOW_TASK_SCHEDULED
workflow_task_scheduled_event_attributes {
  task_queue { name: "Test-ba29996f-ec4f-462c-acb4-c95c031a570e" }
  start_to_close_timeout { seconds: 10 }
  attempt: 2
}

event_id: 8
event_time { seconds: 1749894262 nanos: 614000000 }
event_type: EVENT_TYPE_ACTIVITY_TASK_STARTED
activity_task_started_event_attributes {
  scheduled_event_id: 5
  identity: "6146@devbox"
  attempt: 1
}

event_id: 9
event_time { seconds: 1749894262 nanos: 616000000 }
event_type: EVENT_TYPE_ACTIVITY_TASK_COMPLETED
activity_task_completed_event_attributes {
  result {
  }
  scheduled_event_id: 5
  started_event_id: 8
  identity: "6146@devbox"
}

event_id: 10
event_time { seconds: 1749894262 nanos: 616000000 }
event_type: EVENT_TYPE_WORKFLOW_TASK_STARTED
workflow_task_started_event_attributes {
  scheduled_event_id: 7
  identity: "6146@devbox"
}

event_id: 11
event_time { seconds: 1749894262 nanos: 619000000 }
event_type: EVENT_TYPE_WORKFLOW_TASK_COMPLETED
workflow_task_completed_event_attributes {
  scheduled_event_id: 7
  identity: "6146@devbox"
  sdk_metadata { }
  metering_metadata { }
}

event_id: 12
event_time { seconds: 1749894262 nanos: 619000000 }
event_type: EVENT_TYPE_WORKFLOW_EXECUTION_COMPLETED
workflow_execution_completed_event_attributes {
  result {
  }
  workflow_task_completed_event_id: 10
}



]]></system-err>
  </testcase>
</testsuite>