<?xml version="1.0" encoding="UTF-8"?>
<testsuite xmlns:xsi="http://www.w3.org/2001/XMLSchema-instance" xsi:noNamespaceSchemaLocation="https://maven.apache.org/surefire/maven-surefire-plugin/xsd/surefire-test-report-3.0.xsd" version="3.0" name="com.example.mattermost.MeetingSchedulerWorkflowTest" time="4.295" tests="3" errors="0" skipped="0" failures="1">
  <properties>
    <property name="java.specification.version" value="21"/>
    <property name="sun.jnu.encoding" value="UTF-8"/>
    <property name="java.class.path" value="/app/target/test-classes:/app/target/classes:/home/swebot/.m2/repository/io/temporal/temporal-sdk/1.22.3/temporal-sdk-1.22.3.jar:/home/swebot/.m2/repository/io/temporal/temporal-serviceclient/1.22.3/temporal-serviceclient-1.22.3.jar:/home/swebot/.m2/repository/io/grpc/grpc-api/1.54.1/grpc-api-1.54.1.jar:/home/swebot/.m2/repository/io/grpc/grpc-context/1.54.1/grpc-context-1.54.1.jar:/home/swebot/.m2/repository/io/grpc/grpc-stub/1.54.1/grpc-stub-1.54.1.jar:/home/swebot/.m2/repository/io/grpc/grpc-netty-shaded/1.54.1/grpc-netty-shaded-1.54.1.jar:/home/swebot/.m2/repository/io/perfmark/perfmark-api/0.25.0/perfmark-api-0.25.0.jar:/home/swebot/.m2/repository/io/grpc/grpc-core/1.54.1/grpc-core-1.54.1.jar:/home/swebot/.m2/repository/com/google/android/annotations/4.1.1.4/annotations-4.1.1.4.jar:/home/swebot/.m2/repository/org/codehaus/mojo/animal-sniffer-annotations/1.21/animal-sniffer-annotations-1.21.jar:/home/swebot/.m2/repository/io/grpc/grpc-services/1.54.1/grpc-services-1.54.1.jar:/home/swebot/.m2/repository/io/grpc/grpc-protobuf/1.54.1/grpc-protobuf-1.54.1.jar:/home/swebot/.m2/repository/com/google/protobuf/protobuf-java/3.21.7/protobuf-java-3.21.7.jar:/home/swebot/.m2/repository/com/google/api/grpc/proto-google-common-protos/2.9.0/proto-google-common-protos-2.9.0.jar:/home/swebot/.m2/repository/io/grpc/grpc-protobuf-lite/1.54.1/grpc-protobuf-lite-1.54.1.jar:/home/swebot/.m2/repository/com/google/protobuf/protobuf-java-util/3.22.0/protobuf-java-util-3.22.0.jar:/home/swebot/.m2/repository/com/uber/m3/tally-core/0.13.0/tally-core-0.13.0.jar:/home/swebot/.m2/repository/com/google/code/gson/gson/2.10.1/gson-2.10.1.jar:/home/swebot/.m2/repository/io/micrometer/micrometer-core/1.9.9/micrometer-core-1.9.9.jar:/home/swebot/.m2/repository/org/hdrhistogram/HdrHistogram/2.1.12/HdrHistogram-2.1.12.jar:/home/swebot/.m2/repository/org/latencyutils/LatencyUtils/2.0.3/LatencyUtils-2.0.3.jar:/home/swebot/.m2/repository/com/google/guava/guava/31.1-jre/guava-31.1-jre.jar:/home/swebot/.m2/repository/com/google/guava/failureaccess/1.0.1/failureaccess-1.0.1.jar:/home/swebot/.m2/repository/com/google/guava/listenablefuture/9999.0-empty-to-avoid-conflict-with-guava/listenablefuture-9999.0-empty-to-avoid-conflict-with-guava.jar:/home/swebot/.m2/repository/com/google/code/findbugs/jsr305/3.0.2/jsr305-3.0.2.jar:/home/swebot/.m2/repository/org/checkerframework/checker-qual/3.12.0/checker-qual-3.12.0.jar:/home/swebot/.m2/repository/com/google/errorprone/error_prone_annotations/2.11.0/error_prone_annotations-2.11.0.jar:/home/swebot/.m2/repository/com/google/j2objc/j2objc-annotations/1.3/j2objc-annotations-1.3.jar:/home/swebot/.m2/repository/com/fasterxml/jackson/datatype/jackson-datatype-jdk8/2.14.2/jackson-datatype-jdk8-2.14.2.jar:/home/swebot/.m2/repository/com/fasterxml/jackson/core/jackson-databind/2.15.2/jackson-databind-2.15.2.jar:/home/swebot/.m2/repository/com/fasterxml/jackson/core/jackson-annotations/2.15.2/jackson-annotations-2.15.2.jar:/home/swebot/.m2/repository/com/fasterxml/jackson/core/jackson-core/2.15.2/jackson-core-2.15.2.jar:/home/swebot/.m2/repository/com/fasterxml/jackson/datatype/jackson-datatype-jsr310/2.15.2/jackson-datatype-jsr310-2.15.2.jar:/home/swebot/.m2/repository/org/slf4j/slf4j-api/2.0.7/slf4j-api-2.0.7.jar:/home/swebot/.m2/repository/org/slf4j/slf4j-simple/2.0.7/slf4j-simple-2.0.7.jar:/home/swebot/.m2/repository/io/temporal/temporal-testing/1.22.3/temporal-testing-1.22.3.jar:/home/swebot/.m2/repository/io/temporal/temporal-test-server/1.22.3/temporal-test-server-1.22.3.jar:/home/swebot/.m2/repository/com/cronutils/cron-utils/9.2.1/cron-utils-9.2.1.jar:/home/swebot/.m2/repository/com/jayway/jsonpath/json-path/2.8.0/json-path-2.8.0.jar:/home/swebot/.m2/repository/net/minidev/json-smart/2.4.10/json-smart-2.4.10.jar:/home/swebot/.m2/repository/net/minidev/accessors-smart/2.4.9/accessors-smart-2.4.9.jar:/home/swebot/.m2/repository/org/ow2/asm/asm/9.3/asm-9.3.jar:/home/swebot/.m2/repository/org/junit/jupiter/junit-jupiter-api/5.10.0/junit-jupiter-api-5.10.0.jar:/home/swebot/.m2/repository/org/opentest4j/opentest4j/1.3.0/opentest4j-1.3.0.jar:/home/swebot/.m2/repository/org/junit/platform/junit-platform-commons/1.10.0/junit-platform-commons-1.10.0.jar:/home/swebot/.m2/repository/org/apiguardian/apiguardian-api/1.1.2/apiguardian-api-1.1.2.jar:/home/swebot/.m2/repository/org/junit/jupiter/junit-jupiter-engine/5.10.0/junit-jupiter-engine-5.10.0.jar:/home/swebot/.m2/repository/org/junit/platform/junit-platform-engine/1.10.0/junit-platform-engine-1.10.0.jar:/home/swebot/.m2/repository/org/mockito/mockito-core/5.5.0/mockito-core-5.5.0.jar:/home/swebot/.m2/repository/net/bytebuddy/byte-buddy/1.14.6/byte-buddy-1.14.6.jar:/home/swebot/.m2/repository/net/bytebuddy/byte-buddy-agent/1.14.6/byte-buddy-agent-1.14.6.jar:/home/swebot/.m2/repository/org/objenesis/objenesis/3.3/objenesis-3.3.jar:"/>
    <property name="java.vm.vendor" value="Ubuntu"/>
    <property name="sun.arch.data.model" value="64"/>
    <property name="java.vendor.url" value="https://ubuntu.com/"/>
    <property name="user.timezone" value="Etc/UTC"/>
    <property name="os.name" value="Linux"/>
    <property name="java.vm.specification.version" value="21"/>
    <property name="sun.java.launcher" value="SUN_STANDARD"/>
    <property name="sun.boot.library.path" value="/usr/lib/jvm/java-21-openjdk-amd64/lib"/>
    <property name="sun.java.command" value="/app/target/surefire/surefirebooter-20250613094528184_3.jar /app/target/surefire 2025-06-13T09-45-28_084-jvmRun1 surefire-20250613094528184_1tmp surefire_0-20250613094528184_2tmp"/>
    <property name="jdk.debug" value="release"/>
    <property name="surefire.test.class.path" value="/app/target/test-classes:/app/target/classes:/home/swebot/.m2/repository/io/temporal/temporal-sdk/1.22.3/temporal-sdk-1.22.3.jar:/home/swebot/.m2/repository/io/temporal/temporal-serviceclient/1.22.3/temporal-serviceclient-1.22.3.jar:/home/swebot/.m2/repository/io/grpc/grpc-api/1.54.1/grpc-api-1.54.1.jar:/home/swebot/.m2/repository/io/grpc/grpc-context/1.54.1/grpc-context-1.54.1.jar:/home/swebot/.m2/repository/io/grpc/grpc-stub/1.54.1/grpc-stub-1.54.1.jar:/home/swebot/.m2/repository/io/grpc/grpc-netty-shaded/1.54.1/grpc-netty-shaded-1.54.1.jar:/home/swebot/.m2/repository/io/perfmark/perfmark-api/0.25.0/perfmark-api-0.25.0.jar:/home/swebot/.m2/repository/io/grpc/grpc-core/1.54.1/grpc-core-1.54.1.jar:/home/swebot/.m2/repository/com/google/android/annotations/4.1.1.4/annotations-4.1.1.4.jar:/home/swebot/.m2/repository/org/codehaus/mojo/animal-sniffer-annotations/1.21/animal-sniffer-annotations-1.21.jar:/home/swebot/.m2/repository/io/grpc/grpc-services/1.54.1/grpc-services-1.54.1.jar:/home/swebot/.m2/repository/io/grpc/grpc-protobuf/1.54.1/grpc-protobuf-1.54.1.jar:/home/swebot/.m2/repository/com/google/protobuf/protobuf-java/3.21.7/protobuf-java-3.21.7.jar:/home/swebot/.m2/repository/com/google/api/grpc/proto-google-common-protos/2.9.0/proto-google-common-protos-2.9.0.jar:/home/swebot/.m2/repository/io/grpc/grpc-protobuf-lite/1.54.1/grpc-protobuf-lite-1.54.1.jar:/home/swebot/.m2/repository/com/google/protobuf/protobuf-java-util/3.22.0/protobuf-java-util-3.22.0.jar:/home/swebot/.m2/repository/com/uber/m3/tally-core/0.13.0/tally-core-0.13.0.jar:/home/swebot/.m2/repository/com/google/code/gson/gson/2.10.1/gson-2.10.1.jar:/home/swebot/.m2/repository/io/micrometer/micrometer-core/1.9.9/micrometer-core-1.9.9.jar:/home/swebot/.m2/repository/org/hdrhistogram/HdrHistogram/2.1.12/HdrHistogram-2.1.12.jar:/home/swebot/.m2/repository/org/latencyutils/LatencyUtils/2.0.3/LatencyUtils-2.0.3.jar:/home/swebot/.m2/repository/com/google/guava/guava/31.1-jre/guava-31.1-jre.jar:/home/swebot/.m2/repository/com/google/guava/failureaccess/1.0.1/failureaccess-1.0.1.jar:/home/swebot/.m2/repository/com/google/guava/listenablefuture/9999.0-empty-to-avoid-conflict-with-guava/listenablefuture-9999.0-empty-to-avoid-conflict-with-guava.jar:/home/swebot/.m2/repository/com/google/code/findbugs/jsr305/3.0.2/jsr305-3.0.2.jar:/home/swebot/.m2/repository/org/checkerframework/checker-qual/3.12.0/checker-qual-3.12.0.jar:/home/swebot/.m2/repository/com/google/errorprone/error_prone_annotations/2.11.0/error_prone_annotations-2.11.0.jar:/home/swebot/.m2/repository/com/google/j2objc/j2objc-annotations/1.3/j2objc-annotations-1.3.jar:/home/swebot/.m2/repository/com/fasterxml/jackson/datatype/jackson-datatype-jdk8/2.14.2/jackson-datatype-jdk8-2.14.2.jar:/home/swebot/.m2/repository/com/fasterxml/jackson/core/jackson-databind/2.15.2/jackson-databind-2.15.2.jar:/home/swebot/.m2/repository/com/fasterxml/jackson/core/jackson-annotations/2.15.2/jackson-annotations-2.15.2.jar:/home/swebot/.m2/repository/com/fasterxml/jackson/core/jackson-core/2.15.2/jackson-core-2.15.2.jar:/home/swebot/.m2/repository/com/fasterxml/jackson/datatype/jackson-datatype-jsr310/2.15.2/jackson-datatype-jsr310-2.15.2.jar:/home/swebot/.m2/repository/org/slf4j/slf4j-api/2.0.7/slf4j-api-2.0.7.jar:/home/swebot/.m2/repository/org/slf4j/slf4j-simple/2.0.7/slf4j-simple-2.0.7.jar:/home/swebot/.m2/repository/io/temporal/temporal-testing/1.22.3/temporal-testing-1.22.3.jar:/home/swebot/.m2/repository/io/temporal/temporal-test-server/1.22.3/temporal-test-server-1.22.3.jar:/home/swebot/.m2/repository/com/cronutils/cron-utils/9.2.1/cron-utils-9.2.1.jar:/home/swebot/.m2/repository/com/jayway/jsonpath/json-path/2.8.0/json-path-2.8.0.jar:/home/swebot/.m2/repository/net/minidev/json-smart/2.4.10/json-smart-2.4.10.jar:/home/swebot/.m2/repository/net/minidev/accessors-smart/2.4.9/accessors-smart-2.4.9.jar:/home/swebot/.m2/repository/org/ow2/asm/asm/9.3/asm-9.3.jar:/home/swebot/.m2/repository/org/junit/jupiter/junit-jupiter-api/5.10.0/junit-jupiter-api-5.10.0.jar:/home/swebot/.m2/repository/org/opentest4j/opentest4j/1.3.0/opentest4j-1.3.0.jar:/home/swebot/.m2/repository/org/junit/platform/junit-platform-commons/1.10.0/junit-platform-commons-1.10.0.jar:/home/swebot/.m2/repository/org/apiguardian/apiguardian-api/1.1.2/apiguardian-api-1.1.2.jar:/home/swebot/.m2/repository/org/junit/jupiter/junit-jupiter-engine/5.10.0/junit-jupiter-engine-5.10.0.jar:/home/swebot/.m2/repository/org/junit/platform/junit-platform-engine/1.10.0/junit-platform-engine-1.10.0.jar:/home/swebot/.m2/repository/org/mockito/mockito-core/5.5.0/mockito-core-5.5.0.jar:/home/swebot/.m2/repository/net/bytebuddy/byte-buddy/1.14.6/byte-buddy-1.14.6.jar:/home/swebot/.m2/repository/net/bytebuddy/byte-buddy-agent/1.14.6/byte-buddy-agent-1.14.6.jar:/home/swebot/.m2/repository/org/objenesis/objenesis/3.3/objenesis-3.3.jar:"/>
    <property name="sun.cpu.endian" value="little"/>
    <property name="user.home" value="/home/swebot"/>
    <property name="user.language" value="en"/>
    <property name="java.specification.vendor" value="Oracle Corporation"/>
    <property name="java.version.date" value="2025-04-15"/>
    <property name="java.home" value="/usr/lib/jvm/java-21-openjdk-amd64"/>
    <property name="file.separator" value="/"/>
    <property name="basedir" value="/app"/>
    <property name="java.vm.compressedOopsMode" value="32-bit"/>
    <property name="line.separator" value="&#10;"/>
    <property name="java.vm.specification.vendor" value="Oracle Corporation"/>
    <property name="java.specification.name" value="Java Platform API Specification"/>
    <property name="surefire.real.class.path" value="/app/target/surefire/surefirebooter-20250613094528184_3.jar"/>
    <property name="sun.management.compiler" value="HotSpot 64-Bit Tiered Compilers"/>
    <property name="java.runtime.version" value="21.0.7+6-Ubuntu-0ubuntu124.04"/>
    <property name="user.name" value="jules"/>
    <property name="stdout.encoding" value="UTF-8"/>
    <property name="path.separator" value=":"/>
    <property name="os.version" value="6.8.0"/>
    <property name="java.runtime.name" value="OpenJDK Runtime Environment"/>
    <property name="file.encoding" value="UTF-8"/>
    <property name="java.vm.name" value="OpenJDK 64-Bit Server VM"/>
    <property name="localRepository" value="/home/swebot/.m2/repository"/>
    <property name="java.vendor.url.bug" value="https://bugs.launchpad.net/ubuntu/+source/openjdk-21"/>
    <property name="java.io.tmpdir" value="/tmp"/>
    <property name="java.version" value="21.0.7"/>
    <property name="user.dir" value="/app"/>
    <property name="os.arch" value="amd64"/>
    <property name="java.vm.specification.name" value="Java Virtual Machine Specification"/>
    <property name="native.encoding" value="UTF-8"/>
    <property name="java.library.path" value="/usr/java/packages/lib:/usr/lib/x86_64-linux-gnu/jni:/lib/x86_64-linux-gnu:/usr/lib/x86_64-linux-gnu:/usr/lib/jni:/lib:/usr/lib"/>
    <property name="stderr.encoding" value="UTF-8"/>
    <property name="java.vm.info" value="mixed mode, sharing"/>
    <property name="java.vendor" value="Ubuntu"/>
    <property name="java.vm.version" value="21.0.7+6-Ubuntu-0ubuntu124.04"/>
    <property name="sun.io.unicode.encoding" value="UnicodeLittle"/>
    <property name="java.class.version" value="65.0"/>
  </properties>
  <testcase name="testDependencyAndPlaceholderResolution" classname="com.example.mattermost.MeetingSchedulerWorkflowTest" time="3.262">
    <system-out><![CDATA[setUp completed. worker, mocks, client initialized for taskQueue: Test-f796c10e-63a1-4799-b10b-b4dbb7030a7e
Starting testDependencyAndPlaceholderResolution with taskQueue: Test-f796c10e-63a1-4799-b10b-b4dbb7030a7e
]]></system-out>
    <system-err><![CDATA[[main] INFO io.temporal.serviceclient.WorkflowServiceStubsImpl - Created WorkflowServiceStubs for channel: ManagedChannelOrphanWrapper{delegate=ManagedChannelImpl{logId=2, target=directaddress:///37381195-40b8-4755-8830-86bcfc39fa30}}
[main] INFO io.temporal.serviceclient.TestServiceStubsImpl - Created TestServiceStubs for channel: ManagedChannelOrphanWrapper{delegate=ManagedChannelImpl{logId=2, target=directaddress:///37381195-40b8-4755-8830-86bcfc39fa30}}
[main] INFO io.temporal.serviceclient.OperatorServiceStubsImpl - Created OperatorServiceStubs for channel: ManagedChannelOrphanWrapper{delegate=ManagedChannelImpl{logId=2, target=directaddress:///37381195-40b8-4755-8830-86bcfc39fa30}}
WARNING: A Java agent has been loaded dynamically (/home/swebot/.m2/repository/net/bytebuddy/byte-buddy-agent/1.14.6/byte-buddy-agent-1.14.6.jar)
WARNING: If a serviceability tool is in use, please run with -XX:+EnableDynamicAgentLoading to hide this warning
WARNING: If a serviceability tool is not in use, please run with -Djdk.instrument.traceUsage for more information
WARNING: Dynamic loading of agents will be disallowed by default in a future release
[main] INFO io.temporal.internal.worker.Poller - start: Poller{name=Workflow Poller taskQueue="WorkflowTest-testDependencyAndPlaceholderResolution()-[engine:junit-jupiter]/[class:com.example.mattermost.MeetingSchedulerWorkflowTest]/[method:testDependencyAndPlaceholderResolution()]", namespace="UnitTest", identity=10208@devbox}
[main] INFO io.temporal.internal.worker.Poller - start: Poller{name=Workflow Poller taskQueue="Test-f796c10e-63a1-4799-b10b-b4dbb7030a7e", namespace="UnitTest", identity=10208@devbox}
[main] INFO io.temporal.internal.worker.Poller - start: Poller{name=Activity Poller taskQueue="Test-f796c10e-63a1-4799-b10b-b4dbb7030a7e", namespace="UnitTest", identity=10208@devbox}
[main] INFO com.example.mattermost.MeetingSchedulerWorkflowTest - Test: Verifying ask for get_requester_preferred_details_001
[workflow-method-testDependency-68d04a11-24e6-470a-b053-40692413951...-6d54dadd-ba48-427e-bf93-65b708f0db63] INFO com.example.mattermost.MeetingSchedulerWorkflowImpl - Workflow started for goal: Schedule a meeting with Arun and Jasbir, coordinating availability and topic. Initializing action statuses.
[workflow-method-testDependency-68d04a11-24e6-470a-b053-40692413951...-6d54dadd-ba48-427e-bf93-65b708f0db63] INFO com.example.mattermost.MeetingSchedulerWorkflowImpl - Initialized actionStatuses: {get_requester_preferred_details_001=PENDING, propose_final_time_for_approval_001=PENDING, ask_arun_availability_001=PENDING, consolidate_availabilities_001=PENDING, send_meeting_invite_001=PENDING, ask_jasbir_availability_001=PENDING}
[workflow-method-testDependency-68d04a11-24e6-470a-b053-40692413951...-6d54dadd-ba48-427e-bf93-65b708f0db63] INFO com.example.mattermost.MeetingSchedulerWorkflowImpl - Main loop: Checking processable actions.
[workflow-method-testDependency-68d04a11-24e6-470a-b053-40692413951...-6d54dadd-ba48-427e-bf93-65b708f0db63] INFO com.example.mattermost.MeetingSchedulerWorkflowImpl - getProcessableActions: Checking all nodes in currentGoal.
[workflow-method-testDependency-68d04a11-24e6-470a-b053-40692413951...-6d54dadd-ba48-427e-bf93-65b708f0db63] INFO com.example.mattermost.MeetingSchedulerWorkflowImpl - dependenciesMet: Checking dependencies for actionId: get_requester_preferred_details_001
[workflow-method-testDependency-68d04a11-24e6-470a-b053-40692413951...-6d54dadd-ba48-427e-bf93-65b708f0db63] INFO com.example.mattermost.MeetingSchedulerWorkflowImpl - dependenciesMet: No explicit dependencies found for actionId: get_requester_preferred_details_001. Returning true.
[workflow-method-testDependency-68d04a11-24e6-470a-b053-40692413951...-6d54dadd-ba48-427e-bf93-65b708f0db63] INFO com.example.mattermost.MeetingSchedulerWorkflowImpl - getProcessableActions: Node ID: get_requester_preferred_details_001, Status: PENDING, IsPending: true, DependenciesMet: true
[workflow-method-testDependency-68d04a11-24e6-470a-b053-40692413951...-6d54dadd-ba48-427e-bf93-65b708f0db63] INFO com.example.mattermost.MeetingSchedulerWorkflowImpl - dependenciesMet: Checking dependencies for actionId: ask_arun_availability_001
[workflow-method-testDependency-68d04a11-24e6-470a-b053-40692413951...-6d54dadd-ba48-427e-bf93-65b708f0db63] INFO com.example.mattermost.MeetingSchedulerWorkflowImpl - dependenciesMet: ActionId: ask_arun_availability_001 has source dependencies: [get_requester_preferred_details_001]
[workflow-method-testDependency-68d04a11-24e6-470a-b053-40692413951...-6d54dadd-ba48-427e-bf93-65b708f0db63] INFO com.example.mattermost.MeetingSchedulerWorkflowImpl - dependenciesMet: ActionId: ask_arun_availability_001, Dependency: get_requester_preferred_details_001, Status: PENDING, IsCompleted: false
[workflow-method-testDependency-68d04a11-24e6-470a-b053-40692413951...-6d54dadd-ba48-427e-bf93-65b708f0db63] INFO com.example.mattermost.MeetingSchedulerWorkflowImpl - dependenciesMet: ActionId: ask_arun_availability_001, AllDependenciesMet: false
[workflow-method-testDependency-68d04a11-24e6-470a-b053-40692413951...-6d54dadd-ba48-427e-bf93-65b708f0db63] INFO com.example.mattermost.MeetingSchedulerWorkflowImpl - getProcessableActions: Node ID: ask_arun_availability_001, Status: PENDING, IsPending: true, DependenciesMet: false
[workflow-method-testDependency-68d04a11-24e6-470a-b053-40692413951...-6d54dadd-ba48-427e-bf93-65b708f0db63] INFO com.example.mattermost.MeetingSchedulerWorkflowImpl - dependenciesMet: Checking dependencies for actionId: ask_jasbir_availability_001
[workflow-method-testDependency-68d04a11-24e6-470a-b053-40692413951...-6d54dadd-ba48-427e-bf93-65b708f0db63] INFO com.example.mattermost.MeetingSchedulerWorkflowImpl - dependenciesMet: ActionId: ask_jasbir_availability_001 has source dependencies: [get_requester_preferred_details_001]
[workflow-method-testDependency-68d04a11-24e6-470a-b053-40692413951...-6d54dadd-ba48-427e-bf93-65b708f0db63] INFO com.example.mattermost.MeetingSchedulerWorkflowImpl - dependenciesMet: ActionId: ask_jasbir_availability_001, Dependency: get_requester_preferred_details_001, Status: PENDING, IsCompleted: false
[workflow-method-testDependency-68d04a11-24e6-470a-b053-40692413951...-6d54dadd-ba48-427e-bf93-65b708f0db63] INFO com.example.mattermost.MeetingSchedulerWorkflowImpl - dependenciesMet: ActionId: ask_jasbir_availability_001, AllDependenciesMet: false
[workflow-method-testDependency-68d04a11-24e6-470a-b053-40692413951...-6d54dadd-ba48-427e-bf93-65b708f0db63] INFO com.example.mattermost.MeetingSchedulerWorkflowImpl - getProcessableActions: Node ID: ask_jasbir_availability_001, Status: PENDING, IsPending: true, DependenciesMet: false
[workflow-method-testDependency-68d04a11-24e6-470a-b053-40692413951...-6d54dadd-ba48-427e-bf93-65b708f0db63] INFO com.example.mattermost.MeetingSchedulerWorkflowImpl - dependenciesMet: Checking dependencies for actionId: consolidate_availabilities_001
[workflow-method-testDependency-68d04a11-24e6-470a-b053-40692413951...-6d54dadd-ba48-427e-bf93-65b708f0db63] INFO com.example.mattermost.MeetingSchedulerWorkflowImpl - dependenciesMet: ActionId: consolidate_availabilities_001 has source dependencies: [get_requester_preferred_details_001, ask_arun_availability_001, ask_jasbir_availability_001]
[workflow-method-testDependency-68d04a11-24e6-470a-b053-40692413951...-6d54dadd-ba48-427e-bf93-65b708f0db63] INFO com.example.mattermost.MeetingSchedulerWorkflowImpl - dependenciesMet: ActionId: consolidate_availabilities_001, Dependency: get_requester_preferred_details_001, Status: PENDING, IsCompleted: false
[workflow-method-testDependency-68d04a11-24e6-470a-b053-40692413951...-6d54dadd-ba48-427e-bf93-65b708f0db63] INFO com.example.mattermost.MeetingSchedulerWorkflowImpl - dependenciesMet: ActionId: consolidate_availabilities_001, AllDependenciesMet: false
[workflow-method-testDependency-68d04a11-24e6-470a-b053-40692413951...-6d54dadd-ba48-427e-bf93-65b708f0db63] INFO com.example.mattermost.MeetingSchedulerWorkflowImpl - getProcessableActions: Node ID: consolidate_availabilities_001, Status: PENDING, IsPending: true, DependenciesMet: false
[workflow-method-testDependency-68d04a11-24e6-470a-b053-40692413951...-6d54dadd-ba48-427e-bf93-65b708f0db63] INFO com.example.mattermost.MeetingSchedulerWorkflowImpl - dependenciesMet: Checking dependencies for actionId: propose_final_time_for_approval_001
[workflow-method-testDependency-68d04a11-24e6-470a-b053-40692413951...-6d54dadd-ba48-427e-bf93-65b708f0db63] INFO com.example.mattermost.MeetingSchedulerWorkflowImpl - dependenciesMet: ActionId: propose_final_time_for_approval_001 has source dependencies: [consolidate_availabilities_001]
[workflow-method-testDependency-68d04a11-24e6-470a-b053-40692413951...-6d54dadd-ba48-427e-bf93-65b708f0db63] INFO com.example.mattermost.MeetingSchedulerWorkflowImpl - dependenciesMet: ActionId: propose_final_time_for_approval_001, Dependency: consolidate_availabilities_001, Status: PENDING, IsCompleted: false
[workflow-method-testDependency-68d04a11-24e6-470a-b053-40692413951...-6d54dadd-ba48-427e-bf93-65b708f0db63] INFO com.example.mattermost.MeetingSchedulerWorkflowImpl - dependenciesMet: ActionId: propose_final_time_for_approval_001, AllDependenciesMet: false
[workflow-method-testDependency-68d04a11-24e6-470a-b053-40692413951...-6d54dadd-ba48-427e-bf93-65b708f0db63] INFO com.example.mattermost.MeetingSchedulerWorkflowImpl - getProcessableActions: Node ID: propose_final_time_for_approval_001, Status: PENDING, IsPending: true, DependenciesMet: false
[workflow-method-testDependency-68d04a11-24e6-470a-b053-40692413951...-6d54dadd-ba48-427e-bf93-65b708f0db63] INFO com.example.mattermost.MeetingSchedulerWorkflowImpl - dependenciesMet: Checking dependencies for actionId: send_meeting_invite_001
[workflow-method-testDependency-68d04a11-24e6-470a-b053-40692413951...-6d54dadd-ba48-427e-bf93-65b708f0db63] INFO com.example.mattermost.MeetingSchedulerWorkflowImpl - dependenciesMet: ActionId: send_meeting_invite_001 has source dependencies: [propose_final_time_for_approval_001]
[workflow-method-testDependency-68d04a11-24e6-470a-b053-40692413951...-6d54dadd-ba48-427e-bf93-65b708f0db63] INFO com.example.mattermost.MeetingSchedulerWorkflowImpl - dependenciesMet: ActionId: send_meeting_invite_001, Dependency: propose_final_time_for_approval_001, Status: PENDING, IsCompleted: false
[workflow-method-testDependency-68d04a11-24e6-470a-b053-40692413951...-6d54dadd-ba48-427e-bf93-65b708f0db63] INFO com.example.mattermost.MeetingSchedulerWorkflowImpl - dependenciesMet: ActionId: send_meeting_invite_001, AllDependenciesMet: false
[workflow-method-testDependency-68d04a11-24e6-470a-b053-40692413951...-6d54dadd-ba48-427e-bf93-65b708f0db63] INFO com.example.mattermost.MeetingSchedulerWorkflowImpl - getProcessableActions: Node ID: send_meeting_invite_001, Status: PENDING, IsPending: true, DependenciesMet: false
[workflow-method-testDependency-68d04a11-24e6-470a-b053-40692413951...-6d54dadd-ba48-427e-bf93-65b708f0db63] INFO com.example.mattermost.MeetingSchedulerWorkflowImpl - getProcessableActions: Returning 1 processable nodes.
[workflow-method-testDependency-68d04a11-24e6-470a-b053-40692413951...-6d54dadd-ba48-427e-bf93-65b708f0db63] INFO com.example.mattermost.MeetingSchedulerWorkflowImpl - Main loop: Found 1 processable actions: [get_requester_preferred_details_001]
[workflow-method-testDependency-68d04a11-24e6-470a-b053-40692413951...-6d54dadd-ba48-427e-bf93-65b708f0db63] INFO com.example.mattermost.MeetingSchedulerWorkflowImpl - getProcessableActions: Checking all nodes in currentGoal.
[workflow-method-testDependency-68d04a11-24e6-470a-b053-40692413951...-6d54dadd-ba48-427e-bf93-65b708f0db63] INFO com.example.mattermost.MeetingSchedulerWorkflowImpl - dependenciesMet: Checking dependencies for actionId: get_requester_preferred_details_001
[workflow-method-testDependency-68d04a11-24e6-470a-b053-40692413951...-6d54dadd-ba48-427e-bf93-65b708f0db63] INFO com.example.mattermost.MeetingSchedulerWorkflowImpl - dependenciesMet: No explicit dependencies found for actionId: get_requester_preferred_details_001. Returning true.
[workflow-method-testDependency-68d04a11-24e6-470a-b053-40692413951...-6d54dadd-ba48-427e-bf93-65b708f0db63] INFO com.example.mattermost.MeetingSchedulerWorkflowImpl - getProcessableActions: Node ID: get_requester_preferred_details_001, Status: PENDING, IsPending: true, DependenciesMet: true
[workflow-method-testDependency-68d04a11-24e6-470a-b053-40692413951...-6d54dadd-ba48-427e-bf93-65b708f0db63] INFO com.example.mattermost.MeetingSchedulerWorkflowImpl - dependenciesMet: Checking dependencies for actionId: ask_arun_availability_001
[workflow-method-testDependency-68d04a11-24e6-470a-b053-40692413951...-6d54dadd-ba48-427e-bf93-65b708f0db63] INFO com.example.mattermost.MeetingSchedulerWorkflowImpl - dependenciesMet: ActionId: ask_arun_availability_001 has source dependencies: [get_requester_preferred_details_001]
[workflow-method-testDependency-68d04a11-24e6-470a-b053-40692413951...-6d54dadd-ba48-427e-bf93-65b708f0db63] INFO com.example.mattermost.MeetingSchedulerWorkflowImpl - dependenciesMet: ActionId: ask_arun_availability_001, Dependency: get_requester_preferred_details_001, Status: PENDING, IsCompleted: false
[workflow-method-testDependency-68d04a11-24e6-470a-b053-40692413951...-6d54dadd-ba48-427e-bf93-65b708f0db63] INFO com.example.mattermost.MeetingSchedulerWorkflowImpl - dependenciesMet: ActionId: ask_arun_availability_001, AllDependenciesMet: false
[workflow-method-testDependency-68d04a11-24e6-470a-b053-40692413951...-6d54dadd-ba48-427e-bf93-65b708f0db63] INFO com.example.mattermost.MeetingSchedulerWorkflowImpl - getProcessableActions: Node ID: ask_arun_availability_001, Status: PENDING, IsPending: true, DependenciesMet: false
[workflow-method-testDependency-68d04a11-24e6-470a-b053-40692413951...-6d54dadd-ba48-427e-bf93-65b708f0db63] INFO com.example.mattermost.MeetingSchedulerWorkflowImpl - dependenciesMet: Checking dependencies for actionId: ask_jasbir_availability_001
[workflow-method-testDependency-68d04a11-24e6-470a-b053-40692413951...-6d54dadd-ba48-427e-bf93-65b708f0db63] INFO com.example.mattermost.MeetingSchedulerWorkflowImpl - dependenciesMet: ActionId: ask_jasbir_availability_001 has source dependencies: [get_requester_preferred_details_001]
[workflow-method-testDependency-68d04a11-24e6-470a-b053-40692413951...-6d54dadd-ba48-427e-bf93-65b708f0db63] INFO com.example.mattermost.MeetingSchedulerWorkflowImpl - dependenciesMet: ActionId: ask_jasbir_availability_001, Dependency: get_requester_preferred_details_001, Status: PENDING, IsCompleted: false
[workflow-method-testDependency-68d04a11-24e6-470a-b053-40692413951...-6d54dadd-ba48-427e-bf93-65b708f0db63] INFO com.example.mattermost.MeetingSchedulerWorkflowImpl - dependenciesMet: ActionId: ask_jasbir_availability_001, AllDependenciesMet: false
[workflow-method-testDependency-68d04a11-24e6-470a-b053-40692413951...-6d54dadd-ba48-427e-bf93-65b708f0db63] INFO com.example.mattermost.MeetingSchedulerWorkflowImpl - getProcessableActions: Node ID: ask_jasbir_availability_001, Status: PENDING, IsPending: true, DependenciesMet: false
[workflow-method-testDependency-68d04a11-24e6-470a-b053-40692413951...-6d54dadd-ba48-427e-bf93-65b708f0db63] INFO com.example.mattermost.MeetingSchedulerWorkflowImpl - dependenciesMet: Checking dependencies for actionId: consolidate_availabilities_001
[workflow-method-testDependency-68d04a11-24e6-470a-b053-40692413951...-6d54dadd-ba48-427e-bf93-65b708f0db63] INFO com.example.mattermost.MeetingSchedulerWorkflowImpl - dependenciesMet: ActionId: consolidate_availabilities_001 has source dependencies: [get_requester_preferred_details_001, ask_arun_availability_001, ask_jasbir_availability_001]
[workflow-method-testDependency-68d04a11-24e6-470a-b053-40692413951...-6d54dadd-ba48-427e-bf93-65b708f0db63] INFO com.example.mattermost.MeetingSchedulerWorkflowImpl - dependenciesMet: ActionId: consolidate_availabilities_001, Dependency: get_requester_preferred_details_001, Status: PENDING, IsCompleted: false
[workflow-method-testDependency-68d04a11-24e6-470a-b053-40692413951...-6d54dadd-ba48-427e-bf93-65b708f0db63] INFO com.example.mattermost.MeetingSchedulerWorkflowImpl - dependenciesMet: ActionId: consolidate_availabilities_001, AllDependenciesMet: false
[workflow-method-testDependency-68d04a11-24e6-470a-b053-40692413951...-6d54dadd-ba48-427e-bf93-65b708f0db63] INFO com.example.mattermost.MeetingSchedulerWorkflowImpl - getProcessableActions: Node ID: consolidate_availabilities_001, Status: PENDING, IsPending: true, DependenciesMet: false
[workflow-method-testDependency-68d04a11-24e6-470a-b053-40692413951...-6d54dadd-ba48-427e-bf93-65b708f0db63] INFO com.example.mattermost.MeetingSchedulerWorkflowImpl - dependenciesMet: Checking dependencies for actionId: propose_final_time_for_approval_001
[workflow-method-testDependency-68d04a11-24e6-470a-b053-40692413951...-6d54dadd-ba48-427e-bf93-65b708f0db63] INFO com.example.mattermost.MeetingSchedulerWorkflowImpl - dependenciesMet: ActionId: propose_final_time_for_approval_001 has source dependencies: [consolidate_availabilities_001]
[workflow-method-testDependency-68d04a11-24e6-470a-b053-40692413951...-6d54dadd-ba48-427e-bf93-65b708f0db63] INFO com.example.mattermost.MeetingSchedulerWorkflowImpl - dependenciesMet: ActionId: propose_final_time_for_approval_001, Dependency: consolidate_availabilities_001, Status: PENDING, IsCompleted: false
[workflow-method-testDependency-68d04a11-24e6-470a-b053-40692413951...-6d54dadd-ba48-427e-bf93-65b708f0db63] INFO com.example.mattermost.MeetingSchedulerWorkflowImpl - dependenciesMet: ActionId: propose_final_time_for_approval_001, AllDependenciesMet: false
[workflow-method-testDependency-68d04a11-24e6-470a-b053-40692413951...-6d54dadd-ba48-427e-bf93-65b708f0db63] INFO com.example.mattermost.MeetingSchedulerWorkflowImpl - getProcessableActions: Node ID: propose_final_time_for_approval_001, Status: PENDING, IsPending: true, DependenciesMet: false
[workflow-method-testDependency-68d04a11-24e6-470a-b053-40692413951...-6d54dadd-ba48-427e-bf93-65b708f0db63] INFO com.example.mattermost.MeetingSchedulerWorkflowImpl - dependenciesMet: Checking dependencies for actionId: send_meeting_invite_001
[workflow-method-testDependency-68d04a11-24e6-470a-b053-40692413951...-6d54dadd-ba48-427e-bf93-65b708f0db63] INFO com.example.mattermost.MeetingSchedulerWorkflowImpl - dependenciesMet: ActionId: send_meeting_invite_001 has source dependencies: [propose_final_time_for_approval_001]
[workflow-method-testDependency-68d04a11-24e6-470a-b053-40692413951...-6d54dadd-ba48-427e-bf93-65b708f0db63] INFO com.example.mattermost.MeetingSchedulerWorkflowImpl - dependenciesMet: ActionId: send_meeting_invite_001, Dependency: propose_final_time_for_approval_001, Status: PENDING, IsCompleted: false
[workflow-method-testDependency-68d04a11-24e6-470a-b053-40692413951...-6d54dadd-ba48-427e-bf93-65b708f0db63] INFO com.example.mattermost.MeetingSchedulerWorkflowImpl - dependenciesMet: ActionId: send_meeting_invite_001, AllDependenciesMet: false
[workflow-method-testDependency-68d04a11-24e6-470a-b053-40692413951...-6d54dadd-ba48-427e-bf93-65b708f0db63] INFO com.example.mattermost.MeetingSchedulerWorkflowImpl - getProcessableActions: Node ID: send_meeting_invite_001, Status: PENDING, IsPending: true, DependenciesMet: false
[workflow-method-testDependency-68d04a11-24e6-470a-b053-40692413951...-6d54dadd-ba48-427e-bf93-65b708f0db63] INFO com.example.mattermost.MeetingSchedulerWorkflowImpl - getProcessableActions: Returning 1 processable nodes.
[workflow-method-testDependency-68d04a11-24e6-470a-b053-40692413951...-6d54dadd-ba48-427e-bf93-65b708f0db63] INFO com.example.mattermost.MeetingSchedulerWorkflowImpl - Main loop: Evaluating action get_requester_preferred_details_001 with status PENDING
[workflow-method-testDependency-68d04a11-24e6-470a-b053-40692413951...-6d54dadd-ba48-427e-bf93-65b708f0db63] INFO com.example.mattermost.MeetingSchedulerWorkflowImpl - Main loop: Processing PENDING action: get_requester_preferred_details_001
[workflow-method-testDependency-68d04a11-24e6-470a-b053-40692413951...-6d54dadd-ba48-427e-bf93-65b708f0db63] INFO com.example.mattermost.MeetingSchedulerWorkflowImpl - Main loop: Generated prompt for action get_requester_preferred_details_001: 'What should be the topic of the meeting, and do you have any preferred days or times and duration for the meeting with Arun and Jasbir?'
[workflow-method-testDependency-68d04a11-24e6-470a-b053-40692413951...-6d54dadd-ba48-427e-bf93-65b708f0db63] INFO com.example.mattermost.MeetingSchedulerWorkflowImpl - Main loop: About to call askUserActivity.ask for action get_requester_preferred_details_001
[workflow-method-testDependency-68d04a11-24e6-470a-b053-40692413951...-6d54dadd-ba48-427e-bf93-65b708f0db63] INFO com.example.mattermost.MeetingSchedulerWorkflowImpl - Main loop: askUserActivity.ask called for action get_requester_preferred_details_001. Setting status to WAITING_FOR_INPUT.
[workflow-method-testDependency-68d04a11-24e6-470a-b053-40692413951...-6d54dadd-ba48-427e-bf93-65b708f0db63] INFO com.example.mattermost.MeetingSchedulerWorkflowImpl - Action get_requester_preferred_details_001 is now WAITING_FOR_INPUT.
[workflow-method-testDependency-68d04a11-24e6-470a-b053-40692413951...-6d54dadd-ba48-427e-bf93-65b708f0db63] INFO com.example.mattermost.MeetingSchedulerWorkflowImpl - getProcessableActions: Checking all nodes in currentGoal.
[workflow-method-testDependency-68d04a11-24e6-470a-b053-40692413951...-6d54dadd-ba48-427e-bf93-65b708f0db63] INFO com.example.mattermost.MeetingSchedulerWorkflowImpl - getProcessableActions: Node ID: get_requester_preferred_details_001, Status: WAITING_FOR_INPUT, IsPending: false, DependenciesMet: false
[workflow-method-testDependency-68d04a11-24e6-470a-b053-40692413951...-6d54dadd-ba48-427e-bf93-65b708f0db63] INFO com.example.mattermost.MeetingSchedulerWorkflowImpl - dependenciesMet: Checking dependencies for actionId: ask_arun_availability_001
[workflow-method-testDependency-68d04a11-24e6-470a-b053-40692413951...-6d54dadd-ba48-427e-bf93-65b708f0db63] INFO com.example.mattermost.MeetingSchedulerWorkflowImpl - dependenciesMet: ActionId: ask_arun_availability_001 has source dependencies: [get_requester_preferred_details_001]
[workflow-method-testDependency-68d04a11-24e6-470a-b053-40692413951...-6d54dadd-ba48-427e-bf93-65b708f0db63] INFO com.example.mattermost.MeetingSchedulerWorkflowImpl - dependenciesMet: ActionId: ask_arun_availability_001, Dependency: get_requester_preferred_details_001, Status: WAITING_FOR_INPUT, IsCompleted: false
[workflow-method-testDependency-68d04a11-24e6-470a-b053-40692413951...-6d54dadd-ba48-427e-bf93-65b708f0db63] INFO com.example.mattermost.MeetingSchedulerWorkflowImpl - dependenciesMet: ActionId: ask_arun_availability_001, AllDependenciesMet: false
[workflow-method-testDependency-68d04a11-24e6-470a-b053-40692413951...-6d54dadd-ba48-427e-bf93-65b708f0db63] INFO com.example.mattermost.MeetingSchedulerWorkflowImpl - getProcessableActions: Node ID: ask_arun_availability_001, Status: PENDING, IsPending: true, DependenciesMet: false
[workflow-method-testDependency-68d04a11-24e6-470a-b053-40692413951...-6d54dadd-ba48-427e-bf93-65b708f0db63] INFO com.example.mattermost.MeetingSchedulerWorkflowImpl - dependenciesMet: Checking dependencies for actionId: ask_jasbir_availability_001
[workflow-method-testDependency-68d04a11-24e6-470a-b053-40692413951...-6d54dadd-ba48-427e-bf93-65b708f0db63] INFO com.example.mattermost.MeetingSchedulerWorkflowImpl - dependenciesMet: ActionId: ask_jasbir_availability_001 has source dependencies: [get_requester_preferred_details_001]
[workflow-method-testDependency-68d04a11-24e6-470a-b053-40692413951...-6d54dadd-ba48-427e-bf93-65b708f0db63] INFO com.example.mattermost.MeetingSchedulerWorkflowImpl - dependenciesMet: ActionId: ask_jasbir_availability_001, Dependency: get_requester_preferred_details_001, Status: WAITING_FOR_INPUT, IsCompleted: false
[workflow-method-testDependency-68d04a11-24e6-470a-b053-40692413951...-6d54dadd-ba48-427e-bf93-65b708f0db63] INFO com.example.mattermost.MeetingSchedulerWorkflowImpl - dependenciesMet: ActionId: ask_jasbir_availability_001, AllDependenciesMet: false
[workflow-method-testDependency-68d04a11-24e6-470a-b053-40692413951...-6d54dadd-ba48-427e-bf93-65b708f0db63] INFO com.example.mattermost.MeetingSchedulerWorkflowImpl - getProcessableActions: Node ID: ask_jasbir_availability_001, Status: PENDING, IsPending: true, DependenciesMet: false
[workflow-method-testDependency-68d04a11-24e6-470a-b053-40692413951...-6d54dadd-ba48-427e-bf93-65b708f0db63] INFO com.example.mattermost.MeetingSchedulerWorkflowImpl - dependenciesMet: Checking dependencies for actionId: consolidate_availabilities_001
[workflow-method-testDependency-68d04a11-24e6-470a-b053-40692413951...-6d54dadd-ba48-427e-bf93-65b708f0db63] INFO com.example.mattermost.MeetingSchedulerWorkflowImpl - dependenciesMet: ActionId: consolidate_availabilities_001 has source dependencies: [get_requester_preferred_details_001, ask_arun_availability_001, ask_jasbir_availability_001]
[workflow-method-testDependency-68d04a11-24e6-470a-b053-40692413951...-6d54dadd-ba48-427e-bf93-65b708f0db63] INFO com.example.mattermost.MeetingSchedulerWorkflowImpl - dependenciesMet: ActionId: consolidate_availabilities_001, Dependency: get_requester_preferred_details_001, Status: WAITING_FOR_INPUT, IsCompleted: false
[workflow-method-testDependency-68d04a11-24e6-470a-b053-40692413951...-6d54dadd-ba48-427e-bf93-65b708f0db63] INFO com.example.mattermost.MeetingSchedulerWorkflowImpl - dependenciesMet: ActionId: consolidate_availabilities_001, AllDependenciesMet: false
[workflow-method-testDependency-68d04a11-24e6-470a-b053-40692413951...-6d54dadd-ba48-427e-bf93-65b708f0db63] INFO com.example.mattermost.MeetingSchedulerWorkflowImpl - getProcessableActions: Node ID: consolidate_availabilities_001, Status: PENDING, IsPending: true, DependenciesMet: false
[workflow-method-testDependency-68d04a11-24e6-470a-b053-40692413951...-6d54dadd-ba48-427e-bf93-65b708f0db63] INFO com.example.mattermost.MeetingSchedulerWorkflowImpl - dependenciesMet: Checking dependencies for actionId: propose_final_time_for_approval_001
[workflow-method-testDependency-68d04a11-24e6-470a-b053-40692413951...-6d54dadd-ba48-427e-bf93-65b708f0db63] INFO com.example.mattermost.MeetingSchedulerWorkflowImpl - dependenciesMet: ActionId: propose_final_time_for_approval_001 has source dependencies: [consolidate_availabilities_001]
[workflow-method-testDependency-68d04a11-24e6-470a-b053-40692413951...-6d54dadd-ba48-427e-bf93-65b708f0db63] INFO com.example.mattermost.MeetingSchedulerWorkflowImpl - dependenciesMet: ActionId: propose_final_time_for_approval_001, Dependency: consolidate_availabilities_001, Status: PENDING, IsCompleted: false
[workflow-method-testDependency-68d04a11-24e6-470a-b053-40692413951...-6d54dadd-ba48-427e-bf93-65b708f0db63] INFO com.example.mattermost.MeetingSchedulerWorkflowImpl - dependenciesMet: ActionId: propose_final_time_for_approval_001, AllDependenciesMet: false
[workflow-method-testDependency-68d04a11-24e6-470a-b053-40692413951...-6d54dadd-ba48-427e-bf93-65b708f0db63] INFO com.example.mattermost.MeetingSchedulerWorkflowImpl - getProcessableActions: Node ID: propose_final_time_for_approval_001, Status: PENDING, IsPending: true, DependenciesMet: false
[workflow-method-testDependency-68d04a11-24e6-470a-b053-40692413951...-6d54dadd-ba48-427e-bf93-65b708f0db63] INFO com.example.mattermost.MeetingSchedulerWorkflowImpl - dependenciesMet: Checking dependencies for actionId: send_meeting_invite_001
[workflow-method-testDependency-68d04a11-24e6-470a-b053-40692413951...-6d54dadd-ba48-427e-bf93-65b708f0db63] INFO com.example.mattermost.MeetingSchedulerWorkflowImpl - dependenciesMet: ActionId: send_meeting_invite_001 has source dependencies: [propose_final_time_for_approval_001]
[workflow-method-testDependency-68d04a11-24e6-470a-b053-40692413951...-6d54dadd-ba48-427e-bf93-65b708f0db63] INFO com.example.mattermost.MeetingSchedulerWorkflowImpl - dependenciesMet: ActionId: send_meeting_invite_001, Dependency: propose_final_time_for_approval_001, Status: PENDING, IsCompleted: false
[workflow-method-testDependency-68d04a11-24e6-470a-b053-40692413951...-6d54dadd-ba48-427e-bf93-65b708f0db63] INFO com.example.mattermost.MeetingSchedulerWorkflowImpl - dependenciesMet: ActionId: send_meeting_invite_001, AllDependenciesMet: false
[workflow-method-testDependency-68d04a11-24e6-470a-b053-40692413951...-6d54dadd-ba48-427e-bf93-65b708f0db63] INFO com.example.mattermost.MeetingSchedulerWorkflowImpl - getProcessableActions: Node ID: send_meeting_invite_001, Status: PENDING, IsPending: true, DependenciesMet: false
[workflow-method-testDependency-68d04a11-24e6-470a-b053-40692413951...-6d54dadd-ba48-427e-bf93-65b708f0db63] INFO com.example.mattermost.MeetingSchedulerWorkflowImpl - getProcessableActions: Returning 0 processable nodes.
[workflow-method-testDependency-68d04a11-24e6-470a-b053-40692413951...-6d54dadd-ba48-427e-bf93-65b708f0db63] WARN com.example.mattermost.MeetingSchedulerWorkflowImpl - Potential deadlock or all remaining actions are waiting for external signals. Workflow might be stuck if no signals arrive.
[workflow-method-testDependency-68d04a11-24e6-470a-b053-40692413951...-6d54dadd-ba48-427e-bf93-65b708f0db63] INFO com.example.mattermost.MeetingSchedulerWorkflowImpl - dependenciesMet: Checking dependencies for actionId: ask_arun_availability_001
[workflow-method-testDependency-68d04a11-24e6-470a-b053-40692413951...-6d54dadd-ba48-427e-bf93-65b708f0db63] INFO com.example.mattermost.MeetingSchedulerWorkflowImpl - dependenciesMet: ActionId: ask_arun_availability_001 has source dependencies: [get_requester_preferred_details_001]
[workflow-method-testDependency-68d04a11-24e6-470a-b053-40692413951...-6d54dadd-ba48-427e-bf93-65b708f0db63] INFO com.example.mattermost.MeetingSchedulerWorkflowImpl - dependenciesMet: ActionId: ask_arun_availability_001, Dependency: get_requester_preferred_details_001, Status: WAITING_FOR_INPUT, IsCompleted: false
[workflow-method-testDependency-68d04a11-24e6-470a-b053-40692413951...-6d54dadd-ba48-427e-bf93-65b708f0db63] INFO com.example.mattermost.MeetingSchedulerWorkflowImpl - dependenciesMet: ActionId: ask_arun_availability_001, AllDependenciesMet: false
[main] INFO com.example.mattermost.MeetingSchedulerWorkflowTest - Test: Signal for get_requester_preferred_details_001 sent.
[main] INFO com.example.mattermost.MeetingSchedulerWorkflowTest - Test: Verifying ask for ask_arun_availability_001
[workflow-method-testDependency-68d04a11-24e6-470a-b053-40692413951...-6d54dadd-ba48-427e-bf93-65b708f0db63] INFO com.example.mattermost.MeetingSchedulerWorkflowImpl - dependenciesMet: Checking dependencies for actionId: ask_jasbir_availability_001
[workflow-method-testDependency-68d04a11-24e6-470a-b053-40692413951...-6d54dadd-ba48-427e-bf93-65b708f0db63] INFO com.example.mattermost.MeetingSchedulerWorkflowImpl - dependenciesMet: ActionId: ask_jasbir_availability_001 has source dependencies: [get_requester_preferred_details_001]
[workflow-method-testDependency-68d04a11-24e6-470a-b053-40692413951...-6d54dadd-ba48-427e-bf93-65b708f0db63] INFO com.example.mattermost.MeetingSchedulerWorkflowImpl - dependenciesMet: ActionId: ask_jasbir_availability_001, Dependency: get_requester_preferred_details_001, Status: WAITING_FOR_INPUT, IsCompleted: false
[workflow-method-testDependency-68d04a11-24e6-470a-b053-40692413951...-6d54dadd-ba48-427e-bf93-65b708f0db63] INFO com.example.mattermost.MeetingSchedulerWorkflowImpl - dependenciesMet: ActionId: ask_jasbir_availability_001, AllDependenciesMet: false
[workflow-method-testDependency-68d04a11-24e6-470a-b053-40692413951...-6d54dadd-ba48-427e-bf93-65b708f0db63] INFO com.example.mattermost.MeetingSchedulerWorkflowImpl - dependenciesMet: Checking dependencies for actionId: consolidate_availabilities_001
[workflow-method-testDependency-68d04a11-24e6-470a-b053-40692413951...-6d54dadd-ba48-427e-bf93-65b708f0db63] INFO com.example.mattermost.MeetingSchedulerWorkflowImpl - dependenciesMet: ActionId: consolidate_availabilities_001 has source dependencies: [get_requester_preferred_details_001, ask_arun_availability_001, ask_jasbir_availability_001]
[workflow-method-testDependency-68d04a11-24e6-470a-b053-40692413951...-6d54dadd-ba48-427e-bf93-65b708f0db63] INFO com.example.mattermost.MeetingSchedulerWorkflowImpl - dependenciesMet: ActionId: consolidate_availabilities_001, Dependency: get_requester_preferred_details_001, Status: WAITING_FOR_INPUT, IsCompleted: false
[workflow-method-testDependency-68d04a11-24e6-470a-b053-40692413951...-6d54dadd-ba48-427e-bf93-65b708f0db63] INFO com.example.mattermost.MeetingSchedulerWorkflowImpl - dependenciesMet: ActionId: consolidate_availabilities_001, AllDependenciesMet: false
[workflow-method-testDependency-68d04a11-24e6-470a-b053-40692413951...-6d54dadd-ba48-427e-bf93-65b708f0db63] INFO com.example.mattermost.MeetingSchedulerWorkflowImpl - dependenciesMet: Checking dependencies for actionId: propose_final_time_for_approval_001
[workflow-method-testDependency-68d04a11-24e6-470a-b053-40692413951...-6d54dadd-ba48-427e-bf93-65b708f0db63] INFO com.example.mattermost.MeetingSchedulerWorkflowImpl - dependenciesMet: ActionId: propose_final_time_for_approval_001 has source dependencies: [consolidate_availabilities_001]
[workflow-method-testDependency-68d04a11-24e6-470a-b053-40692413951...-6d54dadd-ba48-427e-bf93-65b708f0db63] INFO com.example.mattermost.MeetingSchedulerWorkflowImpl - dependenciesMet: ActionId: propose_final_time_for_approval_001, Dependency: consolidate_availabilities_001, Status: PENDING, IsCompleted: false
[workflow-method-testDependency-68d04a11-24e6-470a-b053-40692413951...-6d54dadd-ba48-427e-bf93-65b708f0db63] INFO com.example.mattermost.MeetingSchedulerWorkflowImpl - dependenciesMet: ActionId: propose_final_time_for_approval_001, AllDependenciesMet: false
[workflow-method-testDependency-68d04a11-24e6-470a-b053-40692413951...-6d54dadd-ba48-427e-bf93-65b708f0db63] INFO com.example.mattermost.MeetingSchedulerWorkflowImpl - dependenciesMet: Checking dependencies for actionId: send_meeting_invite_001
[workflow-method-testDependency-68d04a11-24e6-470a-b053-40692413951...-6d54dadd-ba48-427e-bf93-65b708f0db63] INFO com.example.mattermost.MeetingSchedulerWorkflowImpl - dependenciesMet: ActionId: send_meeting_invite_001 has source dependencies: [propose_final_time_for_approval_001]
[workflow-method-testDependency-68d04a11-24e6-470a-b053-40692413951...-6d54dadd-ba48-427e-bf93-65b708f0db63] INFO com.example.mattermost.MeetingSchedulerWorkflowImpl - dependenciesMet: ActionId: send_meeting_invite_001, Dependency: propose_final_time_for_approval_001, Status: PENDING, IsCompleted: false
[workflow-method-testDependency-68d04a11-24e6-470a-b053-40692413951...-6d54dadd-ba48-427e-bf93-65b708f0db63] INFO com.example.mattermost.MeetingSchedulerWorkflowImpl - dependenciesMet: ActionId: send_meeting_invite_001, AllDependenciesMet: false
[workflow-method-testDependency-68d04a11-24e6-470a-b053-40692413951...-6d54dadd-ba48-427e-bf93-65b708f0db63] INFO com.example.mattermost.MeetingSchedulerWorkflowImpl - Main loop: Checking processable actions.
[workflow-method-testDependency-68d04a11-24e6-470a-b053-40692413951...-6d54dadd-ba48-427e-bf93-65b708f0db63] INFO com.example.mattermost.MeetingSchedulerWorkflowImpl - getProcessableActions: Checking all nodes in currentGoal.
[workflow-method-testDependency-68d04a11-24e6-470a-b053-40692413951...-6d54dadd-ba48-427e-bf93-65b708f0db63] INFO com.example.mattermost.MeetingSchedulerWorkflowImpl - getProcessableActions: Node ID: get_requester_preferred_details_001, Status: WAITING_FOR_INPUT, IsPending: false, DependenciesMet: false
[workflow-method-testDependency-68d04a11-24e6-470a-b053-40692413951...-6d54dadd-ba48-427e-bf93-65b708f0db63] INFO com.example.mattermost.MeetingSchedulerWorkflowImpl - dependenciesMet: Checking dependencies for actionId: ask_arun_availability_001
[workflow-method-testDependency-68d04a11-24e6-470a-b053-40692413951...-6d54dadd-ba48-427e-bf93-65b708f0db63] INFO com.example.mattermost.MeetingSchedulerWorkflowImpl - dependenciesMet: ActionId: ask_arun_availability_001 has source dependencies: [get_requester_preferred_details_001]
[workflow-method-testDependency-68d04a11-24e6-470a-b053-40692413951...-6d54dadd-ba48-427e-bf93-65b708f0db63] INFO com.example.mattermost.MeetingSchedulerWorkflowImpl - dependenciesMet: ActionId: ask_arun_availability_001, Dependency: get_requester_preferred_details_001, Status: WAITING_FOR_INPUT, IsCompleted: false
[workflow-method-testDependency-68d04a11-24e6-470a-b053-40692413951...-6d54dadd-ba48-427e-bf93-65b708f0db63] INFO com.example.mattermost.MeetingSchedulerWorkflowImpl - dependenciesMet: ActionId: ask_arun_availability_001, AllDependenciesMet: false
[workflow-method-testDependency-68d04a11-24e6-470a-b053-40692413951...-6d54dadd-ba48-427e-bf93-65b708f0db63] INFO com.example.mattermost.MeetingSchedulerWorkflowImpl - getProcessableActions: Node ID: ask_arun_availability_001, Status: PENDING, IsPending: true, DependenciesMet: false
[workflow-method-testDependency-68d04a11-24e6-470a-b053-40692413951...-6d54dadd-ba48-427e-bf93-65b708f0db63] INFO com.example.mattermost.MeetingSchedulerWorkflowImpl - dependenciesMet: Checking dependencies for actionId: ask_jasbir_availability_001
[workflow-method-testDependency-68d04a11-24e6-470a-b053-40692413951...-6d54dadd-ba48-427e-bf93-65b708f0db63] INFO com.example.mattermost.MeetingSchedulerWorkflowImpl - dependenciesMet: ActionId: ask_jasbir_availability_001 has source dependencies: [get_requester_preferred_details_001]
[workflow-method-testDependency-68d04a11-24e6-470a-b053-40692413951...-6d54dadd-ba48-427e-bf93-65b708f0db63] INFO com.example.mattermost.MeetingSchedulerWorkflowImpl - dependenciesMet: ActionId: ask_jasbir_availability_001, Dependency: get_requester_preferred_details_001, Status: WAITING_FOR_INPUT, IsCompleted: false
[workflow-method-testDependency-68d04a11-24e6-470a-b053-40692413951...-6d54dadd-ba48-427e-bf93-65b708f0db63] INFO com.example.mattermost.MeetingSchedulerWorkflowImpl - dependenciesMet: ActionId: ask_jasbir_availability_001, AllDependenciesMet: false
[workflow-method-testDependency-68d04a11-24e6-470a-b053-40692413951...-6d54dadd-ba48-427e-bf93-65b708f0db63] INFO com.example.mattermost.MeetingSchedulerWorkflowImpl - getProcessableActions: Node ID: ask_jasbir_availability_001, Status: PENDING, IsPending: true, DependenciesMet: false
[workflow-method-testDependency-68d04a11-24e6-470a-b053-40692413951...-6d54dadd-ba48-427e-bf93-65b708f0db63] INFO com.example.mattermost.MeetingSchedulerWorkflowImpl - dependenciesMet: Checking dependencies for actionId: consolidate_availabilities_001
[workflow-method-testDependency-68d04a11-24e6-470a-b053-40692413951...-6d54dadd-ba48-427e-bf93-65b708f0db63] INFO com.example.mattermost.MeetingSchedulerWorkflowImpl - dependenciesMet: ActionId: consolidate_availabilities_001 has source dependencies: [get_requester_preferred_details_001, ask_arun_availability_001, ask_jasbir_availability_001]
[workflow-method-testDependency-68d04a11-24e6-470a-b053-40692413951...-6d54dadd-ba48-427e-bf93-65b708f0db63] INFO com.example.mattermost.MeetingSchedulerWorkflowImpl - dependenciesMet: ActionId: consolidate_availabilities_001, Dependency: get_requester_preferred_details_001, Status: WAITING_FOR_INPUT, IsCompleted: false
[workflow-method-testDependency-68d04a11-24e6-470a-b053-40692413951...-6d54dadd-ba48-427e-bf93-65b708f0db63] INFO com.example.mattermost.MeetingSchedulerWorkflowImpl - dependenciesMet: ActionId: consolidate_availabilities_001, AllDependenciesMet: false
[workflow-method-testDependency-68d04a11-24e6-470a-b053-40692413951...-6d54dadd-ba48-427e-bf93-65b708f0db63] INFO com.example.mattermost.MeetingSchedulerWorkflowImpl - getProcessableActions: Node ID: consolidate_availabilities_001, Status: PENDING, IsPending: true, DependenciesMet: false
[workflow-method-testDependency-68d04a11-24e6-470a-b053-40692413951...-6d54dadd-ba48-427e-bf93-65b708f0db63] INFO com.example.mattermost.MeetingSchedulerWorkflowImpl - dependenciesMet: Checking dependencies for actionId: propose_final_time_for_approval_001
[workflow-method-testDependency-68d04a11-24e6-470a-b053-40692413951...-6d54dadd-ba48-427e-bf93-65b708f0db63] INFO com.example.mattermost.MeetingSchedulerWorkflowImpl - dependenciesMet: ActionId: propose_final_time_for_approval_001 has source dependencies: [consolidate_availabilities_001]
[workflow-method-testDependency-68d04a11-24e6-470a-b053-40692413951...-6d54dadd-ba48-427e-bf93-65b708f0db63] INFO com.example.mattermost.MeetingSchedulerWorkflowImpl - dependenciesMet: ActionId: propose_final_time_for_approval_001, Dependency: consolidate_availabilities_001, Status: PENDING, IsCompleted: false
[workflow-method-testDependency-68d04a11-24e6-470a-b053-40692413951...-6d54dadd-ba48-427e-bf93-65b708f0db63] INFO com.example.mattermost.MeetingSchedulerWorkflowImpl - dependenciesMet: ActionId: propose_final_time_for_approval_001, AllDependenciesMet: false
[workflow-method-testDependency-68d04a11-24e6-470a-b053-40692413951...-6d54dadd-ba48-427e-bf93-65b708f0db63] INFO com.example.mattermost.MeetingSchedulerWorkflowImpl - getProcessableActions: Node ID: propose_final_time_for_approval_001, Status: PENDING, IsPending: true, DependenciesMet: false
[workflow-method-testDependency-68d04a11-24e6-470a-b053-40692413951...-6d54dadd-ba48-427e-bf93-65b708f0db63] INFO com.example.mattermost.MeetingSchedulerWorkflowImpl - dependenciesMet: Checking dependencies for actionId: send_meeting_invite_001
[workflow-method-testDependency-68d04a11-24e6-470a-b053-40692413951...-6d54dadd-ba48-427e-bf93-65b708f0db63] INFO com.example.mattermost.MeetingSchedulerWorkflowImpl - dependenciesMet: ActionId: send_meeting_invite_001 has source dependencies: [propose_final_time_for_approval_001]
[workflow-method-testDependency-68d04a11-24e6-470a-b053-40692413951...-6d54dadd-ba48-427e-bf93-65b708f0db63] INFO com.example.mattermost.MeetingSchedulerWorkflowImpl - dependenciesMet: ActionId: send_meeting_invite_001, Dependency: propose_final_time_for_approval_001, Status: PENDING, IsCompleted: false
[workflow-method-testDependency-68d04a11-24e6-470a-b053-40692413951...-6d54dadd-ba48-427e-bf93-65b708f0db63] INFO com.example.mattermost.MeetingSchedulerWorkflowImpl - dependenciesMet: ActionId: send_meeting_invite_001, AllDependenciesMet: false
[workflow-method-testDependency-68d04a11-24e6-470a-b053-40692413951...-6d54dadd-ba48-427e-bf93-65b708f0db63] INFO com.example.mattermost.MeetingSchedulerWorkflowImpl - getProcessableActions: Node ID: send_meeting_invite_001, Status: PENDING, IsPending: true, DependenciesMet: false
[workflow-method-testDependency-68d04a11-24e6-470a-b053-40692413951...-6d54dadd-ba48-427e-bf93-65b708f0db63] INFO com.example.mattermost.MeetingSchedulerWorkflowImpl - getProcessableActions: Returning 0 processable nodes.
[workflow-method-testDependency-68d04a11-24e6-470a-b053-40692413951...-6d54dadd-ba48-427e-bf93-65b708f0db63] INFO com.example.mattermost.MeetingSchedulerWorkflowImpl - Main loop: Found 0 processable actions: []
[workflow-method-testDependency-68d04a11-24e6-470a-b053-40692413951...-6d54dadd-ba48-427e-bf93-65b708f0db63] INFO com.example.mattermost.MeetingSchedulerWorkflowImpl - getProcessableActions: Checking all nodes in currentGoal.
[workflow-method-testDependency-68d04a11-24e6-470a-b053-40692413951...-6d54dadd-ba48-427e-bf93-65b708f0db63] INFO com.example.mattermost.MeetingSchedulerWorkflowImpl - getProcessableActions: Node ID: get_requester_preferred_details_001, Status: WAITING_FOR_INPUT, IsPending: false, DependenciesMet: false
[workflow-method-testDependency-68d04a11-24e6-470a-b053-40692413951...-6d54dadd-ba48-427e-bf93-65b708f0db63] INFO com.example.mattermost.MeetingSchedulerWorkflowImpl - dependenciesMet: Checking dependencies for actionId: ask_arun_availability_001
[workflow-method-testDependency-68d04a11-24e6-470a-b053-40692413951...-6d54dadd-ba48-427e-bf93-65b708f0db63] INFO com.example.mattermost.MeetingSchedulerWorkflowImpl - dependenciesMet: ActionId: ask_arun_availability_001 has source dependencies: [get_requester_preferred_details_001]
[workflow-method-testDependency-68d04a11-24e6-470a-b053-40692413951...-6d54dadd-ba48-427e-bf93-65b708f0db63] INFO com.example.mattermost.MeetingSchedulerWorkflowImpl - dependenciesMet: ActionId: ask_arun_availability_001, Dependency: get_requester_preferred_details_001, Status: WAITING_FOR_INPUT, IsCompleted: false
[workflow-method-testDependency-68d04a11-24e6-470a-b053-40692413951...-6d54dadd-ba48-427e-bf93-65b708f0db63] INFO com.example.mattermost.MeetingSchedulerWorkflowImpl - dependenciesMet: ActionId: ask_arun_availability_001, AllDependenciesMet: false
[workflow-method-testDependency-68d04a11-24e6-470a-b053-40692413951...-6d54dadd-ba48-427e-bf93-65b708f0db63] INFO com.example.mattermost.MeetingSchedulerWorkflowImpl - getProcessableActions: Node ID: ask_arun_availability_001, Status: PENDING, IsPending: true, DependenciesMet: false
[workflow-method-testDependency-68d04a11-24e6-470a-b053-40692413951...-6d54dadd-ba48-427e-bf93-65b708f0db63] INFO com.example.mattermost.MeetingSchedulerWorkflowImpl - dependenciesMet: Checking dependencies for actionId: ask_jasbir_availability_001
[workflow-method-testDependency-68d04a11-24e6-470a-b053-40692413951...-6d54dadd-ba48-427e-bf93-65b708f0db63] INFO com.example.mattermost.MeetingSchedulerWorkflowImpl - dependenciesMet: ActionId: ask_jasbir_availability_001 has source dependencies: [get_requester_preferred_details_001]
[workflow-method-testDependency-68d04a11-24e6-470a-b053-40692413951...-6d54dadd-ba48-427e-bf93-65b708f0db63] INFO com.example.mattermost.MeetingSchedulerWorkflowImpl - dependenciesMet: ActionId: ask_jasbir_availability_001, Dependency: get_requester_preferred_details_001, Status: WAITING_FOR_INPUT, IsCompleted: false
[workflow-method-testDependency-68d04a11-24e6-470a-b053-40692413951...-6d54dadd-ba48-427e-bf93-65b708f0db63] INFO com.example.mattermost.MeetingSchedulerWorkflowImpl - dependenciesMet: ActionId: ask_jasbir_availability_001, AllDependenciesMet: false
[workflow-method-testDependency-68d04a11-24e6-470a-b053-40692413951...-6d54dadd-ba48-427e-bf93-65b708f0db63] INFO com.example.mattermost.MeetingSchedulerWorkflowImpl - getProcessableActions: Node ID: ask_jasbir_availability_001, Status: PENDING, IsPending: true, DependenciesMet: false
[workflow-method-testDependency-68d04a11-24e6-470a-b053-40692413951...-6d54dadd-ba48-427e-bf93-65b708f0db63] INFO com.example.mattermost.MeetingSchedulerWorkflowImpl - dependenciesMet: Checking dependencies for actionId: consolidate_availabilities_001
[workflow-method-testDependency-68d04a11-24e6-470a-b053-40692413951...-6d54dadd-ba48-427e-bf93-65b708f0db63] INFO com.example.mattermost.MeetingSchedulerWorkflowImpl - dependenciesMet: ActionId: consolidate_availabilities_001 has source dependencies: [get_requester_preferred_details_001, ask_arun_availability_001, ask_jasbir_availability_001]
[workflow-method-testDependency-68d04a11-24e6-470a-b053-40692413951...-6d54dadd-ba48-427e-bf93-65b708f0db63] INFO com.example.mattermost.MeetingSchedulerWorkflowImpl - dependenciesMet: ActionId: consolidate_availabilities_001, Dependency: get_requester_preferred_details_001, Status: WAITING_FOR_INPUT, IsCompleted: false
[workflow-method-testDependency-68d04a11-24e6-470a-b053-40692413951...-6d54dadd-ba48-427e-bf93-65b708f0db63] INFO com.example.mattermost.MeetingSchedulerWorkflowImpl - dependenciesMet: ActionId: consolidate_availabilities_001, AllDependenciesMet: false
[workflow-method-testDependency-68d04a11-24e6-470a-b053-40692413951...-6d54dadd-ba48-427e-bf93-65b708f0db63] INFO com.example.mattermost.MeetingSchedulerWorkflowImpl - getProcessableActions: Node ID: consolidate_availabilities_001, Status: PENDING, IsPending: true, DependenciesMet: false
[workflow-method-testDependency-68d04a11-24e6-470a-b053-40692413951...-6d54dadd-ba48-427e-bf93-65b708f0db63] INFO com.example.mattermost.MeetingSchedulerWorkflowImpl - dependenciesMet: Checking dependencies for actionId: propose_final_time_for_approval_001
[workflow-method-testDependency-68d04a11-24e6-470a-b053-40692413951...-6d54dadd-ba48-427e-bf93-65b708f0db63] INFO com.example.mattermost.MeetingSchedulerWorkflowImpl - dependenciesMet: ActionId: propose_final_time_for_approval_001 has source dependencies: [consolidate_availabilities_001]
[workflow-method-testDependency-68d04a11-24e6-470a-b053-40692413951...-6d54dadd-ba48-427e-bf93-65b708f0db63] INFO com.example.mattermost.MeetingSchedulerWorkflowImpl - dependenciesMet: ActionId: propose_final_time_for_approval_001, Dependency: consolidate_availabilities_001, Status: PENDING, IsCompleted: false
[workflow-method-testDependency-68d04a11-24e6-470a-b053-40692413951...-6d54dadd-ba48-427e-bf93-65b708f0db63] INFO com.example.mattermost.MeetingSchedulerWorkflowImpl - dependenciesMet: ActionId: propose_final_time_for_approval_001, AllDependenciesMet: false
[workflow-method-testDependency-68d04a11-24e6-470a-b053-40692413951...-6d54dadd-ba48-427e-bf93-65b708f0db63] INFO com.example.mattermost.MeetingSchedulerWorkflowImpl - getProcessableActions: Node ID: propose_final_time_for_approval_001, Status: PENDING, IsPending: true, DependenciesMet: false
[workflow-method-testDependency-68d04a11-24e6-470a-b053-40692413951...-6d54dadd-ba48-427e-bf93-65b708f0db63] INFO com.example.mattermost.MeetingSchedulerWorkflowImpl - dependenciesMet: Checking dependencies for actionId: send_meeting_invite_001
[workflow-method-testDependency-68d04a11-24e6-470a-b053-40692413951...-6d54dadd-ba48-427e-bf93-65b708f0db63] INFO com.example.mattermost.MeetingSchedulerWorkflowImpl - dependenciesMet: ActionId: send_meeting_invite_001 has source dependencies: [propose_final_time_for_approval_001]
[workflow-method-testDependency-68d04a11-24e6-470a-b053-40692413951...-6d54dadd-ba48-427e-bf93-65b708f0db63] INFO com.example.mattermost.MeetingSchedulerWorkflowImpl - dependenciesMet: ActionId: send_meeting_invite_001, Dependency: propose_final_time_for_approval_001, Status: PENDING, IsCompleted: false
[workflow-method-testDependency-68d04a11-24e6-470a-b053-40692413951...-6d54dadd-ba48-427e-bf93-65b708f0db63] INFO com.example.mattermost.MeetingSchedulerWorkflowImpl - dependenciesMet: ActionId: send_meeting_invite_001, AllDependenciesMet: false
[workflow-method-testDependency-68d04a11-24e6-470a-b053-40692413951...-6d54dadd-ba48-427e-bf93-65b708f0db63] INFO com.example.mattermost.MeetingSchedulerWorkflowImpl - getProcessableActions: Node ID: send_meeting_invite_001, Status: PENDING, IsPending: true, DependenciesMet: false
[workflow-method-testDependency-68d04a11-24e6-470a-b053-40692413951...-6d54dadd-ba48-427e-bf93-65b708f0db63] INFO com.example.mattermost.MeetingSchedulerWorkflowImpl - getProcessableActions: Returning 0 processable nodes.
[workflow-method-testDependency-68d04a11-24e6-470a-b053-40692413951...-6d54dadd-ba48-427e-bf93-65b708f0db63] WARN com.example.mattermost.MeetingSchedulerWorkflowImpl - Potential deadlock or all remaining actions are waiting for external signals. Workflow might be stuck if no signals arrive.
[workflow-method-testDependency-68d04a11-24e6-470a-b053-40692413951...-6d54dadd-ba48-427e-bf93-65b708f0db63] INFO com.example.mattermost.MeetingSchedulerWorkflowImpl - dependenciesMet: Checking dependencies for actionId: ask_arun_availability_001
[workflow-method-testDependency-68d04a11-24e6-470a-b053-40692413951...-6d54dadd-ba48-427e-bf93-65b708f0db63] INFO com.example.mattermost.MeetingSchedulerWorkflowImpl - dependenciesMet: ActionId: ask_arun_availability_001 has source dependencies: [get_requester_preferred_details_001]
[workflow-method-testDependency-68d04a11-24e6-470a-b053-40692413951...-6d54dadd-ba48-427e-bf93-65b708f0db63] INFO com.example.mattermost.MeetingSchedulerWorkflowImpl - dependenciesMet: ActionId: ask_arun_availability_001, Dependency: get_requester_preferred_details_001, Status: WAITING_FOR_INPUT, IsCompleted: false
[workflow-method-testDependency-68d04a11-24e6-470a-b053-40692413951...-6d54dadd-ba48-427e-bf93-65b708f0db63] INFO com.example.mattermost.MeetingSchedulerWorkflowImpl - dependenciesMet: ActionId: ask_arun_availability_001, AllDependenciesMet: false
[workflow-method-testDependency-68d04a11-24e6-470a-b053-40692413951...-6d54dadd-ba48-427e-bf93-65b708f0db63] INFO com.example.mattermost.MeetingSchedulerWorkflowImpl - dependenciesMet: Checking dependencies for actionId: ask_jasbir_availability_001
[workflow-method-testDependency-68d04a11-24e6-470a-b053-40692413951...-6d54dadd-ba48-427e-bf93-65b708f0db63] INFO com.example.mattermost.MeetingSchedulerWorkflowImpl - dependenciesMet: ActionId: ask_jasbir_availability_001 has source dependencies: [get_requester_preferred_details_001]
[workflow-method-testDependency-68d04a11-24e6-470a-b053-40692413951...-6d54dadd-ba48-427e-bf93-65b708f0db63] INFO com.example.mattermost.MeetingSchedulerWorkflowImpl - dependenciesMet: ActionId: ask_jasbir_availability_001, Dependency: get_requester_preferred_details_001, Status: WAITING_FOR_INPUT, IsCompleted: false
[workflow-method-testDependency-68d04a11-24e6-470a-b053-40692413951...-6d54dadd-ba48-427e-bf93-65b708f0db63] INFO com.example.mattermost.MeetingSchedulerWorkflowImpl - dependenciesMet: ActionId: ask_jasbir_availability_001, AllDependenciesMet: false
[workflow-method-testDependency-68d04a11-24e6-470a-b053-40692413951...-6d54dadd-ba48-427e-bf93-65b708f0db63] INFO com.example.mattermost.MeetingSchedulerWorkflowImpl - dependenciesMet: Checking dependencies for actionId: consolidate_availabilities_001
[workflow-method-testDependency-68d04a11-24e6-470a-b053-40692413951...-6d54dadd-ba48-427e-bf93-65b708f0db63] INFO com.example.mattermost.MeetingSchedulerWorkflowImpl - dependenciesMet: ActionId: consolidate_availabilities_001 has source dependencies: [get_requester_preferred_details_001, ask_arun_availability_001, ask_jasbir_availability_001]
[workflow-method-testDependency-68d04a11-24e6-470a-b053-40692413951...-6d54dadd-ba48-427e-bf93-65b708f0db63] INFO com.example.mattermost.MeetingSchedulerWorkflowImpl - dependenciesMet: ActionId: consolidate_availabilities_001, Dependency: get_requester_preferred_details_001, Status: WAITING_FOR_INPUT, IsCompleted: false
[workflow-method-testDependency-68d04a11-24e6-470a-b053-40692413951...-6d54dadd-ba48-427e-bf93-65b708f0db63] INFO com.example.mattermost.MeetingSchedulerWorkflowImpl - dependenciesMet: ActionId: consolidate_availabilities_001, AllDependenciesMet: false
[workflow-method-testDependency-68d04a11-24e6-470a-b053-40692413951...-6d54dadd-ba48-427e-bf93-65b708f0db63] INFO com.example.mattermost.MeetingSchedulerWorkflowImpl - dependenciesMet: Checking dependencies for actionId: propose_final_time_for_approval_001
[workflow-method-testDependency-68d04a11-24e6-470a-b053-40692413951...-6d54dadd-ba48-427e-bf93-65b708f0db63] INFO com.example.mattermost.MeetingSchedulerWorkflowImpl - dependenciesMet: ActionId: propose_final_time_for_approval_001 has source dependencies: [consolidate_availabilities_001]
[workflow-method-testDependency-68d04a11-24e6-470a-b053-40692413951...-6d54dadd-ba48-427e-bf93-65b708f0db63] INFO com.example.mattermost.MeetingSchedulerWorkflowImpl - dependenciesMet: ActionId: propose_final_time_for_approval_001, Dependency: consolidate_availabilities_001, Status: PENDING, IsCompleted: false
[workflow-method-testDependency-68d04a11-24e6-470a-b053-40692413951...-6d54dadd-ba48-427e-bf93-65b708f0db63] INFO com.example.mattermost.MeetingSchedulerWorkflowImpl - dependenciesMet: ActionId: propose_final_time_for_approval_001, AllDependenciesMet: false
[workflow-method-testDependency-68d04a11-24e6-470a-b053-40692413951...-6d54dadd-ba48-427e-bf93-65b708f0db63] INFO com.example.mattermost.MeetingSchedulerWorkflowImpl - dependenciesMet: Checking dependencies for actionId: send_meeting_invite_001
[workflow-method-testDependency-68d04a11-24e6-470a-b053-40692413951...-6d54dadd-ba48-427e-bf93-65b708f0db63] INFO com.example.mattermost.MeetingSchedulerWorkflowImpl - dependenciesMet: ActionId: send_meeting_invite_001 has source dependencies: [propose_final_time_for_approval_001]
[workflow-method-testDependency-68d04a11-24e6-470a-b053-40692413951...-6d54dadd-ba48-427e-bf93-65b708f0db63] INFO com.example.mattermost.MeetingSchedulerWorkflowImpl - dependenciesMet: ActionId: send_meeting_invite_001, Dependency: propose_final_time_for_approval_001, Status: PENDING, IsCompleted: false
[workflow-method-testDependency-68d04a11-24e6-470a-b053-40692413951...-6d54dadd-ba48-427e-bf93-65b708f0db63] INFO com.example.mattermost.MeetingSchedulerWorkflowImpl - dependenciesMet: ActionId: send_meeting_invite_001, AllDependenciesMet: false
[workflow-method-testDependency-68d04a11-24e6-470a-b053-40692413951...-6d54dadd-ba48-427e-bf93-65b708f0db63] INFO com.example.mattermost.MeetingSchedulerWorkflowImpl - Main loop: No actions currently processable. Waiting for signals or workflow completion. Current statuses: {get_requester_preferred_details_001=WAITING_FOR_INPUT, propose_final_time_for_approval_001=PENDING, ask_arun_availability_001=PENDING, consolidate_availabilities_001=PENDING, send_meeting_invite_001=PENDING, ask_jasbir_availability_001=PENDING}
[workflow-method-testDependency-68d04a11-24e6-470a-b053-40692413951...-6d54dadd-ba48-427e-bf93-65b708f0db63] INFO com.example.mattermost.MeetingSchedulerWorkflowImpl - getProcessableActions: Checking all nodes in currentGoal.
[workflow-method-testDependency-68d04a11-24e6-470a-b053-40692413951...-6d54dadd-ba48-427e-bf93-65b708f0db63] INFO com.example.mattermost.MeetingSchedulerWorkflowImpl - getProcessableActions: Node ID: get_requester_preferred_details_001, Status: WAITING_FOR_INPUT, IsPending: false, DependenciesMet: false
[workflow-method-testDependency-68d04a11-24e6-470a-b053-40692413951...-6d54dadd-ba48-427e-bf93-65b708f0db63] INFO com.example.mattermost.MeetingSchedulerWorkflowImpl - dependenciesMet: Checking dependencies for actionId: ask_arun_availability_001
[workflow-method-testDependency-68d04a11-24e6-470a-b053-40692413951...-6d54dadd-ba48-427e-bf93-65b708f0db63] INFO com.example.mattermost.MeetingSchedulerWorkflowImpl - dependenciesMet: ActionId: ask_arun_availability_001 has source dependencies: [get_requester_preferred_details_001]
[workflow-method-testDependency-68d04a11-24e6-470a-b053-40692413951...-6d54dadd-ba48-427e-bf93-65b708f0db63] INFO com.example.mattermost.MeetingSchedulerWorkflowImpl - dependenciesMet: ActionId: ask_arun_availability_001, Dependency: get_requester_preferred_details_001, Status: WAITING_FOR_INPUT, IsCompleted: false
[workflow-method-testDependency-68d04a11-24e6-470a-b053-40692413951...-6d54dadd-ba48-427e-bf93-65b708f0db63] INFO com.example.mattermost.MeetingSchedulerWorkflowImpl - dependenciesMet: ActionId: ask_arun_availability_001, AllDependenciesMet: false
[workflow-method-testDependency-68d04a11-24e6-470a-b053-40692413951...-6d54dadd-ba48-427e-bf93-65b708f0db63] INFO com.example.mattermost.MeetingSchedulerWorkflowImpl - getProcessableActions: Node ID: ask_arun_availability_001, Status: PENDING, IsPending: true, DependenciesMet: false
[workflow-method-testDependency-68d04a11-24e6-470a-b053-40692413951...-6d54dadd-ba48-427e-bf93-65b708f0db63] INFO com.example.mattermost.MeetingSchedulerWorkflowImpl - dependenciesMet: Checking dependencies for actionId: ask_jasbir_availability_001
[workflow-method-testDependency-68d04a11-24e6-470a-b053-40692413951...-6d54dadd-ba48-427e-bf93-65b708f0db63] INFO com.example.mattermost.MeetingSchedulerWorkflowImpl - dependenciesMet: ActionId: ask_jasbir_availability_001 has source dependencies: [get_requester_preferred_details_001]
[workflow-method-testDependency-68d04a11-24e6-470a-b053-40692413951...-6d54dadd-ba48-427e-bf93-65b708f0db63] INFO com.example.mattermost.MeetingSchedulerWorkflowImpl - dependenciesMet: ActionId: ask_jasbir_availability_001, Dependency: get_requester_preferred_details_001, Status: WAITING_FOR_INPUT, IsCompleted: false
[workflow-method-testDependency-68d04a11-24e6-470a-b053-40692413951...-6d54dadd-ba48-427e-bf93-65b708f0db63] INFO com.example.mattermost.MeetingSchedulerWorkflowImpl - dependenciesMet: ActionId: ask_jasbir_availability_001, AllDependenciesMet: false
[workflow-method-testDependency-68d04a11-24e6-470a-b053-40692413951...-6d54dadd-ba48-427e-bf93-65b708f0db63] INFO com.example.mattermost.MeetingSchedulerWorkflowImpl - getProcessableActions: Node ID: ask_jasbir_availability_001, Status: PENDING, IsPending: true, DependenciesMet: false
[workflow-method-testDependency-68d04a11-24e6-470a-b053-40692413951...-6d54dadd-ba48-427e-bf93-65b708f0db63] INFO com.example.mattermost.MeetingSchedulerWorkflowImpl - dependenciesMet: Checking dependencies for actionId: consolidate_availabilities_001
[workflow-method-testDependency-68d04a11-24e6-470a-b053-40692413951...-6d54dadd-ba48-427e-bf93-65b708f0db63] INFO com.example.mattermost.MeetingSchedulerWorkflowImpl - dependenciesMet: ActionId: consolidate_availabilities_001 has source dependencies: [get_requester_preferred_details_001, ask_arun_availability_001, ask_jasbir_availability_001]
[workflow-method-testDependency-68d04a11-24e6-470a-b053-40692413951...-6d54dadd-ba48-427e-bf93-65b708f0db63] INFO com.example.mattermost.MeetingSchedulerWorkflowImpl - dependenciesMet: ActionId: consolidate_availabilities_001, Dependency: get_requester_preferred_details_001, Status: WAITING_FOR_INPUT, IsCompleted: false
[workflow-method-testDependency-68d04a11-24e6-470a-b053-40692413951...-6d54dadd-ba48-427e-bf93-65b708f0db63] INFO com.example.mattermost.MeetingSchedulerWorkflowImpl - dependenciesMet: ActionId: consolidate_availabilities_001, AllDependenciesMet: false
[workflow-method-testDependency-68d04a11-24e6-470a-b053-40692413951...-6d54dadd-ba48-427e-bf93-65b708f0db63] INFO com.example.mattermost.MeetingSchedulerWorkflowImpl - getProcessableActions: Node ID: consolidate_availabilities_001, Status: PENDING, IsPending: true, DependenciesMet: false
[workflow-method-testDependency-68d04a11-24e6-470a-b053-40692413951...-6d54dadd-ba48-427e-bf93-65b708f0db63] INFO com.example.mattermost.MeetingSchedulerWorkflowImpl - dependenciesMet: Checking dependencies for actionId: propose_final_time_for_approval_001
[workflow-method-testDependency-68d04a11-24e6-470a-b053-40692413951...-6d54dadd-ba48-427e-bf93-65b708f0db63] INFO com.example.mattermost.MeetingSchedulerWorkflowImpl - dependenciesMet: ActionId: propose_final_time_for_approval_001 has source dependencies: [consolidate_availabilities_001]
[workflow-method-testDependency-68d04a11-24e6-470a-b053-40692413951...-6d54dadd-ba48-427e-bf93-65b708f0db63] INFO com.example.mattermost.MeetingSchedulerWorkflowImpl - dependenciesMet: ActionId: propose_final_time_for_approval_001, Dependency: consolidate_availabilities_001, Status: PENDING, IsCompleted: false
[workflow-method-testDependency-68d04a11-24e6-470a-b053-40692413951...-6d54dadd-ba48-427e-bf93-65b708f0db63] INFO com.example.mattermost.MeetingSchedulerWorkflowImpl - dependenciesMet: ActionId: propose_final_time_for_approval_001, AllDependenciesMet: false
[workflow-method-testDependency-68d04a11-24e6-470a-b053-40692413951...-6d54dadd-ba48-427e-bf93-65b708f0db63] INFO com.example.mattermost.MeetingSchedulerWorkflowImpl - getProcessableActions: Node ID: propose_final_time_for_approval_001, Status: PENDING, IsPending: true, DependenciesMet: false
[workflow-method-testDependency-68d04a11-24e6-470a-b053-40692413951...-6d54dadd-ba48-427e-bf93-65b708f0db63] INFO com.example.mattermost.MeetingSchedulerWorkflowImpl - dependenciesMet: Checking dependencies for actionId: send_meeting_invite_001
[workflow-method-testDependency-68d04a11-24e6-470a-b053-40692413951...-6d54dadd-ba48-427e-bf93-65b708f0db63] INFO com.example.mattermost.MeetingSchedulerWorkflowImpl - dependenciesMet: ActionId: send_meeting_invite_001 has source dependencies: [propose_final_time_for_approval_001]
[workflow-method-testDependency-68d04a11-24e6-470a-b053-40692413951...-6d54dadd-ba48-427e-bf93-65b708f0db63] INFO com.example.mattermost.MeetingSchedulerWorkflowImpl - dependenciesMet: ActionId: send_meeting_invite_001, Dependency: propose_final_time_for_approval_001, Status: PENDING, IsCompleted: false
[workflow-method-testDependency-68d04a11-24e6-470a-b053-40692413951...-6d54dadd-ba48-427e-bf93-65b708f0db63] INFO com.example.mattermost.MeetingSchedulerWorkflowImpl - dependenciesMet: ActionId: send_meeting_invite_001, AllDependenciesMet: false
[workflow-method-testDependency-68d04a11-24e6-470a-b053-40692413951...-6d54dadd-ba48-427e-bf93-65b708f0db63] INFO com.example.mattermost.MeetingSchedulerWorkflowImpl - getProcessableActions: Node ID: send_meeting_invite_001, Status: PENDING, IsPending: true, DependenciesMet: false
[workflow-method-testDependency-68d04a11-24e6-470a-b053-40692413951...-6d54dadd-ba48-427e-bf93-65b708f0db63] INFO com.example.mattermost.MeetingSchedulerWorkflowImpl - getProcessableActions: Returning 0 processable nodes.
[workflow-method-testDependency-68d04a11-24e6-470a-b053-40692413951...-6d54dadd-ba48-427e-bf93-65b708f0db63] INFO com.example.mattermost.MeetingSchedulerWorkflowImpl - getProcessableActions: Checking all nodes in currentGoal.
[workflow-method-testDependency-68d04a11-24e6-470a-b053-40692413951...-6d54dadd-ba48-427e-bf93-65b708f0db63] INFO com.example.mattermost.MeetingSchedulerWorkflowImpl - getProcessableActions: Node ID: get_requester_preferred_details_001, Status: WAITING_FOR_INPUT, IsPending: false, DependenciesMet: false
[workflow-method-testDependency-68d04a11-24e6-470a-b053-40692413951...-6d54dadd-ba48-427e-bf93-65b708f0db63] INFO com.example.mattermost.MeetingSchedulerWorkflowImpl - dependenciesMet: Checking dependencies for actionId: ask_arun_availability_001
[workflow-method-testDependency-68d04a11-24e6-470a-b053-40692413951...-6d54dadd-ba48-427e-bf93-65b708f0db63] INFO com.example.mattermost.MeetingSchedulerWorkflowImpl - dependenciesMet: ActionId: ask_arun_availability_001 has source dependencies: [get_requester_preferred_details_001]
[workflow-method-testDependency-68d04a11-24e6-470a-b053-40692413951...-6d54dadd-ba48-427e-bf93-65b708f0db63] INFO com.example.mattermost.MeetingSchedulerWorkflowImpl - dependenciesMet: ActionId: ask_arun_availability_001, Dependency: get_requester_preferred_details_001, Status: WAITING_FOR_INPUT, IsCompleted: false
[workflow-method-testDependency-68d04a11-24e6-470a-b053-40692413951...-6d54dadd-ba48-427e-bf93-65b708f0db63] INFO com.example.mattermost.MeetingSchedulerWorkflowImpl - dependenciesMet: ActionId: ask_arun_availability_001, AllDependenciesMet: false
[workflow-method-testDependency-68d04a11-24e6-470a-b053-40692413951...-6d54dadd-ba48-427e-bf93-65b708f0db63] INFO com.example.mattermost.MeetingSchedulerWorkflowImpl - getProcessableActions: Node ID: ask_arun_availability_001, Status: PENDING, IsPending: true, DependenciesMet: false
[workflow-method-testDependency-68d04a11-24e6-470a-b053-40692413951...-6d54dadd-ba48-427e-bf93-65b708f0db63] INFO com.example.mattermost.MeetingSchedulerWorkflowImpl - dependenciesMet: Checking dependencies for actionId: ask_jasbir_availability_001
[workflow-method-testDependency-68d04a11-24e6-470a-b053-40692413951...-6d54dadd-ba48-427e-bf93-65b708f0db63] INFO com.example.mattermost.MeetingSchedulerWorkflowImpl - dependenciesMet: ActionId: ask_jasbir_availability_001 has source dependencies: [get_requester_preferred_details_001]
[workflow-method-testDependency-68d04a11-24e6-470a-b053-40692413951...-6d54dadd-ba48-427e-bf93-65b708f0db63] INFO com.example.mattermost.MeetingSchedulerWorkflowImpl - dependenciesMet: ActionId: ask_jasbir_availability_001, Dependency: get_requester_preferred_details_001, Status: WAITING_FOR_INPUT, IsCompleted: false
[workflow-method-testDependency-68d04a11-24e6-470a-b053-40692413951...-6d54dadd-ba48-427e-bf93-65b708f0db63] INFO com.example.mattermost.MeetingSchedulerWorkflowImpl - dependenciesMet: ActionId: ask_jasbir_availability_001, AllDependenciesMet: false
[workflow-method-testDependency-68d04a11-24e6-470a-b053-40692413951...-6d54dadd-ba48-427e-bf93-65b708f0db63] INFO com.example.mattermost.MeetingSchedulerWorkflowImpl - getProcessableActions: Node ID: ask_jasbir_availability_001, Status: PENDING, IsPending: true, DependenciesMet: false
[workflow-method-testDependency-68d04a11-24e6-470a-b053-40692413951...-6d54dadd-ba48-427e-bf93-65b708f0db63] INFO com.example.mattermost.MeetingSchedulerWorkflowImpl - dependenciesMet: Checking dependencies for actionId: consolidate_availabilities_001
[workflow-method-testDependency-68d04a11-24e6-470a-b053-40692413951...-6d54dadd-ba48-427e-bf93-65b708f0db63] INFO com.example.mattermost.MeetingSchedulerWorkflowImpl - dependenciesMet: ActionId: consolidate_availabilities_001 has source dependencies: [get_requester_preferred_details_001, ask_arun_availability_001, ask_jasbir_availability_001]
[workflow-method-testDependency-68d04a11-24e6-470a-b053-40692413951...-6d54dadd-ba48-427e-bf93-65b708f0db63] INFO com.example.mattermost.MeetingSchedulerWorkflowImpl - dependenciesMet: ActionId: consolidate_availabilities_001, Dependency: get_requester_preferred_details_001, Status: WAITING_FOR_INPUT, IsCompleted: false
[workflow-method-testDependency-68d04a11-24e6-470a-b053-40692413951...-6d54dadd-ba48-427e-bf93-65b708f0db63] INFO com.example.mattermost.MeetingSchedulerWorkflowImpl - dependenciesMet: ActionId: consolidate_availabilities_001, AllDependenciesMet: false
[workflow-method-testDependency-68d04a11-24e6-470a-b053-40692413951...-6d54dadd-ba48-427e-bf93-65b708f0db63] INFO com.example.mattermost.MeetingSchedulerWorkflowImpl - getProcessableActions: Node ID: consolidate_availabilities_001, Status: PENDING, IsPending: true, DependenciesMet: false
[workflow-method-testDependency-68d04a11-24e6-470a-b053-40692413951...-6d54dadd-ba48-427e-bf93-65b708f0db63] INFO com.example.mattermost.MeetingSchedulerWorkflowImpl - dependenciesMet: Checking dependencies for actionId: propose_final_time_for_approval_001
[workflow-method-testDependency-68d04a11-24e6-470a-b053-40692413951...-6d54dadd-ba48-427e-bf93-65b708f0db63] INFO com.example.mattermost.MeetingSchedulerWorkflowImpl - dependenciesMet: ActionId: propose_final_time_for_approval_001 has source dependencies: [consolidate_availabilities_001]
[workflow-method-testDependency-68d04a11-24e6-470a-b053-40692413951...-6d54dadd-ba48-427e-bf93-65b708f0db63] INFO com.example.mattermost.MeetingSchedulerWorkflowImpl - dependenciesMet: ActionId: propose_final_time_for_approval_001, Dependency: consolidate_availabilities_001, Status: PENDING, IsCompleted: false
[workflow-method-testDependency-68d04a11-24e6-470a-b053-40692413951...-6d54dadd-ba48-427e-bf93-65b708f0db63] INFO com.example.mattermost.MeetingSchedulerWorkflowImpl - dependenciesMet: ActionId: propose_final_time_for_approval_001, AllDependenciesMet: false
[workflow-method-testDependency-68d04a11-24e6-470a-b053-40692413951...-6d54dadd-ba48-427e-bf93-65b708f0db63] INFO com.example.mattermost.MeetingSchedulerWorkflowImpl - getProcessableActions: Node ID: propose_final_time_for_approval_001, Status: PENDING, IsPending: true, DependenciesMet: false
[workflow-method-testDependency-68d04a11-24e6-470a-b053-40692413951...-6d54dadd-ba48-427e-bf93-65b708f0db63] INFO com.example.mattermost.MeetingSchedulerWorkflowImpl - dependenciesMet: Checking dependencies for actionId: send_meeting_invite_001
[workflow-method-testDependency-68d04a11-24e6-470a-b053-40692413951...-6d54dadd-ba48-427e-bf93-65b708f0db63] INFO com.example.mattermost.MeetingSchedulerWorkflowImpl - dependenciesMet: ActionId: send_meeting_invite_001 has source dependencies: [propose_final_time_for_approval_001]
[workflow-method-testDependency-68d04a11-24e6-470a-b053-40692413951...-6d54dadd-ba48-427e-bf93-65b708f0db63] INFO com.example.mattermost.MeetingSchedulerWorkflowImpl - dependenciesMet: ActionId: send_meeting_invite_001, Dependency: propose_final_time_for_approval_001, Status: PENDING, IsCompleted: false
[workflow-method-testDependency-68d04a11-24e6-470a-b053-40692413951...-6d54dadd-ba48-427e-bf93-65b708f0db63] INFO com.example.mattermost.MeetingSchedulerWorkflowImpl - dependenciesMet: ActionId: send_meeting_invite_001, AllDependenciesMet: false
[workflow-method-testDependency-68d04a11-24e6-470a-b053-40692413951...-6d54dadd-ba48-427e-bf93-65b708f0db63] INFO com.example.mattermost.MeetingSchedulerWorkflowImpl - getProcessableActions: Node ID: send_meeting_invite_001, Status: PENDING, IsPending: true, DependenciesMet: false
[workflow-method-testDependency-68d04a11-24e6-470a-b053-40692413951...-6d54dadd-ba48-427e-bf93-65b708f0db63] INFO com.example.mattermost.MeetingSchedulerWorkflowImpl - getProcessableActions: Returning 0 processable nodes.
[workflow-method-testDependency-68d04a11-24e6-470a-b053-40692413951...-6d54dadd-ba48-427e-bf93-65b708f0db63] WARN com.example.mattermost.MeetingSchedulerWorkflowImpl - Potential deadlock or all remaining actions are waiting for external signals. Workflow might be stuck if no signals arrive.
[workflow-method-testDependency-68d04a11-24e6-470a-b053-40692413951...-6d54dadd-ba48-427e-bf93-65b708f0db63] INFO com.example.mattermost.MeetingSchedulerWorkflowImpl - dependenciesMet: Checking dependencies for actionId: ask_arun_availability_001
[workflow-method-testDependency-68d04a11-24e6-470a-b053-40692413951...-6d54dadd-ba48-427e-bf93-65b708f0db63] INFO com.example.mattermost.MeetingSchedulerWorkflowImpl - dependenciesMet: ActionId: ask_arun_availability_001 has source dependencies: [get_requester_preferred_details_001]
[workflow-method-testDependency-68d04a11-24e6-470a-b053-40692413951...-6d54dadd-ba48-427e-bf93-65b708f0db63] INFO com.example.mattermost.MeetingSchedulerWorkflowImpl - dependenciesMet: ActionId: ask_arun_availability_001, Dependency: get_requester_preferred_details_001, Status: WAITING_FOR_INPUT, IsCompleted: false
[workflow-method-testDependency-68d04a11-24e6-470a-b053-40692413951...-6d54dadd-ba48-427e-bf93-65b708f0db63] INFO com.example.mattermost.MeetingSchedulerWorkflowImpl - dependenciesMet: ActionId: ask_arun_availability_001, AllDependenciesMet: false
[workflow-method-testDependency-68d04a11-24e6-470a-b053-40692413951...-6d54dadd-ba48-427e-bf93-65b708f0db63] INFO com.example.mattermost.MeetingSchedulerWorkflowImpl - dependenciesMet: Checking dependencies for actionId: ask_jasbir_availability_001
[workflow-method-testDependency-68d04a11-24e6-470a-b053-40692413951...-6d54dadd-ba48-427e-bf93-65b708f0db63] INFO com.example.mattermost.MeetingSchedulerWorkflowImpl - dependenciesMet: ActionId: ask_jasbir_availability_001 has source dependencies: [get_requester_preferred_details_001]
[workflow-method-testDependency-68d04a11-24e6-470a-b053-40692413951...-6d54dadd-ba48-427e-bf93-65b708f0db63] INFO com.example.mattermost.MeetingSchedulerWorkflowImpl - dependenciesMet: ActionId: ask_jasbir_availability_001, Dependency: get_requester_preferred_details_001, Status: WAITING_FOR_INPUT, IsCompleted: false
[workflow-method-testDependency-68d04a11-24e6-470a-b053-40692413951...-6d54dadd-ba48-427e-bf93-65b708f0db63] INFO com.example.mattermost.MeetingSchedulerWorkflowImpl - dependenciesMet: ActionId: ask_jasbir_availability_001, AllDependenciesMet: false
[workflow-method-testDependency-68d04a11-24e6-470a-b053-40692413951...-6d54dadd-ba48-427e-bf93-65b708f0db63] INFO com.example.mattermost.MeetingSchedulerWorkflowImpl - dependenciesMet: Checking dependencies for actionId: consolidate_availabilities_001
[workflow-method-testDependency-68d04a11-24e6-470a-b053-40692413951...-6d54dadd-ba48-427e-bf93-65b708f0db63] INFO com.example.mattermost.MeetingSchedulerWorkflowImpl - dependenciesMet: ActionId: consolidate_availabilities_001 has source dependencies: [get_requester_preferred_details_001, ask_arun_availability_001, ask_jasbir_availability_001]
[workflow-method-testDependency-68d04a11-24e6-470a-b053-40692413951...-6d54dadd-ba48-427e-bf93-65b708f0db63] INFO com.example.mattermost.MeetingSchedulerWorkflowImpl - dependenciesMet: ActionId: consolidate_availabilities_001, Dependency: get_requester_preferred_details_001, Status: WAITING_FOR_INPUT, IsCompleted: false
[workflow-method-testDependency-68d04a11-24e6-470a-b053-40692413951...-6d54dadd-ba48-427e-bf93-65b708f0db63] INFO com.example.mattermost.MeetingSchedulerWorkflowImpl - dependenciesMet: ActionId: consolidate_availabilities_001, AllDependenciesMet: false
[workflow-method-testDependency-68d04a11-24e6-470a-b053-40692413951...-6d54dadd-ba48-427e-bf93-65b708f0db63] INFO com.example.mattermost.MeetingSchedulerWorkflowImpl - dependenciesMet: Checking dependencies for actionId: propose_final_time_for_approval_001
[workflow-method-testDependency-68d04a11-24e6-470a-b053-40692413951...-6d54dadd-ba48-427e-bf93-65b708f0db63] INFO com.example.mattermost.MeetingSchedulerWorkflowImpl - dependenciesMet: ActionId: propose_final_time_for_approval_001 has source dependencies: [consolidate_availabilities_001]
[workflow-method-testDependency-68d04a11-24e6-470a-b053-40692413951...-6d54dadd-ba48-427e-bf93-65b708f0db63] INFO com.example.mattermost.MeetingSchedulerWorkflowImpl - dependenciesMet: ActionId: propose_final_time_for_approval_001, Dependency: consolidate_availabilities_001, Status: PENDING, IsCompleted: false
[workflow-method-testDependency-68d04a11-24e6-470a-b053-40692413951...-6d54dadd-ba48-427e-bf93-65b708f0db63] INFO com.example.mattermost.MeetingSchedulerWorkflowImpl - dependenciesMet: ActionId: propose_final_time_for_approval_001, AllDependenciesMet: false
[workflow-method-testDependency-68d04a11-24e6-470a-b053-40692413951...-6d54dadd-ba48-427e-bf93-65b708f0db63] INFO com.example.mattermost.MeetingSchedulerWorkflowImpl - dependenciesMet: Checking dependencies for actionId: send_meeting_invite_001
[workflow-method-testDependency-68d04a11-24e6-470a-b053-40692413951...-6d54dadd-ba48-427e-bf93-65b708f0db63] INFO com.example.mattermost.MeetingSchedulerWorkflowImpl - dependenciesMet: ActionId: send_meeting_invite_001 has source dependencies: [propose_final_time_for_approval_001]
[workflow-method-testDependency-68d04a11-24e6-470a-b053-40692413951...-6d54dadd-ba48-427e-bf93-65b708f0db63] INFO com.example.mattermost.MeetingSchedulerWorkflowImpl - dependenciesMet: ActionId: send_meeting_invite_001, Dependency: propose_final_time_for_approval_001, Status: PENDING, IsCompleted: false
[workflow-method-testDependency-68d04a11-24e6-470a-b053-40692413951...-6d54dadd-ba48-427e-bf93-65b708f0db63] INFO com.example.mattermost.MeetingSchedulerWorkflowImpl - dependenciesMet: ActionId: send_meeting_invite_001, AllDependenciesMet: false
[workflow-method-testDependency-68d04a11-24e6-470a-b053-40692413951...-6d54dadd-ba48-427e-bf93-65b708f0db63] INFO com.example.mattermost.MeetingSchedulerWorkflowImpl - Main loop: Workflow.await condition check: newProcessableActions=false, workflowNowComplete=false
[workflow-method-testDependency-68d04a11-24e6-470a-b053-40692413951...-6d54dadd-ba48-427e-bf93-65b708f0db63] INFO com.example.mattermost.MeetingSchedulerWorkflowImpl - getProcessableActions: Checking all nodes in currentGoal.
[workflow-method-testDependency-68d04a11-24e6-470a-b053-40692413951...-6d54dadd-ba48-427e-bf93-65b708f0db63] INFO com.example.mattermost.MeetingSchedulerWorkflowImpl - getProcessableActions: Node ID: get_requester_preferred_details_001, Status: WAITING_FOR_INPUT, IsPending: false, DependenciesMet: false
[workflow-method-testDependency-68d04a11-24e6-470a-b053-40692413951...-6d54dadd-ba48-427e-bf93-65b708f0db63] INFO com.example.mattermost.MeetingSchedulerWorkflowImpl - dependenciesMet: Checking dependencies for actionId: ask_arun_availability_001
[workflow-method-testDependency-68d04a11-24e6-470a-b053-40692413951...-6d54dadd-ba48-427e-bf93-65b708f0db63] INFO com.example.mattermost.MeetingSchedulerWorkflowImpl - dependenciesMet: ActionId: ask_arun_availability_001 has source dependencies: [get_requester_preferred_details_001]
[workflow-method-testDependency-68d04a11-24e6-470a-b053-40692413951...-6d54dadd-ba48-427e-bf93-65b708f0db63] INFO com.example.mattermost.MeetingSchedulerWorkflowImpl - dependenciesMet: ActionId: ask_arun_availability_001, Dependency: get_requester_preferred_details_001, Status: WAITING_FOR_INPUT, IsCompleted: false
[workflow-method-testDependency-68d04a11-24e6-470a-b053-40692413951...-6d54dadd-ba48-427e-bf93-65b708f0db63] INFO com.example.mattermost.MeetingSchedulerWorkflowImpl - dependenciesMet: ActionId: ask_arun_availability_001, AllDependenciesMet: false
[workflow-method-testDependency-68d04a11-24e6-470a-b053-40692413951...-6d54dadd-ba48-427e-bf93-65b708f0db63] INFO com.example.mattermost.MeetingSchedulerWorkflowImpl - getProcessableActions: Node ID: ask_arun_availability_001, Status: PENDING, IsPending: true, DependenciesMet: false
[workflow-method-testDependency-68d04a11-24e6-470a-b053-40692413951...-6d54dadd-ba48-427e-bf93-65b708f0db63] INFO com.example.mattermost.MeetingSchedulerWorkflowImpl - dependenciesMet: Checking dependencies for actionId: ask_jasbir_availability_001
[workflow-method-testDependency-68d04a11-24e6-470a-b053-40692413951...-6d54dadd-ba48-427e-bf93-65b708f0db63] INFO com.example.mattermost.MeetingSchedulerWorkflowImpl - dependenciesMet: ActionId: ask_jasbir_availability_001 has source dependencies: [get_requester_preferred_details_001]
[workflow-method-testDependency-68d04a11-24e6-470a-b053-40692413951...-6d54dadd-ba48-427e-bf93-65b708f0db63] INFO com.example.mattermost.MeetingSchedulerWorkflowImpl - dependenciesMet: ActionId: ask_jasbir_availability_001, Dependency: get_requester_preferred_details_001, Status: WAITING_FOR_INPUT, IsCompleted: false
[workflow-method-testDependency-68d04a11-24e6-470a-b053-40692413951...-6d54dadd-ba48-427e-bf93-65b708f0db63] INFO com.example.mattermost.MeetingSchedulerWorkflowImpl - dependenciesMet: ActionId: ask_jasbir_availability_001, AllDependenciesMet: false
[workflow-method-testDependency-68d04a11-24e6-470a-b053-40692413951...-6d54dadd-ba48-427e-bf93-65b708f0db63] INFO com.example.mattermost.MeetingSchedulerWorkflowImpl - getProcessableActions: Node ID: ask_jasbir_availability_001, Status: PENDING, IsPending: true, DependenciesMet: false
[workflow-method-testDependency-68d04a11-24e6-470a-b053-40692413951...-6d54dadd-ba48-427e-bf93-65b708f0db63] INFO com.example.mattermost.MeetingSchedulerWorkflowImpl - dependenciesMet: Checking dependencies for actionId: consolidate_availabilities_001
[workflow-method-testDependency-68d04a11-24e6-470a-b053-40692413951...-6d54dadd-ba48-427e-bf93-65b708f0db63] INFO com.example.mattermost.MeetingSchedulerWorkflowImpl - dependenciesMet: ActionId: consolidate_availabilities_001 has source dependencies: [get_requester_preferred_details_001, ask_arun_availability_001, ask_jasbir_availability_001]
[workflow-method-testDependency-68d04a11-24e6-470a-b053-40692413951...-6d54dadd-ba48-427e-bf93-65b708f0db63] INFO com.example.mattermost.MeetingSchedulerWorkflowImpl - dependenciesMet: ActionId: consolidate_availabilities_001, Dependency: get_requester_preferred_details_001, Status: WAITING_FOR_INPUT, IsCompleted: false
[workflow-method-testDependency-68d04a11-24e6-470a-b053-40692413951...-6d54dadd-ba48-427e-bf93-65b708f0db63] INFO com.example.mattermost.MeetingSchedulerWorkflowImpl - dependenciesMet: ActionId: consolidate_availabilities_001, AllDependenciesMet: false
[workflow-method-testDependency-68d04a11-24e6-470a-b053-40692413951...-6d54dadd-ba48-427e-bf93-65b708f0db63] INFO com.example.mattermost.MeetingSchedulerWorkflowImpl - getProcessableActions: Node ID: consolidate_availabilities_001, Status: PENDING, IsPending: true, DependenciesMet: false
[workflow-method-testDependency-68d04a11-24e6-470a-b053-40692413951...-6d54dadd-ba48-427e-bf93-65b708f0db63] INFO com.example.mattermost.MeetingSchedulerWorkflowImpl - dependenciesMet: Checking dependencies for actionId: propose_final_time_for_approval_001
[workflow-method-testDependency-68d04a11-24e6-470a-b053-40692413951...-6d54dadd-ba48-427e-bf93-65b708f0db63] INFO com.example.mattermost.MeetingSchedulerWorkflowImpl - dependenciesMet: ActionId: propose_final_time_for_approval_001 has source dependencies: [consolidate_availabilities_001]
[workflow-method-testDependency-68d04a11-24e6-470a-b053-40692413951...-6d54dadd-ba48-427e-bf93-65b708f0db63] INFO com.example.mattermost.MeetingSchedulerWorkflowImpl - dependenciesMet: ActionId: propose_final_time_for_approval_001, Dependency: consolidate_availabilities_001, Status: PENDING, IsCompleted: false
[workflow-method-testDependency-68d04a11-24e6-470a-b053-40692413951...-6d54dadd-ba48-427e-bf93-65b708f0db63] INFO com.example.mattermost.MeetingSchedulerWorkflowImpl - dependenciesMet: ActionId: propose_final_time_for_approval_001, AllDependenciesMet: false
[workflow-method-testDependency-68d04a11-24e6-470a-b053-40692413951...-6d54dadd-ba48-427e-bf93-65b708f0db63] INFO com.example.mattermost.MeetingSchedulerWorkflowImpl - getProcessableActions: Node ID: propose_final_time_for_approval_001, Status: PENDING, IsPending: true, DependenciesMet: false
[workflow-method-testDependency-68d04a11-24e6-470a-b053-40692413951...-6d54dadd-ba48-427e-bf93-65b708f0db63] INFO com.example.mattermost.MeetingSchedulerWorkflowImpl - dependenciesMet: Checking dependencies for actionId: send_meeting_invite_001
[workflow-method-testDependency-68d04a11-24e6-470a-b053-40692413951...-6d54dadd-ba48-427e-bf93-65b708f0db63] INFO com.example.mattermost.MeetingSchedulerWorkflowImpl - dependenciesMet: ActionId: send_meeting_invite_001 has source dependencies: [propose_final_time_for_approval_001]
[workflow-method-testDependency-68d04a11-24e6-470a-b053-40692413951...-6d54dadd-ba48-427e-bf93-65b708f0db63] INFO com.example.mattermost.MeetingSchedulerWorkflowImpl - dependenciesMet: ActionId: send_meeting_invite_001, Dependency: propose_final_time_for_approval_001, Status: PENDING, IsCompleted: false
[workflow-method-testDependency-68d04a11-24e6-470a-b053-40692413951...-6d54dadd-ba48-427e-bf93-65b708f0db63] INFO com.example.mattermost.MeetingSchedulerWorkflowImpl - dependenciesMet: ActionId: send_meeting_invite_001, AllDependenciesMet: false
[workflow-method-testDependency-68d04a11-24e6-470a-b053-40692413951...-6d54dadd-ba48-427e-bf93-65b708f0db63] INFO com.example.mattermost.MeetingSchedulerWorkflowImpl - getProcessableActions: Node ID: send_meeting_invite_001, Status: PENDING, IsPending: true, DependenciesMet: false
[workflow-method-testDependency-68d04a11-24e6-470a-b053-40692413951...-6d54dadd-ba48-427e-bf93-65b708f0db63] INFO com.example.mattermost.MeetingSchedulerWorkflowImpl - getProcessableActions: Returning 0 processable nodes.
[workflow-method-testDependency-68d04a11-24e6-470a-b053-40692413951...-6d54dadd-ba48-427e-bf93-65b708f0db63] INFO com.example.mattermost.MeetingSchedulerWorkflowImpl - getProcessableActions: Checking all nodes in currentGoal.
[workflow-method-testDependency-68d04a11-24e6-470a-b053-40692413951...-6d54dadd-ba48-427e-bf93-65b708f0db63] INFO com.example.mattermost.MeetingSchedulerWorkflowImpl - getProcessableActions: Node ID: get_requester_preferred_details_001, Status: WAITING_FOR_INPUT, IsPending: false, DependenciesMet: false
[workflow-method-testDependency-68d04a11-24e6-470a-b053-40692413951...-6d54dadd-ba48-427e-bf93-65b708f0db63] INFO com.example.mattermost.MeetingSchedulerWorkflowImpl - dependenciesMet: Checking dependencies for actionId: ask_arun_availability_001
[workflow-method-testDependency-68d04a11-24e6-470a-b053-40692413951...-6d54dadd-ba48-427e-bf93-65b708f0db63] INFO com.example.mattermost.MeetingSchedulerWorkflowImpl - dependenciesMet: ActionId: ask_arun_availability_001 has source dependencies: [get_requester_preferred_details_001]
[workflow-method-testDependency-68d04a11-24e6-470a-b053-40692413951...-6d54dadd-ba48-427e-bf93-65b708f0db63] INFO com.example.mattermost.MeetingSchedulerWorkflowImpl - dependenciesMet: ActionId: ask_arun_availability_001, Dependency: get_requester_preferred_details_001, Status: WAITING_FOR_INPUT, IsCompleted: false
[workflow-method-testDependency-68d04a11-24e6-470a-b053-40692413951...-6d54dadd-ba48-427e-bf93-65b708f0db63] INFO com.example.mattermost.MeetingSchedulerWorkflowImpl - dependenciesMet: ActionId: ask_arun_availability_001, AllDependenciesMet: false
[workflow-method-testDependency-68d04a11-24e6-470a-b053-40692413951...-6d54dadd-ba48-427e-bf93-65b708f0db63] INFO com.example.mattermost.MeetingSchedulerWorkflowImpl - getProcessableActions: Node ID: ask_arun_availability_001, Status: PENDING, IsPending: true, DependenciesMet: false
[workflow-method-testDependency-68d04a11-24e6-470a-b053-40692413951...-6d54dadd-ba48-427e-bf93-65b708f0db63] INFO com.example.mattermost.MeetingSchedulerWorkflowImpl - dependenciesMet: Checking dependencies for actionId: ask_jasbir_availability_001
[workflow-method-testDependency-68d04a11-24e6-470a-b053-40692413951...-6d54dadd-ba48-427e-bf93-65b708f0db63] INFO com.example.mattermost.MeetingSchedulerWorkflowImpl - dependenciesMet: ActionId: ask_jasbir_availability_001 has source dependencies: [get_requester_preferred_details_001]
[workflow-method-testDependency-68d04a11-24e6-470a-b053-40692413951...-6d54dadd-ba48-427e-bf93-65b708f0db63] INFO com.example.mattermost.MeetingSchedulerWorkflowImpl - dependenciesMet: ActionId: ask_jasbir_availability_001, Dependency: get_requester_preferred_details_001, Status: WAITING_FOR_INPUT, IsCompleted: false
[workflow-method-testDependency-68d04a11-24e6-470a-b053-40692413951...-6d54dadd-ba48-427e-bf93-65b708f0db63] INFO com.example.mattermost.MeetingSchedulerWorkflowImpl - dependenciesMet: ActionId: ask_jasbir_availability_001, AllDependenciesMet: false
[workflow-method-testDependency-68d04a11-24e6-470a-b053-40692413951...-6d54dadd-ba48-427e-bf93-65b708f0db63] INFO com.example.mattermost.MeetingSchedulerWorkflowImpl - getProcessableActions: Node ID: ask_jasbir_availability_001, Status: PENDING, IsPending: true, DependenciesMet: false
[workflow-method-testDependency-68d04a11-24e6-470a-b053-40692413951...-6d54dadd-ba48-427e-bf93-65b708f0db63] INFO com.example.mattermost.MeetingSchedulerWorkflowImpl - dependenciesMet: Checking dependencies for actionId: consolidate_availabilities_001
[workflow-method-testDependency-68d04a11-24e6-470a-b053-40692413951...-6d54dadd-ba48-427e-bf93-65b708f0db63] INFO com.example.mattermost.MeetingSchedulerWorkflowImpl - dependenciesMet: ActionId: consolidate_availabilities_001 has source dependencies: [get_requester_preferred_details_001, ask_arun_availability_001, ask_jasbir_availability_001]
[workflow-method-testDependency-68d04a11-24e6-470a-b053-40692413951...-6d54dadd-ba48-427e-bf93-65b708f0db63] INFO com.example.mattermost.MeetingSchedulerWorkflowImpl - dependenciesMet: ActionId: consolidate_availabilities_001, Dependency: get_requester_preferred_details_001, Status: WAITING_FOR_INPUT, IsCompleted: false
[workflow-method-testDependency-68d04a11-24e6-470a-b053-40692413951...-6d54dadd-ba48-427e-bf93-65b708f0db63] INFO com.example.mattermost.MeetingSchedulerWorkflowImpl - dependenciesMet: ActionId: consolidate_availabilities_001, AllDependenciesMet: false
[workflow-method-testDependency-68d04a11-24e6-470a-b053-40692413951...-6d54dadd-ba48-427e-bf93-65b708f0db63] INFO com.example.mattermost.MeetingSchedulerWorkflowImpl - getProcessableActions: Node ID: consolidate_availabilities_001, Status: PENDING, IsPending: true, DependenciesMet: false
[workflow-method-testDependency-68d04a11-24e6-470a-b053-40692413951...-6d54dadd-ba48-427e-bf93-65b708f0db63] INFO com.example.mattermost.MeetingSchedulerWorkflowImpl - dependenciesMet: Checking dependencies for actionId: propose_final_time_for_approval_001
[workflow-method-testDependency-68d04a11-24e6-470a-b053-40692413951...-6d54dadd-ba48-427e-bf93-65b708f0db63] INFO com.example.mattermost.MeetingSchedulerWorkflowImpl - dependenciesMet: ActionId: propose_final_time_for_approval_001 has source dependencies: [consolidate_availabilities_001]
[workflow-method-testDependency-68d04a11-24e6-470a-b053-40692413951...-6d54dadd-ba48-427e-bf93-65b708f0db63] INFO com.example.mattermost.MeetingSchedulerWorkflowImpl - dependenciesMet: ActionId: propose_final_time_for_approval_001, Dependency: consolidate_availabilities_001, Status: PENDING, IsCompleted: false
[workflow-method-testDependency-68d04a11-24e6-470a-b053-40692413951...-6d54dadd-ba48-427e-bf93-65b708f0db63] INFO com.example.mattermost.MeetingSchedulerWorkflowImpl - dependenciesMet: ActionId: propose_final_time_for_approval_001, AllDependenciesMet: false
[workflow-method-testDependency-68d04a11-24e6-470a-b053-40692413951...-6d54dadd-ba48-427e-bf93-65b708f0db63] INFO com.example.mattermost.MeetingSchedulerWorkflowImpl - getProcessableActions: Node ID: propose_final_time_for_approval_001, Status: PENDING, IsPending: true, DependenciesMet: false
[workflow-method-testDependency-68d04a11-24e6-470a-b053-40692413951...-6d54dadd-ba48-427e-bf93-65b708f0db63] INFO com.example.mattermost.MeetingSchedulerWorkflowImpl - dependenciesMet: Checking dependencies for actionId: send_meeting_invite_001
[workflow-method-testDependency-68d04a11-24e6-470a-b053-40692413951...-6d54dadd-ba48-427e-bf93-65b708f0db63] INFO com.example.mattermost.MeetingSchedulerWorkflowImpl - dependenciesMet: ActionId: send_meeting_invite_001 has source dependencies: [propose_final_time_for_approval_001]
[workflow-method-testDependency-68d04a11-24e6-470a-b053-40692413951...-6d54dadd-ba48-427e-bf93-65b708f0db63] INFO com.example.mattermost.MeetingSchedulerWorkflowImpl - dependenciesMet: ActionId: send_meeting_invite_001, Dependency: propose_final_time_for_approval_001, Status: PENDING, IsCompleted: false
[workflow-method-testDependency-68d04a11-24e6-470a-b053-40692413951...-6d54dadd-ba48-427e-bf93-65b708f0db63] INFO com.example.mattermost.MeetingSchedulerWorkflowImpl - dependenciesMet: ActionId: send_meeting_invite_001, AllDependenciesMet: false
[workflow-method-testDependency-68d04a11-24e6-470a-b053-40692413951...-6d54dadd-ba48-427e-bf93-65b708f0db63] INFO com.example.mattermost.MeetingSchedulerWorkflowImpl - getProcessableActions: Node ID: send_meeting_invite_001, Status: PENDING, IsPending: true, DependenciesMet: false
[workflow-method-testDependency-68d04a11-24e6-470a-b053-40692413951...-6d54dadd-ba48-427e-bf93-65b708f0db63] INFO com.example.mattermost.MeetingSchedulerWorkflowImpl - getProcessableActions: Returning 0 processable nodes.
[workflow-method-testDependency-68d04a11-24e6-470a-b053-40692413951...-6d54dadd-ba48-427e-bf93-65b708f0db63] WARN com.example.mattermost.MeetingSchedulerWorkflowImpl - Potential deadlock or all remaining actions are waiting for external signals. Workflow might be stuck if no signals arrive.
[workflow-method-testDependency-68d04a11-24e6-470a-b053-40692413951...-6d54dadd-ba48-427e-bf93-65b708f0db63] INFO com.example.mattermost.MeetingSchedulerWorkflowImpl - dependenciesMet: Checking dependencies for actionId: ask_arun_availability_001
[workflow-method-testDependency-68d04a11-24e6-470a-b053-40692413951...-6d54dadd-ba48-427e-bf93-65b708f0db63] INFO com.example.mattermost.MeetingSchedulerWorkflowImpl - dependenciesMet: ActionId: ask_arun_availability_001 has source dependencies: [get_requester_preferred_details_001]
[workflow-method-testDependency-68d04a11-24e6-470a-b053-40692413951...-6d54dadd-ba48-427e-bf93-65b708f0db63] INFO com.example.mattermost.MeetingSchedulerWorkflowImpl - dependenciesMet: ActionId: ask_arun_availability_001, Dependency: get_requester_preferred_details_001, Status: WAITING_FOR_INPUT, IsCompleted: false
[workflow-method-testDependency-68d04a11-24e6-470a-b053-40692413951...-6d54dadd-ba48-427e-bf93-65b708f0db63] INFO com.example.mattermost.MeetingSchedulerWorkflowImpl - dependenciesMet: ActionId: ask_arun_availability_001, AllDependenciesMet: false
[workflow-method-testDependency-68d04a11-24e6-470a-b053-40692413951...-6d54dadd-ba48-427e-bf93-65b708f0db63] INFO com.example.mattermost.MeetingSchedulerWorkflowImpl - dependenciesMet: Checking dependencies for actionId: ask_jasbir_availability_001
[workflow-method-testDependency-68d04a11-24e6-470a-b053-40692413951...-6d54dadd-ba48-427e-bf93-65b708f0db63] INFO com.example.mattermost.MeetingSchedulerWorkflowImpl - dependenciesMet: ActionId: ask_jasbir_availability_001 has source dependencies: [get_requester_preferred_details_001]
[workflow-method-testDependency-68d04a11-24e6-470a-b053-40692413951...-6d54dadd-ba48-427e-bf93-65b708f0db63] INFO com.example.mattermost.MeetingSchedulerWorkflowImpl - dependenciesMet: ActionId: ask_jasbir_availability_001, Dependency: get_requester_preferred_details_001, Status: WAITING_FOR_INPUT, IsCompleted: false
[workflow-method-testDependency-68d04a11-24e6-470a-b053-40692413951...-6d54dadd-ba48-427e-bf93-65b708f0db63] INFO com.example.mattermost.MeetingSchedulerWorkflowImpl - dependenciesMet: ActionId: ask_jasbir_availability_001, AllDependenciesMet: false
[workflow-method-testDependency-68d04a11-24e6-470a-b053-40692413951...-6d54dadd-ba48-427e-bf93-65b708f0db63] INFO com.example.mattermost.MeetingSchedulerWorkflowImpl - dependenciesMet: Checking dependencies for actionId: consolidate_availabilities_001
[workflow-method-testDependency-68d04a11-24e6-470a-b053-40692413951...-6d54dadd-ba48-427e-bf93-65b708f0db63] INFO com.example.mattermost.MeetingSchedulerWorkflowImpl - dependenciesMet: ActionId: consolidate_availabilities_001 has source dependencies: [get_requester_preferred_details_001, ask_arun_availability_001, ask_jasbir_availability_001]
[workflow-method-testDependency-68d04a11-24e6-470a-b053-40692413951...-6d54dadd-ba48-427e-bf93-65b708f0db63] INFO com.example.mattermost.MeetingSchedulerWorkflowImpl - dependenciesMet: ActionId: consolidate_availabilities_001, Dependency: get_requester_preferred_details_001, Status: WAITING_FOR_INPUT, IsCompleted: false
[workflow-method-testDependency-68d04a11-24e6-470a-b053-40692413951...-6d54dadd-ba48-427e-bf93-65b708f0db63] INFO com.example.mattermost.MeetingSchedulerWorkflowImpl - dependenciesMet: ActionId: consolidate_availabilities_001, AllDependenciesMet: false
[workflow-method-testDependency-68d04a11-24e6-470a-b053-40692413951...-6d54dadd-ba48-427e-bf93-65b708f0db63] INFO com.example.mattermost.MeetingSchedulerWorkflowImpl - dependenciesMet: Checking dependencies for actionId: propose_final_time_for_approval_001
[workflow-method-testDependency-68d04a11-24e6-470a-b053-40692413951...-6d54dadd-ba48-427e-bf93-65b708f0db63] INFO com.example.mattermost.MeetingSchedulerWorkflowImpl - dependenciesMet: ActionId: propose_final_time_for_approval_001 has source dependencies: [consolidate_availabilities_001]
[workflow-method-testDependency-68d04a11-24e6-470a-b053-40692413951...-6d54dadd-ba48-427e-bf93-65b708f0db63] INFO com.example.mattermost.MeetingSchedulerWorkflowImpl - dependenciesMet: ActionId: propose_final_time_for_approval_001, Dependency: consolidate_availabilities_001, Status: PENDING, IsCompleted: false
[workflow-method-testDependency-68d04a11-24e6-470a-b053-40692413951...-6d54dadd-ba48-427e-bf93-65b708f0db63] INFO com.example.mattermost.MeetingSchedulerWorkflowImpl - dependenciesMet: ActionId: propose_final_time_for_approval_001, AllDependenciesMet: false
[workflow-method-testDependency-68d04a11-24e6-470a-b053-40692413951...-6d54dadd-ba48-427e-bf93-65b708f0db63] INFO com.example.mattermost.MeetingSchedulerWorkflowImpl - dependenciesMet: Checking dependencies for actionId: send_meeting_invite_001
[workflow-method-testDependency-68d04a11-24e6-470a-b053-40692413951...-6d54dadd-ba48-427e-bf93-65b708f0db63] INFO com.example.mattermost.MeetingSchedulerWorkflowImpl - dependenciesMet: ActionId: send_meeting_invite_001 has source dependencies: [propose_final_time_for_approval_001]
[workflow-method-testDependency-68d04a11-24e6-470a-b053-40692413951...-6d54dadd-ba48-427e-bf93-65b708f0db63] INFO com.example.mattermost.MeetingSchedulerWorkflowImpl - dependenciesMet: ActionId: send_meeting_invite_001, Dependency: propose_final_time_for_approval_001, Status: PENDING, IsCompleted: false
[workflow-method-testDependency-68d04a11-24e6-470a-b053-40692413951...-6d54dadd-ba48-427e-bf93-65b708f0db63] INFO com.example.mattermost.MeetingSchedulerWorkflowImpl - dependenciesMet: ActionId: send_meeting_invite_001, AllDependenciesMet: false
[workflow-method-testDependency-68d04a11-24e6-470a-b053-40692413951...-6d54dadd-ba48-427e-bf93-65b708f0db63] INFO com.example.mattermost.MeetingSchedulerWorkflowImpl - Main loop: Workflow.await condition check: newProcessableActions=false, workflowNowComplete=false
[workflow-method-testDependency-68d04a11-24e6-470a-b053-40692413951...-6d54dadd-ba48-427e-bf93-65b708f0db63] INFO com.example.mattermost.MeetingSchedulerWorkflowImpl - getProcessableActions: Checking all nodes in currentGoal.
[workflow-method-testDependency-68d04a11-24e6-470a-b053-40692413951...-6d54dadd-ba48-427e-bf93-65b708f0db63] INFO com.example.mattermost.MeetingSchedulerWorkflowImpl - getProcessableActions: Node ID: get_requester_preferred_details_001, Status: WAITING_FOR_INPUT, IsPending: false, DependenciesMet: false
[workflow-method-testDependency-68d04a11-24e6-470a-b053-40692413951...-6d54dadd-ba48-427e-bf93-65b708f0db63] INFO com.example.mattermost.MeetingSchedulerWorkflowImpl - dependenciesMet: Checking dependencies for actionId: ask_arun_availability_001
[workflow-method-testDependency-68d04a11-24e6-470a-b053-40692413951...-6d54dadd-ba48-427e-bf93-65b708f0db63] INFO com.example.mattermost.MeetingSchedulerWorkflowImpl - dependenciesMet: ActionId: ask_arun_availability_001 has source dependencies: [get_requester_preferred_details_001]
[workflow-method-testDependency-68d04a11-24e6-470a-b053-40692413951...-6d54dadd-ba48-427e-bf93-65b708f0db63] INFO com.example.mattermost.MeetingSchedulerWorkflowImpl - dependenciesMet: ActionId: ask_arun_availability_001, Dependency: get_requester_preferred_details_001, Status: WAITING_FOR_INPUT, IsCompleted: false
[workflow-method-testDependency-68d04a11-24e6-470a-b053-40692413951...-6d54dadd-ba48-427e-bf93-65b708f0db63] INFO com.example.mattermost.MeetingSchedulerWorkflowImpl - dependenciesMet: ActionId: ask_arun_availability_001, AllDependenciesMet: false
[workflow-method-testDependency-68d04a11-24e6-470a-b053-40692413951...-6d54dadd-ba48-427e-bf93-65b708f0db63] INFO com.example.mattermost.MeetingSchedulerWorkflowImpl - getProcessableActions: Node ID: ask_arun_availability_001, Status: PENDING, IsPending: true, DependenciesMet: false
[workflow-method-testDependency-68d04a11-24e6-470a-b053-40692413951...-6d54dadd-ba48-427e-bf93-65b708f0db63] INFO com.example.mattermost.MeetingSchedulerWorkflowImpl - dependenciesMet: Checking dependencies for actionId: ask_jasbir_availability_001
[workflow-method-testDependency-68d04a11-24e6-470a-b053-40692413951...-6d54dadd-ba48-427e-bf93-65b708f0db63] INFO com.example.mattermost.MeetingSchedulerWorkflowImpl - dependenciesMet: ActionId: ask_jasbir_availability_001 has source dependencies: [get_requester_preferred_details_001]
[workflow-method-testDependency-68d04a11-24e6-470a-b053-40692413951...-6d54dadd-ba48-427e-bf93-65b708f0db63] INFO com.example.mattermost.MeetingSchedulerWorkflowImpl - dependenciesMet: ActionId: ask_jasbir_availability_001, Dependency: get_requester_preferred_details_001, Status: WAITING_FOR_INPUT, IsCompleted: false
[workflow-method-testDependency-68d04a11-24e6-470a-b053-40692413951...-6d54dadd-ba48-427e-bf93-65b708f0db63] INFO com.example.mattermost.MeetingSchedulerWorkflowImpl - dependenciesMet: ActionId: ask_jasbir_availability_001, AllDependenciesMet: false
[workflow-method-testDependency-68d04a11-24e6-470a-b053-40692413951...-6d54dadd-ba48-427e-bf93-65b708f0db63] INFO com.example.mattermost.MeetingSchedulerWorkflowImpl - getProcessableActions: Node ID: ask_jasbir_availability_001, Status: PENDING, IsPending: true, DependenciesMet: false
[workflow-method-testDependency-68d04a11-24e6-470a-b053-40692413951...-6d54dadd-ba48-427e-bf93-65b708f0db63] INFO com.example.mattermost.MeetingSchedulerWorkflowImpl - dependenciesMet: Checking dependencies for actionId: consolidate_availabilities_001
[workflow-method-testDependency-68d04a11-24e6-470a-b053-40692413951...-6d54dadd-ba48-427e-bf93-65b708f0db63] INFO com.example.mattermost.MeetingSchedulerWorkflowImpl - dependenciesMet: ActionId: consolidate_availabilities_001 has source dependencies: [get_requester_preferred_details_001, ask_arun_availability_001, ask_jasbir_availability_001]
[workflow-method-testDependency-68d04a11-24e6-470a-b053-40692413951...-6d54dadd-ba48-427e-bf93-65b708f0db63] INFO com.example.mattermost.MeetingSchedulerWorkflowImpl - dependenciesMet: ActionId: consolidate_availabilities_001, Dependency: get_requester_preferred_details_001, Status: WAITING_FOR_INPUT, IsCompleted: false
[workflow-method-testDependency-68d04a11-24e6-470a-b053-40692413951...-6d54dadd-ba48-427e-bf93-65b708f0db63] INFO com.example.mattermost.MeetingSchedulerWorkflowImpl - dependenciesMet: ActionId: consolidate_availabilities_001, AllDependenciesMet: false
[workflow-method-testDependency-68d04a11-24e6-470a-b053-40692413951...-6d54dadd-ba48-427e-bf93-65b708f0db63] INFO com.example.mattermost.MeetingSchedulerWorkflowImpl - getProcessableActions: Node ID: consolidate_availabilities_001, Status: PENDING, IsPending: true, DependenciesMet: false
[workflow-method-testDependency-68d04a11-24e6-470a-b053-40692413951...-6d54dadd-ba48-427e-bf93-65b708f0db63] INFO com.example.mattermost.MeetingSchedulerWorkflowImpl - dependenciesMet: Checking dependencies for actionId: propose_final_time_for_approval_001
[workflow-method-testDependency-68d04a11-24e6-470a-b053-40692413951...-6d54dadd-ba48-427e-bf93-65b708f0db63] INFO com.example.mattermost.MeetingSchedulerWorkflowImpl - dependenciesMet: ActionId: propose_final_time_for_approval_001 has source dependencies: [consolidate_availabilities_001]
[workflow-method-testDependency-68d04a11-24e6-470a-b053-40692413951...-6d54dadd-ba48-427e-bf93-65b708f0db63] INFO com.example.mattermost.MeetingSchedulerWorkflowImpl - dependenciesMet: ActionId: propose_final_time_for_approval_001, Dependency: consolidate_availabilities_001, Status: PENDING, IsCompleted: false
[workflow-method-testDependency-68d04a11-24e6-470a-b053-40692413951...-6d54dadd-ba48-427e-bf93-65b708f0db63] INFO com.example.mattermost.MeetingSchedulerWorkflowImpl - dependenciesMet: ActionId: propose_final_time_for_approval_001, AllDependenciesMet: false
[workflow-method-testDependency-68d04a11-24e6-470a-b053-40692413951...-6d54dadd-ba48-427e-bf93-65b708f0db63] INFO com.example.mattermost.MeetingSchedulerWorkflowImpl - getProcessableActions: Node ID: propose_final_time_for_approval_001, Status: PENDING, IsPending: true, DependenciesMet: false
[workflow-method-testDependency-68d04a11-24e6-470a-b053-40692413951...-6d54dadd-ba48-427e-bf93-65b708f0db63] INFO com.example.mattermost.MeetingSchedulerWorkflowImpl - dependenciesMet: Checking dependencies for actionId: send_meeting_invite_001
[workflow-method-testDependency-68d04a11-24e6-470a-b053-40692413951...-6d54dadd-ba48-427e-bf93-65b708f0db63] INFO com.example.mattermost.MeetingSchedulerWorkflowImpl - dependenciesMet: ActionId: send_meeting_invite_001 has source dependencies: [propose_final_time_for_approval_001]
[workflow-method-testDependency-68d04a11-24e6-470a-b053-40692413951...-6d54dadd-ba48-427e-bf93-65b708f0db63] INFO com.example.mattermost.MeetingSchedulerWorkflowImpl - dependenciesMet: ActionId: send_meeting_invite_001, Dependency: propose_final_time_for_approval_001, Status: PENDING, IsCompleted: false
[workflow-method-testDependency-68d04a11-24e6-470a-b053-40692413951...-6d54dadd-ba48-427e-bf93-65b708f0db63] INFO com.example.mattermost.MeetingSchedulerWorkflowImpl - dependenciesMet: ActionId: send_meeting_invite_001, AllDependenciesMet: false
[workflow-method-testDependency-68d04a11-24e6-470a-b053-40692413951...-6d54dadd-ba48-427e-bf93-65b708f0db63] INFO com.example.mattermost.MeetingSchedulerWorkflowImpl - getProcessableActions: Node ID: send_meeting_invite_001, Status: PENDING, IsPending: true, DependenciesMet: false
[workflow-method-testDependency-68d04a11-24e6-470a-b053-40692413951...-6d54dadd-ba48-427e-bf93-65b708f0db63] INFO com.example.mattermost.MeetingSchedulerWorkflowImpl - getProcessableActions: Returning 0 processable nodes.
[workflow-method-testDependency-68d04a11-24e6-470a-b053-40692413951...-6d54dadd-ba48-427e-bf93-65b708f0db63] INFO com.example.mattermost.MeetingSchedulerWorkflowImpl - getProcessableActions: Checking all nodes in currentGoal.
[workflow-method-testDependency-68d04a11-24e6-470a-b053-40692413951...-6d54dadd-ba48-427e-bf93-65b708f0db63] INFO com.example.mattermost.MeetingSchedulerWorkflowImpl - getProcessableActions: Node ID: get_requester_preferred_details_001, Status: WAITING_FOR_INPUT, IsPending: false, DependenciesMet: false
[workflow-method-testDependency-68d04a11-24e6-470a-b053-40692413951...-6d54dadd-ba48-427e-bf93-65b708f0db63] INFO com.example.mattermost.MeetingSchedulerWorkflowImpl - dependenciesMet: Checking dependencies for actionId: ask_arun_availability_001
[workflow-method-testDependency-68d04a11-24e6-470a-b053-40692413951...-6d54dadd-ba48-427e-bf93-65b708f0db63] INFO com.example.mattermost.MeetingSchedulerWorkflowImpl - dependenciesMet: ActionId: ask_arun_availability_001 has source dependencies: [get_requester_preferred_details_001]
[workflow-method-testDependency-68d04a11-24e6-470a-b053-40692413951...-6d54dadd-ba48-427e-bf93-65b708f0db63] INFO com.example.mattermost.MeetingSchedulerWorkflowImpl - dependenciesMet: ActionId: ask_arun_availability_001, Dependency: get_requester_preferred_details_001, Status: WAITING_FOR_INPUT, IsCompleted: false
[workflow-method-testDependency-68d04a11-24e6-470a-b053-40692413951...-6d54dadd-ba48-427e-bf93-65b708f0db63] INFO com.example.mattermost.MeetingSchedulerWorkflowImpl - dependenciesMet: ActionId: ask_arun_availability_001, AllDependenciesMet: false
[workflow-method-testDependency-68d04a11-24e6-470a-b053-40692413951...-6d54dadd-ba48-427e-bf93-65b708f0db63] INFO com.example.mattermost.MeetingSchedulerWorkflowImpl - getProcessableActions: Node ID: ask_arun_availability_001, Status: PENDING, IsPending: true, DependenciesMet: false
[workflow-method-testDependency-68d04a11-24e6-470a-b053-40692413951...-6d54dadd-ba48-427e-bf93-65b708f0db63] INFO com.example.mattermost.MeetingSchedulerWorkflowImpl - dependenciesMet: Checking dependencies for actionId: ask_jasbir_availability_001
[workflow-method-testDependency-68d04a11-24e6-470a-b053-40692413951...-6d54dadd-ba48-427e-bf93-65b708f0db63] INFO com.example.mattermost.MeetingSchedulerWorkflowImpl - dependenciesMet: ActionId: ask_jasbir_availability_001 has source dependencies: [get_requester_preferred_details_001]
[workflow-method-testDependency-68d04a11-24e6-470a-b053-40692413951...-6d54dadd-ba48-427e-bf93-65b708f0db63] INFO com.example.mattermost.MeetingSchedulerWorkflowImpl - dependenciesMet: ActionId: ask_jasbir_availability_001, Dependency: get_requester_preferred_details_001, Status: WAITING_FOR_INPUT, IsCompleted: false
[workflow-method-testDependency-68d04a11-24e6-470a-b053-40692413951...-6d54dadd-ba48-427e-bf93-65b708f0db63] INFO com.example.mattermost.MeetingSchedulerWorkflowImpl - dependenciesMet: ActionId: ask_jasbir_availability_001, AllDependenciesMet: false
[workflow-method-testDependency-68d04a11-24e6-470a-b053-40692413951...-6d54dadd-ba48-427e-bf93-65b708f0db63] INFO com.example.mattermost.MeetingSchedulerWorkflowImpl - getProcessableActions: Node ID: ask_jasbir_availability_001, Status: PENDING, IsPending: true, DependenciesMet: false
[workflow-method-testDependency-68d04a11-24e6-470a-b053-40692413951...-6d54dadd-ba48-427e-bf93-65b708f0db63] INFO com.example.mattermost.MeetingSchedulerWorkflowImpl - dependenciesMet: Checking dependencies for actionId: consolidate_availabilities_001
[workflow-method-testDependency-68d04a11-24e6-470a-b053-40692413951...-6d54dadd-ba48-427e-bf93-65b708f0db63] INFO com.example.mattermost.MeetingSchedulerWorkflowImpl - dependenciesMet: ActionId: consolidate_availabilities_001 has source dependencies: [get_requester_preferred_details_001, ask_arun_availability_001, ask_jasbir_availability_001]
[workflow-method-testDependency-68d04a11-24e6-470a-b053-40692413951...-6d54dadd-ba48-427e-bf93-65b708f0db63] INFO com.example.mattermost.MeetingSchedulerWorkflowImpl - dependenciesMet: ActionId: consolidate_availabilities_001, Dependency: get_requester_preferred_details_001, Status: WAITING_FOR_INPUT, IsCompleted: false
[workflow-method-testDependency-68d04a11-24e6-470a-b053-40692413951...-6d54dadd-ba48-427e-bf93-65b708f0db63] INFO com.example.mattermost.MeetingSchedulerWorkflowImpl - dependenciesMet: ActionId: consolidate_availabilities_001, AllDependenciesMet: false
[workflow-method-testDependency-68d04a11-24e6-470a-b053-40692413951...-6d54dadd-ba48-427e-bf93-65b708f0db63] INFO com.example.mattermost.MeetingSchedulerWorkflowImpl - getProcessableActions: Node ID: consolidate_availabilities_001, Status: PENDING, IsPending: true, DependenciesMet: false
[workflow-method-testDependency-68d04a11-24e6-470a-b053-40692413951...-6d54dadd-ba48-427e-bf93-65b708f0db63] INFO com.example.mattermost.MeetingSchedulerWorkflowImpl - dependenciesMet: Checking dependencies for actionId: propose_final_time_for_approval_001
[workflow-method-testDependency-68d04a11-24e6-470a-b053-40692413951...-6d54dadd-ba48-427e-bf93-65b708f0db63] INFO com.example.mattermost.MeetingSchedulerWorkflowImpl - dependenciesMet: ActionId: propose_final_time_for_approval_001 has source dependencies: [consolidate_availabilities_001]
[workflow-method-testDependency-68d04a11-24e6-470a-b053-40692413951...-6d54dadd-ba48-427e-bf93-65b708f0db63] INFO com.example.mattermost.MeetingSchedulerWorkflowImpl - dependenciesMet: ActionId: propose_final_time_for_approval_001, Dependency: consolidate_availabilities_001, Status: PENDING, IsCompleted: false
[workflow-method-testDependency-68d04a11-24e6-470a-b053-40692413951...-6d54dadd-ba48-427e-bf93-65b708f0db63] INFO com.example.mattermost.MeetingSchedulerWorkflowImpl - dependenciesMet: ActionId: propose_final_time_for_approval_001, AllDependenciesMet: false
[workflow-method-testDependency-68d04a11-24e6-470a-b053-40692413951...-6d54dadd-ba48-427e-bf93-65b708f0db63] INFO com.example.mattermost.MeetingSchedulerWorkflowImpl - getProcessableActions: Node ID: propose_final_time_for_approval_001, Status: PENDING, IsPending: true, DependenciesMet: false
[workflow-method-testDependency-68d04a11-24e6-470a-b053-40692413951...-6d54dadd-ba48-427e-bf93-65b708f0db63] INFO com.example.mattermost.MeetingSchedulerWorkflowImpl - dependenciesMet: Checking dependencies for actionId: send_meeting_invite_001
[workflow-method-testDependency-68d04a11-24e6-470a-b053-40692413951...-6d54dadd-ba48-427e-bf93-65b708f0db63] INFO com.example.mattermost.MeetingSchedulerWorkflowImpl - dependenciesMet: ActionId: send_meeting_invite_001 has source dependencies: [propose_final_time_for_approval_001]
[workflow-method-testDependency-68d04a11-24e6-470a-b053-40692413951...-6d54dadd-ba48-427e-bf93-65b708f0db63] INFO com.example.mattermost.MeetingSchedulerWorkflowImpl - dependenciesMet: ActionId: send_meeting_invite_001, Dependency: propose_final_time_for_approval_001, Status: PENDING, IsCompleted: false
[workflow-method-testDependency-68d04a11-24e6-470a-b053-40692413951...-6d54dadd-ba48-427e-bf93-65b708f0db63] INFO com.example.mattermost.MeetingSchedulerWorkflowImpl - dependenciesMet: ActionId: send_meeting_invite_001, AllDependenciesMet: false
[workflow-method-testDependency-68d04a11-24e6-470a-b053-40692413951...-6d54dadd-ba48-427e-bf93-65b708f0db63] INFO com.example.mattermost.MeetingSchedulerWorkflowImpl - getProcessableActions: Node ID: send_meeting_invite_001, Status: PENDING, IsPending: true, DependenciesMet: false
[workflow-method-testDependency-68d04a11-24e6-470a-b053-40692413951...-6d54dadd-ba48-427e-bf93-65b708f0db63] INFO com.example.mattermost.MeetingSchedulerWorkflowImpl - getProcessableActions: Returning 0 processable nodes.
[workflow-method-testDependency-68d04a11-24e6-470a-b053-40692413951...-6d54dadd-ba48-427e-bf93-65b708f0db63] WARN com.example.mattermost.MeetingSchedulerWorkflowImpl - Potential deadlock or all remaining actions are waiting for external signals. Workflow might be stuck if no signals arrive.
[workflow-method-testDependency-68d04a11-24e6-470a-b053-40692413951...-6d54dadd-ba48-427e-bf93-65b708f0db63] INFO com.example.mattermost.MeetingSchedulerWorkflowImpl - dependenciesMet: Checking dependencies for actionId: ask_arun_availability_001
[workflow-method-testDependency-68d04a11-24e6-470a-b053-40692413951...-6d54dadd-ba48-427e-bf93-65b708f0db63] INFO com.example.mattermost.MeetingSchedulerWorkflowImpl - dependenciesMet: ActionId: ask_arun_availability_001 has source dependencies: [get_requester_preferred_details_001]
[workflow-method-testDependency-68d04a11-24e6-470a-b053-40692413951...-6d54dadd-ba48-427e-bf93-65b708f0db63] INFO com.example.mattermost.MeetingSchedulerWorkflowImpl - dependenciesMet: ActionId: ask_arun_availability_001, Dependency: get_requester_preferred_details_001, Status: WAITING_FOR_INPUT, IsCompleted: false
[workflow-method-testDependency-68d04a11-24e6-470a-b053-40692413951...-6d54dadd-ba48-427e-bf93-65b708f0db63] INFO com.example.mattermost.MeetingSchedulerWorkflowImpl - dependenciesMet: ActionId: ask_arun_availability_001, AllDependenciesMet: false
[workflow-method-testDependency-68d04a11-24e6-470a-b053-40692413951...-6d54dadd-ba48-427e-bf93-65b708f0db63] INFO com.example.mattermost.MeetingSchedulerWorkflowImpl - dependenciesMet: Checking dependencies for actionId: ask_jasbir_availability_001
[workflow-method-testDependency-68d04a11-24e6-470a-b053-40692413951...-6d54dadd-ba48-427e-bf93-65b708f0db63] INFO com.example.mattermost.MeetingSchedulerWorkflowImpl - dependenciesMet: ActionId: ask_jasbir_availability_001 has source dependencies: [get_requester_preferred_details_001]
[workflow-method-testDependency-68d04a11-24e6-470a-b053-40692413951...-6d54dadd-ba48-427e-bf93-65b708f0db63] INFO com.example.mattermost.MeetingSchedulerWorkflowImpl - dependenciesMet: ActionId: ask_jasbir_availability_001, Dependency: get_requester_preferred_details_001, Status: WAITING_FOR_INPUT, IsCompleted: false
[workflow-method-testDependency-68d04a11-24e6-470a-b053-40692413951...-6d54dadd-ba48-427e-bf93-65b708f0db63] INFO com.example.mattermost.MeetingSchedulerWorkflowImpl - dependenciesMet: ActionId: ask_jasbir_availability_001, AllDependenciesMet: false
[workflow-method-testDependency-68d04a11-24e6-470a-b053-40692413951...-6d54dadd-ba48-427e-bf93-65b708f0db63] INFO com.example.mattermost.MeetingSchedulerWorkflowImpl - dependenciesMet: Checking dependencies for actionId: consolidate_availabilities_001
[workflow-method-testDependency-68d04a11-24e6-470a-b053-40692413951...-6d54dadd-ba48-427e-bf93-65b708f0db63] INFO com.example.mattermost.MeetingSchedulerWorkflowImpl - dependenciesMet: ActionId: consolidate_availabilities_001 has source dependencies: [get_requester_preferred_details_001, ask_arun_availability_001, ask_jasbir_availability_001]
[workflow-method-testDependency-68d04a11-24e6-470a-b053-40692413951...-6d54dadd-ba48-427e-bf93-65b708f0db63] INFO com.example.mattermost.MeetingSchedulerWorkflowImpl - dependenciesMet: ActionId: consolidate_availabilities_001, Dependency: get_requester_preferred_details_001, Status: WAITING_FOR_INPUT, IsCompleted: false
[workflow-method-testDependency-68d04a11-24e6-470a-b053-40692413951...-6d54dadd-ba48-427e-bf93-65b708f0db63] INFO com.example.mattermost.MeetingSchedulerWorkflowImpl - dependenciesMet: ActionId: consolidate_availabilities_001, AllDependenciesMet: false
[workflow-method-testDependency-68d04a11-24e6-470a-b053-40692413951...-6d54dadd-ba48-427e-bf93-65b708f0db63] INFO com.example.mattermost.MeetingSchedulerWorkflowImpl - dependenciesMet: Checking dependencies for actionId: propose_final_time_for_approval_001
[workflow-method-testDependency-68d04a11-24e6-470a-b053-40692413951...-6d54dadd-ba48-427e-bf93-65b708f0db63] INFO com.example.mattermost.MeetingSchedulerWorkflowImpl - dependenciesMet: ActionId: propose_final_time_for_approval_001 has source dependencies: [consolidate_availabilities_001]
[workflow-method-testDependency-68d04a11-24e6-470a-b053-40692413951...-6d54dadd-ba48-427e-bf93-65b708f0db63] INFO com.example.mattermost.MeetingSchedulerWorkflowImpl - dependenciesMet: ActionId: propose_final_time_for_approval_001, Dependency: consolidate_availabilities_001, Status: PENDING, IsCompleted: false
[workflow-method-testDependency-68d04a11-24e6-470a-b053-40692413951...-6d54dadd-ba48-427e-bf93-65b708f0db63] INFO com.example.mattermost.MeetingSchedulerWorkflowImpl - dependenciesMet: ActionId: propose_final_time_for_approval_001, AllDependenciesMet: false
[workflow-method-testDependency-68d04a11-24e6-470a-b053-40692413951...-6d54dadd-ba48-427e-bf93-65b708f0db63] INFO com.example.mattermost.MeetingSchedulerWorkflowImpl - dependenciesMet: Checking dependencies for actionId: send_meeting_invite_001
[workflow-method-testDependency-68d04a11-24e6-470a-b053-40692413951...-6d54dadd-ba48-427e-bf93-65b708f0db63] INFO com.example.mattermost.MeetingSchedulerWorkflowImpl - dependenciesMet: ActionId: send_meeting_invite_001 has source dependencies: [propose_final_time_for_approval_001]
[workflow-method-testDependency-68d04a11-24e6-470a-b053-40692413951...-6d54dadd-ba48-427e-bf93-65b708f0db63] INFO com.example.mattermost.MeetingSchedulerWorkflowImpl - dependenciesMet: ActionId: send_meeting_invite_001, Dependency: propose_final_time_for_approval_001, Status: PENDING, IsCompleted: false
[workflow-method-testDependency-68d04a11-24e6-470a-b053-40692413951...-6d54dadd-ba48-427e-bf93-65b708f0db63] INFO com.example.mattermost.MeetingSchedulerWorkflowImpl - dependenciesMet: ActionId: send_meeting_invite_001, AllDependenciesMet: false
[workflow-method-testDependency-68d04a11-24e6-470a-b053-40692413951...-6d54dadd-ba48-427e-bf93-65b708f0db63] INFO com.example.mattermost.MeetingSchedulerWorkflowImpl - Main loop: Workflow.await condition check: newProcessableActions=false, workflowNowComplete=false
[signal onUserResponse] INFO com.example.mattermost.MeetingSchedulerWorkflowImpl - Signal: Received onUserResponse for actionId: get_requester_preferred_details_001 with input: {datetime=Next Monday 10AM, duration=1 hour, topic=Project Phoenix}. Current status: WAITING_FOR_INPUT, waitingForUserInputMap containsKey: true
[signal onUserResponse] INFO com.example.mattermost.MeetingSchedulerWorkflowImpl - Signal: Processing valid signal for action get_requester_preferred_details_001.
[signal onUserResponse] INFO com.example.mattermost.MeetingSchedulerWorkflowImpl - Signal: Calling validateInputActivity for action get_requester_preferred_details_001.
[workflow-method-testDependency-68d04a11-24e6-470a-b053-40692413951...-6d54dadd-ba48-427e-bf93-65b708f0db63] INFO com.example.mattermost.MeetingSchedulerWorkflowImpl - getProcessableActions: Checking all nodes in currentGoal.
[workflow-method-testDependency-68d04a11-24e6-470a-b053-40692413951...-6d54dadd-ba48-427e-bf93-65b708f0db63] INFO com.example.mattermost.MeetingSchedulerWorkflowImpl - getProcessableActions: Node ID: get_requester_preferred_details_001, Status: PROCESSING, IsPending: false, DependenciesMet: false
[workflow-method-testDependency-68d04a11-24e6-470a-b053-40692413951...-6d54dadd-ba48-427e-bf93-65b708f0db63] INFO com.example.mattermost.MeetingSchedulerWorkflowImpl - dependenciesMet: Checking dependencies for actionId: ask_arun_availability_001
[workflow-method-testDependency-68d04a11-24e6-470a-b053-40692413951...-6d54dadd-ba48-427e-bf93-65b708f0db63] INFO com.example.mattermost.MeetingSchedulerWorkflowImpl - dependenciesMet: ActionId: ask_arun_availability_001 has source dependencies: [get_requester_preferred_details_001]
[workflow-method-testDependency-68d04a11-24e6-470a-b053-40692413951...-6d54dadd-ba48-427e-bf93-65b708f0db63] INFO com.example.mattermost.MeetingSchedulerWorkflowImpl - dependenciesMet: ActionId: ask_arun_availability_001, Dependency: get_requester_preferred_details_001, Status: PROCESSING, IsCompleted: false
[workflow-method-testDependency-68d04a11-24e6-470a-b053-40692413951...-6d54dadd-ba48-427e-bf93-65b708f0db63] INFO com.example.mattermost.MeetingSchedulerWorkflowImpl - dependenciesMet: ActionId: ask_arun_availability_001, AllDependenciesMet: false
[workflow-method-testDependency-68d04a11-24e6-470a-b053-40692413951...-6d54dadd-ba48-427e-bf93-65b708f0db63] INFO com.example.mattermost.MeetingSchedulerWorkflowImpl - getProcessableActions: Node ID: ask_arun_availability_001, Status: PENDING, IsPending: true, DependenciesMet: false
[workflow-method-testDependency-68d04a11-24e6-470a-b053-40692413951...-6d54dadd-ba48-427e-bf93-65b708f0db63] INFO com.example.mattermost.MeetingSchedulerWorkflowImpl - dependenciesMet: Checking dependencies for actionId: ask_jasbir_availability_001
[workflow-method-testDependency-68d04a11-24e6-470a-b053-40692413951...-6d54dadd-ba48-427e-bf93-65b708f0db63] INFO com.example.mattermost.MeetingSchedulerWorkflowImpl - dependenciesMet: ActionId: ask_jasbir_availability_001 has source dependencies: [get_requester_preferred_details_001]
[workflow-method-testDependency-68d04a11-24e6-470a-b053-40692413951...-6d54dadd-ba48-427e-bf93-65b708f0db63] INFO com.example.mattermost.MeetingSchedulerWorkflowImpl - dependenciesMet: ActionId: ask_jasbir_availability_001, Dependency: get_requester_preferred_details_001, Status: PROCESSING, IsCompleted: false
[workflow-method-testDependency-68d04a11-24e6-470a-b053-40692413951...-6d54dadd-ba48-427e-bf93-65b708f0db63] INFO com.example.mattermost.MeetingSchedulerWorkflowImpl - dependenciesMet: ActionId: ask_jasbir_availability_001, AllDependenciesMet: false
[workflow-method-testDependency-68d04a11-24e6-470a-b053-40692413951...-6d54dadd-ba48-427e-bf93-65b708f0db63] INFO com.example.mattermost.MeetingSchedulerWorkflowImpl - getProcessableActions: Node ID: ask_jasbir_availability_001, Status: PENDING, IsPending: true, DependenciesMet: false
[workflow-method-testDependency-68d04a11-24e6-470a-b053-40692413951...-6d54dadd-ba48-427e-bf93-65b708f0db63] INFO com.example.mattermost.MeetingSchedulerWorkflowImpl - dependenciesMet: Checking dependencies for actionId: consolidate_availabilities_001
[workflow-method-testDependency-68d04a11-24e6-470a-b053-40692413951...-6d54dadd-ba48-427e-bf93-65b708f0db63] INFO com.example.mattermost.MeetingSchedulerWorkflowImpl - dependenciesMet: ActionId: consolidate_availabilities_001 has source dependencies: [get_requester_preferred_details_001, ask_arun_availability_001, ask_jasbir_availability_001]
[workflow-method-testDependency-68d04a11-24e6-470a-b053-40692413951...-6d54dadd-ba48-427e-bf93-65b708f0db63] INFO com.example.mattermost.MeetingSchedulerWorkflowImpl - dependenciesMet: ActionId: consolidate_availabilities_001, Dependency: get_requester_preferred_details_001, Status: PROCESSING, IsCompleted: false
[workflow-method-testDependency-68d04a11-24e6-470a-b053-40692413951...-6d54dadd-ba48-427e-bf93-65b708f0db63] INFO com.example.mattermost.MeetingSchedulerWorkflowImpl - dependenciesMet: ActionId: consolidate_availabilities_001, AllDependenciesMet: false
[workflow-method-testDependency-68d04a11-24e6-470a-b053-40692413951...-6d54dadd-ba48-427e-bf93-65b708f0db63] INFO com.example.mattermost.MeetingSchedulerWorkflowImpl - getProcessableActions: Node ID: consolidate_availabilities_001, Status: PENDING, IsPending: true, DependenciesMet: false
[workflow-method-testDependency-68d04a11-24e6-470a-b053-40692413951...-6d54dadd-ba48-427e-bf93-65b708f0db63] INFO com.example.mattermost.MeetingSchedulerWorkflowImpl - dependenciesMet: Checking dependencies for actionId: propose_final_time_for_approval_001
[workflow-method-testDependency-68d04a11-24e6-470a-b053-40692413951...-6d54dadd-ba48-427e-bf93-65b708f0db63] INFO com.example.mattermost.MeetingSchedulerWorkflowImpl - dependenciesMet: ActionId: propose_final_time_for_approval_001 has source dependencies: [consolidate_availabilities_001]
[workflow-method-testDependency-68d04a11-24e6-470a-b053-40692413951...-6d54dadd-ba48-427e-bf93-65b708f0db63] INFO com.example.mattermost.MeetingSchedulerWorkflowImpl - dependenciesMet: ActionId: propose_final_time_for_approval_001, Dependency: consolidate_availabilities_001, Status: PENDING, IsCompleted: false
[workflow-method-testDependency-68d04a11-24e6-470a-b053-40692413951...-6d54dadd-ba48-427e-bf93-65b708f0db63] INFO com.example.mattermost.MeetingSchedulerWorkflowImpl - dependenciesMet: ActionId: propose_final_time_for_approval_001, AllDependenciesMet: false
[workflow-method-testDependency-68d04a11-24e6-470a-b053-40692413951...-6d54dadd-ba48-427e-bf93-65b708f0db63] INFO com.example.mattermost.MeetingSchedulerWorkflowImpl - getProcessableActions: Node ID: propose_final_time_for_approval_001, Status: PENDING, IsPending: true, DependenciesMet: false
[workflow-method-testDependency-68d04a11-24e6-470a-b053-40692413951...-6d54dadd-ba48-427e-bf93-65b708f0db63] INFO com.example.mattermost.MeetingSchedulerWorkflowImpl - dependenciesMet: Checking dependencies for actionId: send_meeting_invite_001
[workflow-method-testDependency-68d04a11-24e6-470a-b053-40692413951...-6d54dadd-ba48-427e-bf93-65b708f0db63] INFO com.example.mattermost.MeetingSchedulerWorkflowImpl - dependenciesMet: ActionId: send_meeting_invite_001 has source dependencies: [propose_final_time_for_approval_001]
[workflow-method-testDependency-68d04a11-24e6-470a-b053-40692413951...-6d54dadd-ba48-427e-bf93-65b708f0db63] INFO com.example.mattermost.MeetingSchedulerWorkflowImpl - dependenciesMet: ActionId: send_meeting_invite_001, Dependency: propose_final_time_for_approval_001, Status: PENDING, IsCompleted: false
[workflow-method-testDependency-68d04a11-24e6-470a-b053-40692413951...-6d54dadd-ba48-427e-bf93-65b708f0db63] INFO com.example.mattermost.MeetingSchedulerWorkflowImpl - dependenciesMet: ActionId: send_meeting_invite_001, AllDependenciesMet: false
[workflow-method-testDependency-68d04a11-24e6-470a-b053-40692413951...-6d54dadd-ba48-427e-bf93-65b708f0db63] INFO com.example.mattermost.MeetingSchedulerWorkflowImpl - getProcessableActions: Node ID: send_meeting_invite_001, Status: PENDING, IsPending: true, DependenciesMet: false
[workflow-method-testDependency-68d04a11-24e6-470a-b053-40692413951...-6d54dadd-ba48-427e-bf93-65b708f0db63] INFO com.example.mattermost.MeetingSchedulerWorkflowImpl - getProcessableActions: Returning 0 processable nodes.
[workflow-method-testDependency-68d04a11-24e6-470a-b053-40692413951...-6d54dadd-ba48-427e-bf93-65b708f0db63] INFO com.example.mattermost.MeetingSchedulerWorkflowImpl - getProcessableActions: Checking all nodes in currentGoal.
[workflow-method-testDependency-68d04a11-24e6-470a-b053-40692413951...-6d54dadd-ba48-427e-bf93-65b708f0db63] INFO com.example.mattermost.MeetingSchedulerWorkflowImpl - getProcessableActions: Node ID: get_requester_preferred_details_001, Status: PROCESSING, IsPending: false, DependenciesMet: false
[workflow-method-testDependency-68d04a11-24e6-470a-b053-40692413951...-6d54dadd-ba48-427e-bf93-65b708f0db63] INFO com.example.mattermost.MeetingSchedulerWorkflowImpl - dependenciesMet: Checking dependencies for actionId: ask_arun_availability_001
[workflow-method-testDependency-68d04a11-24e6-470a-b053-40692413951...-6d54dadd-ba48-427e-bf93-65b708f0db63] INFO com.example.mattermost.MeetingSchedulerWorkflowImpl - dependenciesMet: ActionId: ask_arun_availability_001 has source dependencies: [get_requester_preferred_details_001]
[workflow-method-testDependency-68d04a11-24e6-470a-b053-40692413951...-6d54dadd-ba48-427e-bf93-65b708f0db63] INFO com.example.mattermost.MeetingSchedulerWorkflowImpl - dependenciesMet: ActionId: ask_arun_availability_001, Dependency: get_requester_preferred_details_001, Status: PROCESSING, IsCompleted: false
[workflow-method-testDependency-68d04a11-24e6-470a-b053-40692413951...-6d54dadd-ba48-427e-bf93-65b708f0db63] INFO com.example.mattermost.MeetingSchedulerWorkflowImpl - dependenciesMet: ActionId: ask_arun_availability_001, AllDependenciesMet: false
[workflow-method-testDependency-68d04a11-24e6-470a-b053-40692413951...-6d54dadd-ba48-427e-bf93-65b708f0db63] INFO com.example.mattermost.MeetingSchedulerWorkflowImpl - getProcessableActions: Node ID: ask_arun_availability_001, Status: PENDING, IsPending: true, DependenciesMet: false
[workflow-method-testDependency-68d04a11-24e6-470a-b053-40692413951...-6d54dadd-ba48-427e-bf93-65b708f0db63] INFO com.example.mattermost.MeetingSchedulerWorkflowImpl - dependenciesMet: Checking dependencies for actionId: ask_jasbir_availability_001
[workflow-method-testDependency-68d04a11-24e6-470a-b053-40692413951...-6d54dadd-ba48-427e-bf93-65b708f0db63] INFO com.example.mattermost.MeetingSchedulerWorkflowImpl - dependenciesMet: ActionId: ask_jasbir_availability_001 has source dependencies: [get_requester_preferred_details_001]
[workflow-method-testDependency-68d04a11-24e6-470a-b053-40692413951...-6d54dadd-ba48-427e-bf93-65b708f0db63] INFO com.example.mattermost.MeetingSchedulerWorkflowImpl - dependenciesMet: ActionId: ask_jasbir_availability_001, Dependency: get_requester_preferred_details_001, Status: PROCESSING, IsCompleted: false
[workflow-method-testDependency-68d04a11-24e6-470a-b053-40692413951...-6d54dadd-ba48-427e-bf93-65b708f0db63] INFO com.example.mattermost.MeetingSchedulerWorkflowImpl - dependenciesMet: ActionId: ask_jasbir_availability_001, AllDependenciesMet: false
[workflow-method-testDependency-68d04a11-24e6-470a-b053-40692413951...-6d54dadd-ba48-427e-bf93-65b708f0db63] INFO com.example.mattermost.MeetingSchedulerWorkflowImpl - getProcessableActions: Node ID: ask_jasbir_availability_001, Status: PENDING, IsPending: true, DependenciesMet: false
[workflow-method-testDependency-68d04a11-24e6-470a-b053-40692413951...-6d54dadd-ba48-427e-bf93-65b708f0db63] INFO com.example.mattermost.MeetingSchedulerWorkflowImpl - dependenciesMet: Checking dependencies for actionId: consolidate_availabilities_001
[workflow-method-testDependency-68d04a11-24e6-470a-b053-40692413951...-6d54dadd-ba48-427e-bf93-65b708f0db63] INFO com.example.mattermost.MeetingSchedulerWorkflowImpl - dependenciesMet: ActionId: consolidate_availabilities_001 has source dependencies: [get_requester_preferred_details_001, ask_arun_availability_001, ask_jasbir_availability_001]
[workflow-method-testDependency-68d04a11-24e6-470a-b053-40692413951...-6d54dadd-ba48-427e-bf93-65b708f0db63] INFO com.example.mattermost.MeetingSchedulerWorkflowImpl - dependenciesMet: ActionId: consolidate_availabilities_001, Dependency: get_requester_preferred_details_001, Status: PROCESSING, IsCompleted: false
[workflow-method-testDependency-68d04a11-24e6-470a-b053-40692413951...-6d54dadd-ba48-427e-bf93-65b708f0db63] INFO com.example.mattermost.MeetingSchedulerWorkflowImpl - dependenciesMet: ActionId: consolidate_availabilities_001, AllDependenciesMet: false
[workflow-method-testDependency-68d04a11-24e6-470a-b053-40692413951...-6d54dadd-ba48-427e-bf93-65b708f0db63] INFO com.example.mattermost.MeetingSchedulerWorkflowImpl - getProcessableActions: Node ID: consolidate_availabilities_001, Status: PENDING, IsPending: true, DependenciesMet: false
[workflow-method-testDependency-68d04a11-24e6-470a-b053-40692413951...-6d54dadd-ba48-427e-bf93-65b708f0db63] INFO com.example.mattermost.MeetingSchedulerWorkflowImpl - dependenciesMet: Checking dependencies for actionId: propose_final_time_for_approval_001
[workflow-method-testDependency-68d04a11-24e6-470a-b053-40692413951...-6d54dadd-ba48-427e-bf93-65b708f0db63] INFO com.example.mattermost.MeetingSchedulerWorkflowImpl - dependenciesMet: ActionId: propose_final_time_for_approval_001 has source dependencies: [consolidate_availabilities_001]
[workflow-method-testDependency-68d04a11-24e6-470a-b053-40692413951...-6d54dadd-ba48-427e-bf93-65b708f0db63] INFO com.example.mattermost.MeetingSchedulerWorkflowImpl - dependenciesMet: ActionId: propose_final_time_for_approval_001, Dependency: consolidate_availabilities_001, Status: PENDING, IsCompleted: false
[workflow-method-testDependency-68d04a11-24e6-470a-b053-40692413951...-6d54dadd-ba48-427e-bf93-65b708f0db63] INFO com.example.mattermost.MeetingSchedulerWorkflowImpl - dependenciesMet: ActionId: propose_final_time_for_approval_001, AllDependenciesMet: false
[workflow-method-testDependency-68d04a11-24e6-470a-b053-40692413951...-6d54dadd-ba48-427e-bf93-65b708f0db63] INFO com.example.mattermost.MeetingSchedulerWorkflowImpl - getProcessableActions: Node ID: propose_final_time_for_approval_001, Status: PENDING, IsPending: true, DependenciesMet: false
[workflow-method-testDependency-68d04a11-24e6-470a-b053-40692413951...-6d54dadd-ba48-427e-bf93-65b708f0db63] INFO com.example.mattermost.MeetingSchedulerWorkflowImpl - dependenciesMet: Checking dependencies for actionId: send_meeting_invite_001
[workflow-method-testDependency-68d04a11-24e6-470a-b053-40692413951...-6d54dadd-ba48-427e-bf93-65b708f0db63] INFO com.example.mattermost.MeetingSchedulerWorkflowImpl - dependenciesMet: ActionId: send_meeting_invite_001 has source dependencies: [propose_final_time_for_approval_001]
[workflow-method-testDependency-68d04a11-24e6-470a-b053-40692413951...-6d54dadd-ba48-427e-bf93-65b708f0db63] INFO com.example.mattermost.MeetingSchedulerWorkflowImpl - dependenciesMet: ActionId: send_meeting_invite_001, Dependency: propose_final_time_for_approval_001, Status: PENDING, IsCompleted: false
[workflow-method-testDependency-68d04a11-24e6-470a-b053-40692413951...-6d54dadd-ba48-427e-bf93-65b708f0db63] INFO com.example.mattermost.MeetingSchedulerWorkflowImpl - dependenciesMet: ActionId: send_meeting_invite_001, AllDependenciesMet: false
[workflow-method-testDependency-68d04a11-24e6-470a-b053-40692413951...-6d54dadd-ba48-427e-bf93-65b708f0db63] INFO com.example.mattermost.MeetingSchedulerWorkflowImpl - getProcessableActions: Node ID: send_meeting_invite_001, Status: PENDING, IsPending: true, DependenciesMet: false
[workflow-method-testDependency-68d04a11-24e6-470a-b053-40692413951...-6d54dadd-ba48-427e-bf93-65b708f0db63] INFO com.example.mattermost.MeetingSchedulerWorkflowImpl - getProcessableActions: Returning 0 processable nodes.
[workflow-method-testDependency-68d04a11-24e6-470a-b053-40692413951...-6d54dadd-ba48-427e-bf93-65b708f0db63] WARN com.example.mattermost.MeetingSchedulerWorkflowImpl - Potential deadlock or all remaining actions are waiting for external signals. Workflow might be stuck if no signals arrive.
[workflow-method-testDependency-68d04a11-24e6-470a-b053-40692413951...-6d54dadd-ba48-427e-bf93-65b708f0db63] INFO com.example.mattermost.MeetingSchedulerWorkflowImpl - dependenciesMet: Checking dependencies for actionId: ask_arun_availability_001
[workflow-method-testDependency-68d04a11-24e6-470a-b053-40692413951...-6d54dadd-ba48-427e-bf93-65b708f0db63] INFO com.example.mattermost.MeetingSchedulerWorkflowImpl - dependenciesMet: ActionId: ask_arun_availability_001 has source dependencies: [get_requester_preferred_details_001]
[workflow-method-testDependency-68d04a11-24e6-470a-b053-40692413951...-6d54dadd-ba48-427e-bf93-65b708f0db63] INFO com.example.mattermost.MeetingSchedulerWorkflowImpl - dependenciesMet: ActionId: ask_arun_availability_001, Dependency: get_requester_preferred_details_001, Status: PROCESSING, IsCompleted: false
[workflow-method-testDependency-68d04a11-24e6-470a-b053-40692413951...-6d54dadd-ba48-427e-bf93-65b708f0db63] INFO com.example.mattermost.MeetingSchedulerWorkflowImpl - dependenciesMet: ActionId: ask_arun_availability_001, AllDependenciesMet: false
[workflow-method-testDependency-68d04a11-24e6-470a-b053-40692413951...-6d54dadd-ba48-427e-bf93-65b708f0db63] INFO com.example.mattermost.MeetingSchedulerWorkflowImpl - dependenciesMet: Checking dependencies for actionId: ask_jasbir_availability_001
[workflow-method-testDependency-68d04a11-24e6-470a-b053-40692413951...-6d54dadd-ba48-427e-bf93-65b708f0db63] INFO com.example.mattermost.MeetingSchedulerWorkflowImpl - dependenciesMet: ActionId: ask_jasbir_availability_001 has source dependencies: [get_requester_preferred_details_001]
[workflow-method-testDependency-68d04a11-24e6-470a-b053-40692413951...-6d54dadd-ba48-427e-bf93-65b708f0db63] INFO com.example.mattermost.MeetingSchedulerWorkflowImpl - dependenciesMet: ActionId: ask_jasbir_availability_001, Dependency: get_requester_preferred_details_001, Status: PROCESSING, IsCompleted: false
[workflow-method-testDependency-68d04a11-24e6-470a-b053-40692413951...-6d54dadd-ba48-427e-bf93-65b708f0db63] INFO com.example.mattermost.MeetingSchedulerWorkflowImpl - dependenciesMet: ActionId: ask_jasbir_availability_001, AllDependenciesMet: false
[workflow-method-testDependency-68d04a11-24e6-470a-b053-40692413951...-6d54dadd-ba48-427e-bf93-65b708f0db63] INFO com.example.mattermost.MeetingSchedulerWorkflowImpl - dependenciesMet: Checking dependencies for actionId: consolidate_availabilities_001
[workflow-method-testDependency-68d04a11-24e6-470a-b053-40692413951...-6d54dadd-ba48-427e-bf93-65b708f0db63] INFO com.example.mattermost.MeetingSchedulerWorkflowImpl - dependenciesMet: ActionId: consolidate_availabilities_001 has source dependencies: [get_requester_preferred_details_001, ask_arun_availability_001, ask_jasbir_availability_001]
[workflow-method-testDependency-68d04a11-24e6-470a-b053-40692413951...-6d54dadd-ba48-427e-bf93-65b708f0db63] INFO com.example.mattermost.MeetingSchedulerWorkflowImpl - dependenciesMet: ActionId: consolidate_availabilities_001, Dependency: get_requester_preferred_details_001, Status: PROCESSING, IsCompleted: false
[workflow-method-testDependency-68d04a11-24e6-470a-b053-40692413951...-6d54dadd-ba48-427e-bf93-65b708f0db63] INFO com.example.mattermost.MeetingSchedulerWorkflowImpl - dependenciesMet: ActionId: consolidate_availabilities_001, AllDependenciesMet: false
[workflow-method-testDependency-68d04a11-24e6-470a-b053-40692413951...-6d54dadd-ba48-427e-bf93-65b708f0db63] INFO com.example.mattermost.MeetingSchedulerWorkflowImpl - dependenciesMet: Checking dependencies for actionId: propose_final_time_for_approval_001
[workflow-method-testDependency-68d04a11-24e6-470a-b053-40692413951...-6d54dadd-ba48-427e-bf93-65b708f0db63] INFO com.example.mattermost.MeetingSchedulerWorkflowImpl - dependenciesMet: ActionId: propose_final_time_for_approval_001 has source dependencies: [consolidate_availabilities_001]
[workflow-method-testDependency-68d04a11-24e6-470a-b053-40692413951...-6d54dadd-ba48-427e-bf93-65b708f0db63] INFO com.example.mattermost.MeetingSchedulerWorkflowImpl - dependenciesMet: ActionId: propose_final_time_for_approval_001, Dependency: consolidate_availabilities_001, Status: PENDING, IsCompleted: false
[workflow-method-testDependency-68d04a11-24e6-470a-b053-40692413951...-6d54dadd-ba48-427e-bf93-65b708f0db63] INFO com.example.mattermost.MeetingSchedulerWorkflowImpl - dependenciesMet: ActionId: propose_final_time_for_approval_001, AllDependenciesMet: false
[workflow-method-testDependency-68d04a11-24e6-470a-b053-40692413951...-6d54dadd-ba48-427e-bf93-65b708f0db63] INFO com.example.mattermost.MeetingSchedulerWorkflowImpl - dependenciesMet: Checking dependencies for actionId: send_meeting_invite_001
[workflow-method-testDependency-68d04a11-24e6-470a-b053-40692413951...-6d54dadd-ba48-427e-bf93-65b708f0db63] INFO com.example.mattermost.MeetingSchedulerWorkflowImpl - dependenciesMet: ActionId: send_meeting_invite_001 has source dependencies: [propose_final_time_for_approval_001]
[workflow-method-testDependency-68d04a11-24e6-470a-b053-40692413951...-6d54dadd-ba48-427e-bf93-65b708f0db63] INFO com.example.mattermost.MeetingSchedulerWorkflowImpl - dependenciesMet: ActionId: send_meeting_invite_001, Dependency: propose_final_time_for_approval_001, Status: PENDING, IsCompleted: false
[workflow-method-testDependency-68d04a11-24e6-470a-b053-40692413951...-6d54dadd-ba48-427e-bf93-65b708f0db63] INFO com.example.mattermost.MeetingSchedulerWorkflowImpl - dependenciesMet: ActionId: send_meeting_invite_001, AllDependenciesMet: false
[workflow-method-testDependency-68d04a11-24e6-470a-b053-40692413951...-6d54dadd-ba48-427e-bf93-65b708f0db63] INFO com.example.mattermost.MeetingSchedulerWorkflowImpl - Main loop: Workflow.await condition check: newProcessableActions=false, workflowNowComplete=false
[workflow-method-testDependency-68d04a11-24e6-470a-b053-40692413951...-6d54dadd-ba48-427e-bf93-65b708f0db63] INFO com.example.mattermost.MeetingSchedulerWorkflowImpl - getProcessableActions: Checking all nodes in currentGoal.
[workflow-method-testDependency-68d04a11-24e6-470a-b053-40692413951...-6d54dadd-ba48-427e-bf93-65b708f0db63] INFO com.example.mattermost.MeetingSchedulerWorkflowImpl - getProcessableActions: Node ID: get_requester_preferred_details_001, Status: PROCESSING, IsPending: false, DependenciesMet: false
[workflow-method-testDependency-68d04a11-24e6-470a-b053-40692413951...-6d54dadd-ba48-427e-bf93-65b708f0db63] INFO com.example.mattermost.MeetingSchedulerWorkflowImpl - dependenciesMet: Checking dependencies for actionId: ask_arun_availability_001
[workflow-method-testDependency-68d04a11-24e6-470a-b053-40692413951...-6d54dadd-ba48-427e-bf93-65b708f0db63] INFO com.example.mattermost.MeetingSchedulerWorkflowImpl - dependenciesMet: ActionId: ask_arun_availability_001 has source dependencies: [get_requester_preferred_details_001]
[workflow-method-testDependency-68d04a11-24e6-470a-b053-40692413951...-6d54dadd-ba48-427e-bf93-65b708f0db63] INFO com.example.mattermost.MeetingSchedulerWorkflowImpl - dependenciesMet: ActionId: ask_arun_availability_001, Dependency: get_requester_preferred_details_001, Status: PROCESSING, IsCompleted: false
[workflow-method-testDependency-68d04a11-24e6-470a-b053-40692413951...-6d54dadd-ba48-427e-bf93-65b708f0db63] INFO com.example.mattermost.MeetingSchedulerWorkflowImpl - dependenciesMet: ActionId: ask_arun_availability_001, AllDependenciesMet: false
[workflow-method-testDependency-68d04a11-24e6-470a-b053-40692413951...-6d54dadd-ba48-427e-bf93-65b708f0db63] INFO com.example.mattermost.MeetingSchedulerWorkflowImpl - getProcessableActions: Node ID: ask_arun_availability_001, Status: PENDING, IsPending: true, DependenciesMet: false
[workflow-method-testDependency-68d04a11-24e6-470a-b053-40692413951...-6d54dadd-ba48-427e-bf93-65b708f0db63] INFO com.example.mattermost.MeetingSchedulerWorkflowImpl - dependenciesMet: Checking dependencies for actionId: ask_jasbir_availability_001
[workflow-method-testDependency-68d04a11-24e6-470a-b053-40692413951...-6d54dadd-ba48-427e-bf93-65b708f0db63] INFO com.example.mattermost.MeetingSchedulerWorkflowImpl - dependenciesMet: ActionId: ask_jasbir_availability_001 has source dependencies: [get_requester_preferred_details_001]
[workflow-method-testDependency-68d04a11-24e6-470a-b053-40692413951...-6d54dadd-ba48-427e-bf93-65b708f0db63] INFO com.example.mattermost.MeetingSchedulerWorkflowImpl - dependenciesMet: ActionId: ask_jasbir_availability_001, Dependency: get_requester_preferred_details_001, Status: PROCESSING, IsCompleted: false
[workflow-method-testDependency-68d04a11-24e6-470a-b053-40692413951...-6d54dadd-ba48-427e-bf93-65b708f0db63] INFO com.example.mattermost.MeetingSchedulerWorkflowImpl - dependenciesMet: ActionId: ask_jasbir_availability_001, AllDependenciesMet: false
[workflow-method-testDependency-68d04a11-24e6-470a-b053-40692413951...-6d54dadd-ba48-427e-bf93-65b708f0db63] INFO com.example.mattermost.MeetingSchedulerWorkflowImpl - getProcessableActions: Node ID: ask_jasbir_availability_001, Status: PENDING, IsPending: true, DependenciesMet: false
[workflow-method-testDependency-68d04a11-24e6-470a-b053-40692413951...-6d54dadd-ba48-427e-bf93-65b708f0db63] INFO com.example.mattermost.MeetingSchedulerWorkflowImpl - dependenciesMet: Checking dependencies for actionId: consolidate_availabilities_001
[workflow-method-testDependency-68d04a11-24e6-470a-b053-40692413951...-6d54dadd-ba48-427e-bf93-65b708f0db63] INFO com.example.mattermost.MeetingSchedulerWorkflowImpl - dependenciesMet: ActionId: consolidate_availabilities_001 has source dependencies: [get_requester_preferred_details_001, ask_arun_availability_001, ask_jasbir_availability_001]
[workflow-method-testDependency-68d04a11-24e6-470a-b053-40692413951...-6d54dadd-ba48-427e-bf93-65b708f0db63] INFO com.example.mattermost.MeetingSchedulerWorkflowImpl - dependenciesMet: ActionId: consolidate_availabilities_001, Dependency: get_requester_preferred_details_001, Status: PROCESSING, IsCompleted: false
[workflow-method-testDependency-68d04a11-24e6-470a-b053-40692413951...-6d54dadd-ba48-427e-bf93-65b708f0db63] INFO com.example.mattermost.MeetingSchedulerWorkflowImpl - dependenciesMet: ActionId: consolidate_availabilities_001, AllDependenciesMet: false
[workflow-method-testDependency-68d04a11-24e6-470a-b053-40692413951...-6d54dadd-ba48-427e-bf93-65b708f0db63] INFO com.example.mattermost.MeetingSchedulerWorkflowImpl - getProcessableActions: Node ID: consolidate_availabilities_001, Status: PENDING, IsPending: true, DependenciesMet: false
[workflow-method-testDependency-68d04a11-24e6-470a-b053-40692413951...-6d54dadd-ba48-427e-bf93-65b708f0db63] INFO com.example.mattermost.MeetingSchedulerWorkflowImpl - dependenciesMet: Checking dependencies for actionId: propose_final_time_for_approval_001
[workflow-method-testDependency-68d04a11-24e6-470a-b053-40692413951...-6d54dadd-ba48-427e-bf93-65b708f0db63] INFO com.example.mattermost.MeetingSchedulerWorkflowImpl - dependenciesMet: ActionId: propose_final_time_for_approval_001 has source dependencies: [consolidate_availabilities_001]
[workflow-method-testDependency-68d04a11-24e6-470a-b053-40692413951...-6d54dadd-ba48-427e-bf93-65b708f0db63] INFO com.example.mattermost.MeetingSchedulerWorkflowImpl - dependenciesMet: ActionId: propose_final_time_for_approval_001, Dependency: consolidate_availabilities_001, Status: PENDING, IsCompleted: false
[workflow-method-testDependency-68d04a11-24e6-470a-b053-40692413951...-6d54dadd-ba48-427e-bf93-65b708f0db63] INFO com.example.mattermost.MeetingSchedulerWorkflowImpl - dependenciesMet: ActionId: propose_final_time_for_approval_001, AllDependenciesMet: false
[workflow-method-testDependency-68d04a11-24e6-470a-b053-40692413951...-6d54dadd-ba48-427e-bf93-65b708f0db63] INFO com.example.mattermost.MeetingSchedulerWorkflowImpl - getProcessableActions: Node ID: propose_final_time_for_approval_001, Status: PENDING, IsPending: true, DependenciesMet: false
[workflow-method-testDependency-68d04a11-24e6-470a-b053-40692413951...-6d54dadd-ba48-427e-bf93-65b708f0db63] INFO com.example.mattermost.MeetingSchedulerWorkflowImpl - dependenciesMet: Checking dependencies for actionId: send_meeting_invite_001
[workflow-method-testDependency-68d04a11-24e6-470a-b053-40692413951...-6d54dadd-ba48-427e-bf93-65b708f0db63] INFO com.example.mattermost.MeetingSchedulerWorkflowImpl - dependenciesMet: ActionId: send_meeting_invite_001 has source dependencies: [propose_final_time_for_approval_001]
[workflow-method-testDependency-68d04a11-24e6-470a-b053-40692413951...-6d54dadd-ba48-427e-bf93-65b708f0db63] INFO com.example.mattermost.MeetingSchedulerWorkflowImpl - dependenciesMet: ActionId: send_meeting_invite_001, Dependency: propose_final_time_for_approval_001, Status: PENDING, IsCompleted: false
[workflow-method-testDependency-68d04a11-24e6-470a-b053-40692413951...-6d54dadd-ba48-427e-bf93-65b708f0db63] INFO com.example.mattermost.MeetingSchedulerWorkflowImpl - dependenciesMet: ActionId: send_meeting_invite_001, AllDependenciesMet: false
[workflow-method-testDependency-68d04a11-24e6-470a-b053-40692413951...-6d54dadd-ba48-427e-bf93-65b708f0db63] INFO com.example.mattermost.MeetingSchedulerWorkflowImpl - getProcessableActions: Node ID: send_meeting_invite_001, Status: PENDING, IsPending: true, DependenciesMet: false
[workflow-method-testDependency-68d04a11-24e6-470a-b053-40692413951...-6d54dadd-ba48-427e-bf93-65b708f0db63] INFO com.example.mattermost.MeetingSchedulerWorkflowImpl - getProcessableActions: Returning 0 processable nodes.
[workflow-method-testDependency-68d04a11-24e6-470a-b053-40692413951...-6d54dadd-ba48-427e-bf93-65b708f0db63] INFO com.example.mattermost.MeetingSchedulerWorkflowImpl - getProcessableActions: Checking all nodes in currentGoal.
[workflow-method-testDependency-68d04a11-24e6-470a-b053-40692413951...-6d54dadd-ba48-427e-bf93-65b708f0db63] INFO com.example.mattermost.MeetingSchedulerWorkflowImpl - getProcessableActions: Node ID: get_requester_preferred_details_001, Status: PROCESSING, IsPending: false, DependenciesMet: false
[workflow-method-testDependency-68d04a11-24e6-470a-b053-40692413951...-6d54dadd-ba48-427e-bf93-65b708f0db63] INFO com.example.mattermost.MeetingSchedulerWorkflowImpl - dependenciesMet: Checking dependencies for actionId: ask_arun_availability_001
[workflow-method-testDependency-68d04a11-24e6-470a-b053-40692413951...-6d54dadd-ba48-427e-bf93-65b708f0db63] INFO com.example.mattermost.MeetingSchedulerWorkflowImpl - dependenciesMet: ActionId: ask_arun_availability_001 has source dependencies: [get_requester_preferred_details_001]
[workflow-method-testDependency-68d04a11-24e6-470a-b053-40692413951...-6d54dadd-ba48-427e-bf93-65b708f0db63] INFO com.example.mattermost.MeetingSchedulerWorkflowImpl - dependenciesMet: ActionId: ask_arun_availability_001, Dependency: get_requester_preferred_details_001, Status: PROCESSING, IsCompleted: false
[workflow-method-testDependency-68d04a11-24e6-470a-b053-40692413951...-6d54dadd-ba48-427e-bf93-65b708f0db63] INFO com.example.mattermost.MeetingSchedulerWorkflowImpl - dependenciesMet: ActionId: ask_arun_availability_001, AllDependenciesMet: false
[workflow-method-testDependency-68d04a11-24e6-470a-b053-40692413951...-6d54dadd-ba48-427e-bf93-65b708f0db63] INFO com.example.mattermost.MeetingSchedulerWorkflowImpl - getProcessableActions: Node ID: ask_arun_availability_001, Status: PENDING, IsPending: true, DependenciesMet: false
[workflow-method-testDependency-68d04a11-24e6-470a-b053-40692413951...-6d54dadd-ba48-427e-bf93-65b708f0db63] INFO com.example.mattermost.MeetingSchedulerWorkflowImpl - dependenciesMet: Checking dependencies for actionId: ask_jasbir_availability_001
[workflow-method-testDependency-68d04a11-24e6-470a-b053-40692413951...-6d54dadd-ba48-427e-bf93-65b708f0db63] INFO com.example.mattermost.MeetingSchedulerWorkflowImpl - dependenciesMet: ActionId: ask_jasbir_availability_001 has source dependencies: [get_requester_preferred_details_001]
[workflow-method-testDependency-68d04a11-24e6-470a-b053-40692413951...-6d54dadd-ba48-427e-bf93-65b708f0db63] INFO com.example.mattermost.MeetingSchedulerWorkflowImpl - dependenciesMet: ActionId: ask_jasbir_availability_001, Dependency: get_requester_preferred_details_001, Status: PROCESSING, IsCompleted: false
[workflow-method-testDependency-68d04a11-24e6-470a-b053-40692413951...-6d54dadd-ba48-427e-bf93-65b708f0db63] INFO com.example.mattermost.MeetingSchedulerWorkflowImpl - dependenciesMet: ActionId: ask_jasbir_availability_001, AllDependenciesMet: false
[workflow-method-testDependency-68d04a11-24e6-470a-b053-40692413951...-6d54dadd-ba48-427e-bf93-65b708f0db63] INFO com.example.mattermost.MeetingSchedulerWorkflowImpl - getProcessableActions: Node ID: ask_jasbir_availability_001, Status: PENDING, IsPending: true, DependenciesMet: false
[workflow-method-testDependency-68d04a11-24e6-470a-b053-40692413951...-6d54dadd-ba48-427e-bf93-65b708f0db63] INFO com.example.mattermost.MeetingSchedulerWorkflowImpl - dependenciesMet: Checking dependencies for actionId: consolidate_availabilities_001
[workflow-method-testDependency-68d04a11-24e6-470a-b053-40692413951...-6d54dadd-ba48-427e-bf93-65b708f0db63] INFO com.example.mattermost.MeetingSchedulerWorkflowImpl - dependenciesMet: ActionId: consolidate_availabilities_001 has source dependencies: [get_requester_preferred_details_001, ask_arun_availability_001, ask_jasbir_availability_001]
[workflow-method-testDependency-68d04a11-24e6-470a-b053-40692413951...-6d54dadd-ba48-427e-bf93-65b708f0db63] INFO com.example.mattermost.MeetingSchedulerWorkflowImpl - dependenciesMet: ActionId: consolidate_availabilities_001, Dependency: get_requester_preferred_details_001, Status: PROCESSING, IsCompleted: false
[workflow-method-testDependency-68d04a11-24e6-470a-b053-40692413951...-6d54dadd-ba48-427e-bf93-65b708f0db63] INFO com.example.mattermost.MeetingSchedulerWorkflowImpl - dependenciesMet: ActionId: consolidate_availabilities_001, AllDependenciesMet: false
[workflow-method-testDependency-68d04a11-24e6-470a-b053-40692413951...-6d54dadd-ba48-427e-bf93-65b708f0db63] INFO com.example.mattermost.MeetingSchedulerWorkflowImpl - getProcessableActions: Node ID: consolidate_availabilities_001, Status: PENDING, IsPending: true, DependenciesMet: false
[workflow-method-testDependency-68d04a11-24e6-470a-b053-40692413951...-6d54dadd-ba48-427e-bf93-65b708f0db63] INFO com.example.mattermost.MeetingSchedulerWorkflowImpl - dependenciesMet: Checking dependencies for actionId: propose_final_time_for_approval_001
[workflow-method-testDependency-68d04a11-24e6-470a-b053-40692413951...-6d54dadd-ba48-427e-bf93-65b708f0db63] INFO com.example.mattermost.MeetingSchedulerWorkflowImpl - dependenciesMet: ActionId: propose_final_time_for_approval_001 has source dependencies: [consolidate_availabilities_001]
[workflow-method-testDependency-68d04a11-24e6-470a-b053-40692413951...-6d54dadd-ba48-427e-bf93-65b708f0db63] INFO com.example.mattermost.MeetingSchedulerWorkflowImpl - dependenciesMet: ActionId: propose_final_time_for_approval_001, Dependency: consolidate_availabilities_001, Status: PENDING, IsCompleted: false
[workflow-method-testDependency-68d04a11-24e6-470a-b053-40692413951...-6d54dadd-ba48-427e-bf93-65b708f0db63] INFO com.example.mattermost.MeetingSchedulerWorkflowImpl - dependenciesMet: ActionId: propose_final_time_for_approval_001, AllDependenciesMet: false
[workflow-method-testDependency-68d04a11-24e6-470a-b053-40692413951...-6d54dadd-ba48-427e-bf93-65b708f0db63] INFO com.example.mattermost.MeetingSchedulerWorkflowImpl - getProcessableActions: Node ID: propose_final_time_for_approval_001, Status: PENDING, IsPending: true, DependenciesMet: false
[workflow-method-testDependency-68d04a11-24e6-470a-b053-40692413951...-6d54dadd-ba48-427e-bf93-65b708f0db63] INFO com.example.mattermost.MeetingSchedulerWorkflowImpl - dependenciesMet: Checking dependencies for actionId: send_meeting_invite_001
[workflow-method-testDependency-68d04a11-24e6-470a-b053-40692413951...-6d54dadd-ba48-427e-bf93-65b708f0db63] INFO com.example.mattermost.MeetingSchedulerWorkflowImpl - dependenciesMet: ActionId: send_meeting_invite_001 has source dependencies: [propose_final_time_for_approval_001]
[workflow-method-testDependency-68d04a11-24e6-470a-b053-40692413951...-6d54dadd-ba48-427e-bf93-65b708f0db63] INFO com.example.mattermost.MeetingSchedulerWorkflowImpl - dependenciesMet: ActionId: send_meeting_invite_001, Dependency: propose_final_time_for_approval_001, Status: PENDING, IsCompleted: false
[workflow-method-testDependency-68d04a11-24e6-470a-b053-40692413951...-6d54dadd-ba48-427e-bf93-65b708f0db63] INFO com.example.mattermost.MeetingSchedulerWorkflowImpl - dependenciesMet: ActionId: send_meeting_invite_001, AllDependenciesMet: false
[workflow-method-testDependency-68d04a11-24e6-470a-b053-40692413951...-6d54dadd-ba48-427e-bf93-65b708f0db63] INFO com.example.mattermost.MeetingSchedulerWorkflowImpl - getProcessableActions: Node ID: send_meeting_invite_001, Status: PENDING, IsPending: true, DependenciesMet: false
[workflow-method-testDependency-68d04a11-24e6-470a-b053-40692413951...-6d54dadd-ba48-427e-bf93-65b708f0db63] INFO com.example.mattermost.MeetingSchedulerWorkflowImpl - getProcessableActions: Returning 0 processable nodes.
[workflow-method-testDependency-68d04a11-24e6-470a-b053-40692413951...-6d54dadd-ba48-427e-bf93-65b708f0db63] WARN com.example.mattermost.MeetingSchedulerWorkflowImpl - Potential deadlock or all remaining actions are waiting for external signals. Workflow might be stuck if no signals arrive.
[workflow-method-testDependency-68d04a11-24e6-470a-b053-40692413951...-6d54dadd-ba48-427e-bf93-65b708f0db63] INFO com.example.mattermost.MeetingSchedulerWorkflowImpl - dependenciesMet: Checking dependencies for actionId: ask_arun_availability_001
[workflow-method-testDependency-68d04a11-24e6-470a-b053-40692413951...-6d54dadd-ba48-427e-bf93-65b708f0db63] INFO com.example.mattermost.MeetingSchedulerWorkflowImpl - dependenciesMet: ActionId: ask_arun_availability_001 has source dependencies: [get_requester_preferred_details_001]
[workflow-method-testDependency-68d04a11-24e6-470a-b053-40692413951...-6d54dadd-ba48-427e-bf93-65b708f0db63] INFO com.example.mattermost.MeetingSchedulerWorkflowImpl - dependenciesMet: ActionId: ask_arun_availability_001, Dependency: get_requester_preferred_details_001, Status: PROCESSING, IsCompleted: false
[workflow-method-testDependency-68d04a11-24e6-470a-b053-40692413951...-6d54dadd-ba48-427e-bf93-65b708f0db63] INFO com.example.mattermost.MeetingSchedulerWorkflowImpl - dependenciesMet: ActionId: ask_arun_availability_001, AllDependenciesMet: false
[workflow-method-testDependency-68d04a11-24e6-470a-b053-40692413951...-6d54dadd-ba48-427e-bf93-65b708f0db63] INFO com.example.mattermost.MeetingSchedulerWorkflowImpl - dependenciesMet: Checking dependencies for actionId: ask_jasbir_availability_001
[workflow-method-testDependency-68d04a11-24e6-470a-b053-40692413951...-6d54dadd-ba48-427e-bf93-65b708f0db63] INFO com.example.mattermost.MeetingSchedulerWorkflowImpl - dependenciesMet: ActionId: ask_jasbir_availability_001 has source dependencies: [get_requester_preferred_details_001]
[workflow-method-testDependency-68d04a11-24e6-470a-b053-40692413951...-6d54dadd-ba48-427e-bf93-65b708f0db63] INFO com.example.mattermost.MeetingSchedulerWorkflowImpl - dependenciesMet: ActionId: ask_jasbir_availability_001, Dependency: get_requester_preferred_details_001, Status: PROCESSING, IsCompleted: false
[workflow-method-testDependency-68d04a11-24e6-470a-b053-40692413951...-6d54dadd-ba48-427e-bf93-65b708f0db63] INFO com.example.mattermost.MeetingSchedulerWorkflowImpl - dependenciesMet: ActionId: ask_jasbir_availability_001, AllDependenciesMet: false
[workflow-method-testDependency-68d04a11-24e6-470a-b053-40692413951...-6d54dadd-ba48-427e-bf93-65b708f0db63] INFO com.example.mattermost.MeetingSchedulerWorkflowImpl - dependenciesMet: Checking dependencies for actionId: consolidate_availabilities_001
[workflow-method-testDependency-68d04a11-24e6-470a-b053-40692413951...-6d54dadd-ba48-427e-bf93-65b708f0db63] INFO com.example.mattermost.MeetingSchedulerWorkflowImpl - dependenciesMet: ActionId: consolidate_availabilities_001 has source dependencies: [get_requester_preferred_details_001, ask_arun_availability_001, ask_jasbir_availability_001]
[workflow-method-testDependency-68d04a11-24e6-470a-b053-40692413951...-6d54dadd-ba48-427e-bf93-65b708f0db63] INFO com.example.mattermost.MeetingSchedulerWorkflowImpl - dependenciesMet: ActionId: consolidate_availabilities_001, Dependency: get_requester_preferred_details_001, Status: PROCESSING, IsCompleted: false
[workflow-method-testDependency-68d04a11-24e6-470a-b053-40692413951...-6d54dadd-ba48-427e-bf93-65b708f0db63] INFO com.example.mattermost.MeetingSchedulerWorkflowImpl - dependenciesMet: ActionId: consolidate_availabilities_001, AllDependenciesMet: false
[workflow-method-testDependency-68d04a11-24e6-470a-b053-40692413951...-6d54dadd-ba48-427e-bf93-65b708f0db63] INFO com.example.mattermost.MeetingSchedulerWorkflowImpl - dependenciesMet: Checking dependencies for actionId: propose_final_time_for_approval_001
[workflow-method-testDependency-68d04a11-24e6-470a-b053-40692413951...-6d54dadd-ba48-427e-bf93-65b708f0db63] INFO com.example.mattermost.MeetingSchedulerWorkflowImpl - dependenciesMet: ActionId: propose_final_time_for_approval_001 has source dependencies: [consolidate_availabilities_001]
[workflow-method-testDependency-68d04a11-24e6-470a-b053-40692413951...-6d54dadd-ba48-427e-bf93-65b708f0db63] INFO com.example.mattermost.MeetingSchedulerWorkflowImpl - dependenciesMet: ActionId: propose_final_time_for_approval_001, Dependency: consolidate_availabilities_001, Status: PENDING, IsCompleted: false
[workflow-method-testDependency-68d04a11-24e6-470a-b053-40692413951...-6d54dadd-ba48-427e-bf93-65b708f0db63] INFO com.example.mattermost.MeetingSchedulerWorkflowImpl - dependenciesMet: ActionId: propose_final_time_for_approval_001, AllDependenciesMet: false
[workflow-method-testDependency-68d04a11-24e6-470a-b053-40692413951...-6d54dadd-ba48-427e-bf93-65b708f0db63] INFO com.example.mattermost.MeetingSchedulerWorkflowImpl - dependenciesMet: Checking dependencies for actionId: send_meeting_invite_001
[workflow-method-testDependency-68d04a11-24e6-470a-b053-40692413951...-6d54dadd-ba48-427e-bf93-65b708f0db63] INFO com.example.mattermost.MeetingSchedulerWorkflowImpl - dependenciesMet: ActionId: send_meeting_invite_001 has source dependencies: [propose_final_time_for_approval_001]
[workflow-method-testDependency-68d04a11-24e6-470a-b053-40692413951...-6d54dadd-ba48-427e-bf93-65b708f0db63] INFO com.example.mattermost.MeetingSchedulerWorkflowImpl - dependenciesMet: ActionId: send_meeting_invite_001, Dependency: propose_final_time_for_approval_001, Status: PENDING, IsCompleted: false
[workflow-method-testDependency-68d04a11-24e6-470a-b053-40692413951...-6d54dadd-ba48-427e-bf93-65b708f0db63] INFO com.example.mattermost.MeetingSchedulerWorkflowImpl - dependenciesMet: ActionId: send_meeting_invite_001, AllDependenciesMet: false
[workflow-method-testDependency-68d04a11-24e6-470a-b053-40692413951...-6d54dadd-ba48-427e-bf93-65b708f0db63] INFO com.example.mattermost.MeetingSchedulerWorkflowImpl - Main loop: Workflow.await condition check: newProcessableActions=false, workflowNowComplete=false
[workflow-method-testDependency-68d04a11-24e6-470a-b053-40692413951...-6d54dadd-ba48-427e-bf93-65b708f0db63] INFO com.example.mattermost.MeetingSchedulerWorkflowImpl - getProcessableActions: Checking all nodes in currentGoal.
[workflow-method-testDependency-68d04a11-24e6-470a-b053-40692413951...-6d54dadd-ba48-427e-bf93-65b708f0db63] INFO com.example.mattermost.MeetingSchedulerWorkflowImpl - getProcessableActions: Node ID: get_requester_preferred_details_001, Status: PROCESSING, IsPending: false, DependenciesMet: false
[workflow-method-testDependency-68d04a11-24e6-470a-b053-40692413951...-6d54dadd-ba48-427e-bf93-65b708f0db63] INFO com.example.mattermost.MeetingSchedulerWorkflowImpl - dependenciesMet: Checking dependencies for actionId: ask_arun_availability_001
[workflow-method-testDependency-68d04a11-24e6-470a-b053-40692413951...-6d54dadd-ba48-427e-bf93-65b708f0db63] INFO com.example.mattermost.MeetingSchedulerWorkflowImpl - dependenciesMet: ActionId: ask_arun_availability_001 has source dependencies: [get_requester_preferred_details_001]
[workflow-method-testDependency-68d04a11-24e6-470a-b053-40692413951...-6d54dadd-ba48-427e-bf93-65b708f0db63] INFO com.example.mattermost.MeetingSchedulerWorkflowImpl - dependenciesMet: ActionId: ask_arun_availability_001, Dependency: get_requester_preferred_details_001, Status: PROCESSING, IsCompleted: false
[workflow-method-testDependency-68d04a11-24e6-470a-b053-40692413951...-6d54dadd-ba48-427e-bf93-65b708f0db63] INFO com.example.mattermost.MeetingSchedulerWorkflowImpl - dependenciesMet: ActionId: ask_arun_availability_001, AllDependenciesMet: false
[workflow-method-testDependency-68d04a11-24e6-470a-b053-40692413951...-6d54dadd-ba48-427e-bf93-65b708f0db63] INFO com.example.mattermost.MeetingSchedulerWorkflowImpl - getProcessableActions: Node ID: ask_arun_availability_001, Status: PENDING, IsPending: true, DependenciesMet: false
[workflow-method-testDependency-68d04a11-24e6-470a-b053-40692413951...-6d54dadd-ba48-427e-bf93-65b708f0db63] INFO com.example.mattermost.MeetingSchedulerWorkflowImpl - dependenciesMet: Checking dependencies for actionId: ask_jasbir_availability_001
[workflow-method-testDependency-68d04a11-24e6-470a-b053-40692413951...-6d54dadd-ba48-427e-bf93-65b708f0db63] INFO com.example.mattermost.MeetingSchedulerWorkflowImpl - dependenciesMet: ActionId: ask_jasbir_availability_001 has source dependencies: [get_requester_preferred_details_001]
[workflow-method-testDependency-68d04a11-24e6-470a-b053-40692413951...-6d54dadd-ba48-427e-bf93-65b708f0db63] INFO com.example.mattermost.MeetingSchedulerWorkflowImpl - dependenciesMet: ActionId: ask_jasbir_availability_001, Dependency: get_requester_preferred_details_001, Status: PROCESSING, IsCompleted: false
[workflow-method-testDependency-68d04a11-24e6-470a-b053-40692413951...-6d54dadd-ba48-427e-bf93-65b708f0db63] INFO com.example.mattermost.MeetingSchedulerWorkflowImpl - dependenciesMet: ActionId: ask_jasbir_availability_001, AllDependenciesMet: false
[workflow-method-testDependency-68d04a11-24e6-470a-b053-40692413951...-6d54dadd-ba48-427e-bf93-65b708f0db63] INFO com.example.mattermost.MeetingSchedulerWorkflowImpl - getProcessableActions: Node ID: ask_jasbir_availability_001, Status: PENDING, IsPending: true, DependenciesMet: false
[workflow-method-testDependency-68d04a11-24e6-470a-b053-40692413951...-6d54dadd-ba48-427e-bf93-65b708f0db63] INFO com.example.mattermost.MeetingSchedulerWorkflowImpl - dependenciesMet: Checking dependencies for actionId: consolidate_availabilities_001
[workflow-method-testDependency-68d04a11-24e6-470a-b053-40692413951...-6d54dadd-ba48-427e-bf93-65b708f0db63] INFO com.example.mattermost.MeetingSchedulerWorkflowImpl - dependenciesMet: ActionId: consolidate_availabilities_001 has source dependencies: [get_requester_preferred_details_001, ask_arun_availability_001, ask_jasbir_availability_001]
[workflow-method-testDependency-68d04a11-24e6-470a-b053-40692413951...-6d54dadd-ba48-427e-bf93-65b708f0db63] INFO com.example.mattermost.MeetingSchedulerWorkflowImpl - dependenciesMet: ActionId: consolidate_availabilities_001, Dependency: get_requester_preferred_details_001, Status: PROCESSING, IsCompleted: false
[workflow-method-testDependency-68d04a11-24e6-470a-b053-40692413951...-6d54dadd-ba48-427e-bf93-65b708f0db63] INFO com.example.mattermost.MeetingSchedulerWorkflowImpl - dependenciesMet: ActionId: consolidate_availabilities_001, AllDependenciesMet: false
[workflow-method-testDependency-68d04a11-24e6-470a-b053-40692413951...-6d54dadd-ba48-427e-bf93-65b708f0db63] INFO com.example.mattermost.MeetingSchedulerWorkflowImpl - getProcessableActions: Node ID: consolidate_availabilities_001, Status: PENDING, IsPending: true, DependenciesMet: false
[workflow-method-testDependency-68d04a11-24e6-470a-b053-40692413951...-6d54dadd-ba48-427e-bf93-65b708f0db63] INFO com.example.mattermost.MeetingSchedulerWorkflowImpl - dependenciesMet: Checking dependencies for actionId: propose_final_time_for_approval_001
[workflow-method-testDependency-68d04a11-24e6-470a-b053-40692413951...-6d54dadd-ba48-427e-bf93-65b708f0db63] INFO com.example.mattermost.MeetingSchedulerWorkflowImpl - dependenciesMet: ActionId: propose_final_time_for_approval_001 has source dependencies: [consolidate_availabilities_001]
[workflow-method-testDependency-68d04a11-24e6-470a-b053-40692413951...-6d54dadd-ba48-427e-bf93-65b708f0db63] INFO com.example.mattermost.MeetingSchedulerWorkflowImpl - dependenciesMet: ActionId: propose_final_time_for_approval_001, Dependency: consolidate_availabilities_001, Status: PENDING, IsCompleted: false
[workflow-method-testDependency-68d04a11-24e6-470a-b053-40692413951...-6d54dadd-ba48-427e-bf93-65b708f0db63] INFO com.example.mattermost.MeetingSchedulerWorkflowImpl - dependenciesMet: ActionId: propose_final_time_for_approval_001, AllDependenciesMet: false
[workflow-method-testDependency-68d04a11-24e6-470a-b053-40692413951...-6d54dadd-ba48-427e-bf93-65b708f0db63] INFO com.example.mattermost.MeetingSchedulerWorkflowImpl - getProcessableActions: Node ID: propose_final_time_for_approval_001, Status: PENDING, IsPending: true, DependenciesMet: false
[workflow-method-testDependency-68d04a11-24e6-470a-b053-40692413951...-6d54dadd-ba48-427e-bf93-65b708f0db63] INFO com.example.mattermost.MeetingSchedulerWorkflowImpl - dependenciesMet: Checking dependencies for actionId: send_meeting_invite_001
[workflow-method-testDependency-68d04a11-24e6-470a-b053-40692413951...-6d54dadd-ba48-427e-bf93-65b708f0db63] INFO com.example.mattermost.MeetingSchedulerWorkflowImpl - dependenciesMet: ActionId: send_meeting_invite_001 has source dependencies: [propose_final_time_for_approval_001]
[workflow-method-testDependency-68d04a11-24e6-470a-b053-40692413951...-6d54dadd-ba48-427e-bf93-65b708f0db63] INFO com.example.mattermost.MeetingSchedulerWorkflowImpl - dependenciesMet: ActionId: send_meeting_invite_001, Dependency: propose_final_time_for_approval_001, Status: PENDING, IsCompleted: false
[workflow-method-testDependency-68d04a11-24e6-470a-b053-40692413951...-6d54dadd-ba48-427e-bf93-65b708f0db63] INFO com.example.mattermost.MeetingSchedulerWorkflowImpl - dependenciesMet: ActionId: send_meeting_invite_001, AllDependenciesMet: false
[workflow-method-testDependency-68d04a11-24e6-470a-b053-40692413951...-6d54dadd-ba48-427e-bf93-65b708f0db63] INFO com.example.mattermost.MeetingSchedulerWorkflowImpl - getProcessableActions: Node ID: send_meeting_invite_001, Status: PENDING, IsPending: true, DependenciesMet: false
[workflow-method-testDependency-68d04a11-24e6-470a-b053-40692413951...-6d54dadd-ba48-427e-bf93-65b708f0db63] INFO com.example.mattermost.MeetingSchedulerWorkflowImpl - getProcessableActions: Returning 0 processable nodes.
[workflow-method-testDependency-68d04a11-24e6-470a-b053-40692413951...-6d54dadd-ba48-427e-bf93-65b708f0db63] INFO com.example.mattermost.MeetingSchedulerWorkflowImpl - getProcessableActions: Checking all nodes in currentGoal.
[workflow-method-testDependency-68d04a11-24e6-470a-b053-40692413951...-6d54dadd-ba48-427e-bf93-65b708f0db63] INFO com.example.mattermost.MeetingSchedulerWorkflowImpl - getProcessableActions: Node ID: get_requester_preferred_details_001, Status: PROCESSING, IsPending: false, DependenciesMet: false
[workflow-method-testDependency-68d04a11-24e6-470a-b053-40692413951...-6d54dadd-ba48-427e-bf93-65b708f0db63] INFO com.example.mattermost.MeetingSchedulerWorkflowImpl - dependenciesMet: Checking dependencies for actionId: ask_arun_availability_001
[workflow-method-testDependency-68d04a11-24e6-470a-b053-40692413951...-6d54dadd-ba48-427e-bf93-65b708f0db63] INFO com.example.mattermost.MeetingSchedulerWorkflowImpl - dependenciesMet: ActionId: ask_arun_availability_001 has source dependencies: [get_requester_preferred_details_001]
[workflow-method-testDependency-68d04a11-24e6-470a-b053-40692413951...-6d54dadd-ba48-427e-bf93-65b708f0db63] INFO com.example.mattermost.MeetingSchedulerWorkflowImpl - dependenciesMet: ActionId: ask_arun_availability_001, Dependency: get_requester_preferred_details_001, Status: PROCESSING, IsCompleted: false
[workflow-method-testDependency-68d04a11-24e6-470a-b053-40692413951...-6d54dadd-ba48-427e-bf93-65b708f0db63] INFO com.example.mattermost.MeetingSchedulerWorkflowImpl - dependenciesMet: ActionId: ask_arun_availability_001, AllDependenciesMet: false
[workflow-method-testDependency-68d04a11-24e6-470a-b053-40692413951...-6d54dadd-ba48-427e-bf93-65b708f0db63] INFO com.example.mattermost.MeetingSchedulerWorkflowImpl - getProcessableActions: Node ID: ask_arun_availability_001, Status: PENDING, IsPending: true, DependenciesMet: false
[workflow-method-testDependency-68d04a11-24e6-470a-b053-40692413951...-6d54dadd-ba48-427e-bf93-65b708f0db63] INFO com.example.mattermost.MeetingSchedulerWorkflowImpl - dependenciesMet: Checking dependencies for actionId: ask_jasbir_availability_001
[workflow-method-testDependency-68d04a11-24e6-470a-b053-40692413951...-6d54dadd-ba48-427e-bf93-65b708f0db63] INFO com.example.mattermost.MeetingSchedulerWorkflowImpl - dependenciesMet: ActionId: ask_jasbir_availability_001 has source dependencies: [get_requester_preferred_details_001]
[workflow-method-testDependency-68d04a11-24e6-470a-b053-40692413951...-6d54dadd-ba48-427e-bf93-65b708f0db63] INFO com.example.mattermost.MeetingSchedulerWorkflowImpl - dependenciesMet: ActionId: ask_jasbir_availability_001, Dependency: get_requester_preferred_details_001, Status: PROCESSING, IsCompleted: false
[workflow-method-testDependency-68d04a11-24e6-470a-b053-40692413951...-6d54dadd-ba48-427e-bf93-65b708f0db63] INFO com.example.mattermost.MeetingSchedulerWorkflowImpl - dependenciesMet: ActionId: ask_jasbir_availability_001, AllDependenciesMet: false
[workflow-method-testDependency-68d04a11-24e6-470a-b053-40692413951...-6d54dadd-ba48-427e-bf93-65b708f0db63] INFO com.example.mattermost.MeetingSchedulerWorkflowImpl - getProcessableActions: Node ID: ask_jasbir_availability_001, Status: PENDING, IsPending: true, DependenciesMet: false
[workflow-method-testDependency-68d04a11-24e6-470a-b053-40692413951...-6d54dadd-ba48-427e-bf93-65b708f0db63] INFO com.example.mattermost.MeetingSchedulerWorkflowImpl - dependenciesMet: Checking dependencies for actionId: consolidate_availabilities_001
[workflow-method-testDependency-68d04a11-24e6-470a-b053-40692413951...-6d54dadd-ba48-427e-bf93-65b708f0db63] INFO com.example.mattermost.MeetingSchedulerWorkflowImpl - dependenciesMet: ActionId: consolidate_availabilities_001 has source dependencies: [get_requester_preferred_details_001, ask_arun_availability_001, ask_jasbir_availability_001]
[workflow-method-testDependency-68d04a11-24e6-470a-b053-40692413951...-6d54dadd-ba48-427e-bf93-65b708f0db63] INFO com.example.mattermost.MeetingSchedulerWorkflowImpl - dependenciesMet: ActionId: consolidate_availabilities_001, Dependency: get_requester_preferred_details_001, Status: PROCESSING, IsCompleted: false
[workflow-method-testDependency-68d04a11-24e6-470a-b053-40692413951...-6d54dadd-ba48-427e-bf93-65b708f0db63] INFO com.example.mattermost.MeetingSchedulerWorkflowImpl - dependenciesMet: ActionId: consolidate_availabilities_001, AllDependenciesMet: false
[workflow-method-testDependency-68d04a11-24e6-470a-b053-40692413951...-6d54dadd-ba48-427e-bf93-65b708f0db63] INFO com.example.mattermost.MeetingSchedulerWorkflowImpl - getProcessableActions: Node ID: consolidate_availabilities_001, Status: PENDING, IsPending: true, DependenciesMet: false
[workflow-method-testDependency-68d04a11-24e6-470a-b053-40692413951...-6d54dadd-ba48-427e-bf93-65b708f0db63] INFO com.example.mattermost.MeetingSchedulerWorkflowImpl - dependenciesMet: Checking dependencies for actionId: propose_final_time_for_approval_001
[workflow-method-testDependency-68d04a11-24e6-470a-b053-40692413951...-6d54dadd-ba48-427e-bf93-65b708f0db63] INFO com.example.mattermost.MeetingSchedulerWorkflowImpl - dependenciesMet: ActionId: propose_final_time_for_approval_001 has source dependencies: [consolidate_availabilities_001]
[workflow-method-testDependency-68d04a11-24e6-470a-b053-40692413951...-6d54dadd-ba48-427e-bf93-65b708f0db63] INFO com.example.mattermost.MeetingSchedulerWorkflowImpl - dependenciesMet: ActionId: propose_final_time_for_approval_001, Dependency: consolidate_availabilities_001, Status: PENDING, IsCompleted: false
[workflow-method-testDependency-68d04a11-24e6-470a-b053-40692413951...-6d54dadd-ba48-427e-bf93-65b708f0db63] INFO com.example.mattermost.MeetingSchedulerWorkflowImpl - dependenciesMet: ActionId: propose_final_time_for_approval_001, AllDependenciesMet: false
[workflow-method-testDependency-68d04a11-24e6-470a-b053-40692413951...-6d54dadd-ba48-427e-bf93-65b708f0db63] INFO com.example.mattermost.MeetingSchedulerWorkflowImpl - getProcessableActions: Node ID: propose_final_time_for_approval_001, Status: PENDING, IsPending: true, DependenciesMet: false
[workflow-method-testDependency-68d04a11-24e6-470a-b053-40692413951...-6d54dadd-ba48-427e-bf93-65b708f0db63] INFO com.example.mattermost.MeetingSchedulerWorkflowImpl - dependenciesMet: Checking dependencies for actionId: send_meeting_invite_001
[workflow-method-testDependency-68d04a11-24e6-470a-b053-40692413951...-6d54dadd-ba48-427e-bf93-65b708f0db63] INFO com.example.mattermost.MeetingSchedulerWorkflowImpl - dependenciesMet: ActionId: send_meeting_invite_001 has source dependencies: [propose_final_time_for_approval_001]
[workflow-method-testDependency-68d04a11-24e6-470a-b053-40692413951...-6d54dadd-ba48-427e-bf93-65b708f0db63] INFO com.example.mattermost.MeetingSchedulerWorkflowImpl - dependenciesMet: ActionId: send_meeting_invite_001, Dependency: propose_final_time_for_approval_001, Status: PENDING, IsCompleted: false
[workflow-method-testDependency-68d04a11-24e6-470a-b053-40692413951...-6d54dadd-ba48-427e-bf93-65b708f0db63] INFO com.example.mattermost.MeetingSchedulerWorkflowImpl - dependenciesMet: ActionId: send_meeting_invite_001, AllDependenciesMet: false
[workflow-method-testDependency-68d04a11-24e6-470a-b053-40692413951...-6d54dadd-ba48-427e-bf93-65b708f0db63] INFO com.example.mattermost.MeetingSchedulerWorkflowImpl - getProcessableActions: Node ID: send_meeting_invite_001, Status: PENDING, IsPending: true, DependenciesMet: false
[workflow-method-testDependency-68d04a11-24e6-470a-b053-40692413951...-6d54dadd-ba48-427e-bf93-65b708f0db63] INFO com.example.mattermost.MeetingSchedulerWorkflowImpl - getProcessableActions: Returning 0 processable nodes.
[workflow-method-testDependency-68d04a11-24e6-470a-b053-40692413951...-6d54dadd-ba48-427e-bf93-65b708f0db63] WARN com.example.mattermost.MeetingSchedulerWorkflowImpl - Potential deadlock or all remaining actions are waiting for external signals. Workflow might be stuck if no signals arrive.
[workflow-method-testDependency-68d04a11-24e6-470a-b053-40692413951...-6d54dadd-ba48-427e-bf93-65b708f0db63] INFO com.example.mattermost.MeetingSchedulerWorkflowImpl - dependenciesMet: Checking dependencies for actionId: ask_arun_availability_001
[workflow-method-testDependency-68d04a11-24e6-470a-b053-40692413951...-6d54dadd-ba48-427e-bf93-65b708f0db63] INFO com.example.mattermost.MeetingSchedulerWorkflowImpl - dependenciesMet: ActionId: ask_arun_availability_001 has source dependencies: [get_requester_preferred_details_001]
[workflow-method-testDependency-68d04a11-24e6-470a-b053-40692413951...-6d54dadd-ba48-427e-bf93-65b708f0db63] INFO com.example.mattermost.MeetingSchedulerWorkflowImpl - dependenciesMet: ActionId: ask_arun_availability_001, Dependency: get_requester_preferred_details_001, Status: PROCESSING, IsCompleted: false
[workflow-method-testDependency-68d04a11-24e6-470a-b053-40692413951...-6d54dadd-ba48-427e-bf93-65b708f0db63] INFO com.example.mattermost.MeetingSchedulerWorkflowImpl - dependenciesMet: ActionId: ask_arun_availability_001, AllDependenciesMet: false
[workflow-method-testDependency-68d04a11-24e6-470a-b053-40692413951...-6d54dadd-ba48-427e-bf93-65b708f0db63] INFO com.example.mattermost.MeetingSchedulerWorkflowImpl - dependenciesMet: Checking dependencies for actionId: ask_jasbir_availability_001
[workflow-method-testDependency-68d04a11-24e6-470a-b053-40692413951...-6d54dadd-ba48-427e-bf93-65b708f0db63] INFO com.example.mattermost.MeetingSchedulerWorkflowImpl - dependenciesMet: ActionId: ask_jasbir_availability_001 has source dependencies: [get_requester_preferred_details_001]
[workflow-method-testDependency-68d04a11-24e6-470a-b053-40692413951...-6d54dadd-ba48-427e-bf93-65b708f0db63] INFO com.example.mattermost.MeetingSchedulerWorkflowImpl - dependenciesMet: ActionId: ask_jasbir_availability_001, Dependency: get_requester_preferred_details_001, Status: PROCESSING, IsCompleted: false
[workflow-method-testDependency-68d04a11-24e6-470a-b053-40692413951...-6d54dadd-ba48-427e-bf93-65b708f0db63] INFO com.example.mattermost.MeetingSchedulerWorkflowImpl - dependenciesMet: ActionId: ask_jasbir_availability_001, AllDependenciesMet: false
[workflow-method-testDependency-68d04a11-24e6-470a-b053-40692413951...-6d54dadd-ba48-427e-bf93-65b708f0db63] INFO com.example.mattermost.MeetingSchedulerWorkflowImpl - dependenciesMet: Checking dependencies for actionId: consolidate_availabilities_001
[workflow-method-testDependency-68d04a11-24e6-470a-b053-40692413951...-6d54dadd-ba48-427e-bf93-65b708f0db63] INFO com.example.mattermost.MeetingSchedulerWorkflowImpl - dependenciesMet: ActionId: consolidate_availabilities_001 has source dependencies: [get_requester_preferred_details_001, ask_arun_availability_001, ask_jasbir_availability_001]
[workflow-method-testDependency-68d04a11-24e6-470a-b053-40692413951...-6d54dadd-ba48-427e-bf93-65b708f0db63] INFO com.example.mattermost.MeetingSchedulerWorkflowImpl - dependenciesMet: ActionId: consolidate_availabilities_001, Dependency: get_requester_preferred_details_001, Status: PROCESSING, IsCompleted: false
[workflow-method-testDependency-68d04a11-24e6-470a-b053-40692413951...-6d54dadd-ba48-427e-bf93-65b708f0db63] INFO com.example.mattermost.MeetingSchedulerWorkflowImpl - dependenciesMet: ActionId: consolidate_availabilities_001, AllDependenciesMet: false
[workflow-method-testDependency-68d04a11-24e6-470a-b053-40692413951...-6d54dadd-ba48-427e-bf93-65b708f0db63] INFO com.example.mattermost.MeetingSchedulerWorkflowImpl - dependenciesMet: Checking dependencies for actionId: propose_final_time_for_approval_001
[workflow-method-testDependency-68d04a11-24e6-470a-b053-40692413951...-6d54dadd-ba48-427e-bf93-65b708f0db63] INFO com.example.mattermost.MeetingSchedulerWorkflowImpl - dependenciesMet: ActionId: propose_final_time_for_approval_001 has source dependencies: [consolidate_availabilities_001]
[workflow-method-testDependency-68d04a11-24e6-470a-b053-40692413951...-6d54dadd-ba48-427e-bf93-65b708f0db63] INFO com.example.mattermost.MeetingSchedulerWorkflowImpl - dependenciesMet: ActionId: propose_final_time_for_approval_001, Dependency: consolidate_availabilities_001, Status: PENDING, IsCompleted: false
[workflow-method-testDependency-68d04a11-24e6-470a-b053-40692413951...-6d54dadd-ba48-427e-bf93-65b708f0db63] INFO com.example.mattermost.MeetingSchedulerWorkflowImpl - dependenciesMet: ActionId: propose_final_time_for_approval_001, AllDependenciesMet: false
[workflow-method-testDependency-68d04a11-24e6-470a-b053-40692413951...-6d54dadd-ba48-427e-bf93-65b708f0db63] INFO com.example.mattermost.MeetingSchedulerWorkflowImpl - dependenciesMet: Checking dependencies for actionId: send_meeting_invite_001
[workflow-method-testDependency-68d04a11-24e6-470a-b053-40692413951...-6d54dadd-ba48-427e-bf93-65b708f0db63] INFO com.example.mattermost.MeetingSchedulerWorkflowImpl - dependenciesMet: ActionId: send_meeting_invite_001 has source dependencies: [propose_final_time_for_approval_001]
[workflow-method-testDependency-68d04a11-24e6-470a-b053-40692413951...-6d54dadd-ba48-427e-bf93-65b708f0db63] INFO com.example.mattermost.MeetingSchedulerWorkflowImpl - dependenciesMet: ActionId: send_meeting_invite_001, Dependency: propose_final_time_for_approval_001, Status: PENDING, IsCompleted: false
[workflow-method-testDependency-68d04a11-24e6-470a-b053-40692413951...-6d54dadd-ba48-427e-bf93-65b708f0db63] INFO com.example.mattermost.MeetingSchedulerWorkflowImpl - dependenciesMet: ActionId: send_meeting_invite_001, AllDependenciesMet: false
[workflow-method-testDependency-68d04a11-24e6-470a-b053-40692413951...-6d54dadd-ba48-427e-bf93-65b708f0db63] INFO com.example.mattermost.MeetingSchedulerWorkflowImpl - Main loop: Workflow.await condition check: newProcessableActions=false, workflowNowComplete=false
[workflow-method-testDependency-68d04a11-24e6-470a-b053-40692413951...-6d54dadd-ba48-427e-bf93-65b708f0db63] INFO com.example.mattermost.MeetingSchedulerWorkflowImpl - getProcessableActions: Checking all nodes in currentGoal.
[workflow-method-testDependency-68d04a11-24e6-470a-b053-40692413951...-6d54dadd-ba48-427e-bf93-65b708f0db63] INFO com.example.mattermost.MeetingSchedulerWorkflowImpl - getProcessableActions: Node ID: get_requester_preferred_details_001, Status: PROCESSING, IsPending: false, DependenciesMet: false
[workflow-method-testDependency-68d04a11-24e6-470a-b053-40692413951...-6d54dadd-ba48-427e-bf93-65b708f0db63] INFO com.example.mattermost.MeetingSchedulerWorkflowImpl - dependenciesMet: Checking dependencies for actionId: ask_arun_availability_001
[workflow-method-testDependency-68d04a11-24e6-470a-b053-40692413951...-6d54dadd-ba48-427e-bf93-65b708f0db63] INFO com.example.mattermost.MeetingSchedulerWorkflowImpl - dependenciesMet: ActionId: ask_arun_availability_001 has source dependencies: [get_requester_preferred_details_001]
[workflow-method-testDependency-68d04a11-24e6-470a-b053-40692413951...-6d54dadd-ba48-427e-bf93-65b708f0db63] INFO com.example.mattermost.MeetingSchedulerWorkflowImpl - dependenciesMet: ActionId: ask_arun_availability_001, Dependency: get_requester_preferred_details_001, Status: PROCESSING, IsCompleted: false
[workflow-method-testDependency-68d04a11-24e6-470a-b053-40692413951...-6d54dadd-ba48-427e-bf93-65b708f0db63] INFO com.example.mattermost.MeetingSchedulerWorkflowImpl - dependenciesMet: ActionId: ask_arun_availability_001, AllDependenciesMet: false
[workflow-method-testDependency-68d04a11-24e6-470a-b053-40692413951...-6d54dadd-ba48-427e-bf93-65b708f0db63] INFO com.example.mattermost.MeetingSchedulerWorkflowImpl - getProcessableActions: Node ID: ask_arun_availability_001, Status: PENDING, IsPending: true, DependenciesMet: false
[workflow-method-testDependency-68d04a11-24e6-470a-b053-40692413951...-6d54dadd-ba48-427e-bf93-65b708f0db63] INFO com.example.mattermost.MeetingSchedulerWorkflowImpl - dependenciesMet: Checking dependencies for actionId: ask_jasbir_availability_001
[workflow-method-testDependency-68d04a11-24e6-470a-b053-40692413951...-6d54dadd-ba48-427e-bf93-65b708f0db63] INFO com.example.mattermost.MeetingSchedulerWorkflowImpl - dependenciesMet: ActionId: ask_jasbir_availability_001 has source dependencies: [get_requester_preferred_details_001]
[workflow-method-testDependency-68d04a11-24e6-470a-b053-40692413951...-6d54dadd-ba48-427e-bf93-65b708f0db63] INFO com.example.mattermost.MeetingSchedulerWorkflowImpl - dependenciesMet: ActionId: ask_jasbir_availability_001, Dependency: get_requester_preferred_details_001, Status: PROCESSING, IsCompleted: false
[workflow-method-testDependency-68d04a11-24e6-470a-b053-40692413951...-6d54dadd-ba48-427e-bf93-65b708f0db63] INFO com.example.mattermost.MeetingSchedulerWorkflowImpl - dependenciesMet: ActionId: ask_jasbir_availability_001, AllDependenciesMet: false
[workflow-method-testDependency-68d04a11-24e6-470a-b053-40692413951...-6d54dadd-ba48-427e-bf93-65b708f0db63] INFO com.example.mattermost.MeetingSchedulerWorkflowImpl - getProcessableActions: Node ID: ask_jasbir_availability_001, Status: PENDING, IsPending: true, DependenciesMet: false
[workflow-method-testDependency-68d04a11-24e6-470a-b053-40692413951...-6d54dadd-ba48-427e-bf93-65b708f0db63] INFO com.example.mattermost.MeetingSchedulerWorkflowImpl - dependenciesMet: Checking dependencies for actionId: consolidate_availabilities_001
[workflow-method-testDependency-68d04a11-24e6-470a-b053-40692413951...-6d54dadd-ba48-427e-bf93-65b708f0db63] INFO com.example.mattermost.MeetingSchedulerWorkflowImpl - dependenciesMet: ActionId: consolidate_availabilities_001 has source dependencies: [get_requester_preferred_details_001, ask_arun_availability_001, ask_jasbir_availability_001]
[workflow-method-testDependency-68d04a11-24e6-470a-b053-40692413951...-6d54dadd-ba48-427e-bf93-65b708f0db63] INFO com.example.mattermost.MeetingSchedulerWorkflowImpl - dependenciesMet: ActionId: consolidate_availabilities_001, Dependency: get_requester_preferred_details_001, Status: PROCESSING, IsCompleted: false
[workflow-method-testDependency-68d04a11-24e6-470a-b053-40692413951...-6d54dadd-ba48-427e-bf93-65b708f0db63] INFO com.example.mattermost.MeetingSchedulerWorkflowImpl - dependenciesMet: ActionId: consolidate_availabilities_001, AllDependenciesMet: false
[workflow-method-testDependency-68d04a11-24e6-470a-b053-40692413951...-6d54dadd-ba48-427e-bf93-65b708f0db63] INFO com.example.mattermost.MeetingSchedulerWorkflowImpl - getProcessableActions: Node ID: consolidate_availabilities_001, Status: PENDING, IsPending: true, DependenciesMet: false
[workflow-method-testDependency-68d04a11-24e6-470a-b053-40692413951...-6d54dadd-ba48-427e-bf93-65b708f0db63] INFO com.example.mattermost.MeetingSchedulerWorkflowImpl - dependenciesMet: Checking dependencies for actionId: propose_final_time_for_approval_001
[workflow-method-testDependency-68d04a11-24e6-470a-b053-40692413951...-6d54dadd-ba48-427e-bf93-65b708f0db63] INFO com.example.mattermost.MeetingSchedulerWorkflowImpl - dependenciesMet: ActionId: propose_final_time_for_approval_001 has source dependencies: [consolidate_availabilities_001]
[workflow-method-testDependency-68d04a11-24e6-470a-b053-40692413951...-6d54dadd-ba48-427e-bf93-65b708f0db63] INFO com.example.mattermost.MeetingSchedulerWorkflowImpl - dependenciesMet: ActionId: propose_final_time_for_approval_001, Dependency: consolidate_availabilities_001, Status: PENDING, IsCompleted: false
[workflow-method-testDependency-68d04a11-24e6-470a-b053-40692413951...-6d54dadd-ba48-427e-bf93-65b708f0db63] INFO com.example.mattermost.MeetingSchedulerWorkflowImpl - dependenciesMet: ActionId: propose_final_time_for_approval_001, AllDependenciesMet: false
[workflow-method-testDependency-68d04a11-24e6-470a-b053-40692413951...-6d54dadd-ba48-427e-bf93-65b708f0db63] INFO com.example.mattermost.MeetingSchedulerWorkflowImpl - getProcessableActions: Node ID: propose_final_time_for_approval_001, Status: PENDING, IsPending: true, DependenciesMet: false
[workflow-method-testDependency-68d04a11-24e6-470a-b053-40692413951...-6d54dadd-ba48-427e-bf93-65b708f0db63] INFO com.example.mattermost.MeetingSchedulerWorkflowImpl - dependenciesMet: Checking dependencies for actionId: send_meeting_invite_001
[workflow-method-testDependency-68d04a11-24e6-470a-b053-40692413951...-6d54dadd-ba48-427e-bf93-65b708f0db63] INFO com.example.mattermost.MeetingSchedulerWorkflowImpl - dependenciesMet: ActionId: send_meeting_invite_001 has source dependencies: [propose_final_time_for_approval_001]
[workflow-method-testDependency-68d04a11-24e6-470a-b053-40692413951...-6d54dadd-ba48-427e-bf93-65b708f0db63] INFO com.example.mattermost.MeetingSchedulerWorkflowImpl - dependenciesMet: ActionId: send_meeting_invite_001, Dependency: propose_final_time_for_approval_001, Status: PENDING, IsCompleted: false
[workflow-method-testDependency-68d04a11-24e6-470a-b053-40692413951...-6d54dadd-ba48-427e-bf93-65b708f0db63] INFO com.example.mattermost.MeetingSchedulerWorkflowImpl - dependenciesMet: ActionId: send_meeting_invite_001, AllDependenciesMet: false
[workflow-method-testDependency-68d04a11-24e6-470a-b053-40692413951...-6d54dadd-ba48-427e-bf93-65b708f0db63] INFO com.example.mattermost.MeetingSchedulerWorkflowImpl - getProcessableActions: Node ID: send_meeting_invite_001, Status: PENDING, IsPending: true, DependenciesMet: false
[workflow-method-testDependency-68d04a11-24e6-470a-b053-40692413951...-6d54dadd-ba48-427e-bf93-65b708f0db63] INFO com.example.mattermost.MeetingSchedulerWorkflowImpl - getProcessableActions: Returning 0 processable nodes.
[workflow-method-testDependency-68d04a11-24e6-470a-b053-40692413951...-6d54dadd-ba48-427e-bf93-65b708f0db63] INFO com.example.mattermost.MeetingSchedulerWorkflowImpl - getProcessableActions: Checking all nodes in currentGoal.
[workflow-method-testDependency-68d04a11-24e6-470a-b053-40692413951...-6d54dadd-ba48-427e-bf93-65b708f0db63] INFO com.example.mattermost.MeetingSchedulerWorkflowImpl - getProcessableActions: Node ID: get_requester_preferred_details_001, Status: PROCESSING, IsPending: false, DependenciesMet: false
[workflow-method-testDependency-68d04a11-24e6-470a-b053-40692413951...-6d54dadd-ba48-427e-bf93-65b708f0db63] INFO com.example.mattermost.MeetingSchedulerWorkflowImpl - dependenciesMet: Checking dependencies for actionId: ask_arun_availability_001
[workflow-method-testDependency-68d04a11-24e6-470a-b053-40692413951...-6d54dadd-ba48-427e-bf93-65b708f0db63] INFO com.example.mattermost.MeetingSchedulerWorkflowImpl - dependenciesMet: ActionId: ask_arun_availability_001 has source dependencies: [get_requester_preferred_details_001]
[workflow-method-testDependency-68d04a11-24e6-470a-b053-40692413951...-6d54dadd-ba48-427e-bf93-65b708f0db63] INFO com.example.mattermost.MeetingSchedulerWorkflowImpl - dependenciesMet: ActionId: ask_arun_availability_001, Dependency: get_requester_preferred_details_001, Status: PROCESSING, IsCompleted: false
[workflow-method-testDependency-68d04a11-24e6-470a-b053-40692413951...-6d54dadd-ba48-427e-bf93-65b708f0db63] INFO com.example.mattermost.MeetingSchedulerWorkflowImpl - dependenciesMet: ActionId: ask_arun_availability_001, AllDependenciesMet: false
[workflow-method-testDependency-68d04a11-24e6-470a-b053-40692413951...-6d54dadd-ba48-427e-bf93-65b708f0db63] INFO com.example.mattermost.MeetingSchedulerWorkflowImpl - getProcessableActions: Node ID: ask_arun_availability_001, Status: PENDING, IsPending: true, DependenciesMet: false
[workflow-method-testDependency-68d04a11-24e6-470a-b053-40692413951...-6d54dadd-ba48-427e-bf93-65b708f0db63] INFO com.example.mattermost.MeetingSchedulerWorkflowImpl - dependenciesMet: Checking dependencies for actionId: ask_jasbir_availability_001
[workflow-method-testDependency-68d04a11-24e6-470a-b053-40692413951...-6d54dadd-ba48-427e-bf93-65b708f0db63] INFO com.example.mattermost.MeetingSchedulerWorkflowImpl - dependenciesMet: ActionId: ask_jasbir_availability_001 has source dependencies: [get_requester_preferred_details_001]
[workflow-method-testDependency-68d04a11-24e6-470a-b053-40692413951...-6d54dadd-ba48-427e-bf93-65b708f0db63] INFO com.example.mattermost.MeetingSchedulerWorkflowImpl - dependenciesMet: ActionId: ask_jasbir_availability_001, Dependency: get_requester_preferred_details_001, Status: PROCESSING, IsCompleted: false
[workflow-method-testDependency-68d04a11-24e6-470a-b053-40692413951...-6d54dadd-ba48-427e-bf93-65b708f0db63] INFO com.example.mattermost.MeetingSchedulerWorkflowImpl - dependenciesMet: ActionId: ask_jasbir_availability_001, AllDependenciesMet: false
[workflow-method-testDependency-68d04a11-24e6-470a-b053-40692413951...-6d54dadd-ba48-427e-bf93-65b708f0db63] INFO com.example.mattermost.MeetingSchedulerWorkflowImpl - getProcessableActions: Node ID: ask_jasbir_availability_001, Status: PENDING, IsPending: true, DependenciesMet: false
[workflow-method-testDependency-68d04a11-24e6-470a-b053-40692413951...-6d54dadd-ba48-427e-bf93-65b708f0db63] INFO com.example.mattermost.MeetingSchedulerWorkflowImpl - dependenciesMet: Checking dependencies for actionId: consolidate_availabilities_001
[workflow-method-testDependency-68d04a11-24e6-470a-b053-40692413951...-6d54dadd-ba48-427e-bf93-65b708f0db63] INFO com.example.mattermost.MeetingSchedulerWorkflowImpl - dependenciesMet: ActionId: consolidate_availabilities_001 has source dependencies: [get_requester_preferred_details_001, ask_arun_availability_001, ask_jasbir_availability_001]
[workflow-method-testDependency-68d04a11-24e6-470a-b053-40692413951...-6d54dadd-ba48-427e-bf93-65b708f0db63] INFO com.example.mattermost.MeetingSchedulerWorkflowImpl - dependenciesMet: ActionId: consolidate_availabilities_001, Dependency: get_requester_preferred_details_001, Status: PROCESSING, IsCompleted: false
[workflow-method-testDependency-68d04a11-24e6-470a-b053-40692413951...-6d54dadd-ba48-427e-bf93-65b708f0db63] INFO com.example.mattermost.MeetingSchedulerWorkflowImpl - dependenciesMet: ActionId: consolidate_availabilities_001, AllDependenciesMet: false
[workflow-method-testDependency-68d04a11-24e6-470a-b053-40692413951...-6d54dadd-ba48-427e-bf93-65b708f0db63] INFO com.example.mattermost.MeetingSchedulerWorkflowImpl - getProcessableActions: Node ID: consolidate_availabilities_001, Status: PENDING, IsPending: true, DependenciesMet: false
[workflow-method-testDependency-68d04a11-24e6-470a-b053-40692413951...-6d54dadd-ba48-427e-bf93-65b708f0db63] INFO com.example.mattermost.MeetingSchedulerWorkflowImpl - dependenciesMet: Checking dependencies for actionId: propose_final_time_for_approval_001
[workflow-method-testDependency-68d04a11-24e6-470a-b053-40692413951...-6d54dadd-ba48-427e-bf93-65b708f0db63] INFO com.example.mattermost.MeetingSchedulerWorkflowImpl - dependenciesMet: ActionId: propose_final_time_for_approval_001 has source dependencies: [consolidate_availabilities_001]
[workflow-method-testDependency-68d04a11-24e6-470a-b053-40692413951...-6d54dadd-ba48-427e-bf93-65b708f0db63] INFO com.example.mattermost.MeetingSchedulerWorkflowImpl - dependenciesMet: ActionId: propose_final_time_for_approval_001, Dependency: consolidate_availabilities_001, Status: PENDING, IsCompleted: false
[workflow-method-testDependency-68d04a11-24e6-470a-b053-40692413951...-6d54dadd-ba48-427e-bf93-65b708f0db63] INFO com.example.mattermost.MeetingSchedulerWorkflowImpl - dependenciesMet: ActionId: propose_final_time_for_approval_001, AllDependenciesMet: false
[workflow-method-testDependency-68d04a11-24e6-470a-b053-40692413951...-6d54dadd-ba48-427e-bf93-65b708f0db63] INFO com.example.mattermost.MeetingSchedulerWorkflowImpl - getProcessableActions: Node ID: propose_final_time_for_approval_001, Status: PENDING, IsPending: true, DependenciesMet: false
[workflow-method-testDependency-68d04a11-24e6-470a-b053-40692413951...-6d54dadd-ba48-427e-bf93-65b708f0db63] INFO com.example.mattermost.MeetingSchedulerWorkflowImpl - dependenciesMet: Checking dependencies for actionId: send_meeting_invite_001
[workflow-method-testDependency-68d04a11-24e6-470a-b053-40692413951...-6d54dadd-ba48-427e-bf93-65b708f0db63] INFO com.example.mattermost.MeetingSchedulerWorkflowImpl - dependenciesMet: ActionId: send_meeting_invite_001 has source dependencies: [propose_final_time_for_approval_001]
[workflow-method-testDependency-68d04a11-24e6-470a-b053-40692413951...-6d54dadd-ba48-427e-bf93-65b708f0db63] INFO com.example.mattermost.MeetingSchedulerWorkflowImpl - dependenciesMet: ActionId: send_meeting_invite_001, Dependency: propose_final_time_for_approval_001, Status: PENDING, IsCompleted: false
[workflow-method-testDependency-68d04a11-24e6-470a-b053-40692413951...-6d54dadd-ba48-427e-bf93-65b708f0db63] INFO com.example.mattermost.MeetingSchedulerWorkflowImpl - dependenciesMet: ActionId: send_meeting_invite_001, AllDependenciesMet: false
[workflow-method-testDependency-68d04a11-24e6-470a-b053-40692413951...-6d54dadd-ba48-427e-bf93-65b708f0db63] INFO com.example.mattermost.MeetingSchedulerWorkflowImpl - getProcessableActions: Node ID: send_meeting_invite_001, Status: PENDING, IsPending: true, DependenciesMet: false
[workflow-method-testDependency-68d04a11-24e6-470a-b053-40692413951...-6d54dadd-ba48-427e-bf93-65b708f0db63] INFO com.example.mattermost.MeetingSchedulerWorkflowImpl - getProcessableActions: Returning 0 processable nodes.
[workflow-method-testDependency-68d04a11-24e6-470a-b053-40692413951...-6d54dadd-ba48-427e-bf93-65b708f0db63] WARN com.example.mattermost.MeetingSchedulerWorkflowImpl - Potential deadlock or all remaining actions are waiting for external signals. Workflow might be stuck if no signals arrive.
[workflow-method-testDependency-68d04a11-24e6-470a-b053-40692413951...-6d54dadd-ba48-427e-bf93-65b708f0db63] INFO com.example.mattermost.MeetingSchedulerWorkflowImpl - dependenciesMet: Checking dependencies for actionId: ask_arun_availability_001
[workflow-method-testDependency-68d04a11-24e6-470a-b053-40692413951...-6d54dadd-ba48-427e-bf93-65b708f0db63] INFO com.example.mattermost.MeetingSchedulerWorkflowImpl - dependenciesMet: ActionId: ask_arun_availability_001 has source dependencies: [get_requester_preferred_details_001]
[workflow-method-testDependency-68d04a11-24e6-470a-b053-40692413951...-6d54dadd-ba48-427e-bf93-65b708f0db63] INFO com.example.mattermost.MeetingSchedulerWorkflowImpl - dependenciesMet: ActionId: ask_arun_availability_001, Dependency: get_requester_preferred_details_001, Status: PROCESSING, IsCompleted: false
[workflow-method-testDependency-68d04a11-24e6-470a-b053-40692413951...-6d54dadd-ba48-427e-bf93-65b708f0db63] INFO com.example.mattermost.MeetingSchedulerWorkflowImpl - dependenciesMet: ActionId: ask_arun_availability_001, AllDependenciesMet: false
[workflow-method-testDependency-68d04a11-24e6-470a-b053-40692413951...-6d54dadd-ba48-427e-bf93-65b708f0db63] INFO com.example.mattermost.MeetingSchedulerWorkflowImpl - dependenciesMet: Checking dependencies for actionId: ask_jasbir_availability_001
[workflow-method-testDependency-68d04a11-24e6-470a-b053-40692413951...-6d54dadd-ba48-427e-bf93-65b708f0db63] INFO com.example.mattermost.MeetingSchedulerWorkflowImpl - dependenciesMet: ActionId: ask_jasbir_availability_001 has source dependencies: [get_requester_preferred_details_001]
[workflow-method-testDependency-68d04a11-24e6-470a-b053-40692413951...-6d54dadd-ba48-427e-bf93-65b708f0db63] INFO com.example.mattermost.MeetingSchedulerWorkflowImpl - dependenciesMet: ActionId: ask_jasbir_availability_001, Dependency: get_requester_preferred_details_001, Status: PROCESSING, IsCompleted: false
[workflow-method-testDependency-68d04a11-24e6-470a-b053-40692413951...-6d54dadd-ba48-427e-bf93-65b708f0db63] INFO com.example.mattermost.MeetingSchedulerWorkflowImpl - dependenciesMet: ActionId: ask_jasbir_availability_001, AllDependenciesMet: false
[workflow-method-testDependency-68d04a11-24e6-470a-b053-40692413951...-6d54dadd-ba48-427e-bf93-65b708f0db63] INFO com.example.mattermost.MeetingSchedulerWorkflowImpl - dependenciesMet: Checking dependencies for actionId: consolidate_availabilities_001
[workflow-method-testDependency-68d04a11-24e6-470a-b053-40692413951...-6d54dadd-ba48-427e-bf93-65b708f0db63] INFO com.example.mattermost.MeetingSchedulerWorkflowImpl - dependenciesMet: ActionId: consolidate_availabilities_001 has source dependencies: [get_requester_preferred_details_001, ask_arun_availability_001, ask_jasbir_availability_001]
[workflow-method-testDependency-68d04a11-24e6-470a-b053-40692413951...-6d54dadd-ba48-427e-bf93-65b708f0db63] INFO com.example.mattermost.MeetingSchedulerWorkflowImpl - dependenciesMet: ActionId: consolidate_availabilities_001, Dependency: get_requester_preferred_details_001, Status: PROCESSING, IsCompleted: false
[workflow-method-testDependency-68d04a11-24e6-470a-b053-40692413951...-6d54dadd-ba48-427e-bf93-65b708f0db63] INFO com.example.mattermost.MeetingSchedulerWorkflowImpl - dependenciesMet: ActionId: consolidate_availabilities_001, AllDependenciesMet: false
[workflow-method-testDependency-68d04a11-24e6-470a-b053-40692413951...-6d54dadd-ba48-427e-bf93-65b708f0db63] INFO com.example.mattermost.MeetingSchedulerWorkflowImpl - dependenciesMet: Checking dependencies for actionId: propose_final_time_for_approval_001
[workflow-method-testDependency-68d04a11-24e6-470a-b053-40692413951...-6d54dadd-ba48-427e-bf93-65b708f0db63] INFO com.example.mattermost.MeetingSchedulerWorkflowImpl - dependenciesMet: ActionId: propose_final_time_for_approval_001 has source dependencies: [consolidate_availabilities_001]
[workflow-method-testDependency-68d04a11-24e6-470a-b053-40692413951...-6d54dadd-ba48-427e-bf93-65b708f0db63] INFO com.example.mattermost.MeetingSchedulerWorkflowImpl - dependenciesMet: ActionId: propose_final_time_for_approval_001, Dependency: consolidate_availabilities_001, Status: PENDING, IsCompleted: false
[workflow-method-testDependency-68d04a11-24e6-470a-b053-40692413951...-6d54dadd-ba48-427e-bf93-65b708f0db63] INFO com.example.mattermost.MeetingSchedulerWorkflowImpl - dependenciesMet: ActionId: propose_final_time_for_approval_001, AllDependenciesMet: false
[workflow-method-testDependency-68d04a11-24e6-470a-b053-40692413951...-6d54dadd-ba48-427e-bf93-65b708f0db63] INFO com.example.mattermost.MeetingSchedulerWorkflowImpl - dependenciesMet: Checking dependencies for actionId: send_meeting_invite_001
[workflow-method-testDependency-68d04a11-24e6-470a-b053-40692413951...-6d54dadd-ba48-427e-bf93-65b708f0db63] INFO com.example.mattermost.MeetingSchedulerWorkflowImpl - dependenciesMet: ActionId: send_meeting_invite_001 has source dependencies: [propose_final_time_for_approval_001]
[workflow-method-testDependency-68d04a11-24e6-470a-b053-40692413951...-6d54dadd-ba48-427e-bf93-65b708f0db63] INFO com.example.mattermost.MeetingSchedulerWorkflowImpl - dependenciesMet: ActionId: send_meeting_invite_001, Dependency: propose_final_time_for_approval_001, Status: PENDING, IsCompleted: false
[workflow-method-testDependency-68d04a11-24e6-470a-b053-40692413951...-6d54dadd-ba48-427e-bf93-65b708f0db63] INFO com.example.mattermost.MeetingSchedulerWorkflowImpl - dependenciesMet: ActionId: send_meeting_invite_001, AllDependenciesMet: false
[workflow-method-testDependency-68d04a11-24e6-470a-b053-40692413951...-6d54dadd-ba48-427e-bf93-65b708f0db63] INFO com.example.mattermost.MeetingSchedulerWorkflowImpl - Main loop: Workflow.await condition check: newProcessableActions=false, workflowNowComplete=false
[signal onUserResponse] INFO com.example.mattermost.MeetingSchedulerWorkflowImpl - Signal: validateInputActivity returned true for action get_requester_preferred_details_001.
[signal onUserResponse] INFO com.example.mattermost.MeetingSchedulerWorkflowImpl - Input for action get_requester_preferred_details_001 is valid. Marking as COMPLETED.
[workflow-method-testDependency-68d04a11-24e6-470a-b053-40692413951...-6d54dadd-ba48-427e-bf93-65b708f0db63] INFO com.example.mattermost.MeetingSchedulerWorkflowImpl - getProcessableActions: Checking all nodes in currentGoal.
[workflow-method-testDependency-68d04a11-24e6-470a-b053-40692413951...-6d54dadd-ba48-427e-bf93-65b708f0db63] INFO com.example.mattermost.MeetingSchedulerWorkflowImpl - getProcessableActions: Node ID: get_requester_preferred_details_001, Status: COMPLETED, IsPending: false, DependenciesMet: false
[workflow-method-testDependency-68d04a11-24e6-470a-b053-40692413951...-6d54dadd-ba48-427e-bf93-65b708f0db63] INFO com.example.mattermost.MeetingSchedulerWorkflowImpl - dependenciesMet: Checking dependencies for actionId: ask_arun_availability_001
[workflow-method-testDependency-68d04a11-24e6-470a-b053-40692413951...-6d54dadd-ba48-427e-bf93-65b708f0db63] INFO com.example.mattermost.MeetingSchedulerWorkflowImpl - dependenciesMet: ActionId: ask_arun_availability_001 has source dependencies: [get_requester_preferred_details_001]
[workflow-method-testDependency-68d04a11-24e6-470a-b053-40692413951...-6d54dadd-ba48-427e-bf93-65b708f0db63] INFO com.example.mattermost.MeetingSchedulerWorkflowImpl - dependenciesMet: ActionId: ask_arun_availability_001, Dependency: get_requester_preferred_details_001, Status: COMPLETED, IsCompleted: true
[workflow-method-testDependency-68d04a11-24e6-470a-b053-40692413951...-6d54dadd-ba48-427e-bf93-65b708f0db63] INFO com.example.mattermost.MeetingSchedulerWorkflowImpl - dependenciesMet: ActionId: ask_arun_availability_001, AllDependenciesMet: true
[workflow-method-testDependency-68d04a11-24e6-470a-b053-40692413951...-6d54dadd-ba48-427e-bf93-65b708f0db63] INFO com.example.mattermost.MeetingSchedulerWorkflowImpl - getProcessableActions: Node ID: ask_arun_availability_001, Status: PENDING, IsPending: true, DependenciesMet: true
[workflow-method-testDependency-68d04a11-24e6-470a-b053-40692413951...-6d54dadd-ba48-427e-bf93-65b708f0db63] INFO com.example.mattermost.MeetingSchedulerWorkflowImpl - dependenciesMet: Checking dependencies for actionId: ask_jasbir_availability_001
[workflow-method-testDependency-68d04a11-24e6-470a-b053-40692413951...-6d54dadd-ba48-427e-bf93-65b708f0db63] INFO com.example.mattermost.MeetingSchedulerWorkflowImpl - dependenciesMet: ActionId: ask_jasbir_availability_001 has source dependencies: [get_requester_preferred_details_001]
[workflow-method-testDependency-68d04a11-24e6-470a-b053-40692413951...-6d54dadd-ba48-427e-bf93-65b708f0db63] INFO com.example.mattermost.MeetingSchedulerWorkflowImpl - dependenciesMet: ActionId: ask_jasbir_availability_001, Dependency: get_requester_preferred_details_001, Status: COMPLETED, IsCompleted: true
[workflow-method-testDependency-68d04a11-24e6-470a-b053-40692413951...-6d54dadd-ba48-427e-bf93-65b708f0db63] INFO com.example.mattermost.MeetingSchedulerWorkflowImpl - dependenciesMet: ActionId: ask_jasbir_availability_001, AllDependenciesMet: true
[workflow-method-testDependency-68d04a11-24e6-470a-b053-40692413951...-6d54dadd-ba48-427e-bf93-65b708f0db63] INFO com.example.mattermost.MeetingSchedulerWorkflowImpl - getProcessableActions: Node ID: ask_jasbir_availability_001, Status: PENDING, IsPending: true, DependenciesMet: true
[workflow-method-testDependency-68d04a11-24e6-470a-b053-40692413951...-6d54dadd-ba48-427e-bf93-65b708f0db63] INFO com.example.mattermost.MeetingSchedulerWorkflowImpl - dependenciesMet: Checking dependencies for actionId: consolidate_availabilities_001
[workflow-method-testDependency-68d04a11-24e6-470a-b053-40692413951...-6d54dadd-ba48-427e-bf93-65b708f0db63] INFO com.example.mattermost.MeetingSchedulerWorkflowImpl - dependenciesMet: ActionId: consolidate_availabilities_001 has source dependencies: [get_requester_preferred_details_001, ask_arun_availability_001, ask_jasbir_availability_001]
[workflow-method-testDependency-68d04a11-24e6-470a-b053-40692413951...-6d54dadd-ba48-427e-bf93-65b708f0db63] INFO com.example.mattermost.MeetingSchedulerWorkflowImpl - dependenciesMet: ActionId: consolidate_availabilities_001, Dependency: get_requester_preferred_details_001, Status: COMPLETED, IsCompleted: true
[workflow-method-testDependency-68d04a11-24e6-470a-b053-40692413951...-6d54dadd-ba48-427e-bf93-65b708f0db63] INFO com.example.mattermost.MeetingSchedulerWorkflowImpl - dependenciesMet: ActionId: consolidate_availabilities_001, Dependency: ask_arun_availability_001, Status: PENDING, IsCompleted: false
[workflow-method-testDependency-68d04a11-24e6-470a-b053-40692413951...-6d54dadd-ba48-427e-bf93-65b708f0db63] INFO com.example.mattermost.MeetingSchedulerWorkflowImpl - dependenciesMet: ActionId: consolidate_availabilities_001, AllDependenciesMet: false
[workflow-method-testDependency-68d04a11-24e6-470a-b053-40692413951...-6d54dadd-ba48-427e-bf93-65b708f0db63] INFO com.example.mattermost.MeetingSchedulerWorkflowImpl - getProcessableActions: Node ID: consolidate_availabilities_001, Status: PENDING, IsPending: true, DependenciesMet: false
[workflow-method-testDependency-68d04a11-24e6-470a-b053-40692413951...-6d54dadd-ba48-427e-bf93-65b708f0db63] INFO com.example.mattermost.MeetingSchedulerWorkflowImpl - dependenciesMet: Checking dependencies for actionId: propose_final_time_for_approval_001
[workflow-method-testDependency-68d04a11-24e6-470a-b053-40692413951...-6d54dadd-ba48-427e-bf93-65b708f0db63] INFO com.example.mattermost.MeetingSchedulerWorkflowImpl - dependenciesMet: ActionId: propose_final_time_for_approval_001 has source dependencies: [consolidate_availabilities_001]
[workflow-method-testDependency-68d04a11-24e6-470a-b053-40692413951...-6d54dadd-ba48-427e-bf93-65b708f0db63] INFO com.example.mattermost.MeetingSchedulerWorkflowImpl - dependenciesMet: ActionId: propose_final_time_for_approval_001, Dependency: consolidate_availabilities_001, Status: PENDING, IsCompleted: false
[workflow-method-testDependency-68d04a11-24e6-470a-b053-40692413951...-6d54dadd-ba48-427e-bf93-65b708f0db63] INFO com.example.mattermost.MeetingSchedulerWorkflowImpl - dependenciesMet: ActionId: propose_final_time_for_approval_001, AllDependenciesMet: false
[workflow-method-testDependency-68d04a11-24e6-470a-b053-40692413951...-6d54dadd-ba48-427e-bf93-65b708f0db63] INFO com.example.mattermost.MeetingSchedulerWorkflowImpl - getProcessableActions: Node ID: propose_final_time_for_approval_001, Status: PENDING, IsPending: true, DependenciesMet: false
[workflow-method-testDependency-68d04a11-24e6-470a-b053-40692413951...-6d54dadd-ba48-427e-bf93-65b708f0db63] INFO com.example.mattermost.MeetingSchedulerWorkflowImpl - dependenciesMet: Checking dependencies for actionId: send_meeting_invite_001
[workflow-method-testDependency-68d04a11-24e6-470a-b053-40692413951...-6d54dadd-ba48-427e-bf93-65b708f0db63] INFO com.example.mattermost.MeetingSchedulerWorkflowImpl - dependenciesMet: ActionId: send_meeting_invite_001 has source dependencies: [propose_final_time_for_approval_001]
[workflow-method-testDependency-68d04a11-24e6-470a-b053-40692413951...-6d54dadd-ba48-427e-bf93-65b708f0db63] INFO com.example.mattermost.MeetingSchedulerWorkflowImpl - dependenciesMet: ActionId: send_meeting_invite_001, Dependency: propose_final_time_for_approval_001, Status: PENDING, IsCompleted: false
[workflow-method-testDependency-68d04a11-24e6-470a-b053-40692413951...-6d54dadd-ba48-427e-bf93-65b708f0db63] INFO com.example.mattermost.MeetingSchedulerWorkflowImpl - dependenciesMet: ActionId: send_meeting_invite_001, AllDependenciesMet: false
[workflow-method-testDependency-68d04a11-24e6-470a-b053-40692413951...-6d54dadd-ba48-427e-bf93-65b708f0db63] INFO com.example.mattermost.MeetingSchedulerWorkflowImpl - getProcessableActions: Node ID: send_meeting_invite_001, Status: PENDING, IsPending: true, DependenciesMet: false
[workflow-method-testDependency-68d04a11-24e6-470a-b053-40692413951...-6d54dadd-ba48-427e-bf93-65b708f0db63] INFO com.example.mattermost.MeetingSchedulerWorkflowImpl - getProcessableActions: Returning 2 processable nodes.
[workflow-method-testDependency-68d04a11-24e6-470a-b053-40692413951...-6d54dadd-ba48-427e-bf93-65b708f0db63] INFO com.example.mattermost.MeetingSchedulerWorkflowImpl - getProcessableActions: Checking all nodes in currentGoal.
[workflow-method-testDependency-68d04a11-24e6-470a-b053-40692413951...-6d54dadd-ba48-427e-bf93-65b708f0db63] INFO com.example.mattermost.MeetingSchedulerWorkflowImpl - getProcessableActions: Node ID: get_requester_preferred_details_001, Status: COMPLETED, IsPending: false, DependenciesMet: false
[workflow-method-testDependency-68d04a11-24e6-470a-b053-40692413951...-6d54dadd-ba48-427e-bf93-65b708f0db63] INFO com.example.mattermost.MeetingSchedulerWorkflowImpl - dependenciesMet: Checking dependencies for actionId: ask_arun_availability_001
[workflow-method-testDependency-68d04a11-24e6-470a-b053-40692413951...-6d54dadd-ba48-427e-bf93-65b708f0db63] INFO com.example.mattermost.MeetingSchedulerWorkflowImpl - dependenciesMet: ActionId: ask_arun_availability_001 has source dependencies: [get_requester_preferred_details_001]
[workflow-method-testDependency-68d04a11-24e6-470a-b053-40692413951...-6d54dadd-ba48-427e-bf93-65b708f0db63] INFO com.example.mattermost.MeetingSchedulerWorkflowImpl - dependenciesMet: ActionId: ask_arun_availability_001, Dependency: get_requester_preferred_details_001, Status: COMPLETED, IsCompleted: true
[workflow-method-testDependency-68d04a11-24e6-470a-b053-40692413951...-6d54dadd-ba48-427e-bf93-65b708f0db63] INFO com.example.mattermost.MeetingSchedulerWorkflowImpl - dependenciesMet: ActionId: ask_arun_availability_001, AllDependenciesMet: true
[workflow-method-testDependency-68d04a11-24e6-470a-b053-40692413951...-6d54dadd-ba48-427e-bf93-65b708f0db63] INFO com.example.mattermost.MeetingSchedulerWorkflowImpl - getProcessableActions: Node ID: ask_arun_availability_001, Status: PENDING, IsPending: true, DependenciesMet: true
[workflow-method-testDependency-68d04a11-24e6-470a-b053-40692413951...-6d54dadd-ba48-427e-bf93-65b708f0db63] INFO com.example.mattermost.MeetingSchedulerWorkflowImpl - dependenciesMet: Checking dependencies for actionId: ask_jasbir_availability_001
[workflow-method-testDependency-68d04a11-24e6-470a-b053-40692413951...-6d54dadd-ba48-427e-bf93-65b708f0db63] INFO com.example.mattermost.MeetingSchedulerWorkflowImpl - dependenciesMet: ActionId: ask_jasbir_availability_001 has source dependencies: [get_requester_preferred_details_001]
[workflow-method-testDependency-68d04a11-24e6-470a-b053-40692413951...-6d54dadd-ba48-427e-bf93-65b708f0db63] INFO com.example.mattermost.MeetingSchedulerWorkflowImpl - dependenciesMet: ActionId: ask_jasbir_availability_001, Dependency: get_requester_preferred_details_001, Status: COMPLETED, IsCompleted: true
[workflow-method-testDependency-68d04a11-24e6-470a-b053-40692413951...-6d54dadd-ba48-427e-bf93-65b708f0db63] INFO com.example.mattermost.MeetingSchedulerWorkflowImpl - dependenciesMet: ActionId: ask_jasbir_availability_001, AllDependenciesMet: true
[workflow-method-testDependency-68d04a11-24e6-470a-b053-40692413951...-6d54dadd-ba48-427e-bf93-65b708f0db63] INFO com.example.mattermost.MeetingSchedulerWorkflowImpl - getProcessableActions: Node ID: ask_jasbir_availability_001, Status: PENDING, IsPending: true, DependenciesMet: true
[workflow-method-testDependency-68d04a11-24e6-470a-b053-40692413951...-6d54dadd-ba48-427e-bf93-65b708f0db63] INFO com.example.mattermost.MeetingSchedulerWorkflowImpl - dependenciesMet: Checking dependencies for actionId: consolidate_availabilities_001
[workflow-method-testDependency-68d04a11-24e6-470a-b053-40692413951...-6d54dadd-ba48-427e-bf93-65b708f0db63] INFO com.example.mattermost.MeetingSchedulerWorkflowImpl - dependenciesMet: ActionId: consolidate_availabilities_001 has source dependencies: [get_requester_preferred_details_001, ask_arun_availability_001, ask_jasbir_availability_001]
[workflow-method-testDependency-68d04a11-24e6-470a-b053-40692413951...-6d54dadd-ba48-427e-bf93-65b708f0db63] INFO com.example.mattermost.MeetingSchedulerWorkflowImpl - dependenciesMet: ActionId: consolidate_availabilities_001, Dependency: get_requester_preferred_details_001, Status: COMPLETED, IsCompleted: true
[workflow-method-testDependency-68d04a11-24e6-470a-b053-40692413951...-6d54dadd-ba48-427e-bf93-65b708f0db63] INFO com.example.mattermost.MeetingSchedulerWorkflowImpl - dependenciesMet: ActionId: consolidate_availabilities_001, Dependency: ask_arun_availability_001, Status: PENDING, IsCompleted: false
[workflow-method-testDependency-68d04a11-24e6-470a-b053-40692413951...-6d54dadd-ba48-427e-bf93-65b708f0db63] INFO com.example.mattermost.MeetingSchedulerWorkflowImpl - dependenciesMet: ActionId: consolidate_availabilities_001, AllDependenciesMet: false
[workflow-method-testDependency-68d04a11-24e6-470a-b053-40692413951...-6d54dadd-ba48-427e-bf93-65b708f0db63] INFO com.example.mattermost.MeetingSchedulerWorkflowImpl - getProcessableActions: Node ID: consolidate_availabilities_001, Status: PENDING, IsPending: true, DependenciesMet: false
[workflow-method-testDependency-68d04a11-24e6-470a-b053-40692413951...-6d54dadd-ba48-427e-bf93-65b708f0db63] INFO com.example.mattermost.MeetingSchedulerWorkflowImpl - dependenciesMet: Checking dependencies for actionId: propose_final_time_for_approval_001
[workflow-method-testDependency-68d04a11-24e6-470a-b053-40692413951...-6d54dadd-ba48-427e-bf93-65b708f0db63] INFO com.example.mattermost.MeetingSchedulerWorkflowImpl - dependenciesMet: ActionId: propose_final_time_for_approval_001 has source dependencies: [consolidate_availabilities_001]
[workflow-method-testDependency-68d04a11-24e6-470a-b053-40692413951...-6d54dadd-ba48-427e-bf93-65b708f0db63] INFO com.example.mattermost.MeetingSchedulerWorkflowImpl - dependenciesMet: ActionId: propose_final_time_for_approval_001, Dependency: consolidate_availabilities_001, Status: PENDING, IsCompleted: false
[workflow-method-testDependency-68d04a11-24e6-470a-b053-40692413951...-6d54dadd-ba48-427e-bf93-65b708f0db63] INFO com.example.mattermost.MeetingSchedulerWorkflowImpl - dependenciesMet: ActionId: propose_final_time_for_approval_001, AllDependenciesMet: false
[workflow-method-testDependency-68d04a11-24e6-470a-b053-40692413951...-6d54dadd-ba48-427e-bf93-65b708f0db63] INFO com.example.mattermost.MeetingSchedulerWorkflowImpl - getProcessableActions: Node ID: propose_final_time_for_approval_001, Status: PENDING, IsPending: true, DependenciesMet: false
[workflow-method-testDependency-68d04a11-24e6-470a-b053-40692413951...-6d54dadd-ba48-427e-bf93-65b708f0db63] INFO com.example.mattermost.MeetingSchedulerWorkflowImpl - dependenciesMet: Checking dependencies for actionId: send_meeting_invite_001
[workflow-method-testDependency-68d04a11-24e6-470a-b053-40692413951...-6d54dadd-ba48-427e-bf93-65b708f0db63] INFO com.example.mattermost.MeetingSchedulerWorkflowImpl - dependenciesMet: ActionId: send_meeting_invite_001 has source dependencies: [propose_final_time_for_approval_001]
[workflow-method-testDependency-68d04a11-24e6-470a-b053-40692413951...-6d54dadd-ba48-427e-bf93-65b708f0db63] INFO com.example.mattermost.MeetingSchedulerWorkflowImpl - dependenciesMet: ActionId: send_meeting_invite_001, Dependency: propose_final_time_for_approval_001, Status: PENDING, IsCompleted: false
[workflow-method-testDependency-68d04a11-24e6-470a-b053-40692413951...-6d54dadd-ba48-427e-bf93-65b708f0db63] INFO com.example.mattermost.MeetingSchedulerWorkflowImpl - dependenciesMet: ActionId: send_meeting_invite_001, AllDependenciesMet: false
[workflow-method-testDependency-68d04a11-24e6-470a-b053-40692413951...-6d54dadd-ba48-427e-bf93-65b708f0db63] INFO com.example.mattermost.MeetingSchedulerWorkflowImpl - getProcessableActions: Node ID: send_meeting_invite_001, Status: PENDING, IsPending: true, DependenciesMet: false
[workflow-method-testDependency-68d04a11-24e6-470a-b053-40692413951...-6d54dadd-ba48-427e-bf93-65b708f0db63] INFO com.example.mattermost.MeetingSchedulerWorkflowImpl - getProcessableActions: Returning 2 processable nodes.
[workflow-method-testDependency-68d04a11-24e6-470a-b053-40692413951...-6d54dadd-ba48-427e-bf93-65b708f0db63] INFO com.example.mattermost.MeetingSchedulerWorkflowImpl - Main loop: Workflow.await condition check: newProcessableActions=true, workflowNowComplete=false
[workflow-method-testDependency-68d04a11-24e6-470a-b053-40692413951...-6d54dadd-ba48-427e-bf93-65b708f0db63] INFO com.example.mattermost.MeetingSchedulerWorkflowImpl - Main loop: Awakened from Workflow.await().
[workflow-method-testDependency-68d04a11-24e6-470a-b053-40692413951...-6d54dadd-ba48-427e-bf93-65b708f0db63] INFO com.example.mattermost.MeetingSchedulerWorkflowImpl - getProcessableActions: Checking all nodes in currentGoal.
[workflow-method-testDependency-68d04a11-24e6-470a-b053-40692413951...-6d54dadd-ba48-427e-bf93-65b708f0db63] INFO com.example.mattermost.MeetingSchedulerWorkflowImpl - getProcessableActions: Node ID: get_requester_preferred_details_001, Status: COMPLETED, IsPending: false, DependenciesMet: false
[workflow-method-testDependency-68d04a11-24e6-470a-b053-40692413951...-6d54dadd-ba48-427e-bf93-65b708f0db63] INFO com.example.mattermost.MeetingSchedulerWorkflowImpl - dependenciesMet: Checking dependencies for actionId: ask_arun_availability_001
[workflow-method-testDependency-68d04a11-24e6-470a-b053-40692413951...-6d54dadd-ba48-427e-bf93-65b708f0db63] INFO com.example.mattermost.MeetingSchedulerWorkflowImpl - dependenciesMet: ActionId: ask_arun_availability_001 has source dependencies: [get_requester_preferred_details_001]
[workflow-method-testDependency-68d04a11-24e6-470a-b053-40692413951...-6d54dadd-ba48-427e-bf93-65b708f0db63] INFO com.example.mattermost.MeetingSchedulerWorkflowImpl - dependenciesMet: ActionId: ask_arun_availability_001, Dependency: get_requester_preferred_details_001, Status: COMPLETED, IsCompleted: true
[workflow-method-testDependency-68d04a11-24e6-470a-b053-40692413951...-6d54dadd-ba48-427e-bf93-65b708f0db63] INFO com.example.mattermost.MeetingSchedulerWorkflowImpl - dependenciesMet: ActionId: ask_arun_availability_001, AllDependenciesMet: true
[workflow-method-testDependency-68d04a11-24e6-470a-b053-40692413951...-6d54dadd-ba48-427e-bf93-65b708f0db63] INFO com.example.mattermost.MeetingSchedulerWorkflowImpl - getProcessableActions: Node ID: ask_arun_availability_001, Status: PENDING, IsPending: true, DependenciesMet: true
[workflow-method-testDependency-68d04a11-24e6-470a-b053-40692413951...-6d54dadd-ba48-427e-bf93-65b708f0db63] INFO com.example.mattermost.MeetingSchedulerWorkflowImpl - dependenciesMet: Checking dependencies for actionId: ask_jasbir_availability_001
[workflow-method-testDependency-68d04a11-24e6-470a-b053-40692413951...-6d54dadd-ba48-427e-bf93-65b708f0db63] INFO com.example.mattermost.MeetingSchedulerWorkflowImpl - dependenciesMet: ActionId: ask_jasbir_availability_001 has source dependencies: [get_requester_preferred_details_001]
[workflow-method-testDependency-68d04a11-24e6-470a-b053-40692413951...-6d54dadd-ba48-427e-bf93-65b708f0db63] INFO com.example.mattermost.MeetingSchedulerWorkflowImpl - dependenciesMet: ActionId: ask_jasbir_availability_001, Dependency: get_requester_preferred_details_001, Status: COMPLETED, IsCompleted: true
[workflow-method-testDependency-68d04a11-24e6-470a-b053-40692413951...-6d54dadd-ba48-427e-bf93-65b708f0db63] INFO com.example.mattermost.MeetingSchedulerWorkflowImpl - dependenciesMet: ActionId: ask_jasbir_availability_001, AllDependenciesMet: true
[workflow-method-testDependency-68d04a11-24e6-470a-b053-40692413951...-6d54dadd-ba48-427e-bf93-65b708f0db63] INFO com.example.mattermost.MeetingSchedulerWorkflowImpl - getProcessableActions: Node ID: ask_jasbir_availability_001, Status: PENDING, IsPending: true, DependenciesMet: true
[workflow-method-testDependency-68d04a11-24e6-470a-b053-40692413951...-6d54dadd-ba48-427e-bf93-65b708f0db63] INFO com.example.mattermost.MeetingSchedulerWorkflowImpl - dependenciesMet: Checking dependencies for actionId: consolidate_availabilities_001
[workflow-method-testDependency-68d04a11-24e6-470a-b053-40692413951...-6d54dadd-ba48-427e-bf93-65b708f0db63] INFO com.example.mattermost.MeetingSchedulerWorkflowImpl - dependenciesMet: ActionId: consolidate_availabilities_001 has source dependencies: [get_requester_preferred_details_001, ask_arun_availability_001, ask_jasbir_availability_001]
[workflow-method-testDependency-68d04a11-24e6-470a-b053-40692413951...-6d54dadd-ba48-427e-bf93-65b708f0db63] INFO com.example.mattermost.MeetingSchedulerWorkflowImpl - dependenciesMet: ActionId: consolidate_availabilities_001, Dependency: get_requester_preferred_details_001, Status: COMPLETED, IsCompleted: true
[workflow-method-testDependency-68d04a11-24e6-470a-b053-40692413951...-6d54dadd-ba48-427e-bf93-65b708f0db63] INFO com.example.mattermost.MeetingSchedulerWorkflowImpl - dependenciesMet: ActionId: consolidate_availabilities_001, Dependency: ask_arun_availability_001, Status: PENDING, IsCompleted: false
[workflow-method-testDependency-68d04a11-24e6-470a-b053-40692413951...-6d54dadd-ba48-427e-bf93-65b708f0db63] INFO com.example.mattermost.MeetingSchedulerWorkflowImpl - dependenciesMet: ActionId: consolidate_availabilities_001, AllDependenciesMet: false
[workflow-method-testDependency-68d04a11-24e6-470a-b053-40692413951...-6d54dadd-ba48-427e-bf93-65b708f0db63] INFO com.example.mattermost.MeetingSchedulerWorkflowImpl - getProcessableActions: Node ID: consolidate_availabilities_001, Status: PENDING, IsPending: true, DependenciesMet: false
[workflow-method-testDependency-68d04a11-24e6-470a-b053-40692413951...-6d54dadd-ba48-427e-bf93-65b708f0db63] INFO com.example.mattermost.MeetingSchedulerWorkflowImpl - dependenciesMet: Checking dependencies for actionId: propose_final_time_for_approval_001
[workflow-method-testDependency-68d04a11-24e6-470a-b053-40692413951...-6d54dadd-ba48-427e-bf93-65b708f0db63] INFO com.example.mattermost.MeetingSchedulerWorkflowImpl - dependenciesMet: ActionId: propose_final_time_for_approval_001 has source dependencies: [consolidate_availabilities_001]
[workflow-method-testDependency-68d04a11-24e6-470a-b053-40692413951...-6d54dadd-ba48-427e-bf93-65b708f0db63] INFO com.example.mattermost.MeetingSchedulerWorkflowImpl - dependenciesMet: ActionId: propose_final_time_for_approval_001, Dependency: consolidate_availabilities_001, Status: PENDING, IsCompleted: false
[workflow-method-testDependency-68d04a11-24e6-470a-b053-40692413951...-6d54dadd-ba48-427e-bf93-65b708f0db63] INFO com.example.mattermost.MeetingSchedulerWorkflowImpl - dependenciesMet: ActionId: propose_final_time_for_approval_001, AllDependenciesMet: false
[workflow-method-testDependency-68d04a11-24e6-470a-b053-40692413951...-6d54dadd-ba48-427e-bf93-65b708f0db63] INFO com.example.mattermost.MeetingSchedulerWorkflowImpl - getProcessableActions: Node ID: propose_final_time_for_approval_001, Status: PENDING, IsPending: true, DependenciesMet: false
[workflow-method-testDependency-68d04a11-24e6-470a-b053-40692413951...-6d54dadd-ba48-427e-bf93-65b708f0db63] INFO com.example.mattermost.MeetingSchedulerWorkflowImpl - dependenciesMet: Checking dependencies for actionId: send_meeting_invite_001
[workflow-method-testDependency-68d04a11-24e6-470a-b053-40692413951...-6d54dadd-ba48-427e-bf93-65b708f0db63] INFO com.example.mattermost.MeetingSchedulerWorkflowImpl - dependenciesMet: ActionId: send_meeting_invite_001 has source dependencies: [propose_final_time_for_approval_001]
[workflow-method-testDependency-68d04a11-24e6-470a-b053-40692413951...-6d54dadd-ba48-427e-bf93-65b708f0db63] INFO com.example.mattermost.MeetingSchedulerWorkflowImpl - dependenciesMet: ActionId: send_meeting_invite_001, Dependency: propose_final_time_for_approval_001, Status: PENDING, IsCompleted: false
[workflow-method-testDependency-68d04a11-24e6-470a-b053-40692413951...-6d54dadd-ba48-427e-bf93-65b708f0db63] INFO com.example.mattermost.MeetingSchedulerWorkflowImpl - dependenciesMet: ActionId: send_meeting_invite_001, AllDependenciesMet: false
[workflow-method-testDependency-68d04a11-24e6-470a-b053-40692413951...-6d54dadd-ba48-427e-bf93-65b708f0db63] INFO com.example.mattermost.MeetingSchedulerWorkflowImpl - getProcessableActions: Node ID: send_meeting_invite_001, Status: PENDING, IsPending: true, DependenciesMet: false
[workflow-method-testDependency-68d04a11-24e6-470a-b053-40692413951...-6d54dadd-ba48-427e-bf93-65b708f0db63] INFO com.example.mattermost.MeetingSchedulerWorkflowImpl - getProcessableActions: Returning 2 processable nodes.
[workflow-method-testDependency-68d04a11-24e6-470a-b053-40692413951...-6d54dadd-ba48-427e-bf93-65b708f0db63] INFO com.example.mattermost.MeetingSchedulerWorkflowImpl - Main loop: Re-checked processable actions after await: [ask_arun_availability_001, ask_jasbir_availability_001]. Count: 2
[workflow-method-testDependency-68d04a11-24e6-470a-b053-40692413951...-6d54dadd-ba48-427e-bf93-65b708f0db63] INFO com.example.mattermost.MeetingSchedulerWorkflowImpl - getProcessableActions: Checking all nodes in currentGoal.
[workflow-method-testDependency-68d04a11-24e6-470a-b053-40692413951...-6d54dadd-ba48-427e-bf93-65b708f0db63] INFO com.example.mattermost.MeetingSchedulerWorkflowImpl - getProcessableActions: Node ID: get_requester_preferred_details_001, Status: COMPLETED, IsPending: false, DependenciesMet: false
[workflow-method-testDependency-68d04a11-24e6-470a-b053-40692413951...-6d54dadd-ba48-427e-bf93-65b708f0db63] INFO com.example.mattermost.MeetingSchedulerWorkflowImpl - dependenciesMet: Checking dependencies for actionId: ask_arun_availability_001
[workflow-method-testDependency-68d04a11-24e6-470a-b053-40692413951...-6d54dadd-ba48-427e-bf93-65b708f0db63] INFO com.example.mattermost.MeetingSchedulerWorkflowImpl - dependenciesMet: ActionId: ask_arun_availability_001 has source dependencies: [get_requester_preferred_details_001]
[workflow-method-testDependency-68d04a11-24e6-470a-b053-40692413951...-6d54dadd-ba48-427e-bf93-65b708f0db63] INFO com.example.mattermost.MeetingSchedulerWorkflowImpl - dependenciesMet: ActionId: ask_arun_availability_001, Dependency: get_requester_preferred_details_001, Status: COMPLETED, IsCompleted: true
[workflow-method-testDependency-68d04a11-24e6-470a-b053-40692413951...-6d54dadd-ba48-427e-bf93-65b708f0db63] INFO com.example.mattermost.MeetingSchedulerWorkflowImpl - dependenciesMet: ActionId: ask_arun_availability_001, AllDependenciesMet: true
[workflow-method-testDependency-68d04a11-24e6-470a-b053-40692413951...-6d54dadd-ba48-427e-bf93-65b708f0db63] INFO com.example.mattermost.MeetingSchedulerWorkflowImpl - getProcessableActions: Node ID: ask_arun_availability_001, Status: PENDING, IsPending: true, DependenciesMet: true
[workflow-method-testDependency-68d04a11-24e6-470a-b053-40692413951...-6d54dadd-ba48-427e-bf93-65b708f0db63] INFO com.example.mattermost.MeetingSchedulerWorkflowImpl - dependenciesMet: Checking dependencies for actionId: ask_jasbir_availability_001
[workflow-method-testDependency-68d04a11-24e6-470a-b053-40692413951...-6d54dadd-ba48-427e-bf93-65b708f0db63] INFO com.example.mattermost.MeetingSchedulerWorkflowImpl - dependenciesMet: ActionId: ask_jasbir_availability_001 has source dependencies: [get_requester_preferred_details_001]
[workflow-method-testDependency-68d04a11-24e6-470a-b053-40692413951...-6d54dadd-ba48-427e-bf93-65b708f0db63] INFO com.example.mattermost.MeetingSchedulerWorkflowImpl - dependenciesMet: ActionId: ask_jasbir_availability_001, Dependency: get_requester_preferred_details_001, Status: COMPLETED, IsCompleted: true
[workflow-method-testDependency-68d04a11-24e6-470a-b053-40692413951...-6d54dadd-ba48-427e-bf93-65b708f0db63] INFO com.example.mattermost.MeetingSchedulerWorkflowImpl - dependenciesMet: ActionId: ask_jasbir_availability_001, AllDependenciesMet: true
[workflow-method-testDependency-68d04a11-24e6-470a-b053-40692413951...-6d54dadd-ba48-427e-bf93-65b708f0db63] INFO com.example.mattermost.MeetingSchedulerWorkflowImpl - getProcessableActions: Node ID: ask_jasbir_availability_001, Status: PENDING, IsPending: true, DependenciesMet: true
[workflow-method-testDependency-68d04a11-24e6-470a-b053-40692413951...-6d54dadd-ba48-427e-bf93-65b708f0db63] INFO com.example.mattermost.MeetingSchedulerWorkflowImpl - dependenciesMet: Checking dependencies for actionId: consolidate_availabilities_001
[workflow-method-testDependency-68d04a11-24e6-470a-b053-40692413951...-6d54dadd-ba48-427e-bf93-65b708f0db63] INFO com.example.mattermost.MeetingSchedulerWorkflowImpl - dependenciesMet: ActionId: consolidate_availabilities_001 has source dependencies: [get_requester_preferred_details_001, ask_arun_availability_001, ask_jasbir_availability_001]
[workflow-method-testDependency-68d04a11-24e6-470a-b053-40692413951...-6d54dadd-ba48-427e-bf93-65b708f0db63] INFO com.example.mattermost.MeetingSchedulerWorkflowImpl - dependenciesMet: ActionId: consolidate_availabilities_001, Dependency: get_requester_preferred_details_001, Status: COMPLETED, IsCompleted: true
[workflow-method-testDependency-68d04a11-24e6-470a-b053-40692413951...-6d54dadd-ba48-427e-bf93-65b708f0db63] INFO com.example.mattermost.MeetingSchedulerWorkflowImpl - dependenciesMet: ActionId: consolidate_availabilities_001, Dependency: ask_arun_availability_001, Status: PENDING, IsCompleted: false
[workflow-method-testDependency-68d04a11-24e6-470a-b053-40692413951...-6d54dadd-ba48-427e-bf93-65b708f0db63] INFO com.example.mattermost.MeetingSchedulerWorkflowImpl - dependenciesMet: ActionId: consolidate_availabilities_001, AllDependenciesMet: false
[workflow-method-testDependency-68d04a11-24e6-470a-b053-40692413951...-6d54dadd-ba48-427e-bf93-65b708f0db63] INFO com.example.mattermost.MeetingSchedulerWorkflowImpl - getProcessableActions: Node ID: consolidate_availabilities_001, Status: PENDING, IsPending: true, DependenciesMet: false
[workflow-method-testDependency-68d04a11-24e6-470a-b053-40692413951...-6d54dadd-ba48-427e-bf93-65b708f0db63] INFO com.example.mattermost.MeetingSchedulerWorkflowImpl - dependenciesMet: Checking dependencies for actionId: propose_final_time_for_approval_001
[workflow-method-testDependency-68d04a11-24e6-470a-b053-40692413951...-6d54dadd-ba48-427e-bf93-65b708f0db63] INFO com.example.mattermost.MeetingSchedulerWorkflowImpl - dependenciesMet: ActionId: propose_final_time_for_approval_001 has source dependencies: [consolidate_availabilities_001]
[workflow-method-testDependency-68d04a11-24e6-470a-b053-40692413951...-6d54dadd-ba48-427e-bf93-65b708f0db63] INFO com.example.mattermost.MeetingSchedulerWorkflowImpl - dependenciesMet: ActionId: propose_final_time_for_approval_001, Dependency: consolidate_availabilities_001, Status: PENDING, IsCompleted: false
[workflow-method-testDependency-68d04a11-24e6-470a-b053-40692413951...-6d54dadd-ba48-427e-bf93-65b708f0db63] INFO com.example.mattermost.MeetingSchedulerWorkflowImpl - dependenciesMet: ActionId: propose_final_time_for_approval_001, AllDependenciesMet: false
[workflow-method-testDependency-68d04a11-24e6-470a-b053-40692413951...-6d54dadd-ba48-427e-bf93-65b708f0db63] INFO com.example.mattermost.MeetingSchedulerWorkflowImpl - getProcessableActions: Node ID: propose_final_time_for_approval_001, Status: PENDING, IsPending: true, DependenciesMet: false
[workflow-method-testDependency-68d04a11-24e6-470a-b053-40692413951...-6d54dadd-ba48-427e-bf93-65b708f0db63] INFO com.example.mattermost.MeetingSchedulerWorkflowImpl - dependenciesMet: Checking dependencies for actionId: send_meeting_invite_001
[workflow-method-testDependency-68d04a11-24e6-470a-b053-40692413951...-6d54dadd-ba48-427e-bf93-65b708f0db63] INFO com.example.mattermost.MeetingSchedulerWorkflowImpl - dependenciesMet: ActionId: send_meeting_invite_001 has source dependencies: [propose_final_time_for_approval_001]
[workflow-method-testDependency-68d04a11-24e6-470a-b053-40692413951...-6d54dadd-ba48-427e-bf93-65b708f0db63] INFO com.example.mattermost.MeetingSchedulerWorkflowImpl - dependenciesMet: ActionId: send_meeting_invite_001, Dependency: propose_final_time_for_approval_001, Status: PENDING, IsCompleted: false
[workflow-method-testDependency-68d04a11-24e6-470a-b053-40692413951...-6d54dadd-ba48-427e-bf93-65b708f0db63] INFO com.example.mattermost.MeetingSchedulerWorkflowImpl - dependenciesMet: ActionId: send_meeting_invite_001, AllDependenciesMet: false
[workflow-method-testDependency-68d04a11-24e6-470a-b053-40692413951...-6d54dadd-ba48-427e-bf93-65b708f0db63] INFO com.example.mattermost.MeetingSchedulerWorkflowImpl - getProcessableActions: Node ID: send_meeting_invite_001, Status: PENDING, IsPending: true, DependenciesMet: false
[workflow-method-testDependency-68d04a11-24e6-470a-b053-40692413951...-6d54dadd-ba48-427e-bf93-65b708f0db63] INFO com.example.mattermost.MeetingSchedulerWorkflowImpl - getProcessableActions: Returning 2 processable nodes.
[workflow-method-testDependency-68d04a11-24e6-470a-b053-40692413951...-6d54dadd-ba48-427e-bf93-65b708f0db63] INFO com.example.mattermost.MeetingSchedulerWorkflowImpl - Main loop: Evaluating action ask_arun_availability_001 with status PENDING
[workflow-method-testDependency-68d04a11-24e6-470a-b053-40692413951...-6d54dadd-ba48-427e-bf93-65b708f0db63] INFO com.example.mattermost.MeetingSchedulerWorkflowImpl - Main loop: Processing PENDING action: ask_arun_availability_001
[workflow-method-testDependency-68d04a11-24e6-470a-b053-40692413951...-6d54dadd-ba48-427e-bf93-65b708f0db63] INFO com.example.mattermost.MeetingSchedulerWorkflowImpl - Main loop: Generated prompt for action ask_arun_availability_001: 'Please provide input for action: Ask Arun for Availability'
[workflow-method-testDependency-68d04a11-24e6-470a-b053-40692413951...-6d54dadd-ba48-427e-bf93-65b708f0db63] INFO com.example.mattermost.MeetingSchedulerWorkflowImpl - Main loop: About to call askUserActivity.ask for action ask_arun_availability_001
[main] INFO com.example.mattermost.MeetingSchedulerWorkflowTest - Test: Signal for ask_arun_availability_001 sent.
[main] INFO com.example.mattermost.MeetingSchedulerWorkflowTest - Test: Verifying ask for ask_jasbir_availability_001
[workflow-method-testDependency-68d04a11-24e6-470a-b053-40692413951...-6d54dadd-ba48-427e-bf93-65b708f0db63] INFO com.example.mattermost.MeetingSchedulerWorkflowImpl - Main loop: askUserActivity.ask called for action ask_arun_availability_001. Setting status to WAITING_FOR_INPUT.
[workflow-method-testDependency-68d04a11-24e6-470a-b053-40692413951...-6d54dadd-ba48-427e-bf93-65b708f0db63] INFO com.example.mattermost.MeetingSchedulerWorkflowImpl - Action ask_arun_availability_001 is now WAITING_FOR_INPUT.
[workflow-method-testDependency-68d04a11-24e6-470a-b053-40692413951...-6d54dadd-ba48-427e-bf93-65b708f0db63] INFO com.example.mattermost.MeetingSchedulerWorkflowImpl - Main loop: Evaluating action ask_jasbir_availability_001 with status PENDING
[workflow-method-testDependency-68d04a11-24e6-470a-b053-40692413951...-6d54dadd-ba48-427e-bf93-65b708f0db63] INFO com.example.mattermost.MeetingSchedulerWorkflowImpl - Main loop: Processing PENDING action: ask_jasbir_availability_001
[workflow-method-testDependency-68d04a11-24e6-470a-b053-40692413951...-6d54dadd-ba48-427e-bf93-65b708f0db63] INFO com.example.mattermost.MeetingSchedulerWorkflowImpl - Main loop: Generated prompt for action ask_jasbir_availability_001: 'Please provide input for action: Ask Jasbir for Availability'
[workflow-method-testDependency-68d04a11-24e6-470a-b053-40692413951...-6d54dadd-ba48-427e-bf93-65b708f0db63] INFO com.example.mattermost.MeetingSchedulerWorkflowImpl - Main loop: About to call askUserActivity.ask for action ask_jasbir_availability_001
[signal onUserResponse] INFO com.example.mattermost.MeetingSchedulerWorkflowImpl - Signal: Received onUserResponse for actionId: ask_arun_availability_001 with input: {arun_availability=Monday 10AM-12PM}. Current status: WAITING_FOR_INPUT, waitingForUserInputMap containsKey: true
[signal onUserResponse] INFO com.example.mattermost.MeetingSchedulerWorkflowImpl - Signal: Processing valid signal for action ask_arun_availability_001.
[signal onUserResponse] INFO com.example.mattermost.MeetingSchedulerWorkflowImpl - Signal: Calling validateInputActivity for action ask_arun_availability_001.
[main] INFO com.example.mattermost.MeetingSchedulerWorkflowTest - Test: Signal for ask_jasbir_availability_001 sent.
[main] INFO com.example.mattermost.MeetingSchedulerWorkflowTest - Test: Verifying ask for consolidate_availabilities_001
[workflow-method-testDependency-68d04a11-24e6-470a-b053-40692413951...-6d54dadd-ba48-427e-bf93-65b708f0db63] INFO com.example.mattermost.MeetingSchedulerWorkflowImpl - Main loop: askUserActivity.ask called for action ask_jasbir_availability_001. Setting status to WAITING_FOR_INPUT.
[workflow-method-testDependency-68d04a11-24e6-470a-b053-40692413951...-6d54dadd-ba48-427e-bf93-65b708f0db63] INFO com.example.mattermost.MeetingSchedulerWorkflowImpl - Action ask_jasbir_availability_001 is now WAITING_FOR_INPUT.
[workflow-method-testDependency-68d04a11-24e6-470a-b053-40692413951...-6d54dadd-ba48-427e-bf93-65b708f0db63] INFO com.example.mattermost.MeetingSchedulerWorkflowImpl - getProcessableActions: Checking all nodes in currentGoal.
[workflow-method-testDependency-68d04a11-24e6-470a-b053-40692413951...-6d54dadd-ba48-427e-bf93-65b708f0db63] INFO com.example.mattermost.MeetingSchedulerWorkflowImpl - getProcessableActions: Node ID: get_requester_preferred_details_001, Status: COMPLETED, IsPending: false, DependenciesMet: false
[workflow-method-testDependency-68d04a11-24e6-470a-b053-40692413951...-6d54dadd-ba48-427e-bf93-65b708f0db63] INFO com.example.mattermost.MeetingSchedulerWorkflowImpl - getProcessableActions: Node ID: ask_arun_availability_001, Status: PROCESSING, IsPending: false, DependenciesMet: false
[workflow-method-testDependency-68d04a11-24e6-470a-b053-40692413951...-6d54dadd-ba48-427e-bf93-65b708f0db63] INFO com.example.mattermost.MeetingSchedulerWorkflowImpl - getProcessableActions: Node ID: ask_jasbir_availability_001, Status: WAITING_FOR_INPUT, IsPending: false, DependenciesMet: false
[workflow-method-testDependency-68d04a11-24e6-470a-b053-40692413951...-6d54dadd-ba48-427e-bf93-65b708f0db63] INFO com.example.mattermost.MeetingSchedulerWorkflowImpl - dependenciesMet: Checking dependencies for actionId: consolidate_availabilities_001
[workflow-method-testDependency-68d04a11-24e6-470a-b053-40692413951...-6d54dadd-ba48-427e-bf93-65b708f0db63] INFO com.example.mattermost.MeetingSchedulerWorkflowImpl - dependenciesMet: ActionId: consolidate_availabilities_001 has source dependencies: [get_requester_preferred_details_001, ask_arun_availability_001, ask_jasbir_availability_001]
[workflow-method-testDependency-68d04a11-24e6-470a-b053-40692413951...-6d54dadd-ba48-427e-bf93-65b708f0db63] INFO com.example.mattermost.MeetingSchedulerWorkflowImpl - dependenciesMet: ActionId: consolidate_availabilities_001, Dependency: get_requester_preferred_details_001, Status: COMPLETED, IsCompleted: true
[workflow-method-testDependency-68d04a11-24e6-470a-b053-40692413951...-6d54dadd-ba48-427e-bf93-65b708f0db63] INFO com.example.mattermost.MeetingSchedulerWorkflowImpl - dependenciesMet: ActionId: consolidate_availabilities_001, Dependency: ask_arun_availability_001, Status: PROCESSING, IsCompleted: false
[workflow-method-testDependency-68d04a11-24e6-470a-b053-40692413951...-6d54dadd-ba48-427e-bf93-65b708f0db63] INFO com.example.mattermost.MeetingSchedulerWorkflowImpl - dependenciesMet: ActionId: consolidate_availabilities_001, AllDependenciesMet: false
[workflow-method-testDependency-68d04a11-24e6-470a-b053-40692413951...-6d54dadd-ba48-427e-bf93-65b708f0db63] INFO com.example.mattermost.MeetingSchedulerWorkflowImpl - getProcessableActions: Node ID: consolidate_availabilities_001, Status: PENDING, IsPending: true, DependenciesMet: false
[workflow-method-testDependency-68d04a11-24e6-470a-b053-40692413951...-6d54dadd-ba48-427e-bf93-65b708f0db63] INFO com.example.mattermost.MeetingSchedulerWorkflowImpl - dependenciesMet: Checking dependencies for actionId: propose_final_time_for_approval_001
[workflow-method-testDependency-68d04a11-24e6-470a-b053-40692413951...-6d54dadd-ba48-427e-bf93-65b708f0db63] INFO com.example.mattermost.MeetingSchedulerWorkflowImpl - dependenciesMet: ActionId: propose_final_time_for_approval_001 has source dependencies: [consolidate_availabilities_001]
[workflow-method-testDependency-68d04a11-24e6-470a-b053-40692413951...-6d54dadd-ba48-427e-bf93-65b708f0db63] INFO com.example.mattermost.MeetingSchedulerWorkflowImpl - dependenciesMet: ActionId: propose_final_time_for_approval_001, Dependency: consolidate_availabilities_001, Status: PENDING, IsCompleted: false
[workflow-method-testDependency-68d04a11-24e6-470a-b053-40692413951...-6d54dadd-ba48-427e-bf93-65b708f0db63] INFO com.example.mattermost.MeetingSchedulerWorkflowImpl - dependenciesMet: ActionId: propose_final_time_for_approval_001, AllDependenciesMet: false
[workflow-method-testDependency-68d04a11-24e6-470a-b053-40692413951...-6d54dadd-ba48-427e-bf93-65b708f0db63] INFO com.example.mattermost.MeetingSchedulerWorkflowImpl - getProcessableActions: Node ID: propose_final_time_for_approval_001, Status: PENDING, IsPending: true, DependenciesMet: false
[workflow-method-testDependency-68d04a11-24e6-470a-b053-40692413951...-6d54dadd-ba48-427e-bf93-65b708f0db63] INFO com.example.mattermost.MeetingSchedulerWorkflowImpl - dependenciesMet: Checking dependencies for actionId: send_meeting_invite_001
[workflow-method-testDependency-68d04a11-24e6-470a-b053-40692413951...-6d54dadd-ba48-427e-bf93-65b708f0db63] INFO com.example.mattermost.MeetingSchedulerWorkflowImpl - dependenciesMet: ActionId: send_meeting_invite_001 has source dependencies: [propose_final_time_for_approval_001]
[workflow-method-testDependency-68d04a11-24e6-470a-b053-40692413951...-6d54dadd-ba48-427e-bf93-65b708f0db63] INFO com.example.mattermost.MeetingSchedulerWorkflowImpl - dependenciesMet: ActionId: send_meeting_invite_001, Dependency: propose_final_time_for_approval_001, Status: PENDING, IsCompleted: false
[workflow-method-testDependency-68d04a11-24e6-470a-b053-40692413951...-6d54dadd-ba48-427e-bf93-65b708f0db63] INFO com.example.mattermost.MeetingSchedulerWorkflowImpl - dependenciesMet: ActionId: send_meeting_invite_001, AllDependenciesMet: false
[workflow-method-testDependency-68d04a11-24e6-470a-b053-40692413951...-6d54dadd-ba48-427e-bf93-65b708f0db63] INFO com.example.mattermost.MeetingSchedulerWorkflowImpl - getProcessableActions: Node ID: send_meeting_invite_001, Status: PENDING, IsPending: true, DependenciesMet: false
[workflow-method-testDependency-68d04a11-24e6-470a-b053-40692413951...-6d54dadd-ba48-427e-bf93-65b708f0db63] INFO com.example.mattermost.MeetingSchedulerWorkflowImpl - getProcessableActions: Returning 0 processable nodes.
[workflow-method-testDependency-68d04a11-24e6-470a-b053-40692413951...-6d54dadd-ba48-427e-bf93-65b708f0db63] WARN com.example.mattermost.MeetingSchedulerWorkflowImpl - Potential deadlock or all remaining actions are waiting for external signals. Workflow might be stuck if no signals arrive.
[workflow-method-testDependency-68d04a11-24e6-470a-b053-40692413951...-6d54dadd-ba48-427e-bf93-65b708f0db63] INFO com.example.mattermost.MeetingSchedulerWorkflowImpl - dependenciesMet: Checking dependencies for actionId: consolidate_availabilities_001
[workflow-method-testDependency-68d04a11-24e6-470a-b053-40692413951...-6d54dadd-ba48-427e-bf93-65b708f0db63] INFO com.example.mattermost.MeetingSchedulerWorkflowImpl - dependenciesMet: ActionId: consolidate_availabilities_001 has source dependencies: [get_requester_preferred_details_001, ask_arun_availability_001, ask_jasbir_availability_001]
[workflow-method-testDependency-68d04a11-24e6-470a-b053-40692413951...-6d54dadd-ba48-427e-bf93-65b708f0db63] INFO com.example.mattermost.MeetingSchedulerWorkflowImpl - dependenciesMet: ActionId: consolidate_availabilities_001, Dependency: get_requester_preferred_details_001, Status: COMPLETED, IsCompleted: true
[workflow-method-testDependency-68d04a11-24e6-470a-b053-40692413951...-6d54dadd-ba48-427e-bf93-65b708f0db63] INFO com.example.mattermost.MeetingSchedulerWorkflowImpl - dependenciesMet: ActionId: consolidate_availabilities_001, Dependency: ask_arun_availability_001, Status: PROCESSING, IsCompleted: false
[workflow-method-testDependency-68d04a11-24e6-470a-b053-40692413951...-6d54dadd-ba48-427e-bf93-65b708f0db63] INFO com.example.mattermost.MeetingSchedulerWorkflowImpl - dependenciesMet: ActionId: consolidate_availabilities_001, AllDependenciesMet: false
[workflow-method-testDependency-68d04a11-24e6-470a-b053-40692413951...-6d54dadd-ba48-427e-bf93-65b708f0db63] INFO com.example.mattermost.MeetingSchedulerWorkflowImpl - dependenciesMet: Checking dependencies for actionId: propose_final_time_for_approval_001
[workflow-method-testDependency-68d04a11-24e6-470a-b053-40692413951...-6d54dadd-ba48-427e-bf93-65b708f0db63] INFO com.example.mattermost.MeetingSchedulerWorkflowImpl - dependenciesMet: ActionId: propose_final_time_for_approval_001 has source dependencies: [consolidate_availabilities_001]
[workflow-method-testDependency-68d04a11-24e6-470a-b053-40692413951...-6d54dadd-ba48-427e-bf93-65b708f0db63] INFO com.example.mattermost.MeetingSchedulerWorkflowImpl - dependenciesMet: ActionId: propose_final_time_for_approval_001, Dependency: consolidate_availabilities_001, Status: PENDING, IsCompleted: false
[workflow-method-testDependency-68d04a11-24e6-470a-b053-40692413951...-6d54dadd-ba48-427e-bf93-65b708f0db63] INFO com.example.mattermost.MeetingSchedulerWorkflowImpl - dependenciesMet: ActionId: propose_final_time_for_approval_001, AllDependenciesMet: false
[workflow-method-testDependency-68d04a11-24e6-470a-b053-40692413951...-6d54dadd-ba48-427e-bf93-65b708f0db63] INFO com.example.mattermost.MeetingSchedulerWorkflowImpl - dependenciesMet: Checking dependencies for actionId: send_meeting_invite_001
[workflow-method-testDependency-68d04a11-24e6-470a-b053-40692413951...-6d54dadd-ba48-427e-bf93-65b708f0db63] INFO com.example.mattermost.MeetingSchedulerWorkflowImpl - dependenciesMet: ActionId: send_meeting_invite_001 has source dependencies: [propose_final_time_for_approval_001]
[workflow-method-testDependency-68d04a11-24e6-470a-b053-40692413951...-6d54dadd-ba48-427e-bf93-65b708f0db63] INFO com.example.mattermost.MeetingSchedulerWorkflowImpl - dependenciesMet: ActionId: send_meeting_invite_001, Dependency: propose_final_time_for_approval_001, Status: PENDING, IsCompleted: false
[workflow-method-testDependency-68d04a11-24e6-470a-b053-40692413951...-6d54dadd-ba48-427e-bf93-65b708f0db63] INFO com.example.mattermost.MeetingSchedulerWorkflowImpl - dependenciesMet: ActionId: send_meeting_invite_001, AllDependenciesMet: false
[workflow-method-testDependency-68d04a11-24e6-470a-b053-40692413951...-6d54dadd-ba48-427e-bf93-65b708f0db63] INFO com.example.mattermost.MeetingSchedulerWorkflowImpl - Main loop: Checking processable actions.
[workflow-method-testDependency-68d04a11-24e6-470a-b053-40692413951...-6d54dadd-ba48-427e-bf93-65b708f0db63] INFO com.example.mattermost.MeetingSchedulerWorkflowImpl - getProcessableActions: Checking all nodes in currentGoal.
[workflow-method-testDependency-68d04a11-24e6-470a-b053-40692413951...-6d54dadd-ba48-427e-bf93-65b708f0db63] INFO com.example.mattermost.MeetingSchedulerWorkflowImpl - getProcessableActions: Node ID: get_requester_preferred_details_001, Status: COMPLETED, IsPending: false, DependenciesMet: false
[workflow-method-testDependency-68d04a11-24e6-470a-b053-40692413951...-6d54dadd-ba48-427e-bf93-65b708f0db63] INFO com.example.mattermost.MeetingSchedulerWorkflowImpl - getProcessableActions: Node ID: ask_arun_availability_001, Status: PROCESSING, IsPending: false, DependenciesMet: false
[workflow-method-testDependency-68d04a11-24e6-470a-b053-40692413951...-6d54dadd-ba48-427e-bf93-65b708f0db63] INFO com.example.mattermost.MeetingSchedulerWorkflowImpl - getProcessableActions: Node ID: ask_jasbir_availability_001, Status: WAITING_FOR_INPUT, IsPending: false, DependenciesMet: false
[workflow-method-testDependency-68d04a11-24e6-470a-b053-40692413951...-6d54dadd-ba48-427e-bf93-65b708f0db63] INFO com.example.mattermost.MeetingSchedulerWorkflowImpl - dependenciesMet: Checking dependencies for actionId: consolidate_availabilities_001
[workflow-method-testDependency-68d04a11-24e6-470a-b053-40692413951...-6d54dadd-ba48-427e-bf93-65b708f0db63] INFO com.example.mattermost.MeetingSchedulerWorkflowImpl - dependenciesMet: ActionId: consolidate_availabilities_001 has source dependencies: [get_requester_preferred_details_001, ask_arun_availability_001, ask_jasbir_availability_001]
[workflow-method-testDependency-68d04a11-24e6-470a-b053-40692413951...-6d54dadd-ba48-427e-bf93-65b708f0db63] INFO com.example.mattermost.MeetingSchedulerWorkflowImpl - dependenciesMet: ActionId: consolidate_availabilities_001, Dependency: get_requester_preferred_details_001, Status: COMPLETED, IsCompleted: true
[workflow-method-testDependency-68d04a11-24e6-470a-b053-40692413951...-6d54dadd-ba48-427e-bf93-65b708f0db63] INFO com.example.mattermost.MeetingSchedulerWorkflowImpl - dependenciesMet: ActionId: consolidate_availabilities_001, Dependency: ask_arun_availability_001, Status: PROCESSING, IsCompleted: false
[workflow-method-testDependency-68d04a11-24e6-470a-b053-40692413951...-6d54dadd-ba48-427e-bf93-65b708f0db63] INFO com.example.mattermost.MeetingSchedulerWorkflowImpl - dependenciesMet: ActionId: consolidate_availabilities_001, AllDependenciesMet: false
[workflow-method-testDependency-68d04a11-24e6-470a-b053-40692413951...-6d54dadd-ba48-427e-bf93-65b708f0db63] INFO com.example.mattermost.MeetingSchedulerWorkflowImpl - getProcessableActions: Node ID: consolidate_availabilities_001, Status: PENDING, IsPending: true, DependenciesMet: false
[workflow-method-testDependency-68d04a11-24e6-470a-b053-40692413951...-6d54dadd-ba48-427e-bf93-65b708f0db63] INFO com.example.mattermost.MeetingSchedulerWorkflowImpl - dependenciesMet: Checking dependencies for actionId: propose_final_time_for_approval_001
[workflow-method-testDependency-68d04a11-24e6-470a-b053-40692413951...-6d54dadd-ba48-427e-bf93-65b708f0db63] INFO com.example.mattermost.MeetingSchedulerWorkflowImpl - dependenciesMet: ActionId: propose_final_time_for_approval_001 has source dependencies: [consolidate_availabilities_001]
[workflow-method-testDependency-68d04a11-24e6-470a-b053-40692413951...-6d54dadd-ba48-427e-bf93-65b708f0db63] INFO com.example.mattermost.MeetingSchedulerWorkflowImpl - dependenciesMet: ActionId: propose_final_time_for_approval_001, Dependency: consolidate_availabilities_001, Status: PENDING, IsCompleted: false
[workflow-method-testDependency-68d04a11-24e6-470a-b053-40692413951...-6d54dadd-ba48-427e-bf93-65b708f0db63] INFO com.example.mattermost.MeetingSchedulerWorkflowImpl - dependenciesMet: ActionId: propose_final_time_for_approval_001, AllDependenciesMet: false
[workflow-method-testDependency-68d04a11-24e6-470a-b053-40692413951...-6d54dadd-ba48-427e-bf93-65b708f0db63] INFO com.example.mattermost.MeetingSchedulerWorkflowImpl - getProcessableActions: Node ID: propose_final_time_for_approval_001, Status: PENDING, IsPending: true, DependenciesMet: false
[workflow-method-testDependency-68d04a11-24e6-470a-b053-40692413951...-6d54dadd-ba48-427e-bf93-65b708f0db63] INFO com.example.mattermost.MeetingSchedulerWorkflowImpl - dependenciesMet: Checking dependencies for actionId: send_meeting_invite_001
[workflow-method-testDependency-68d04a11-24e6-470a-b053-40692413951...-6d54dadd-ba48-427e-bf93-65b708f0db63] INFO com.example.mattermost.MeetingSchedulerWorkflowImpl - dependenciesMet: ActionId: send_meeting_invite_001 has source dependencies: [propose_final_time_for_approval_001]
[workflow-method-testDependency-68d04a11-24e6-470a-b053-40692413951...-6d54dadd-ba48-427e-bf93-65b708f0db63] INFO com.example.mattermost.MeetingSchedulerWorkflowImpl - dependenciesMet: ActionId: send_meeting_invite_001, Dependency: propose_final_time_for_approval_001, Status: PENDING, IsCompleted: false
[workflow-method-testDependency-68d04a11-24e6-470a-b053-40692413951...-6d54dadd-ba48-427e-bf93-65b708f0db63] INFO com.example.mattermost.MeetingSchedulerWorkflowImpl - dependenciesMet: ActionId: send_meeting_invite_001, AllDependenciesMet: false
[workflow-method-testDependency-68d04a11-24e6-470a-b053-40692413951...-6d54dadd-ba48-427e-bf93-65b708f0db63] INFO com.example.mattermost.MeetingSchedulerWorkflowImpl - getProcessableActions: Node ID: send_meeting_invite_001, Status: PENDING, IsPending: true, DependenciesMet: false
[workflow-method-testDependency-68d04a11-24e6-470a-b053-40692413951...-6d54dadd-ba48-427e-bf93-65b708f0db63] INFO com.example.mattermost.MeetingSchedulerWorkflowImpl - getProcessableActions: Returning 0 processable nodes.
[workflow-method-testDependency-68d04a11-24e6-470a-b053-40692413951...-6d54dadd-ba48-427e-bf93-65b708f0db63] INFO com.example.mattermost.MeetingSchedulerWorkflowImpl - Main loop: Found 0 processable actions: []
[workflow-method-testDependency-68d04a11-24e6-470a-b053-40692413951...-6d54dadd-ba48-427e-bf93-65b708f0db63] INFO com.example.mattermost.MeetingSchedulerWorkflowImpl - getProcessableActions: Checking all nodes in currentGoal.
[workflow-method-testDependency-68d04a11-24e6-470a-b053-40692413951...-6d54dadd-ba48-427e-bf93-65b708f0db63] INFO com.example.mattermost.MeetingSchedulerWorkflowImpl - getProcessableActions: Node ID: get_requester_preferred_details_001, Status: COMPLETED, IsPending: false, DependenciesMet: false
[workflow-method-testDependency-68d04a11-24e6-470a-b053-40692413951...-6d54dadd-ba48-427e-bf93-65b708f0db63] INFO com.example.mattermost.MeetingSchedulerWorkflowImpl - getProcessableActions: Node ID: ask_arun_availability_001, Status: PROCESSING, IsPending: false, DependenciesMet: false
[workflow-method-testDependency-68d04a11-24e6-470a-b053-40692413951...-6d54dadd-ba48-427e-bf93-65b708f0db63] INFO com.example.mattermost.MeetingSchedulerWorkflowImpl - getProcessableActions: Node ID: ask_jasbir_availability_001, Status: WAITING_FOR_INPUT, IsPending: false, DependenciesMet: false
[workflow-method-testDependency-68d04a11-24e6-470a-b053-40692413951...-6d54dadd-ba48-427e-bf93-65b708f0db63] INFO com.example.mattermost.MeetingSchedulerWorkflowImpl - dependenciesMet: Checking dependencies for actionId: consolidate_availabilities_001
[workflow-method-testDependency-68d04a11-24e6-470a-b053-40692413951...-6d54dadd-ba48-427e-bf93-65b708f0db63] INFO com.example.mattermost.MeetingSchedulerWorkflowImpl - dependenciesMet: ActionId: consolidate_availabilities_001 has source dependencies: [get_requester_preferred_details_001, ask_arun_availability_001, ask_jasbir_availability_001]
[workflow-method-testDependency-68d04a11-24e6-470a-b053-40692413951...-6d54dadd-ba48-427e-bf93-65b708f0db63] INFO com.example.mattermost.MeetingSchedulerWorkflowImpl - dependenciesMet: ActionId: consolidate_availabilities_001, Dependency: get_requester_preferred_details_001, Status: COMPLETED, IsCompleted: true
[workflow-method-testDependency-68d04a11-24e6-470a-b053-40692413951...-6d54dadd-ba48-427e-bf93-65b708f0db63] INFO com.example.mattermost.MeetingSchedulerWorkflowImpl - dependenciesMet: ActionId: consolidate_availabilities_001, Dependency: ask_arun_availability_001, Status: PROCESSING, IsCompleted: false
[workflow-method-testDependency-68d04a11-24e6-470a-b053-40692413951...-6d54dadd-ba48-427e-bf93-65b708f0db63] INFO com.example.mattermost.MeetingSchedulerWorkflowImpl - dependenciesMet: ActionId: consolidate_availabilities_001, AllDependenciesMet: false
[workflow-method-testDependency-68d04a11-24e6-470a-b053-40692413951...-6d54dadd-ba48-427e-bf93-65b708f0db63] INFO com.example.mattermost.MeetingSchedulerWorkflowImpl - getProcessableActions: Node ID: consolidate_availabilities_001, Status: PENDING, IsPending: true, DependenciesMet: false
[workflow-method-testDependency-68d04a11-24e6-470a-b053-40692413951...-6d54dadd-ba48-427e-bf93-65b708f0db63] INFO com.example.mattermost.MeetingSchedulerWorkflowImpl - dependenciesMet: Checking dependencies for actionId: propose_final_time_for_approval_001
[workflow-method-testDependency-68d04a11-24e6-470a-b053-40692413951...-6d54dadd-ba48-427e-bf93-65b708f0db63] INFO com.example.mattermost.MeetingSchedulerWorkflowImpl - dependenciesMet: ActionId: propose_final_time_for_approval_001 has source dependencies: [consolidate_availabilities_001]
[workflow-method-testDependency-68d04a11-24e6-470a-b053-40692413951...-6d54dadd-ba48-427e-bf93-65b708f0db63] INFO com.example.mattermost.MeetingSchedulerWorkflowImpl - dependenciesMet: ActionId: propose_final_time_for_approval_001, Dependency: consolidate_availabilities_001, Status: PENDING, IsCompleted: false
[workflow-method-testDependency-68d04a11-24e6-470a-b053-40692413951...-6d54dadd-ba48-427e-bf93-65b708f0db63] INFO com.example.mattermost.MeetingSchedulerWorkflowImpl - dependenciesMet: ActionId: propose_final_time_for_approval_001, AllDependenciesMet: false
[workflow-method-testDependency-68d04a11-24e6-470a-b053-40692413951...-6d54dadd-ba48-427e-bf93-65b708f0db63] INFO com.example.mattermost.MeetingSchedulerWorkflowImpl - getProcessableActions: Node ID: propose_final_time_for_approval_001, Status: PENDING, IsPending: true, DependenciesMet: false
[workflow-method-testDependency-68d04a11-24e6-470a-b053-40692413951...-6d54dadd-ba48-427e-bf93-65b708f0db63] INFO com.example.mattermost.MeetingSchedulerWorkflowImpl - dependenciesMet: Checking dependencies for actionId: send_meeting_invite_001
[workflow-method-testDependency-68d04a11-24e6-470a-b053-40692413951...-6d54dadd-ba48-427e-bf93-65b708f0db63] INFO com.example.mattermost.MeetingSchedulerWorkflowImpl - dependenciesMet: ActionId: send_meeting_invite_001 has source dependencies: [propose_final_time_for_approval_001]
[workflow-method-testDependency-68d04a11-24e6-470a-b053-40692413951...-6d54dadd-ba48-427e-bf93-65b708f0db63] INFO com.example.mattermost.MeetingSchedulerWorkflowImpl - dependenciesMet: ActionId: send_meeting_invite_001, Dependency: propose_final_time_for_approval_001, Status: PENDING, IsCompleted: false
[workflow-method-testDependency-68d04a11-24e6-470a-b053-40692413951...-6d54dadd-ba48-427e-bf93-65b708f0db63] INFO com.example.mattermost.MeetingSchedulerWorkflowImpl - dependenciesMet: ActionId: send_meeting_invite_001, AllDependenciesMet: false
[workflow-method-testDependency-68d04a11-24e6-470a-b053-40692413951...-6d54dadd-ba48-427e-bf93-65b708f0db63] INFO com.example.mattermost.MeetingSchedulerWorkflowImpl - getProcessableActions: Node ID: send_meeting_invite_001, Status: PENDING, IsPending: true, DependenciesMet: false
[workflow-method-testDependency-68d04a11-24e6-470a-b053-40692413951...-6d54dadd-ba48-427e-bf93-65b708f0db63] INFO com.example.mattermost.MeetingSchedulerWorkflowImpl - getProcessableActions: Returning 0 processable nodes.
[workflow-method-testDependency-68d04a11-24e6-470a-b053-40692413951...-6d54dadd-ba48-427e-bf93-65b708f0db63] WARN com.example.mattermost.MeetingSchedulerWorkflowImpl - Potential deadlock or all remaining actions are waiting for external signals. Workflow might be stuck if no signals arrive.
[workflow-method-testDependency-68d04a11-24e6-470a-b053-40692413951...-6d54dadd-ba48-427e-bf93-65b708f0db63] INFO com.example.mattermost.MeetingSchedulerWorkflowImpl - dependenciesMet: Checking dependencies for actionId: consolidate_availabilities_001
[workflow-method-testDependency-68d04a11-24e6-470a-b053-40692413951...-6d54dadd-ba48-427e-bf93-65b708f0db63] INFO com.example.mattermost.MeetingSchedulerWorkflowImpl - dependenciesMet: ActionId: consolidate_availabilities_001 has source dependencies: [get_requester_preferred_details_001, ask_arun_availability_001, ask_jasbir_availability_001]
[workflow-method-testDependency-68d04a11-24e6-470a-b053-40692413951...-6d54dadd-ba48-427e-bf93-65b708f0db63] INFO com.example.mattermost.MeetingSchedulerWorkflowImpl - dependenciesMet: ActionId: consolidate_availabilities_001, Dependency: get_requester_preferred_details_001, Status: COMPLETED, IsCompleted: true
[workflow-method-testDependency-68d04a11-24e6-470a-b053-40692413951...-6d54dadd-ba48-427e-bf93-65b708f0db63] INFO com.example.mattermost.MeetingSchedulerWorkflowImpl - dependenciesMet: ActionId: consolidate_availabilities_001, Dependency: ask_arun_availability_001, Status: PROCESSING, IsCompleted: false
[workflow-method-testDependency-68d04a11-24e6-470a-b053-40692413951...-6d54dadd-ba48-427e-bf93-65b708f0db63] INFO com.example.mattermost.MeetingSchedulerWorkflowImpl - dependenciesMet: ActionId: consolidate_availabilities_001, AllDependenciesMet: false
[workflow-method-testDependency-68d04a11-24e6-470a-b053-40692413951...-6d54dadd-ba48-427e-bf93-65b708f0db63] INFO com.example.mattermost.MeetingSchedulerWorkflowImpl - dependenciesMet: Checking dependencies for actionId: propose_final_time_for_approval_001
[workflow-method-testDependency-68d04a11-24e6-470a-b053-40692413951...-6d54dadd-ba48-427e-bf93-65b708f0db63] INFO com.example.mattermost.MeetingSchedulerWorkflowImpl - dependenciesMet: ActionId: propose_final_time_for_approval_001 has source dependencies: [consolidate_availabilities_001]
[workflow-method-testDependency-68d04a11-24e6-470a-b053-40692413951...-6d54dadd-ba48-427e-bf93-65b708f0db63] INFO com.example.mattermost.MeetingSchedulerWorkflowImpl - dependenciesMet: ActionId: propose_final_time_for_approval_001, Dependency: consolidate_availabilities_001, Status: PENDING, IsCompleted: false
[workflow-method-testDependency-68d04a11-24e6-470a-b053-40692413951...-6d54dadd-ba48-427e-bf93-65b708f0db63] INFO com.example.mattermost.MeetingSchedulerWorkflowImpl - dependenciesMet: ActionId: propose_final_time_for_approval_001, AllDependenciesMet: false
[workflow-method-testDependency-68d04a11-24e6-470a-b053-40692413951...-6d54dadd-ba48-427e-bf93-65b708f0db63] INFO com.example.mattermost.MeetingSchedulerWorkflowImpl - dependenciesMet: Checking dependencies for actionId: send_meeting_invite_001
[workflow-method-testDependency-68d04a11-24e6-470a-b053-40692413951...-6d54dadd-ba48-427e-bf93-65b708f0db63] INFO com.example.mattermost.MeetingSchedulerWorkflowImpl - dependenciesMet: ActionId: send_meeting_invite_001 has source dependencies: [propose_final_time_for_approval_001]
[workflow-method-testDependency-68d04a11-24e6-470a-b053-40692413951...-6d54dadd-ba48-427e-bf93-65b708f0db63] INFO com.example.mattermost.MeetingSchedulerWorkflowImpl - dependenciesMet: ActionId: send_meeting_invite_001, Dependency: propose_final_time_for_approval_001, Status: PENDING, IsCompleted: false
[workflow-method-testDependency-68d04a11-24e6-470a-b053-40692413951...-6d54dadd-ba48-427e-bf93-65b708f0db63] INFO com.example.mattermost.MeetingSchedulerWorkflowImpl - dependenciesMet: ActionId: send_meeting_invite_001, AllDependenciesMet: false
[workflow-method-testDependency-68d04a11-24e6-470a-b053-40692413951...-6d54dadd-ba48-427e-bf93-65b708f0db63] INFO com.example.mattermost.MeetingSchedulerWorkflowImpl - Main loop: No actions currently processable. Waiting for signals or workflow completion. Current statuses: {get_requester_preferred_details_001=COMPLETED, propose_final_time_for_approval_001=PENDING, ask_arun_availability_001=PROCESSING, consolidate_availabilities_001=PENDING, send_meeting_invite_001=PENDING, ask_jasbir_availability_001=WAITING_FOR_INPUT}
[workflow-method-testDependency-68d04a11-24e6-470a-b053-40692413951...-6d54dadd-ba48-427e-bf93-65b708f0db63] INFO com.example.mattermost.MeetingSchedulerWorkflowImpl - getProcessableActions: Checking all nodes in currentGoal.
[workflow-method-testDependency-68d04a11-24e6-470a-b053-40692413951...-6d54dadd-ba48-427e-bf93-65b708f0db63] INFO com.example.mattermost.MeetingSchedulerWorkflowImpl - getProcessableActions: Node ID: get_requester_preferred_details_001, Status: COMPLETED, IsPending: false, DependenciesMet: false
[workflow-method-testDependency-68d04a11-24e6-470a-b053-40692413951...-6d54dadd-ba48-427e-bf93-65b708f0db63] INFO com.example.mattermost.MeetingSchedulerWorkflowImpl - getProcessableActions: Node ID: ask_arun_availability_001, Status: PROCESSING, IsPending: false, DependenciesMet: false
[workflow-method-testDependency-68d04a11-24e6-470a-b053-40692413951...-6d54dadd-ba48-427e-bf93-65b708f0db63] INFO com.example.mattermost.MeetingSchedulerWorkflowImpl - getProcessableActions: Node ID: ask_jasbir_availability_001, Status: WAITING_FOR_INPUT, IsPending: false, DependenciesMet: false
[workflow-method-testDependency-68d04a11-24e6-470a-b053-40692413951...-6d54dadd-ba48-427e-bf93-65b708f0db63] INFO com.example.mattermost.MeetingSchedulerWorkflowImpl - dependenciesMet: Checking dependencies for actionId: consolidate_availabilities_001
[workflow-method-testDependency-68d04a11-24e6-470a-b053-40692413951...-6d54dadd-ba48-427e-bf93-65b708f0db63] INFO com.example.mattermost.MeetingSchedulerWorkflowImpl - dependenciesMet: ActionId: consolidate_availabilities_001 has source dependencies: [get_requester_preferred_details_001, ask_arun_availability_001, ask_jasbir_availability_001]
[workflow-method-testDependency-68d04a11-24e6-470a-b053-40692413951...-6d54dadd-ba48-427e-bf93-65b708f0db63] INFO com.example.mattermost.MeetingSchedulerWorkflowImpl - dependenciesMet: ActionId: consolidate_availabilities_001, Dependency: get_requester_preferred_details_001, Status: COMPLETED, IsCompleted: true
[workflow-method-testDependency-68d04a11-24e6-470a-b053-40692413951...-6d54dadd-ba48-427e-bf93-65b708f0db63] INFO com.example.mattermost.MeetingSchedulerWorkflowImpl - dependenciesMet: ActionId: consolidate_availabilities_001, Dependency: ask_arun_availability_001, Status: PROCESSING, IsCompleted: false
[workflow-method-testDependency-68d04a11-24e6-470a-b053-40692413951...-6d54dadd-ba48-427e-bf93-65b708f0db63] INFO com.example.mattermost.MeetingSchedulerWorkflowImpl - dependenciesMet: ActionId: consolidate_availabilities_001, AllDependenciesMet: false
[workflow-method-testDependency-68d04a11-24e6-470a-b053-40692413951...-6d54dadd-ba48-427e-bf93-65b708f0db63] INFO com.example.mattermost.MeetingSchedulerWorkflowImpl - getProcessableActions: Node ID: consolidate_availabilities_001, Status: PENDING, IsPending: true, DependenciesMet: false
[workflow-method-testDependency-68d04a11-24e6-470a-b053-40692413951...-6d54dadd-ba48-427e-bf93-65b708f0db63] INFO com.example.mattermost.MeetingSchedulerWorkflowImpl - dependenciesMet: Checking dependencies for actionId: propose_final_time_for_approval_001
[workflow-method-testDependency-68d04a11-24e6-470a-b053-40692413951...-6d54dadd-ba48-427e-bf93-65b708f0db63] INFO com.example.mattermost.MeetingSchedulerWorkflowImpl - dependenciesMet: ActionId: propose_final_time_for_approval_001 has source dependencies: [consolidate_availabilities_001]
[workflow-method-testDependency-68d04a11-24e6-470a-b053-40692413951...-6d54dadd-ba48-427e-bf93-65b708f0db63] INFO com.example.mattermost.MeetingSchedulerWorkflowImpl - dependenciesMet: ActionId: propose_final_time_for_approval_001, Dependency: consolidate_availabilities_001, Status: PENDING, IsCompleted: false
[workflow-method-testDependency-68d04a11-24e6-470a-b053-40692413951...-6d54dadd-ba48-427e-bf93-65b708f0db63] INFO com.example.mattermost.MeetingSchedulerWorkflowImpl - dependenciesMet: ActionId: propose_final_time_for_approval_001, AllDependenciesMet: false
[workflow-method-testDependency-68d04a11-24e6-470a-b053-40692413951...-6d54dadd-ba48-427e-bf93-65b708f0db63] INFO com.example.mattermost.MeetingSchedulerWorkflowImpl - getProcessableActions: Node ID: propose_final_time_for_approval_001, Status: PENDING, IsPending: true, DependenciesMet: false
[workflow-method-testDependency-68d04a11-24e6-470a-b053-40692413951...-6d54dadd-ba48-427e-bf93-65b708f0db63] INFO com.example.mattermost.MeetingSchedulerWorkflowImpl - dependenciesMet: Checking dependencies for actionId: send_meeting_invite_001
[workflow-method-testDependency-68d04a11-24e6-470a-b053-40692413951...-6d54dadd-ba48-427e-bf93-65b708f0db63] INFO com.example.mattermost.MeetingSchedulerWorkflowImpl - dependenciesMet: ActionId: send_meeting_invite_001 has source dependencies: [propose_final_time_for_approval_001]
[workflow-method-testDependency-68d04a11-24e6-470a-b053-40692413951...-6d54dadd-ba48-427e-bf93-65b708f0db63] INFO com.example.mattermost.MeetingSchedulerWorkflowImpl - dependenciesMet: ActionId: send_meeting_invite_001, Dependency: propose_final_time_for_approval_001, Status: PENDING, IsCompleted: false
[workflow-method-testDependency-68d04a11-24e6-470a-b053-40692413951...-6d54dadd-ba48-427e-bf93-65b708f0db63] INFO com.example.mattermost.MeetingSchedulerWorkflowImpl - dependenciesMet: ActionId: send_meeting_invite_001, AllDependenciesMet: false
[workflow-method-testDependency-68d04a11-24e6-470a-b053-40692413951...-6d54dadd-ba48-427e-bf93-65b708f0db63] INFO com.example.mattermost.MeetingSchedulerWorkflowImpl - getProcessableActions: Node ID: send_meeting_invite_001, Status: PENDING, IsPending: true, DependenciesMet: false
[workflow-method-testDependency-68d04a11-24e6-470a-b053-40692413951...-6d54dadd-ba48-427e-bf93-65b708f0db63] INFO com.example.mattermost.MeetingSchedulerWorkflowImpl - getProcessableActions: Returning 0 processable nodes.
[workflow-method-testDependency-68d04a11-24e6-470a-b053-40692413951...-6d54dadd-ba48-427e-bf93-65b708f0db63] INFO com.example.mattermost.MeetingSchedulerWorkflowImpl - getProcessableActions: Checking all nodes in currentGoal.
[workflow-method-testDependency-68d04a11-24e6-470a-b053-40692413951...-6d54dadd-ba48-427e-bf93-65b708f0db63] INFO com.example.mattermost.MeetingSchedulerWorkflowImpl - getProcessableActions: Node ID: get_requester_preferred_details_001, Status: COMPLETED, IsPending: false, DependenciesMet: false
[workflow-method-testDependency-68d04a11-24e6-470a-b053-40692413951...-6d54dadd-ba48-427e-bf93-65b708f0db63] INFO com.example.mattermost.MeetingSchedulerWorkflowImpl - getProcessableActions: Node ID: ask_arun_availability_001, Status: PROCESSING, IsPending: false, DependenciesMet: false
[workflow-method-testDependency-68d04a11-24e6-470a-b053-40692413951...-6d54dadd-ba48-427e-bf93-65b708f0db63] INFO com.example.mattermost.MeetingSchedulerWorkflowImpl - getProcessableActions: Node ID: ask_jasbir_availability_001, Status: WAITING_FOR_INPUT, IsPending: false, DependenciesMet: false
[workflow-method-testDependency-68d04a11-24e6-470a-b053-40692413951...-6d54dadd-ba48-427e-bf93-65b708f0db63] INFO com.example.mattermost.MeetingSchedulerWorkflowImpl - dependenciesMet: Checking dependencies for actionId: consolidate_availabilities_001
[workflow-method-testDependency-68d04a11-24e6-470a-b053-40692413951...-6d54dadd-ba48-427e-bf93-65b708f0db63] INFO com.example.mattermost.MeetingSchedulerWorkflowImpl - dependenciesMet: ActionId: consolidate_availabilities_001 has source dependencies: [get_requester_preferred_details_001, ask_arun_availability_001, ask_jasbir_availability_001]
[workflow-method-testDependency-68d04a11-24e6-470a-b053-40692413951...-6d54dadd-ba48-427e-bf93-65b708f0db63] INFO com.example.mattermost.MeetingSchedulerWorkflowImpl - dependenciesMet: ActionId: consolidate_availabilities_001, Dependency: get_requester_preferred_details_001, Status: COMPLETED, IsCompleted: true
[workflow-method-testDependency-68d04a11-24e6-470a-b053-40692413951...-6d54dadd-ba48-427e-bf93-65b708f0db63] INFO com.example.mattermost.MeetingSchedulerWorkflowImpl - dependenciesMet: ActionId: consolidate_availabilities_001, Dependency: ask_arun_availability_001, Status: PROCESSING, IsCompleted: false
[workflow-method-testDependency-68d04a11-24e6-470a-b053-40692413951...-6d54dadd-ba48-427e-bf93-65b708f0db63] INFO com.example.mattermost.MeetingSchedulerWorkflowImpl - dependenciesMet: ActionId: consolidate_availabilities_001, AllDependenciesMet: false
[workflow-method-testDependency-68d04a11-24e6-470a-b053-40692413951...-6d54dadd-ba48-427e-bf93-65b708f0db63] INFO com.example.mattermost.MeetingSchedulerWorkflowImpl - getProcessableActions: Node ID: consolidate_availabilities_001, Status: PENDING, IsPending: true, DependenciesMet: false
[workflow-method-testDependency-68d04a11-24e6-470a-b053-40692413951...-6d54dadd-ba48-427e-bf93-65b708f0db63] INFO com.example.mattermost.MeetingSchedulerWorkflowImpl - dependenciesMet: Checking dependencies for actionId: propose_final_time_for_approval_001
[workflow-method-testDependency-68d04a11-24e6-470a-b053-40692413951...-6d54dadd-ba48-427e-bf93-65b708f0db63] INFO com.example.mattermost.MeetingSchedulerWorkflowImpl - dependenciesMet: ActionId: propose_final_time_for_approval_001 has source dependencies: [consolidate_availabilities_001]
[workflow-method-testDependency-68d04a11-24e6-470a-b053-40692413951...-6d54dadd-ba48-427e-bf93-65b708f0db63] INFO com.example.mattermost.MeetingSchedulerWorkflowImpl - dependenciesMet: ActionId: propose_final_time_for_approval_001, Dependency: consolidate_availabilities_001, Status: PENDING, IsCompleted: false
[workflow-method-testDependency-68d04a11-24e6-470a-b053-40692413951...-6d54dadd-ba48-427e-bf93-65b708f0db63] INFO com.example.mattermost.MeetingSchedulerWorkflowImpl - dependenciesMet: ActionId: propose_final_time_for_approval_001, AllDependenciesMet: false
[workflow-method-testDependency-68d04a11-24e6-470a-b053-40692413951...-6d54dadd-ba48-427e-bf93-65b708f0db63] INFO com.example.mattermost.MeetingSchedulerWorkflowImpl - getProcessableActions: Node ID: propose_final_time_for_approval_001, Status: PENDING, IsPending: true, DependenciesMet: false
[workflow-method-testDependency-68d04a11-24e6-470a-b053-40692413951...-6d54dadd-ba48-427e-bf93-65b708f0db63] INFO com.example.mattermost.MeetingSchedulerWorkflowImpl - dependenciesMet: Checking dependencies for actionId: send_meeting_invite_001
[workflow-method-testDependency-68d04a11-24e6-470a-b053-40692413951...-6d54dadd-ba48-427e-bf93-65b708f0db63] INFO com.example.mattermost.MeetingSchedulerWorkflowImpl - dependenciesMet: ActionId: send_meeting_invite_001 has source dependencies: [propose_final_time_for_approval_001]
[workflow-method-testDependency-68d04a11-24e6-470a-b053-40692413951...-6d54dadd-ba48-427e-bf93-65b708f0db63] INFO com.example.mattermost.MeetingSchedulerWorkflowImpl - dependenciesMet: ActionId: send_meeting_invite_001, Dependency: propose_final_time_for_approval_001, Status: PENDING, IsCompleted: false
[workflow-method-testDependency-68d04a11-24e6-470a-b053-40692413951...-6d54dadd-ba48-427e-bf93-65b708f0db63] INFO com.example.mattermost.MeetingSchedulerWorkflowImpl - dependenciesMet: ActionId: send_meeting_invite_001, AllDependenciesMet: false
[workflow-method-testDependency-68d04a11-24e6-470a-b053-40692413951...-6d54dadd-ba48-427e-bf93-65b708f0db63] INFO com.example.mattermost.MeetingSchedulerWorkflowImpl - getProcessableActions: Node ID: send_meeting_invite_001, Status: PENDING, IsPending: true, DependenciesMet: false
[workflow-method-testDependency-68d04a11-24e6-470a-b053-40692413951...-6d54dadd-ba48-427e-bf93-65b708f0db63] INFO com.example.mattermost.MeetingSchedulerWorkflowImpl - getProcessableActions: Returning 0 processable nodes.
[workflow-method-testDependency-68d04a11-24e6-470a-b053-40692413951...-6d54dadd-ba48-427e-bf93-65b708f0db63] WARN com.example.mattermost.MeetingSchedulerWorkflowImpl - Potential deadlock or all remaining actions are waiting for external signals. Workflow might be stuck if no signals arrive.
[workflow-method-testDependency-68d04a11-24e6-470a-b053-40692413951...-6d54dadd-ba48-427e-bf93-65b708f0db63] INFO com.example.mattermost.MeetingSchedulerWorkflowImpl - dependenciesMet: Checking dependencies for actionId: consolidate_availabilities_001
[workflow-method-testDependency-68d04a11-24e6-470a-b053-40692413951...-6d54dadd-ba48-427e-bf93-65b708f0db63] INFO com.example.mattermost.MeetingSchedulerWorkflowImpl - dependenciesMet: ActionId: consolidate_availabilities_001 has source dependencies: [get_requester_preferred_details_001, ask_arun_availability_001, ask_jasbir_availability_001]
[workflow-method-testDependency-68d04a11-24e6-470a-b053-40692413951...-6d54dadd-ba48-427e-bf93-65b708f0db63] INFO com.example.mattermost.MeetingSchedulerWorkflowImpl - dependenciesMet: ActionId: consolidate_availabilities_001, Dependency: get_requester_preferred_details_001, Status: COMPLETED, IsCompleted: true
[workflow-method-testDependency-68d04a11-24e6-470a-b053-40692413951...-6d54dadd-ba48-427e-bf93-65b708f0db63] INFO com.example.mattermost.MeetingSchedulerWorkflowImpl - dependenciesMet: ActionId: consolidate_availabilities_001, Dependency: ask_arun_availability_001, Status: PROCESSING, IsCompleted: false
[workflow-method-testDependency-68d04a11-24e6-470a-b053-40692413951...-6d54dadd-ba48-427e-bf93-65b708f0db63] INFO com.example.mattermost.MeetingSchedulerWorkflowImpl - dependenciesMet: ActionId: consolidate_availabilities_001, AllDependenciesMet: false
[workflow-method-testDependency-68d04a11-24e6-470a-b053-40692413951...-6d54dadd-ba48-427e-bf93-65b708f0db63] INFO com.example.mattermost.MeetingSchedulerWorkflowImpl - dependenciesMet: Checking dependencies for actionId: propose_final_time_for_approval_001
[workflow-method-testDependency-68d04a11-24e6-470a-b053-40692413951...-6d54dadd-ba48-427e-bf93-65b708f0db63] INFO com.example.mattermost.MeetingSchedulerWorkflowImpl - dependenciesMet: ActionId: propose_final_time_for_approval_001 has source dependencies: [consolidate_availabilities_001]
[workflow-method-testDependency-68d04a11-24e6-470a-b053-40692413951...-6d54dadd-ba48-427e-bf93-65b708f0db63] INFO com.example.mattermost.MeetingSchedulerWorkflowImpl - dependenciesMet: ActionId: propose_final_time_for_approval_001, Dependency: consolidate_availabilities_001, Status: PENDING, IsCompleted: false
[workflow-method-testDependency-68d04a11-24e6-470a-b053-40692413951...-6d54dadd-ba48-427e-bf93-65b708f0db63] INFO com.example.mattermost.MeetingSchedulerWorkflowImpl - dependenciesMet: ActionId: propose_final_time_for_approval_001, AllDependenciesMet: false
[workflow-method-testDependency-68d04a11-24e6-470a-b053-40692413951...-6d54dadd-ba48-427e-bf93-65b708f0db63] INFO com.example.mattermost.MeetingSchedulerWorkflowImpl - dependenciesMet: Checking dependencies for actionId: send_meeting_invite_001
[workflow-method-testDependency-68d04a11-24e6-470a-b053-40692413951...-6d54dadd-ba48-427e-bf93-65b708f0db63] INFO com.example.mattermost.MeetingSchedulerWorkflowImpl - dependenciesMet: ActionId: send_meeting_invite_001 has source dependencies: [propose_final_time_for_approval_001]
[workflow-method-testDependency-68d04a11-24e6-470a-b053-40692413951...-6d54dadd-ba48-427e-bf93-65b708f0db63] INFO com.example.mattermost.MeetingSchedulerWorkflowImpl - dependenciesMet: ActionId: send_meeting_invite_001, Dependency: propose_final_time_for_approval_001, Status: PENDING, IsCompleted: false
[workflow-method-testDependency-68d04a11-24e6-470a-b053-40692413951...-6d54dadd-ba48-427e-bf93-65b708f0db63] INFO com.example.mattermost.MeetingSchedulerWorkflowImpl - dependenciesMet: ActionId: send_meeting_invite_001, AllDependenciesMet: false
[workflow-method-testDependency-68d04a11-24e6-470a-b053-40692413951...-6d54dadd-ba48-427e-bf93-65b708f0db63] INFO com.example.mattermost.MeetingSchedulerWorkflowImpl - Main loop: Workflow.await condition check: newProcessableActions=false, workflowNowComplete=false
[workflow-method-testDependency-68d04a11-24e6-470a-b053-40692413951...-6d54dadd-ba48-427e-bf93-65b708f0db63] INFO com.example.mattermost.MeetingSchedulerWorkflowImpl - getProcessableActions: Checking all nodes in currentGoal.
[workflow-method-testDependency-68d04a11-24e6-470a-b053-40692413951...-6d54dadd-ba48-427e-bf93-65b708f0db63] INFO com.example.mattermost.MeetingSchedulerWorkflowImpl - getProcessableActions: Node ID: get_requester_preferred_details_001, Status: COMPLETED, IsPending: false, DependenciesMet: false
[workflow-method-testDependency-68d04a11-24e6-470a-b053-40692413951...-6d54dadd-ba48-427e-bf93-65b708f0db63] INFO com.example.mattermost.MeetingSchedulerWorkflowImpl - getProcessableActions: Node ID: ask_arun_availability_001, Status: PROCESSING, IsPending: false, DependenciesMet: false
[workflow-method-testDependency-68d04a11-24e6-470a-b053-40692413951...-6d54dadd-ba48-427e-bf93-65b708f0db63] INFO com.example.mattermost.MeetingSchedulerWorkflowImpl - getProcessableActions: Node ID: ask_jasbir_availability_001, Status: WAITING_FOR_INPUT, IsPending: false, DependenciesMet: false
[workflow-method-testDependency-68d04a11-24e6-470a-b053-40692413951...-6d54dadd-ba48-427e-bf93-65b708f0db63] INFO com.example.mattermost.MeetingSchedulerWorkflowImpl - dependenciesMet: Checking dependencies for actionId: consolidate_availabilities_001
[workflow-method-testDependency-68d04a11-24e6-470a-b053-40692413951...-6d54dadd-ba48-427e-bf93-65b708f0db63] INFO com.example.mattermost.MeetingSchedulerWorkflowImpl - dependenciesMet: ActionId: consolidate_availabilities_001 has source dependencies: [get_requester_preferred_details_001, ask_arun_availability_001, ask_jasbir_availability_001]
[workflow-method-testDependency-68d04a11-24e6-470a-b053-40692413951...-6d54dadd-ba48-427e-bf93-65b708f0db63] INFO com.example.mattermost.MeetingSchedulerWorkflowImpl - dependenciesMet: ActionId: consolidate_availabilities_001, Dependency: get_requester_preferred_details_001, Status: COMPLETED, IsCompleted: true
[workflow-method-testDependency-68d04a11-24e6-470a-b053-40692413951...-6d54dadd-ba48-427e-bf93-65b708f0db63] INFO com.example.mattermost.MeetingSchedulerWorkflowImpl - dependenciesMet: ActionId: consolidate_availabilities_001, Dependency: ask_arun_availability_001, Status: PROCESSING, IsCompleted: false
[workflow-method-testDependency-68d04a11-24e6-470a-b053-40692413951...-6d54dadd-ba48-427e-bf93-65b708f0db63] INFO com.example.mattermost.MeetingSchedulerWorkflowImpl - dependenciesMet: ActionId: consolidate_availabilities_001, AllDependenciesMet: false
[workflow-method-testDependency-68d04a11-24e6-470a-b053-40692413951...-6d54dadd-ba48-427e-bf93-65b708f0db63] INFO com.example.mattermost.MeetingSchedulerWorkflowImpl - getProcessableActions: Node ID: consolidate_availabilities_001, Status: PENDING, IsPending: true, DependenciesMet: false
[workflow-method-testDependency-68d04a11-24e6-470a-b053-40692413951...-6d54dadd-ba48-427e-bf93-65b708f0db63] INFO com.example.mattermost.MeetingSchedulerWorkflowImpl - dependenciesMet: Checking dependencies for actionId: propose_final_time_for_approval_001
[workflow-method-testDependency-68d04a11-24e6-470a-b053-40692413951...-6d54dadd-ba48-427e-bf93-65b708f0db63] INFO com.example.mattermost.MeetingSchedulerWorkflowImpl - dependenciesMet: ActionId: propose_final_time_for_approval_001 has source dependencies: [consolidate_availabilities_001]
[workflow-method-testDependency-68d04a11-24e6-470a-b053-40692413951...-6d54dadd-ba48-427e-bf93-65b708f0db63] INFO com.example.mattermost.MeetingSchedulerWorkflowImpl - dependenciesMet: ActionId: propose_final_time_for_approval_001, Dependency: consolidate_availabilities_001, Status: PENDING, IsCompleted: false
[workflow-method-testDependency-68d04a11-24e6-470a-b053-40692413951...-6d54dadd-ba48-427e-bf93-65b708f0db63] INFO com.example.mattermost.MeetingSchedulerWorkflowImpl - dependenciesMet: ActionId: propose_final_time_for_approval_001, AllDependenciesMet: false
[workflow-method-testDependency-68d04a11-24e6-470a-b053-40692413951...-6d54dadd-ba48-427e-bf93-65b708f0db63] INFO com.example.mattermost.MeetingSchedulerWorkflowImpl - getProcessableActions: Node ID: propose_final_time_for_approval_001, Status: PENDING, IsPending: true, DependenciesMet: false
[workflow-method-testDependency-68d04a11-24e6-470a-b053-40692413951...-6d54dadd-ba48-427e-bf93-65b708f0db63] INFO com.example.mattermost.MeetingSchedulerWorkflowImpl - dependenciesMet: Checking dependencies for actionId: send_meeting_invite_001
[workflow-method-testDependency-68d04a11-24e6-470a-b053-40692413951...-6d54dadd-ba48-427e-bf93-65b708f0db63] INFO com.example.mattermost.MeetingSchedulerWorkflowImpl - dependenciesMet: ActionId: send_meeting_invite_001 has source dependencies: [propose_final_time_for_approval_001]
[workflow-method-testDependency-68d04a11-24e6-470a-b053-40692413951...-6d54dadd-ba48-427e-bf93-65b708f0db63] INFO com.example.mattermost.MeetingSchedulerWorkflowImpl - dependenciesMet: ActionId: send_meeting_invite_001, Dependency: propose_final_time_for_approval_001, Status: PENDING, IsCompleted: false
[workflow-method-testDependency-68d04a11-24e6-470a-b053-40692413951...-6d54dadd-ba48-427e-bf93-65b708f0db63] INFO com.example.mattermost.MeetingSchedulerWorkflowImpl - dependenciesMet: ActionId: send_meeting_invite_001, AllDependenciesMet: false
[workflow-method-testDependency-68d04a11-24e6-470a-b053-40692413951...-6d54dadd-ba48-427e-bf93-65b708f0db63] INFO com.example.mattermost.MeetingSchedulerWorkflowImpl - getProcessableActions: Node ID: send_meeting_invite_001, Status: PENDING, IsPending: true, DependenciesMet: false
[workflow-method-testDependency-68d04a11-24e6-470a-b053-40692413951...-6d54dadd-ba48-427e-bf93-65b708f0db63] INFO com.example.mattermost.MeetingSchedulerWorkflowImpl - getProcessableActions: Returning 0 processable nodes.
[workflow-method-testDependency-68d04a11-24e6-470a-b053-40692413951...-6d54dadd-ba48-427e-bf93-65b708f0db63] INFO com.example.mattermost.MeetingSchedulerWorkflowImpl - getProcessableActions: Checking all nodes in currentGoal.
[workflow-method-testDependency-68d04a11-24e6-470a-b053-40692413951...-6d54dadd-ba48-427e-bf93-65b708f0db63] INFO com.example.mattermost.MeetingSchedulerWorkflowImpl - getProcessableActions: Node ID: get_requester_preferred_details_001, Status: COMPLETED, IsPending: false, DependenciesMet: false
[workflow-method-testDependency-68d04a11-24e6-470a-b053-40692413951...-6d54dadd-ba48-427e-bf93-65b708f0db63] INFO com.example.mattermost.MeetingSchedulerWorkflowImpl - getProcessableActions: Node ID: ask_arun_availability_001, Status: PROCESSING, IsPending: false, DependenciesMet: false
[workflow-method-testDependency-68d04a11-24e6-470a-b053-40692413951...-6d54dadd-ba48-427e-bf93-65b708f0db63] INFO com.example.mattermost.MeetingSchedulerWorkflowImpl - getProcessableActions: Node ID: ask_jasbir_availability_001, Status: WAITING_FOR_INPUT, IsPending: false, DependenciesMet: false
[workflow-method-testDependency-68d04a11-24e6-470a-b053-40692413951...-6d54dadd-ba48-427e-bf93-65b708f0db63] INFO com.example.mattermost.MeetingSchedulerWorkflowImpl - dependenciesMet: Checking dependencies for actionId: consolidate_availabilities_001
[workflow-method-testDependency-68d04a11-24e6-470a-b053-40692413951...-6d54dadd-ba48-427e-bf93-65b708f0db63] INFO com.example.mattermost.MeetingSchedulerWorkflowImpl - dependenciesMet: ActionId: consolidate_availabilities_001 has source dependencies: [get_requester_preferred_details_001, ask_arun_availability_001, ask_jasbir_availability_001]
[workflow-method-testDependency-68d04a11-24e6-470a-b053-40692413951...-6d54dadd-ba48-427e-bf93-65b708f0db63] INFO com.example.mattermost.MeetingSchedulerWorkflowImpl - dependenciesMet: ActionId: consolidate_availabilities_001, Dependency: get_requester_preferred_details_001, Status: COMPLETED, IsCompleted: true
[workflow-method-testDependency-68d04a11-24e6-470a-b053-40692413951...-6d54dadd-ba48-427e-bf93-65b708f0db63] INFO com.example.mattermost.MeetingSchedulerWorkflowImpl - dependenciesMet: ActionId: consolidate_availabilities_001, Dependency: ask_arun_availability_001, Status: PROCESSING, IsCompleted: false
[workflow-method-testDependency-68d04a11-24e6-470a-b053-40692413951...-6d54dadd-ba48-427e-bf93-65b708f0db63] INFO com.example.mattermost.MeetingSchedulerWorkflowImpl - dependenciesMet: ActionId: consolidate_availabilities_001, AllDependenciesMet: false
[workflow-method-testDependency-68d04a11-24e6-470a-b053-40692413951...-6d54dadd-ba48-427e-bf93-65b708f0db63] INFO com.example.mattermost.MeetingSchedulerWorkflowImpl - getProcessableActions: Node ID: consolidate_availabilities_001, Status: PENDING, IsPending: true, DependenciesMet: false
[workflow-method-testDependency-68d04a11-24e6-470a-b053-40692413951...-6d54dadd-ba48-427e-bf93-65b708f0db63] INFO com.example.mattermost.MeetingSchedulerWorkflowImpl - dependenciesMet: Checking dependencies for actionId: propose_final_time_for_approval_001
[workflow-method-testDependency-68d04a11-24e6-470a-b053-40692413951...-6d54dadd-ba48-427e-bf93-65b708f0db63] INFO com.example.mattermost.MeetingSchedulerWorkflowImpl - dependenciesMet: ActionId: propose_final_time_for_approval_001 has source dependencies: [consolidate_availabilities_001]
[workflow-method-testDependency-68d04a11-24e6-470a-b053-40692413951...-6d54dadd-ba48-427e-bf93-65b708f0db63] INFO com.example.mattermost.MeetingSchedulerWorkflowImpl - dependenciesMet: ActionId: propose_final_time_for_approval_001, Dependency: consolidate_availabilities_001, Status: PENDING, IsCompleted: false
[workflow-method-testDependency-68d04a11-24e6-470a-b053-40692413951...-6d54dadd-ba48-427e-bf93-65b708f0db63] INFO com.example.mattermost.MeetingSchedulerWorkflowImpl - dependenciesMet: ActionId: propose_final_time_for_approval_001, AllDependenciesMet: false
[workflow-method-testDependency-68d04a11-24e6-470a-b053-40692413951...-6d54dadd-ba48-427e-bf93-65b708f0db63] INFO com.example.mattermost.MeetingSchedulerWorkflowImpl - getProcessableActions: Node ID: propose_final_time_for_approval_001, Status: PENDING, IsPending: true, DependenciesMet: false
[workflow-method-testDependency-68d04a11-24e6-470a-b053-40692413951...-6d54dadd-ba48-427e-bf93-65b708f0db63] INFO com.example.mattermost.MeetingSchedulerWorkflowImpl - dependenciesMet: Checking dependencies for actionId: send_meeting_invite_001
[workflow-method-testDependency-68d04a11-24e6-470a-b053-40692413951...-6d54dadd-ba48-427e-bf93-65b708f0db63] INFO com.example.mattermost.MeetingSchedulerWorkflowImpl - dependenciesMet: ActionId: send_meeting_invite_001 has source dependencies: [propose_final_time_for_approval_001]
[workflow-method-testDependency-68d04a11-24e6-470a-b053-40692413951...-6d54dadd-ba48-427e-bf93-65b708f0db63] INFO com.example.mattermost.MeetingSchedulerWorkflowImpl - dependenciesMet: ActionId: send_meeting_invite_001, Dependency: propose_final_time_for_approval_001, Status: PENDING, IsCompleted: false
[workflow-method-testDependency-68d04a11-24e6-470a-b053-40692413951...-6d54dadd-ba48-427e-bf93-65b708f0db63] INFO com.example.mattermost.MeetingSchedulerWorkflowImpl - dependenciesMet: ActionId: send_meeting_invite_001, AllDependenciesMet: false
[workflow-method-testDependency-68d04a11-24e6-470a-b053-40692413951...-6d54dadd-ba48-427e-bf93-65b708f0db63] INFO com.example.mattermost.MeetingSchedulerWorkflowImpl - getProcessableActions: Node ID: send_meeting_invite_001, Status: PENDING, IsPending: true, DependenciesMet: false
[workflow-method-testDependency-68d04a11-24e6-470a-b053-40692413951...-6d54dadd-ba48-427e-bf93-65b708f0db63] INFO com.example.mattermost.MeetingSchedulerWorkflowImpl - getProcessableActions: Returning 0 processable nodes.
[workflow-method-testDependency-68d04a11-24e6-470a-b053-40692413951...-6d54dadd-ba48-427e-bf93-65b708f0db63] WARN com.example.mattermost.MeetingSchedulerWorkflowImpl - Potential deadlock or all remaining actions are waiting for external signals. Workflow might be stuck if no signals arrive.
[workflow-method-testDependency-68d04a11-24e6-470a-b053-40692413951...-6d54dadd-ba48-427e-bf93-65b708f0db63] INFO com.example.mattermost.MeetingSchedulerWorkflowImpl - dependenciesMet: Checking dependencies for actionId: consolidate_availabilities_001
[workflow-method-testDependency-68d04a11-24e6-470a-b053-40692413951...-6d54dadd-ba48-427e-bf93-65b708f0db63] INFO com.example.mattermost.MeetingSchedulerWorkflowImpl - dependenciesMet: ActionId: consolidate_availabilities_001 has source dependencies: [get_requester_preferred_details_001, ask_arun_availability_001, ask_jasbir_availability_001]
[workflow-method-testDependency-68d04a11-24e6-470a-b053-40692413951...-6d54dadd-ba48-427e-bf93-65b708f0db63] INFO com.example.mattermost.MeetingSchedulerWorkflowImpl - dependenciesMet: ActionId: consolidate_availabilities_001, Dependency: get_requester_preferred_details_001, Status: COMPLETED, IsCompleted: true
[workflow-method-testDependency-68d04a11-24e6-470a-b053-40692413951...-6d54dadd-ba48-427e-bf93-65b708f0db63] INFO com.example.mattermost.MeetingSchedulerWorkflowImpl - dependenciesMet: ActionId: consolidate_availabilities_001, Dependency: ask_arun_availability_001, Status: PROCESSING, IsCompleted: false
[workflow-method-testDependency-68d04a11-24e6-470a-b053-40692413951...-6d54dadd-ba48-427e-bf93-65b708f0db63] INFO com.example.mattermost.MeetingSchedulerWorkflowImpl - dependenciesMet: ActionId: consolidate_availabilities_001, AllDependenciesMet: false
[workflow-method-testDependency-68d04a11-24e6-470a-b053-40692413951...-6d54dadd-ba48-427e-bf93-65b708f0db63] INFO com.example.mattermost.MeetingSchedulerWorkflowImpl - dependenciesMet: Checking dependencies for actionId: propose_final_time_for_approval_001
[workflow-method-testDependency-68d04a11-24e6-470a-b053-40692413951...-6d54dadd-ba48-427e-bf93-65b708f0db63] INFO com.example.mattermost.MeetingSchedulerWorkflowImpl - dependenciesMet: ActionId: propose_final_time_for_approval_001 has source dependencies: [consolidate_availabilities_001]
[workflow-method-testDependency-68d04a11-24e6-470a-b053-40692413951...-6d54dadd-ba48-427e-bf93-65b708f0db63] INFO com.example.mattermost.MeetingSchedulerWorkflowImpl - dependenciesMet: ActionId: propose_final_time_for_approval_001, Dependency: consolidate_availabilities_001, Status: PENDING, IsCompleted: false
[workflow-method-testDependency-68d04a11-24e6-470a-b053-40692413951...-6d54dadd-ba48-427e-bf93-65b708f0db63] INFO com.example.mattermost.MeetingSchedulerWorkflowImpl - dependenciesMet: ActionId: propose_final_time_for_approval_001, AllDependenciesMet: false
[workflow-method-testDependency-68d04a11-24e6-470a-b053-40692413951...-6d54dadd-ba48-427e-bf93-65b708f0db63] INFO com.example.mattermost.MeetingSchedulerWorkflowImpl - dependenciesMet: Checking dependencies for actionId: send_meeting_invite_001
[workflow-method-testDependency-68d04a11-24e6-470a-b053-40692413951...-6d54dadd-ba48-427e-bf93-65b708f0db63] INFO com.example.mattermost.MeetingSchedulerWorkflowImpl - dependenciesMet: ActionId: send_meeting_invite_001 has source dependencies: [propose_final_time_for_approval_001]
[workflow-method-testDependency-68d04a11-24e6-470a-b053-40692413951...-6d54dadd-ba48-427e-bf93-65b708f0db63] INFO com.example.mattermost.MeetingSchedulerWorkflowImpl - dependenciesMet: ActionId: send_meeting_invite_001, Dependency: propose_final_time_for_approval_001, Status: PENDING, IsCompleted: false
[workflow-method-testDependency-68d04a11-24e6-470a-b053-40692413951...-6d54dadd-ba48-427e-bf93-65b708f0db63] INFO com.example.mattermost.MeetingSchedulerWorkflowImpl - dependenciesMet: ActionId: send_meeting_invite_001, AllDependenciesMet: false
[workflow-method-testDependency-68d04a11-24e6-470a-b053-40692413951...-6d54dadd-ba48-427e-bf93-65b708f0db63] INFO com.example.mattermost.MeetingSchedulerWorkflowImpl - Main loop: Workflow.await condition check: newProcessableActions=false, workflowNowComplete=false
[workflow-method-testDependency-68d04a11-24e6-470a-b053-40692413951...-6d54dadd-ba48-427e-bf93-65b708f0db63] INFO com.example.mattermost.MeetingSchedulerWorkflowImpl - getProcessableActions: Checking all nodes in currentGoal.
[workflow-method-testDependency-68d04a11-24e6-470a-b053-40692413951...-6d54dadd-ba48-427e-bf93-65b708f0db63] INFO com.example.mattermost.MeetingSchedulerWorkflowImpl - getProcessableActions: Node ID: get_requester_preferred_details_001, Status: COMPLETED, IsPending: false, DependenciesMet: false
[workflow-method-testDependency-68d04a11-24e6-470a-b053-40692413951...-6d54dadd-ba48-427e-bf93-65b708f0db63] INFO com.example.mattermost.MeetingSchedulerWorkflowImpl - getProcessableActions: Node ID: ask_arun_availability_001, Status: PROCESSING, IsPending: false, DependenciesMet: false
[workflow-method-testDependency-68d04a11-24e6-470a-b053-40692413951...-6d54dadd-ba48-427e-bf93-65b708f0db63] INFO com.example.mattermost.MeetingSchedulerWorkflowImpl - getProcessableActions: Node ID: ask_jasbir_availability_001, Status: WAITING_FOR_INPUT, IsPending: false, DependenciesMet: false
[workflow-method-testDependency-68d04a11-24e6-470a-b053-40692413951...-6d54dadd-ba48-427e-bf93-65b708f0db63] INFO com.example.mattermost.MeetingSchedulerWorkflowImpl - dependenciesMet: Checking dependencies for actionId: consolidate_availabilities_001
[workflow-method-testDependency-68d04a11-24e6-470a-b053-40692413951...-6d54dadd-ba48-427e-bf93-65b708f0db63] INFO com.example.mattermost.MeetingSchedulerWorkflowImpl - dependenciesMet: ActionId: consolidate_availabilities_001 has source dependencies: [get_requester_preferred_details_001, ask_arun_availability_001, ask_jasbir_availability_001]
[workflow-method-testDependency-68d04a11-24e6-470a-b053-40692413951...-6d54dadd-ba48-427e-bf93-65b708f0db63] INFO com.example.mattermost.MeetingSchedulerWorkflowImpl - dependenciesMet: ActionId: consolidate_availabilities_001, Dependency: get_requester_preferred_details_001, Status: COMPLETED, IsCompleted: true
[workflow-method-testDependency-68d04a11-24e6-470a-b053-40692413951...-6d54dadd-ba48-427e-bf93-65b708f0db63] INFO com.example.mattermost.MeetingSchedulerWorkflowImpl - dependenciesMet: ActionId: consolidate_availabilities_001, Dependency: ask_arun_availability_001, Status: PROCESSING, IsCompleted: false
[workflow-method-testDependency-68d04a11-24e6-470a-b053-40692413951...-6d54dadd-ba48-427e-bf93-65b708f0db63] INFO com.example.mattermost.MeetingSchedulerWorkflowImpl - dependenciesMet: ActionId: consolidate_availabilities_001, AllDependenciesMet: false
[workflow-method-testDependency-68d04a11-24e6-470a-b053-40692413951...-6d54dadd-ba48-427e-bf93-65b708f0db63] INFO com.example.mattermost.MeetingSchedulerWorkflowImpl - getProcessableActions: Node ID: consolidate_availabilities_001, Status: PENDING, IsPending: true, DependenciesMet: false
[workflow-method-testDependency-68d04a11-24e6-470a-b053-40692413951...-6d54dadd-ba48-427e-bf93-65b708f0db63] INFO com.example.mattermost.MeetingSchedulerWorkflowImpl - dependenciesMet: Checking dependencies for actionId: propose_final_time_for_approval_001
[workflow-method-testDependency-68d04a11-24e6-470a-b053-40692413951...-6d54dadd-ba48-427e-bf93-65b708f0db63] INFO com.example.mattermost.MeetingSchedulerWorkflowImpl - dependenciesMet: ActionId: propose_final_time_for_approval_001 has source dependencies: [consolidate_availabilities_001]
[workflow-method-testDependency-68d04a11-24e6-470a-b053-40692413951...-6d54dadd-ba48-427e-bf93-65b708f0db63] INFO com.example.mattermost.MeetingSchedulerWorkflowImpl - dependenciesMet: ActionId: propose_final_time_for_approval_001, Dependency: consolidate_availabilities_001, Status: PENDING, IsCompleted: false
[workflow-method-testDependency-68d04a11-24e6-470a-b053-40692413951...-6d54dadd-ba48-427e-bf93-65b708f0db63] INFO com.example.mattermost.MeetingSchedulerWorkflowImpl - dependenciesMet: ActionId: propose_final_time_for_approval_001, AllDependenciesMet: false
[workflow-method-testDependency-68d04a11-24e6-470a-b053-40692413951...-6d54dadd-ba48-427e-bf93-65b708f0db63] INFO com.example.mattermost.MeetingSchedulerWorkflowImpl - getProcessableActions: Node ID: propose_final_time_for_approval_001, Status: PENDING, IsPending: true, DependenciesMet: false
[workflow-method-testDependency-68d04a11-24e6-470a-b053-40692413951...-6d54dadd-ba48-427e-bf93-65b708f0db63] INFO com.example.mattermost.MeetingSchedulerWorkflowImpl - dependenciesMet: Checking dependencies for actionId: send_meeting_invite_001
[workflow-method-testDependency-68d04a11-24e6-470a-b053-40692413951...-6d54dadd-ba48-427e-bf93-65b708f0db63] INFO com.example.mattermost.MeetingSchedulerWorkflowImpl - dependenciesMet: ActionId: send_meeting_invite_001 has source dependencies: [propose_final_time_for_approval_001]
[workflow-method-testDependency-68d04a11-24e6-470a-b053-40692413951...-6d54dadd-ba48-427e-bf93-65b708f0db63] INFO com.example.mattermost.MeetingSchedulerWorkflowImpl - dependenciesMet: ActionId: send_meeting_invite_001, Dependency: propose_final_time_for_approval_001, Status: PENDING, IsCompleted: false
[workflow-method-testDependency-68d04a11-24e6-470a-b053-40692413951...-6d54dadd-ba48-427e-bf93-65b708f0db63] INFO com.example.mattermost.MeetingSchedulerWorkflowImpl - dependenciesMet: ActionId: send_meeting_invite_001, AllDependenciesMet: false
[workflow-method-testDependency-68d04a11-24e6-470a-b053-40692413951...-6d54dadd-ba48-427e-bf93-65b708f0db63] INFO com.example.mattermost.MeetingSchedulerWorkflowImpl - getProcessableActions: Node ID: send_meeting_invite_001, Status: PENDING, IsPending: true, DependenciesMet: false
[workflow-method-testDependency-68d04a11-24e6-470a-b053-40692413951...-6d54dadd-ba48-427e-bf93-65b708f0db63] INFO com.example.mattermost.MeetingSchedulerWorkflowImpl - getProcessableActions: Returning 0 processable nodes.
[workflow-method-testDependency-68d04a11-24e6-470a-b053-40692413951...-6d54dadd-ba48-427e-bf93-65b708f0db63] INFO com.example.mattermost.MeetingSchedulerWorkflowImpl - getProcessableActions: Checking all nodes in currentGoal.
[workflow-method-testDependency-68d04a11-24e6-470a-b053-40692413951...-6d54dadd-ba48-427e-bf93-65b708f0db63] INFO com.example.mattermost.MeetingSchedulerWorkflowImpl - getProcessableActions: Node ID: get_requester_preferred_details_001, Status: COMPLETED, IsPending: false, DependenciesMet: false
[workflow-method-testDependency-68d04a11-24e6-470a-b053-40692413951...-6d54dadd-ba48-427e-bf93-65b708f0db63] INFO com.example.mattermost.MeetingSchedulerWorkflowImpl - getProcessableActions: Node ID: ask_arun_availability_001, Status: PROCESSING, IsPending: false, DependenciesMet: false
[workflow-method-testDependency-68d04a11-24e6-470a-b053-40692413951...-6d54dadd-ba48-427e-bf93-65b708f0db63] INFO com.example.mattermost.MeetingSchedulerWorkflowImpl - getProcessableActions: Node ID: ask_jasbir_availability_001, Status: WAITING_FOR_INPUT, IsPending: false, DependenciesMet: false
[workflow-method-testDependency-68d04a11-24e6-470a-b053-40692413951...-6d54dadd-ba48-427e-bf93-65b708f0db63] INFO com.example.mattermost.MeetingSchedulerWorkflowImpl - dependenciesMet: Checking dependencies for actionId: consolidate_availabilities_001
[workflow-method-testDependency-68d04a11-24e6-470a-b053-40692413951...-6d54dadd-ba48-427e-bf93-65b708f0db63] INFO com.example.mattermost.MeetingSchedulerWorkflowImpl - dependenciesMet: ActionId: consolidate_availabilities_001 has source dependencies: [get_requester_preferred_details_001, ask_arun_availability_001, ask_jasbir_availability_001]
[workflow-method-testDependency-68d04a11-24e6-470a-b053-40692413951...-6d54dadd-ba48-427e-bf93-65b708f0db63] INFO com.example.mattermost.MeetingSchedulerWorkflowImpl - dependenciesMet: ActionId: consolidate_availabilities_001, Dependency: get_requester_preferred_details_001, Status: COMPLETED, IsCompleted: true
[workflow-method-testDependency-68d04a11-24e6-470a-b053-40692413951...-6d54dadd-ba48-427e-bf93-65b708f0db63] INFO com.example.mattermost.MeetingSchedulerWorkflowImpl - dependenciesMet: ActionId: consolidate_availabilities_001, Dependency: ask_arun_availability_001, Status: PROCESSING, IsCompleted: false
[workflow-method-testDependency-68d04a11-24e6-470a-b053-40692413951...-6d54dadd-ba48-427e-bf93-65b708f0db63] INFO com.example.mattermost.MeetingSchedulerWorkflowImpl - dependenciesMet: ActionId: consolidate_availabilities_001, AllDependenciesMet: false
[workflow-method-testDependency-68d04a11-24e6-470a-b053-40692413951...-6d54dadd-ba48-427e-bf93-65b708f0db63] INFO com.example.mattermost.MeetingSchedulerWorkflowImpl - getProcessableActions: Node ID: consolidate_availabilities_001, Status: PENDING, IsPending: true, DependenciesMet: false
[workflow-method-testDependency-68d04a11-24e6-470a-b053-40692413951...-6d54dadd-ba48-427e-bf93-65b708f0db63] INFO com.example.mattermost.MeetingSchedulerWorkflowImpl - dependenciesMet: Checking dependencies for actionId: propose_final_time_for_approval_001
[workflow-method-testDependency-68d04a11-24e6-470a-b053-40692413951...-6d54dadd-ba48-427e-bf93-65b708f0db63] INFO com.example.mattermost.MeetingSchedulerWorkflowImpl - dependenciesMet: ActionId: propose_final_time_for_approval_001 has source dependencies: [consolidate_availabilities_001]
[workflow-method-testDependency-68d04a11-24e6-470a-b053-40692413951...-6d54dadd-ba48-427e-bf93-65b708f0db63] INFO com.example.mattermost.MeetingSchedulerWorkflowImpl - dependenciesMet: ActionId: propose_final_time_for_approval_001, Dependency: consolidate_availabilities_001, Status: PENDING, IsCompleted: false
[workflow-method-testDependency-68d04a11-24e6-470a-b053-40692413951...-6d54dadd-ba48-427e-bf93-65b708f0db63] INFO com.example.mattermost.MeetingSchedulerWorkflowImpl - dependenciesMet: ActionId: propose_final_time_for_approval_001, AllDependenciesMet: false
[workflow-method-testDependency-68d04a11-24e6-470a-b053-40692413951...-6d54dadd-ba48-427e-bf93-65b708f0db63] INFO com.example.mattermost.MeetingSchedulerWorkflowImpl - getProcessableActions: Node ID: propose_final_time_for_approval_001, Status: PENDING, IsPending: true, DependenciesMet: false
[workflow-method-testDependency-68d04a11-24e6-470a-b053-40692413951...-6d54dadd-ba48-427e-bf93-65b708f0db63] INFO com.example.mattermost.MeetingSchedulerWorkflowImpl - dependenciesMet: Checking dependencies for actionId: send_meeting_invite_001
[workflow-method-testDependency-68d04a11-24e6-470a-b053-40692413951...-6d54dadd-ba48-427e-bf93-65b708f0db63] INFO com.example.mattermost.MeetingSchedulerWorkflowImpl - dependenciesMet: ActionId: send_meeting_invite_001 has source dependencies: [propose_final_time_for_approval_001]
[workflow-method-testDependency-68d04a11-24e6-470a-b053-40692413951...-6d54dadd-ba48-427e-bf93-65b708f0db63] INFO com.example.mattermost.MeetingSchedulerWorkflowImpl - dependenciesMet: ActionId: send_meeting_invite_001, Dependency: propose_final_time_for_approval_001, Status: PENDING, IsCompleted: false
[workflow-method-testDependency-68d04a11-24e6-470a-b053-40692413951...-6d54dadd-ba48-427e-bf93-65b708f0db63] INFO com.example.mattermost.MeetingSchedulerWorkflowImpl - dependenciesMet: ActionId: send_meeting_invite_001, AllDependenciesMet: false
[workflow-method-testDependency-68d04a11-24e6-470a-b053-40692413951...-6d54dadd-ba48-427e-bf93-65b708f0db63] INFO com.example.mattermost.MeetingSchedulerWorkflowImpl - getProcessableActions: Node ID: send_meeting_invite_001, Status: PENDING, IsPending: true, DependenciesMet: false
[workflow-method-testDependency-68d04a11-24e6-470a-b053-40692413951...-6d54dadd-ba48-427e-bf93-65b708f0db63] INFO com.example.mattermost.MeetingSchedulerWorkflowImpl - getProcessableActions: Returning 0 processable nodes.
[workflow-method-testDependency-68d04a11-24e6-470a-b053-40692413951...-6d54dadd-ba48-427e-bf93-65b708f0db63] WARN com.example.mattermost.MeetingSchedulerWorkflowImpl - Potential deadlock or all remaining actions are waiting for external signals. Workflow might be stuck if no signals arrive.
[workflow-method-testDependency-68d04a11-24e6-470a-b053-40692413951...-6d54dadd-ba48-427e-bf93-65b708f0db63] INFO com.example.mattermost.MeetingSchedulerWorkflowImpl - dependenciesMet: Checking dependencies for actionId: consolidate_availabilities_001
[workflow-method-testDependency-68d04a11-24e6-470a-b053-40692413951...-6d54dadd-ba48-427e-bf93-65b708f0db63] INFO com.example.mattermost.MeetingSchedulerWorkflowImpl - dependenciesMet: ActionId: consolidate_availabilities_001 has source dependencies: [get_requester_preferred_details_001, ask_arun_availability_001, ask_jasbir_availability_001]
[workflow-method-testDependency-68d04a11-24e6-470a-b053-40692413951...-6d54dadd-ba48-427e-bf93-65b708f0db63] INFO com.example.mattermost.MeetingSchedulerWorkflowImpl - dependenciesMet: ActionId: consolidate_availabilities_001, Dependency: get_requester_preferred_details_001, Status: COMPLETED, IsCompleted: true
[workflow-method-testDependency-68d04a11-24e6-470a-b053-40692413951...-6d54dadd-ba48-427e-bf93-65b708f0db63] INFO com.example.mattermost.MeetingSchedulerWorkflowImpl - dependenciesMet: ActionId: consolidate_availabilities_001, Dependency: ask_arun_availability_001, Status: PROCESSING, IsCompleted: false
[workflow-method-testDependency-68d04a11-24e6-470a-b053-40692413951...-6d54dadd-ba48-427e-bf93-65b708f0db63] INFO com.example.mattermost.MeetingSchedulerWorkflowImpl - dependenciesMet: ActionId: consolidate_availabilities_001, AllDependenciesMet: false
[workflow-method-testDependency-68d04a11-24e6-470a-b053-40692413951...-6d54dadd-ba48-427e-bf93-65b708f0db63] INFO com.example.mattermost.MeetingSchedulerWorkflowImpl - dependenciesMet: Checking dependencies for actionId: propose_final_time_for_approval_001
[workflow-method-testDependency-68d04a11-24e6-470a-b053-40692413951...-6d54dadd-ba48-427e-bf93-65b708f0db63] INFO com.example.mattermost.MeetingSchedulerWorkflowImpl - dependenciesMet: ActionId: propose_final_time_for_approval_001 has source dependencies: [consolidate_availabilities_001]
[workflow-method-testDependency-68d04a11-24e6-470a-b053-40692413951...-6d54dadd-ba48-427e-bf93-65b708f0db63] INFO com.example.mattermost.MeetingSchedulerWorkflowImpl - dependenciesMet: ActionId: propose_final_time_for_approval_001, Dependency: consolidate_availabilities_001, Status: PENDING, IsCompleted: false
[workflow-method-testDependency-68d04a11-24e6-470a-b053-40692413951...-6d54dadd-ba48-427e-bf93-65b708f0db63] INFO com.example.mattermost.MeetingSchedulerWorkflowImpl - dependenciesMet: ActionId: propose_final_time_for_approval_001, AllDependenciesMet: false
[workflow-method-testDependency-68d04a11-24e6-470a-b053-40692413951...-6d54dadd-ba48-427e-bf93-65b708f0db63] INFO com.example.mattermost.MeetingSchedulerWorkflowImpl - dependenciesMet: Checking dependencies for actionId: send_meeting_invite_001
[workflow-method-testDependency-68d04a11-24e6-470a-b053-40692413951...-6d54dadd-ba48-427e-bf93-65b708f0db63] INFO com.example.mattermost.MeetingSchedulerWorkflowImpl - dependenciesMet: ActionId: send_meeting_invite_001 has source dependencies: [propose_final_time_for_approval_001]
[workflow-method-testDependency-68d04a11-24e6-470a-b053-40692413951...-6d54dadd-ba48-427e-bf93-65b708f0db63] INFO com.example.mattermost.MeetingSchedulerWorkflowImpl - dependenciesMet: ActionId: send_meeting_invite_001, Dependency: propose_final_time_for_approval_001, Status: PENDING, IsCompleted: false
[workflow-method-testDependency-68d04a11-24e6-470a-b053-40692413951...-6d54dadd-ba48-427e-bf93-65b708f0db63] INFO com.example.mattermost.MeetingSchedulerWorkflowImpl - dependenciesMet: ActionId: send_meeting_invite_001, AllDependenciesMet: false
[workflow-method-testDependency-68d04a11-24e6-470a-b053-40692413951...-6d54dadd-ba48-427e-bf93-65b708f0db63] INFO com.example.mattermost.MeetingSchedulerWorkflowImpl - Main loop: Workflow.await condition check: newProcessableActions=false, workflowNowComplete=false
[signal onUserResponse] INFO com.example.mattermost.MeetingSchedulerWorkflowImpl - Signal: Received onUserResponse for actionId: ask_jasbir_availability_001 with input: {jasbir_availability=Monday 10AM-11AM}. Current status: WAITING_FOR_INPUT, waitingForUserInputMap containsKey: true
[signal onUserResponse] INFO com.example.mattermost.MeetingSchedulerWorkflowImpl - Signal: Processing valid signal for action ask_jasbir_availability_001.
[signal onUserResponse] INFO com.example.mattermost.MeetingSchedulerWorkflowImpl - Signal: Calling validateInputActivity for action ask_jasbir_availability_001.
[workflow-method-testDependency-68d04a11-24e6-470a-b053-40692413951...-6d54dadd-ba48-427e-bf93-65b708f0db63] INFO com.example.mattermost.MeetingSchedulerWorkflowImpl - getProcessableActions: Checking all nodes in currentGoal.
[workflow-method-testDependency-68d04a11-24e6-470a-b053-40692413951...-6d54dadd-ba48-427e-bf93-65b708f0db63] INFO com.example.mattermost.MeetingSchedulerWorkflowImpl - getProcessableActions: Node ID: get_requester_preferred_details_001, Status: COMPLETED, IsPending: false, DependenciesMet: false
[workflow-method-testDependency-68d04a11-24e6-470a-b053-40692413951...-6d54dadd-ba48-427e-bf93-65b708f0db63] INFO com.example.mattermost.MeetingSchedulerWorkflowImpl - getProcessableActions: Node ID: ask_arun_availability_001, Status: PROCESSING, IsPending: false, DependenciesMet: false
[workflow-method-testDependency-68d04a11-24e6-470a-b053-40692413951...-6d54dadd-ba48-427e-bf93-65b708f0db63] INFO com.example.mattermost.MeetingSchedulerWorkflowImpl - getProcessableActions: Node ID: ask_jasbir_availability_001, Status: PROCESSING, IsPending: false, DependenciesMet: false
[workflow-method-testDependency-68d04a11-24e6-470a-b053-40692413951...-6d54dadd-ba48-427e-bf93-65b708f0db63] INFO com.example.mattermost.MeetingSchedulerWorkflowImpl - dependenciesMet: Checking dependencies for actionId: consolidate_availabilities_001
[workflow-method-testDependency-68d04a11-24e6-470a-b053-40692413951...-6d54dadd-ba48-427e-bf93-65b708f0db63] INFO com.example.mattermost.MeetingSchedulerWorkflowImpl - dependenciesMet: ActionId: consolidate_availabilities_001 has source dependencies: [get_requester_preferred_details_001, ask_arun_availability_001, ask_jasbir_availability_001]
[workflow-method-testDependency-68d04a11-24e6-470a-b053-40692413951...-6d54dadd-ba48-427e-bf93-65b708f0db63] INFO com.example.mattermost.MeetingSchedulerWorkflowImpl - dependenciesMet: ActionId: consolidate_availabilities_001, Dependency: get_requester_preferred_details_001, Status: COMPLETED, IsCompleted: true
[workflow-method-testDependency-68d04a11-24e6-470a-b053-40692413951...-6d54dadd-ba48-427e-bf93-65b708f0db63] INFO com.example.mattermost.MeetingSchedulerWorkflowImpl - dependenciesMet: ActionId: consolidate_availabilities_001, Dependency: ask_arun_availability_001, Status: PROCESSING, IsCompleted: false
[workflow-method-testDependency-68d04a11-24e6-470a-b053-40692413951...-6d54dadd-ba48-427e-bf93-65b708f0db63] INFO com.example.mattermost.MeetingSchedulerWorkflowImpl - dependenciesMet: ActionId: consolidate_availabilities_001, AllDependenciesMet: false
[workflow-method-testDependency-68d04a11-24e6-470a-b053-40692413951...-6d54dadd-ba48-427e-bf93-65b708f0db63] INFO com.example.mattermost.MeetingSchedulerWorkflowImpl - getProcessableActions: Node ID: consolidate_availabilities_001, Status: PENDING, IsPending: true, DependenciesMet: false
[workflow-method-testDependency-68d04a11-24e6-470a-b053-40692413951...-6d54dadd-ba48-427e-bf93-65b708f0db63] INFO com.example.mattermost.MeetingSchedulerWorkflowImpl - dependenciesMet: Checking dependencies for actionId: propose_final_time_for_approval_001
[workflow-method-testDependency-68d04a11-24e6-470a-b053-40692413951...-6d54dadd-ba48-427e-bf93-65b708f0db63] INFO com.example.mattermost.MeetingSchedulerWorkflowImpl - dependenciesMet: ActionId: propose_final_time_for_approval_001 has source dependencies: [consolidate_availabilities_001]
[workflow-method-testDependency-68d04a11-24e6-470a-b053-40692413951...-6d54dadd-ba48-427e-bf93-65b708f0db63] INFO com.example.mattermost.MeetingSchedulerWorkflowImpl - dependenciesMet: ActionId: propose_final_time_for_approval_001, Dependency: consolidate_availabilities_001, Status: PENDING, IsCompleted: false
[workflow-method-testDependency-68d04a11-24e6-470a-b053-40692413951...-6d54dadd-ba48-427e-bf93-65b708f0db63] INFO com.example.mattermost.MeetingSchedulerWorkflowImpl - dependenciesMet: ActionId: propose_final_time_for_approval_001, AllDependenciesMet: false
[workflow-method-testDependency-68d04a11-24e6-470a-b053-40692413951...-6d54dadd-ba48-427e-bf93-65b708f0db63] INFO com.example.mattermost.MeetingSchedulerWorkflowImpl - getProcessableActions: Node ID: propose_final_time_for_approval_001, Status: PENDING, IsPending: true, DependenciesMet: false
[workflow-method-testDependency-68d04a11-24e6-470a-b053-40692413951...-6d54dadd-ba48-427e-bf93-65b708f0db63] INFO com.example.mattermost.MeetingSchedulerWorkflowImpl - dependenciesMet: Checking dependencies for actionId: send_meeting_invite_001
[workflow-method-testDependency-68d04a11-24e6-470a-b053-40692413951...-6d54dadd-ba48-427e-bf93-65b708f0db63] INFO com.example.mattermost.MeetingSchedulerWorkflowImpl - dependenciesMet: ActionId: send_meeting_invite_001 has source dependencies: [propose_final_time_for_approval_001]
[workflow-method-testDependency-68d04a11-24e6-470a-b053-40692413951...-6d54dadd-ba48-427e-bf93-65b708f0db63] INFO com.example.mattermost.MeetingSchedulerWorkflowImpl - dependenciesMet: ActionId: send_meeting_invite_001, Dependency: propose_final_time_for_approval_001, Status: PENDING, IsCompleted: false
[workflow-method-testDependency-68d04a11-24e6-470a-b053-40692413951...-6d54dadd-ba48-427e-bf93-65b708f0db63] INFO com.example.mattermost.MeetingSchedulerWorkflowImpl - dependenciesMet: ActionId: send_meeting_invite_001, AllDependenciesMet: false
[workflow-method-testDependency-68d04a11-24e6-470a-b053-40692413951...-6d54dadd-ba48-427e-bf93-65b708f0db63] INFO com.example.mattermost.MeetingSchedulerWorkflowImpl - getProcessableActions: Node ID: send_meeting_invite_001, Status: PENDING, IsPending: true, DependenciesMet: false
[workflow-method-testDependency-68d04a11-24e6-470a-b053-40692413951...-6d54dadd-ba48-427e-bf93-65b708f0db63] INFO com.example.mattermost.MeetingSchedulerWorkflowImpl - getProcessableActions: Returning 0 processable nodes.
[workflow-method-testDependency-68d04a11-24e6-470a-b053-40692413951...-6d54dadd-ba48-427e-bf93-65b708f0db63] INFO com.example.mattermost.MeetingSchedulerWorkflowImpl - getProcessableActions: Checking all nodes in currentGoal.
[workflow-method-testDependency-68d04a11-24e6-470a-b053-40692413951...-6d54dadd-ba48-427e-bf93-65b708f0db63] INFO com.example.mattermost.MeetingSchedulerWorkflowImpl - getProcessableActions: Node ID: get_requester_preferred_details_001, Status: COMPLETED, IsPending: false, DependenciesMet: false
[workflow-method-testDependency-68d04a11-24e6-470a-b053-40692413951...-6d54dadd-ba48-427e-bf93-65b708f0db63] INFO com.example.mattermost.MeetingSchedulerWorkflowImpl - getProcessableActions: Node ID: ask_arun_availability_001, Status: PROCESSING, IsPending: false, DependenciesMet: false
[workflow-method-testDependency-68d04a11-24e6-470a-b053-40692413951...-6d54dadd-ba48-427e-bf93-65b708f0db63] INFO com.example.mattermost.MeetingSchedulerWorkflowImpl - getProcessableActions: Node ID: ask_jasbir_availability_001, Status: PROCESSING, IsPending: false, DependenciesMet: false
[workflow-method-testDependency-68d04a11-24e6-470a-b053-40692413951...-6d54dadd-ba48-427e-bf93-65b708f0db63] INFO com.example.mattermost.MeetingSchedulerWorkflowImpl - dependenciesMet: Checking dependencies for actionId: consolidate_availabilities_001
[workflow-method-testDependency-68d04a11-24e6-470a-b053-40692413951...-6d54dadd-ba48-427e-bf93-65b708f0db63] INFO com.example.mattermost.MeetingSchedulerWorkflowImpl - dependenciesMet: ActionId: consolidate_availabilities_001 has source dependencies: [get_requester_preferred_details_001, ask_arun_availability_001, ask_jasbir_availability_001]
[workflow-method-testDependency-68d04a11-24e6-470a-b053-40692413951...-6d54dadd-ba48-427e-bf93-65b708f0db63] INFO com.example.mattermost.MeetingSchedulerWorkflowImpl - dependenciesMet: ActionId: consolidate_availabilities_001, Dependency: get_requester_preferred_details_001, Status: COMPLETED, IsCompleted: true
[workflow-method-testDependency-68d04a11-24e6-470a-b053-40692413951...-6d54dadd-ba48-427e-bf93-65b708f0db63] INFO com.example.mattermost.MeetingSchedulerWorkflowImpl - dependenciesMet: ActionId: consolidate_availabilities_001, Dependency: ask_arun_availability_001, Status: PROCESSING, IsCompleted: false
[workflow-method-testDependency-68d04a11-24e6-470a-b053-40692413951...-6d54dadd-ba48-427e-bf93-65b708f0db63] INFO com.example.mattermost.MeetingSchedulerWorkflowImpl - dependenciesMet: ActionId: consolidate_availabilities_001, AllDependenciesMet: false
[workflow-method-testDependency-68d04a11-24e6-470a-b053-40692413951...-6d54dadd-ba48-427e-bf93-65b708f0db63] INFO com.example.mattermost.MeetingSchedulerWorkflowImpl - getProcessableActions: Node ID: consolidate_availabilities_001, Status: PENDING, IsPending: true, DependenciesMet: false
[workflow-method-testDependency-68d04a11-24e6-470a-b053-40692413951...-6d54dadd-ba48-427e-bf93-65b708f0db63] INFO com.example.mattermost.MeetingSchedulerWorkflowImpl - dependenciesMet: Checking dependencies for actionId: propose_final_time_for_approval_001
[workflow-method-testDependency-68d04a11-24e6-470a-b053-40692413951...-6d54dadd-ba48-427e-bf93-65b708f0db63] INFO com.example.mattermost.MeetingSchedulerWorkflowImpl - dependenciesMet: ActionId: propose_final_time_for_approval_001 has source dependencies: [consolidate_availabilities_001]
[workflow-method-testDependency-68d04a11-24e6-470a-b053-40692413951...-6d54dadd-ba48-427e-bf93-65b708f0db63] INFO com.example.mattermost.MeetingSchedulerWorkflowImpl - dependenciesMet: ActionId: propose_final_time_for_approval_001, Dependency: consolidate_availabilities_001, Status: PENDING, IsCompleted: false
[workflow-method-testDependency-68d04a11-24e6-470a-b053-40692413951...-6d54dadd-ba48-427e-bf93-65b708f0db63] INFO com.example.mattermost.MeetingSchedulerWorkflowImpl - dependenciesMet: ActionId: propose_final_time_for_approval_001, AllDependenciesMet: false
[workflow-method-testDependency-68d04a11-24e6-470a-b053-40692413951...-6d54dadd-ba48-427e-bf93-65b708f0db63] INFO com.example.mattermost.MeetingSchedulerWorkflowImpl - getProcessableActions: Node ID: propose_final_time_for_approval_001, Status: PENDING, IsPending: true, DependenciesMet: false
[workflow-method-testDependency-68d04a11-24e6-470a-b053-40692413951...-6d54dadd-ba48-427e-bf93-65b708f0db63] INFO com.example.mattermost.MeetingSchedulerWorkflowImpl - dependenciesMet: Checking dependencies for actionId: send_meeting_invite_001
[workflow-method-testDependency-68d04a11-24e6-470a-b053-40692413951...-6d54dadd-ba48-427e-bf93-65b708f0db63] INFO com.example.mattermost.MeetingSchedulerWorkflowImpl - dependenciesMet: ActionId: send_meeting_invite_001 has source dependencies: [propose_final_time_for_approval_001]
[workflow-method-testDependency-68d04a11-24e6-470a-b053-40692413951...-6d54dadd-ba48-427e-bf93-65b708f0db63] INFO com.example.mattermost.MeetingSchedulerWorkflowImpl - dependenciesMet: ActionId: send_meeting_invite_001, Dependency: propose_final_time_for_approval_001, Status: PENDING, IsCompleted: false
[workflow-method-testDependency-68d04a11-24e6-470a-b053-40692413951...-6d54dadd-ba48-427e-bf93-65b708f0db63] INFO com.example.mattermost.MeetingSchedulerWorkflowImpl - dependenciesMet: ActionId: send_meeting_invite_001, AllDependenciesMet: false
[workflow-method-testDependency-68d04a11-24e6-470a-b053-40692413951...-6d54dadd-ba48-427e-bf93-65b708f0db63] INFO com.example.mattermost.MeetingSchedulerWorkflowImpl - getProcessableActions: Node ID: send_meeting_invite_001, Status: PENDING, IsPending: true, DependenciesMet: false
[workflow-method-testDependency-68d04a11-24e6-470a-b053-40692413951...-6d54dadd-ba48-427e-bf93-65b708f0db63] INFO com.example.mattermost.MeetingSchedulerWorkflowImpl - getProcessableActions: Returning 0 processable nodes.
[workflow-method-testDependency-68d04a11-24e6-470a-b053-40692413951...-6d54dadd-ba48-427e-bf93-65b708f0db63] WARN com.example.mattermost.MeetingSchedulerWorkflowImpl - Potential deadlock or all remaining actions are waiting for external signals. Workflow might be stuck if no signals arrive.
[workflow-method-testDependency-68d04a11-24e6-470a-b053-40692413951...-6d54dadd-ba48-427e-bf93-65b708f0db63] INFO com.example.mattermost.MeetingSchedulerWorkflowImpl - dependenciesMet: Checking dependencies for actionId: consolidate_availabilities_001
[workflow-method-testDependency-68d04a11-24e6-470a-b053-40692413951...-6d54dadd-ba48-427e-bf93-65b708f0db63] INFO com.example.mattermost.MeetingSchedulerWorkflowImpl - dependenciesMet: ActionId: consolidate_availabilities_001 has source dependencies: [get_requester_preferred_details_001, ask_arun_availability_001, ask_jasbir_availability_001]
[workflow-method-testDependency-68d04a11-24e6-470a-b053-40692413951...-6d54dadd-ba48-427e-bf93-65b708f0db63] INFO com.example.mattermost.MeetingSchedulerWorkflowImpl - dependenciesMet: ActionId: consolidate_availabilities_001, Dependency: get_requester_preferred_details_001, Status: COMPLETED, IsCompleted: true
[workflow-method-testDependency-68d04a11-24e6-470a-b053-40692413951...-6d54dadd-ba48-427e-bf93-65b708f0db63] INFO com.example.mattermost.MeetingSchedulerWorkflowImpl - dependenciesMet: ActionId: consolidate_availabilities_001, Dependency: ask_arun_availability_001, Status: PROCESSING, IsCompleted: false
[workflow-method-testDependency-68d04a11-24e6-470a-b053-40692413951...-6d54dadd-ba48-427e-bf93-65b708f0db63] INFO com.example.mattermost.MeetingSchedulerWorkflowImpl - dependenciesMet: ActionId: consolidate_availabilities_001, AllDependenciesMet: false
[workflow-method-testDependency-68d04a11-24e6-470a-b053-40692413951...-6d54dadd-ba48-427e-bf93-65b708f0db63] INFO com.example.mattermost.MeetingSchedulerWorkflowImpl - dependenciesMet: Checking dependencies for actionId: propose_final_time_for_approval_001
[workflow-method-testDependency-68d04a11-24e6-470a-b053-40692413951...-6d54dadd-ba48-427e-bf93-65b708f0db63] INFO com.example.mattermost.MeetingSchedulerWorkflowImpl - dependenciesMet: ActionId: propose_final_time_for_approval_001 has source dependencies: [consolidate_availabilities_001]
[workflow-method-testDependency-68d04a11-24e6-470a-b053-40692413951...-6d54dadd-ba48-427e-bf93-65b708f0db63] INFO com.example.mattermost.MeetingSchedulerWorkflowImpl - dependenciesMet: ActionId: propose_final_time_for_approval_001, Dependency: consolidate_availabilities_001, Status: PENDING, IsCompleted: false
[workflow-method-testDependency-68d04a11-24e6-470a-b053-40692413951...-6d54dadd-ba48-427e-bf93-65b708f0db63] INFO com.example.mattermost.MeetingSchedulerWorkflowImpl - dependenciesMet: ActionId: propose_final_time_for_approval_001, AllDependenciesMet: false
[workflow-method-testDependency-68d04a11-24e6-470a-b053-40692413951...-6d54dadd-ba48-427e-bf93-65b708f0db63] INFO com.example.mattermost.MeetingSchedulerWorkflowImpl - dependenciesMet: Checking dependencies for actionId: send_meeting_invite_001
[workflow-method-testDependency-68d04a11-24e6-470a-b053-40692413951...-6d54dadd-ba48-427e-bf93-65b708f0db63] INFO com.example.mattermost.MeetingSchedulerWorkflowImpl - dependenciesMet: ActionId: send_meeting_invite_001 has source dependencies: [propose_final_time_for_approval_001]
[workflow-method-testDependency-68d04a11-24e6-470a-b053-40692413951...-6d54dadd-ba48-427e-bf93-65b708f0db63] INFO com.example.mattermost.MeetingSchedulerWorkflowImpl - dependenciesMet: ActionId: send_meeting_invite_001, Dependency: propose_final_time_for_approval_001, Status: PENDING, IsCompleted: false
[workflow-method-testDependency-68d04a11-24e6-470a-b053-40692413951...-6d54dadd-ba48-427e-bf93-65b708f0db63] INFO com.example.mattermost.MeetingSchedulerWorkflowImpl - dependenciesMet: ActionId: send_meeting_invite_001, AllDependenciesMet: false
[workflow-method-testDependency-68d04a11-24e6-470a-b053-40692413951...-6d54dadd-ba48-427e-bf93-65b708f0db63] INFO com.example.mattermost.MeetingSchedulerWorkflowImpl - Main loop: Workflow.await condition check: newProcessableActions=false, workflowNowComplete=false
[signal onUserResponse] INFO com.example.mattermost.MeetingSchedulerWorkflowImpl - Signal: validateInputActivity returned true for action ask_arun_availability_001.
[signal onUserResponse] INFO com.example.mattermost.MeetingSchedulerWorkflowImpl - Input for action ask_arun_availability_001 is valid. Marking as COMPLETED.
[workflow-method-testDependency-68d04a11-24e6-470a-b053-40692413951...-6d54dadd-ba48-427e-bf93-65b708f0db63] INFO com.example.mattermost.MeetingSchedulerWorkflowImpl - getProcessableActions: Checking all nodes in currentGoal.
[workflow-method-testDependency-68d04a11-24e6-470a-b053-40692413951...-6d54dadd-ba48-427e-bf93-65b708f0db63] INFO com.example.mattermost.MeetingSchedulerWorkflowImpl - getProcessableActions: Node ID: get_requester_preferred_details_001, Status: COMPLETED, IsPending: false, DependenciesMet: false
[workflow-method-testDependency-68d04a11-24e6-470a-b053-40692413951...-6d54dadd-ba48-427e-bf93-65b708f0db63] INFO com.example.mattermost.MeetingSchedulerWorkflowImpl - getProcessableActions: Node ID: ask_arun_availability_001, Status: COMPLETED, IsPending: false, DependenciesMet: false
[workflow-method-testDependency-68d04a11-24e6-470a-b053-40692413951...-6d54dadd-ba48-427e-bf93-65b708f0db63] INFO com.example.mattermost.MeetingSchedulerWorkflowImpl - getProcessableActions: Node ID: ask_jasbir_availability_001, Status: PROCESSING, IsPending: false, DependenciesMet: false
[workflow-method-testDependency-68d04a11-24e6-470a-b053-40692413951...-6d54dadd-ba48-427e-bf93-65b708f0db63] INFO com.example.mattermost.MeetingSchedulerWorkflowImpl - dependenciesMet: Checking dependencies for actionId: consolidate_availabilities_001
[workflow-method-testDependency-68d04a11-24e6-470a-b053-40692413951...-6d54dadd-ba48-427e-bf93-65b708f0db63] INFO com.example.mattermost.MeetingSchedulerWorkflowImpl - dependenciesMet: ActionId: consolidate_availabilities_001 has source dependencies: [get_requester_preferred_details_001, ask_arun_availability_001, ask_jasbir_availability_001]
[workflow-method-testDependency-68d04a11-24e6-470a-b053-40692413951...-6d54dadd-ba48-427e-bf93-65b708f0db63] INFO com.example.mattermost.MeetingSchedulerWorkflowImpl - dependenciesMet: ActionId: consolidate_availabilities_001, Dependency: get_requester_preferred_details_001, Status: COMPLETED, IsCompleted: true
[workflow-method-testDependency-68d04a11-24e6-470a-b053-40692413951...-6d54dadd-ba48-427e-bf93-65b708f0db63] INFO com.example.mattermost.MeetingSchedulerWorkflowImpl - dependenciesMet: ActionId: consolidate_availabilities_001, Dependency: ask_arun_availability_001, Status: COMPLETED, IsCompleted: true
[workflow-method-testDependency-68d04a11-24e6-470a-b053-40692413951...-6d54dadd-ba48-427e-bf93-65b708f0db63] INFO com.example.mattermost.MeetingSchedulerWorkflowImpl - dependenciesMet: ActionId: consolidate_availabilities_001, Dependency: ask_jasbir_availability_001, Status: PROCESSING, IsCompleted: false
[workflow-method-testDependency-68d04a11-24e6-470a-b053-40692413951...-6d54dadd-ba48-427e-bf93-65b708f0db63] INFO com.example.mattermost.MeetingSchedulerWorkflowImpl - dependenciesMet: ActionId: consolidate_availabilities_001, AllDependenciesMet: false
[workflow-method-testDependency-68d04a11-24e6-470a-b053-40692413951...-6d54dadd-ba48-427e-bf93-65b708f0db63] INFO com.example.mattermost.MeetingSchedulerWorkflowImpl - getProcessableActions: Node ID: consolidate_availabilities_001, Status: PENDING, IsPending: true, DependenciesMet: false
[workflow-method-testDependency-68d04a11-24e6-470a-b053-40692413951...-6d54dadd-ba48-427e-bf93-65b708f0db63] INFO com.example.mattermost.MeetingSchedulerWorkflowImpl - dependenciesMet: Checking dependencies for actionId: propose_final_time_for_approval_001
[workflow-method-testDependency-68d04a11-24e6-470a-b053-40692413951...-6d54dadd-ba48-427e-bf93-65b708f0db63] INFO com.example.mattermost.MeetingSchedulerWorkflowImpl - dependenciesMet: ActionId: propose_final_time_for_approval_001 has source dependencies: [consolidate_availabilities_001]
[workflow-method-testDependency-68d04a11-24e6-470a-b053-40692413951...-6d54dadd-ba48-427e-bf93-65b708f0db63] INFO com.example.mattermost.MeetingSchedulerWorkflowImpl - dependenciesMet: ActionId: propose_final_time_for_approval_001, Dependency: consolidate_availabilities_001, Status: PENDING, IsCompleted: false
[workflow-method-testDependency-68d04a11-24e6-470a-b053-40692413951...-6d54dadd-ba48-427e-bf93-65b708f0db63] INFO com.example.mattermost.MeetingSchedulerWorkflowImpl - dependenciesMet: ActionId: propose_final_time_for_approval_001, AllDependenciesMet: false
[workflow-method-testDependency-68d04a11-24e6-470a-b053-40692413951...-6d54dadd-ba48-427e-bf93-65b708f0db63] INFO com.example.mattermost.MeetingSchedulerWorkflowImpl - getProcessableActions: Node ID: propose_final_time_for_approval_001, Status: PENDING, IsPending: true, DependenciesMet: false
[workflow-method-testDependency-68d04a11-24e6-470a-b053-40692413951...-6d54dadd-ba48-427e-bf93-65b708f0db63] INFO com.example.mattermost.MeetingSchedulerWorkflowImpl - dependenciesMet: Checking dependencies for actionId: send_meeting_invite_001
[workflow-method-testDependency-68d04a11-24e6-470a-b053-40692413951...-6d54dadd-ba48-427e-bf93-65b708f0db63] INFO com.example.mattermost.MeetingSchedulerWorkflowImpl - dependenciesMet: ActionId: send_meeting_invite_001 has source dependencies: [propose_final_time_for_approval_001]
[workflow-method-testDependency-68d04a11-24e6-470a-b053-40692413951...-6d54dadd-ba48-427e-bf93-65b708f0db63] INFO com.example.mattermost.MeetingSchedulerWorkflowImpl - dependenciesMet: ActionId: send_meeting_invite_001, Dependency: propose_final_time_for_approval_001, Status: PENDING, IsCompleted: false
[workflow-method-testDependency-68d04a11-24e6-470a-b053-40692413951...-6d54dadd-ba48-427e-bf93-65b708f0db63] INFO com.example.mattermost.MeetingSchedulerWorkflowImpl - dependenciesMet: ActionId: send_meeting_invite_001, AllDependenciesMet: false
[workflow-method-testDependency-68d04a11-24e6-470a-b053-40692413951...-6d54dadd-ba48-427e-bf93-65b708f0db63] INFO com.example.mattermost.MeetingSchedulerWorkflowImpl - getProcessableActions: Node ID: send_meeting_invite_001, Status: PENDING, IsPending: true, DependenciesMet: false
[workflow-method-testDependency-68d04a11-24e6-470a-b053-40692413951...-6d54dadd-ba48-427e-bf93-65b708f0db63] INFO com.example.mattermost.MeetingSchedulerWorkflowImpl - getProcessableActions: Returning 0 processable nodes.
[workflow-method-testDependency-68d04a11-24e6-470a-b053-40692413951...-6d54dadd-ba48-427e-bf93-65b708f0db63] INFO com.example.mattermost.MeetingSchedulerWorkflowImpl - getProcessableActions: Checking all nodes in currentGoal.
[workflow-method-testDependency-68d04a11-24e6-470a-b053-40692413951...-6d54dadd-ba48-427e-bf93-65b708f0db63] INFO com.example.mattermost.MeetingSchedulerWorkflowImpl - getProcessableActions: Node ID: get_requester_preferred_details_001, Status: COMPLETED, IsPending: false, DependenciesMet: false
[workflow-method-testDependency-68d04a11-24e6-470a-b053-40692413951...-6d54dadd-ba48-427e-bf93-65b708f0db63] INFO com.example.mattermost.MeetingSchedulerWorkflowImpl - getProcessableActions: Node ID: ask_arun_availability_001, Status: COMPLETED, IsPending: false, DependenciesMet: false
[workflow-method-testDependency-68d04a11-24e6-470a-b053-40692413951...-6d54dadd-ba48-427e-bf93-65b708f0db63] INFO com.example.mattermost.MeetingSchedulerWorkflowImpl - getProcessableActions: Node ID: ask_jasbir_availability_001, Status: PROCESSING, IsPending: false, DependenciesMet: false
[workflow-method-testDependency-68d04a11-24e6-470a-b053-40692413951...-6d54dadd-ba48-427e-bf93-65b708f0db63] INFO com.example.mattermost.MeetingSchedulerWorkflowImpl - dependenciesMet: Checking dependencies for actionId: consolidate_availabilities_001
[workflow-method-testDependency-68d04a11-24e6-470a-b053-40692413951...-6d54dadd-ba48-427e-bf93-65b708f0db63] INFO com.example.mattermost.MeetingSchedulerWorkflowImpl - dependenciesMet: ActionId: consolidate_availabilities_001 has source dependencies: [get_requester_preferred_details_001, ask_arun_availability_001, ask_jasbir_availability_001]
[workflow-method-testDependency-68d04a11-24e6-470a-b053-40692413951...-6d54dadd-ba48-427e-bf93-65b708f0db63] INFO com.example.mattermost.MeetingSchedulerWorkflowImpl - dependenciesMet: ActionId: consolidate_availabilities_001, Dependency: get_requester_preferred_details_001, Status: COMPLETED, IsCompleted: true
[workflow-method-testDependency-68d04a11-24e6-470a-b053-40692413951...-6d54dadd-ba48-427e-bf93-65b708f0db63] INFO com.example.mattermost.MeetingSchedulerWorkflowImpl - dependenciesMet: ActionId: consolidate_availabilities_001, Dependency: ask_arun_availability_001, Status: COMPLETED, IsCompleted: true
[workflow-method-testDependency-68d04a11-24e6-470a-b053-40692413951...-6d54dadd-ba48-427e-bf93-65b708f0db63] INFO com.example.mattermost.MeetingSchedulerWorkflowImpl - dependenciesMet: ActionId: consolidate_availabilities_001, Dependency: ask_jasbir_availability_001, Status: PROCESSING, IsCompleted: false
[workflow-method-testDependency-68d04a11-24e6-470a-b053-40692413951...-6d54dadd-ba48-427e-bf93-65b708f0db63] INFO com.example.mattermost.MeetingSchedulerWorkflowImpl - dependenciesMet: ActionId: consolidate_availabilities_001, AllDependenciesMet: false
[workflow-method-testDependency-68d04a11-24e6-470a-b053-40692413951...-6d54dadd-ba48-427e-bf93-65b708f0db63] INFO com.example.mattermost.MeetingSchedulerWorkflowImpl - getProcessableActions: Node ID: consolidate_availabilities_001, Status: PENDING, IsPending: true, DependenciesMet: false
[workflow-method-testDependency-68d04a11-24e6-470a-b053-40692413951...-6d54dadd-ba48-427e-bf93-65b708f0db63] INFO com.example.mattermost.MeetingSchedulerWorkflowImpl - dependenciesMet: Checking dependencies for actionId: propose_final_time_for_approval_001
[workflow-method-testDependency-68d04a11-24e6-470a-b053-40692413951...-6d54dadd-ba48-427e-bf93-65b708f0db63] INFO com.example.mattermost.MeetingSchedulerWorkflowImpl - dependenciesMet: ActionId: propose_final_time_for_approval_001 has source dependencies: [consolidate_availabilities_001]
[workflow-method-testDependency-68d04a11-24e6-470a-b053-40692413951...-6d54dadd-ba48-427e-bf93-65b708f0db63] INFO com.example.mattermost.MeetingSchedulerWorkflowImpl - dependenciesMet: ActionId: propose_final_time_for_approval_001, Dependency: consolidate_availabilities_001, Status: PENDING, IsCompleted: false
[workflow-method-testDependency-68d04a11-24e6-470a-b053-40692413951...-6d54dadd-ba48-427e-bf93-65b708f0db63] INFO com.example.mattermost.MeetingSchedulerWorkflowImpl - dependenciesMet: ActionId: propose_final_time_for_approval_001, AllDependenciesMet: false
[workflow-method-testDependency-68d04a11-24e6-470a-b053-40692413951...-6d54dadd-ba48-427e-bf93-65b708f0db63] INFO com.example.mattermost.MeetingSchedulerWorkflowImpl - getProcessableActions: Node ID: propose_final_time_for_approval_001, Status: PENDING, IsPending: true, DependenciesMet: false
[workflow-method-testDependency-68d04a11-24e6-470a-b053-40692413951...-6d54dadd-ba48-427e-bf93-65b708f0db63] INFO com.example.mattermost.MeetingSchedulerWorkflowImpl - dependenciesMet: Checking dependencies for actionId: send_meeting_invite_001
[workflow-method-testDependency-68d04a11-24e6-470a-b053-40692413951...-6d54dadd-ba48-427e-bf93-65b708f0db63] INFO com.example.mattermost.MeetingSchedulerWorkflowImpl - dependenciesMet: ActionId: send_meeting_invite_001 has source dependencies: [propose_final_time_for_approval_001]
[workflow-method-testDependency-68d04a11-24e6-470a-b053-40692413951...-6d54dadd-ba48-427e-bf93-65b708f0db63] INFO com.example.mattermost.MeetingSchedulerWorkflowImpl - dependenciesMet: ActionId: send_meeting_invite_001, Dependency: propose_final_time_for_approval_001, Status: PENDING, IsCompleted: false
[workflow-method-testDependency-68d04a11-24e6-470a-b053-40692413951...-6d54dadd-ba48-427e-bf93-65b708f0db63] INFO com.example.mattermost.MeetingSchedulerWorkflowImpl - dependenciesMet: ActionId: send_meeting_invite_001, AllDependenciesMet: false
[workflow-method-testDependency-68d04a11-24e6-470a-b053-40692413951...-6d54dadd-ba48-427e-bf93-65b708f0db63] INFO com.example.mattermost.MeetingSchedulerWorkflowImpl - getProcessableActions: Node ID: send_meeting_invite_001, Status: PENDING, IsPending: true, DependenciesMet: false
[workflow-method-testDependency-68d04a11-24e6-470a-b053-40692413951...-6d54dadd-ba48-427e-bf93-65b708f0db63] INFO com.example.mattermost.MeetingSchedulerWorkflowImpl - getProcessableActions: Returning 0 processable nodes.
[workflow-method-testDependency-68d04a11-24e6-470a-b053-40692413951...-6d54dadd-ba48-427e-bf93-65b708f0db63] WARN com.example.mattermost.MeetingSchedulerWorkflowImpl - Potential deadlock or all remaining actions are waiting for external signals. Workflow might be stuck if no signals arrive.
[workflow-method-testDependency-68d04a11-24e6-470a-b053-40692413951...-6d54dadd-ba48-427e-bf93-65b708f0db63] INFO com.example.mattermost.MeetingSchedulerWorkflowImpl - dependenciesMet: Checking dependencies for actionId: consolidate_availabilities_001
[workflow-method-testDependency-68d04a11-24e6-470a-b053-40692413951...-6d54dadd-ba48-427e-bf93-65b708f0db63] INFO com.example.mattermost.MeetingSchedulerWorkflowImpl - dependenciesMet: ActionId: consolidate_availabilities_001 has source dependencies: [get_requester_preferred_details_001, ask_arun_availability_001, ask_jasbir_availability_001]
[workflow-method-testDependency-68d04a11-24e6-470a-b053-40692413951...-6d54dadd-ba48-427e-bf93-65b708f0db63] INFO com.example.mattermost.MeetingSchedulerWorkflowImpl - dependenciesMet: ActionId: consolidate_availabilities_001, Dependency: get_requester_preferred_details_001, Status: COMPLETED, IsCompleted: true
[workflow-method-testDependency-68d04a11-24e6-470a-b053-40692413951...-6d54dadd-ba48-427e-bf93-65b708f0db63] INFO com.example.mattermost.MeetingSchedulerWorkflowImpl - dependenciesMet: ActionId: consolidate_availabilities_001, Dependency: ask_arun_availability_001, Status: COMPLETED, IsCompleted: true
[workflow-method-testDependency-68d04a11-24e6-470a-b053-40692413951...-6d54dadd-ba48-427e-bf93-65b708f0db63] INFO com.example.mattermost.MeetingSchedulerWorkflowImpl - dependenciesMet: ActionId: consolidate_availabilities_001, Dependency: ask_jasbir_availability_001, Status: PROCESSING, IsCompleted: false
[workflow-method-testDependency-68d04a11-24e6-470a-b053-40692413951...-6d54dadd-ba48-427e-bf93-65b708f0db63] INFO com.example.mattermost.MeetingSchedulerWorkflowImpl - dependenciesMet: ActionId: consolidate_availabilities_001, AllDependenciesMet: false
[workflow-method-testDependency-68d04a11-24e6-470a-b053-40692413951...-6d54dadd-ba48-427e-bf93-65b708f0db63] INFO com.example.mattermost.MeetingSchedulerWorkflowImpl - dependenciesMet: Checking dependencies for actionId: propose_final_time_for_approval_001
[workflow-method-testDependency-68d04a11-24e6-470a-b053-40692413951...-6d54dadd-ba48-427e-bf93-65b708f0db63] INFO com.example.mattermost.MeetingSchedulerWorkflowImpl - dependenciesMet: ActionId: propose_final_time_for_approval_001 has source dependencies: [consolidate_availabilities_001]
[workflow-method-testDependency-68d04a11-24e6-470a-b053-40692413951...-6d54dadd-ba48-427e-bf93-65b708f0db63] INFO com.example.mattermost.MeetingSchedulerWorkflowImpl - dependenciesMet: ActionId: propose_final_time_for_approval_001, Dependency: consolidate_availabilities_001, Status: PENDING, IsCompleted: false
[workflow-method-testDependency-68d04a11-24e6-470a-b053-40692413951...-6d54dadd-ba48-427e-bf93-65b708f0db63] INFO com.example.mattermost.MeetingSchedulerWorkflowImpl - dependenciesMet: ActionId: propose_final_time_for_approval_001, AllDependenciesMet: false
[workflow-method-testDependency-68d04a11-24e6-470a-b053-40692413951...-6d54dadd-ba48-427e-bf93-65b708f0db63] INFO com.example.mattermost.MeetingSchedulerWorkflowImpl - dependenciesMet: Checking dependencies for actionId: send_meeting_invite_001
[workflow-method-testDependency-68d04a11-24e6-470a-b053-40692413951...-6d54dadd-ba48-427e-bf93-65b708f0db63] INFO com.example.mattermost.MeetingSchedulerWorkflowImpl - dependenciesMet: ActionId: send_meeting_invite_001 has source dependencies: [propose_final_time_for_approval_001]
[workflow-method-testDependency-68d04a11-24e6-470a-b053-40692413951...-6d54dadd-ba48-427e-bf93-65b708f0db63] INFO com.example.mattermost.MeetingSchedulerWorkflowImpl - dependenciesMet: ActionId: send_meeting_invite_001, Dependency: propose_final_time_for_approval_001, Status: PENDING, IsCompleted: false
[workflow-method-testDependency-68d04a11-24e6-470a-b053-40692413951...-6d54dadd-ba48-427e-bf93-65b708f0db63] INFO com.example.mattermost.MeetingSchedulerWorkflowImpl - dependenciesMet: ActionId: send_meeting_invite_001, AllDependenciesMet: false
[workflow-method-testDependency-68d04a11-24e6-470a-b053-40692413951...-6d54dadd-ba48-427e-bf93-65b708f0db63] INFO com.example.mattermost.MeetingSchedulerWorkflowImpl - Main loop: Workflow.await condition check: newProcessableActions=false, workflowNowComplete=false
[workflow-method-testDependency-68d04a11-24e6-470a-b053-40692413951...-6d54dadd-ba48-427e-bf93-65b708f0db63] INFO com.example.mattermost.MeetingSchedulerWorkflowImpl - getProcessableActions: Checking all nodes in currentGoal.
[workflow-method-testDependency-68d04a11-24e6-470a-b053-40692413951...-6d54dadd-ba48-427e-bf93-65b708f0db63] INFO com.example.mattermost.MeetingSchedulerWorkflowImpl - getProcessableActions: Node ID: get_requester_preferred_details_001, Status: COMPLETED, IsPending: false, DependenciesMet: false
[workflow-method-testDependency-68d04a11-24e6-470a-b053-40692413951...-6d54dadd-ba48-427e-bf93-65b708f0db63] INFO com.example.mattermost.MeetingSchedulerWorkflowImpl - getProcessableActions: Node ID: ask_arun_availability_001, Status: COMPLETED, IsPending: false, DependenciesMet: false
[workflow-method-testDependency-68d04a11-24e6-470a-b053-40692413951...-6d54dadd-ba48-427e-bf93-65b708f0db63] INFO com.example.mattermost.MeetingSchedulerWorkflowImpl - getProcessableActions: Node ID: ask_jasbir_availability_001, Status: PROCESSING, IsPending: false, DependenciesMet: false
[workflow-method-testDependency-68d04a11-24e6-470a-b053-40692413951...-6d54dadd-ba48-427e-bf93-65b708f0db63] INFO com.example.mattermost.MeetingSchedulerWorkflowImpl - dependenciesMet: Checking dependencies for actionId: consolidate_availabilities_001
[workflow-method-testDependency-68d04a11-24e6-470a-b053-40692413951...-6d54dadd-ba48-427e-bf93-65b708f0db63] INFO com.example.mattermost.MeetingSchedulerWorkflowImpl - dependenciesMet: ActionId: consolidate_availabilities_001 has source dependencies: [get_requester_preferred_details_001, ask_arun_availability_001, ask_jasbir_availability_001]
[workflow-method-testDependency-68d04a11-24e6-470a-b053-40692413951...-6d54dadd-ba48-427e-bf93-65b708f0db63] INFO com.example.mattermost.MeetingSchedulerWorkflowImpl - dependenciesMet: ActionId: consolidate_availabilities_001, Dependency: get_requester_preferred_details_001, Status: COMPLETED, IsCompleted: true
[workflow-method-testDependency-68d04a11-24e6-470a-b053-40692413951...-6d54dadd-ba48-427e-bf93-65b708f0db63] INFO com.example.mattermost.MeetingSchedulerWorkflowImpl - dependenciesMet: ActionId: consolidate_availabilities_001, Dependency: ask_arun_availability_001, Status: COMPLETED, IsCompleted: true
[workflow-method-testDependency-68d04a11-24e6-470a-b053-40692413951...-6d54dadd-ba48-427e-bf93-65b708f0db63] INFO com.example.mattermost.MeetingSchedulerWorkflowImpl - dependenciesMet: ActionId: consolidate_availabilities_001, Dependency: ask_jasbir_availability_001, Status: PROCESSING, IsCompleted: false
[workflow-method-testDependency-68d04a11-24e6-470a-b053-40692413951...-6d54dadd-ba48-427e-bf93-65b708f0db63] INFO com.example.mattermost.MeetingSchedulerWorkflowImpl - dependenciesMet: ActionId: consolidate_availabilities_001, AllDependenciesMet: false
[workflow-method-testDependency-68d04a11-24e6-470a-b053-40692413951...-6d54dadd-ba48-427e-bf93-65b708f0db63] INFO com.example.mattermost.MeetingSchedulerWorkflowImpl - getProcessableActions: Node ID: consolidate_availabilities_001, Status: PENDING, IsPending: true, DependenciesMet: false
[workflow-method-testDependency-68d04a11-24e6-470a-b053-40692413951...-6d54dadd-ba48-427e-bf93-65b708f0db63] INFO com.example.mattermost.MeetingSchedulerWorkflowImpl - dependenciesMet: Checking dependencies for actionId: propose_final_time_for_approval_001
[workflow-method-testDependency-68d04a11-24e6-470a-b053-40692413951...-6d54dadd-ba48-427e-bf93-65b708f0db63] INFO com.example.mattermost.MeetingSchedulerWorkflowImpl - dependenciesMet: ActionId: propose_final_time_for_approval_001 has source dependencies: [consolidate_availabilities_001]
[workflow-method-testDependency-68d04a11-24e6-470a-b053-40692413951...-6d54dadd-ba48-427e-bf93-65b708f0db63] INFO com.example.mattermost.MeetingSchedulerWorkflowImpl - dependenciesMet: ActionId: propose_final_time_for_approval_001, Dependency: consolidate_availabilities_001, Status: PENDING, IsCompleted: false
[workflow-method-testDependency-68d04a11-24e6-470a-b053-40692413951...-6d54dadd-ba48-427e-bf93-65b708f0db63] INFO com.example.mattermost.MeetingSchedulerWorkflowImpl - dependenciesMet: ActionId: propose_final_time_for_approval_001, AllDependenciesMet: false
[workflow-method-testDependency-68d04a11-24e6-470a-b053-40692413951...-6d54dadd-ba48-427e-bf93-65b708f0db63] INFO com.example.mattermost.MeetingSchedulerWorkflowImpl - getProcessableActions: Node ID: propose_final_time_for_approval_001, Status: PENDING, IsPending: true, DependenciesMet: false
[workflow-method-testDependency-68d04a11-24e6-470a-b053-40692413951...-6d54dadd-ba48-427e-bf93-65b708f0db63] INFO com.example.mattermost.MeetingSchedulerWorkflowImpl - dependenciesMet: Checking dependencies for actionId: send_meeting_invite_001
[workflow-method-testDependency-68d04a11-24e6-470a-b053-40692413951...-6d54dadd-ba48-427e-bf93-65b708f0db63] INFO com.example.mattermost.MeetingSchedulerWorkflowImpl - dependenciesMet: ActionId: send_meeting_invite_001 has source dependencies: [propose_final_time_for_approval_001]
[workflow-method-testDependency-68d04a11-24e6-470a-b053-40692413951...-6d54dadd-ba48-427e-bf93-65b708f0db63] INFO com.example.mattermost.MeetingSchedulerWorkflowImpl - dependenciesMet: ActionId: send_meeting_invite_001, Dependency: propose_final_time_for_approval_001, Status: PENDING, IsCompleted: false
[workflow-method-testDependency-68d04a11-24e6-470a-b053-40692413951...-6d54dadd-ba48-427e-bf93-65b708f0db63] INFO com.example.mattermost.MeetingSchedulerWorkflowImpl - dependenciesMet: ActionId: send_meeting_invite_001, AllDependenciesMet: false
[workflow-method-testDependency-68d04a11-24e6-470a-b053-40692413951...-6d54dadd-ba48-427e-bf93-65b708f0db63] INFO com.example.mattermost.MeetingSchedulerWorkflowImpl - getProcessableActions: Node ID: send_meeting_invite_001, Status: PENDING, IsPending: true, DependenciesMet: false
[workflow-method-testDependency-68d04a11-24e6-470a-b053-40692413951...-6d54dadd-ba48-427e-bf93-65b708f0db63] INFO com.example.mattermost.MeetingSchedulerWorkflowImpl - getProcessableActions: Returning 0 processable nodes.
[workflow-method-testDependency-68d04a11-24e6-470a-b053-40692413951...-6d54dadd-ba48-427e-bf93-65b708f0db63] INFO com.example.mattermost.MeetingSchedulerWorkflowImpl - getProcessableActions: Checking all nodes in currentGoal.
[workflow-method-testDependency-68d04a11-24e6-470a-b053-40692413951...-6d54dadd-ba48-427e-bf93-65b708f0db63] INFO com.example.mattermost.MeetingSchedulerWorkflowImpl - getProcessableActions: Node ID: get_requester_preferred_details_001, Status: COMPLETED, IsPending: false, DependenciesMet: false
[workflow-method-testDependency-68d04a11-24e6-470a-b053-40692413951...-6d54dadd-ba48-427e-bf93-65b708f0db63] INFO com.example.mattermost.MeetingSchedulerWorkflowImpl - getProcessableActions: Node ID: ask_arun_availability_001, Status: COMPLETED, IsPending: false, DependenciesMet: false
[workflow-method-testDependency-68d04a11-24e6-470a-b053-40692413951...-6d54dadd-ba48-427e-bf93-65b708f0db63] INFO com.example.mattermost.MeetingSchedulerWorkflowImpl - getProcessableActions: Node ID: ask_jasbir_availability_001, Status: PROCESSING, IsPending: false, DependenciesMet: false
[workflow-method-testDependency-68d04a11-24e6-470a-b053-40692413951...-6d54dadd-ba48-427e-bf93-65b708f0db63] INFO com.example.mattermost.MeetingSchedulerWorkflowImpl - dependenciesMet: Checking dependencies for actionId: consolidate_availabilities_001
[workflow-method-testDependency-68d04a11-24e6-470a-b053-40692413951...-6d54dadd-ba48-427e-bf93-65b708f0db63] INFO com.example.mattermost.MeetingSchedulerWorkflowImpl - dependenciesMet: ActionId: consolidate_availabilities_001 has source dependencies: [get_requester_preferred_details_001, ask_arun_availability_001, ask_jasbir_availability_001]
[workflow-method-testDependency-68d04a11-24e6-470a-b053-40692413951...-6d54dadd-ba48-427e-bf93-65b708f0db63] INFO com.example.mattermost.MeetingSchedulerWorkflowImpl - dependenciesMet: ActionId: consolidate_availabilities_001, Dependency: get_requester_preferred_details_001, Status: COMPLETED, IsCompleted: true
[workflow-method-testDependency-68d04a11-24e6-470a-b053-40692413951...-6d54dadd-ba48-427e-bf93-65b708f0db63] INFO com.example.mattermost.MeetingSchedulerWorkflowImpl - dependenciesMet: ActionId: consolidate_availabilities_001, Dependency: ask_arun_availability_001, Status: COMPLETED, IsCompleted: true
[workflow-method-testDependency-68d04a11-24e6-470a-b053-40692413951...-6d54dadd-ba48-427e-bf93-65b708f0db63] INFO com.example.mattermost.MeetingSchedulerWorkflowImpl - dependenciesMet: ActionId: consolidate_availabilities_001, Dependency: ask_jasbir_availability_001, Status: PROCESSING, IsCompleted: false
[workflow-method-testDependency-68d04a11-24e6-470a-b053-40692413951...-6d54dadd-ba48-427e-bf93-65b708f0db63] INFO com.example.mattermost.MeetingSchedulerWorkflowImpl - dependenciesMet: ActionId: consolidate_availabilities_001, AllDependenciesMet: false
[workflow-method-testDependency-68d04a11-24e6-470a-b053-40692413951...-6d54dadd-ba48-427e-bf93-65b708f0db63] INFO com.example.mattermost.MeetingSchedulerWorkflowImpl - getProcessableActions: Node ID: consolidate_availabilities_001, Status: PENDING, IsPending: true, DependenciesMet: false
[workflow-method-testDependency-68d04a11-24e6-470a-b053-40692413951...-6d54dadd-ba48-427e-bf93-65b708f0db63] INFO com.example.mattermost.MeetingSchedulerWorkflowImpl - dependenciesMet: Checking dependencies for actionId: propose_final_time_for_approval_001
[workflow-method-testDependency-68d04a11-24e6-470a-b053-40692413951...-6d54dadd-ba48-427e-bf93-65b708f0db63] INFO com.example.mattermost.MeetingSchedulerWorkflowImpl - dependenciesMet: ActionId: propose_final_time_for_approval_001 has source dependencies: [consolidate_availabilities_001]
[workflow-method-testDependency-68d04a11-24e6-470a-b053-40692413951...-6d54dadd-ba48-427e-bf93-65b708f0db63] INFO com.example.mattermost.MeetingSchedulerWorkflowImpl - dependenciesMet: ActionId: propose_final_time_for_approval_001, Dependency: consolidate_availabilities_001, Status: PENDING, IsCompleted: false
[workflow-method-testDependency-68d04a11-24e6-470a-b053-40692413951...-6d54dadd-ba48-427e-bf93-65b708f0db63] INFO com.example.mattermost.MeetingSchedulerWorkflowImpl - dependenciesMet: ActionId: propose_final_time_for_approval_001, AllDependenciesMet: false
[workflow-method-testDependency-68d04a11-24e6-470a-b053-40692413951...-6d54dadd-ba48-427e-bf93-65b708f0db63] INFO com.example.mattermost.MeetingSchedulerWorkflowImpl - getProcessableActions: Node ID: propose_final_time_for_approval_001, Status: PENDING, IsPending: true, DependenciesMet: false
[workflow-method-testDependency-68d04a11-24e6-470a-b053-40692413951...-6d54dadd-ba48-427e-bf93-65b708f0db63] INFO com.example.mattermost.MeetingSchedulerWorkflowImpl - dependenciesMet: Checking dependencies for actionId: send_meeting_invite_001
[workflow-method-testDependency-68d04a11-24e6-470a-b053-40692413951...-6d54dadd-ba48-427e-bf93-65b708f0db63] INFO com.example.mattermost.MeetingSchedulerWorkflowImpl - dependenciesMet: ActionId: send_meeting_invite_001 has source dependencies: [propose_final_time_for_approval_001]
[workflow-method-testDependency-68d04a11-24e6-470a-b053-40692413951...-6d54dadd-ba48-427e-bf93-65b708f0db63] INFO com.example.mattermost.MeetingSchedulerWorkflowImpl - dependenciesMet: ActionId: send_meeting_invite_001, Dependency: propose_final_time_for_approval_001, Status: PENDING, IsCompleted: false
[workflow-method-testDependency-68d04a11-24e6-470a-b053-40692413951...-6d54dadd-ba48-427e-bf93-65b708f0db63] INFO com.example.mattermost.MeetingSchedulerWorkflowImpl - dependenciesMet: ActionId: send_meeting_invite_001, AllDependenciesMet: false
[workflow-method-testDependency-68d04a11-24e6-470a-b053-40692413951...-6d54dadd-ba48-427e-bf93-65b708f0db63] INFO com.example.mattermost.MeetingSchedulerWorkflowImpl - getProcessableActions: Node ID: send_meeting_invite_001, Status: PENDING, IsPending: true, DependenciesMet: false
[workflow-method-testDependency-68d04a11-24e6-470a-b053-40692413951...-6d54dadd-ba48-427e-bf93-65b708f0db63] INFO com.example.mattermost.MeetingSchedulerWorkflowImpl - getProcessableActions: Returning 0 processable nodes.
[workflow-method-testDependency-68d04a11-24e6-470a-b053-40692413951...-6d54dadd-ba48-427e-bf93-65b708f0db63] WARN com.example.mattermost.MeetingSchedulerWorkflowImpl - Potential deadlock or all remaining actions are waiting for external signals. Workflow might be stuck if no signals arrive.
[workflow-method-testDependency-68d04a11-24e6-470a-b053-40692413951...-6d54dadd-ba48-427e-bf93-65b708f0db63] INFO com.example.mattermost.MeetingSchedulerWorkflowImpl - dependenciesMet: Checking dependencies for actionId: consolidate_availabilities_001
[workflow-method-testDependency-68d04a11-24e6-470a-b053-40692413951...-6d54dadd-ba48-427e-bf93-65b708f0db63] INFO com.example.mattermost.MeetingSchedulerWorkflowImpl - dependenciesMet: ActionId: consolidate_availabilities_001 has source dependencies: [get_requester_preferred_details_001, ask_arun_availability_001, ask_jasbir_availability_001]
[workflow-method-testDependency-68d04a11-24e6-470a-b053-40692413951...-6d54dadd-ba48-427e-bf93-65b708f0db63] INFO com.example.mattermost.MeetingSchedulerWorkflowImpl - dependenciesMet: ActionId: consolidate_availabilities_001, Dependency: get_requester_preferred_details_001, Status: COMPLETED, IsCompleted: true
[workflow-method-testDependency-68d04a11-24e6-470a-b053-40692413951...-6d54dadd-ba48-427e-bf93-65b708f0db63] INFO com.example.mattermost.MeetingSchedulerWorkflowImpl - dependenciesMet: ActionId: consolidate_availabilities_001, Dependency: ask_arun_availability_001, Status: COMPLETED, IsCompleted: true
[workflow-method-testDependency-68d04a11-24e6-470a-b053-40692413951...-6d54dadd-ba48-427e-bf93-65b708f0db63] INFO com.example.mattermost.MeetingSchedulerWorkflowImpl - dependenciesMet: ActionId: consolidate_availabilities_001, Dependency: ask_jasbir_availability_001, Status: PROCESSING, IsCompleted: false
[workflow-method-testDependency-68d04a11-24e6-470a-b053-40692413951...-6d54dadd-ba48-427e-bf93-65b708f0db63] INFO com.example.mattermost.MeetingSchedulerWorkflowImpl - dependenciesMet: ActionId: consolidate_availabilities_001, AllDependenciesMet: false
[workflow-method-testDependency-68d04a11-24e6-470a-b053-40692413951...-6d54dadd-ba48-427e-bf93-65b708f0db63] INFO com.example.mattermost.MeetingSchedulerWorkflowImpl - dependenciesMet: Checking dependencies for actionId: propose_final_time_for_approval_001
[workflow-method-testDependency-68d04a11-24e6-470a-b053-40692413951...-6d54dadd-ba48-427e-bf93-65b708f0db63] INFO com.example.mattermost.MeetingSchedulerWorkflowImpl - dependenciesMet: ActionId: propose_final_time_for_approval_001 has source dependencies: [consolidate_availabilities_001]
[workflow-method-testDependency-68d04a11-24e6-470a-b053-40692413951...-6d54dadd-ba48-427e-bf93-65b708f0db63] INFO com.example.mattermost.MeetingSchedulerWorkflowImpl - dependenciesMet: ActionId: propose_final_time_for_approval_001, Dependency: consolidate_availabilities_001, Status: PENDING, IsCompleted: false
[workflow-method-testDependency-68d04a11-24e6-470a-b053-40692413951...-6d54dadd-ba48-427e-bf93-65b708f0db63] INFO com.example.mattermost.MeetingSchedulerWorkflowImpl - dependenciesMet: ActionId: propose_final_time_for_approval_001, AllDependenciesMet: false
[workflow-method-testDependency-68d04a11-24e6-470a-b053-40692413951...-6d54dadd-ba48-427e-bf93-65b708f0db63] INFO com.example.mattermost.MeetingSchedulerWorkflowImpl - dependenciesMet: Checking dependencies for actionId: send_meeting_invite_001
[workflow-method-testDependency-68d04a11-24e6-470a-b053-40692413951...-6d54dadd-ba48-427e-bf93-65b708f0db63] INFO com.example.mattermost.MeetingSchedulerWorkflowImpl - dependenciesMet: ActionId: send_meeting_invite_001 has source dependencies: [propose_final_time_for_approval_001]
[workflow-method-testDependency-68d04a11-24e6-470a-b053-40692413951...-6d54dadd-ba48-427e-bf93-65b708f0db63] INFO com.example.mattermost.MeetingSchedulerWorkflowImpl - dependenciesMet: ActionId: send_meeting_invite_001, Dependency: propose_final_time_for_approval_001, Status: PENDING, IsCompleted: false
[workflow-method-testDependency-68d04a11-24e6-470a-b053-40692413951...-6d54dadd-ba48-427e-bf93-65b708f0db63] INFO com.example.mattermost.MeetingSchedulerWorkflowImpl - dependenciesMet: ActionId: send_meeting_invite_001, AllDependenciesMet: false
[workflow-method-testDependency-68d04a11-24e6-470a-b053-40692413951...-6d54dadd-ba48-427e-bf93-65b708f0db63] INFO com.example.mattermost.MeetingSchedulerWorkflowImpl - Main loop: Workflow.await condition check: newProcessableActions=false, workflowNowComplete=false
[workflow-method-testDependency-68d04a11-24e6-470a-b053-40692413951...-6d54dadd-ba48-427e-bf93-65b708f0db63] INFO com.example.mattermost.MeetingSchedulerWorkflowImpl - getProcessableActions: Checking all nodes in currentGoal.
[workflow-method-testDependency-68d04a11-24e6-470a-b053-40692413951...-6d54dadd-ba48-427e-bf93-65b708f0db63] INFO com.example.mattermost.MeetingSchedulerWorkflowImpl - getProcessableActions: Node ID: get_requester_preferred_details_001, Status: COMPLETED, IsPending: false, DependenciesMet: false
[workflow-method-testDependency-68d04a11-24e6-470a-b053-40692413951...-6d54dadd-ba48-427e-bf93-65b708f0db63] INFO com.example.mattermost.MeetingSchedulerWorkflowImpl - getProcessableActions: Node ID: ask_arun_availability_001, Status: COMPLETED, IsPending: false, DependenciesMet: false
[workflow-method-testDependency-68d04a11-24e6-470a-b053-40692413951...-6d54dadd-ba48-427e-bf93-65b708f0db63] INFO com.example.mattermost.MeetingSchedulerWorkflowImpl - getProcessableActions: Node ID: ask_jasbir_availability_001, Status: PROCESSING, IsPending: false, DependenciesMet: false
[workflow-method-testDependency-68d04a11-24e6-470a-b053-40692413951...-6d54dadd-ba48-427e-bf93-65b708f0db63] INFO com.example.mattermost.MeetingSchedulerWorkflowImpl - dependenciesMet: Checking dependencies for actionId: consolidate_availabilities_001
[workflow-method-testDependency-68d04a11-24e6-470a-b053-40692413951...-6d54dadd-ba48-427e-bf93-65b708f0db63] INFO com.example.mattermost.MeetingSchedulerWorkflowImpl - dependenciesMet: ActionId: consolidate_availabilities_001 has source dependencies: [get_requester_preferred_details_001, ask_arun_availability_001, ask_jasbir_availability_001]
[workflow-method-testDependency-68d04a11-24e6-470a-b053-40692413951...-6d54dadd-ba48-427e-bf93-65b708f0db63] INFO com.example.mattermost.MeetingSchedulerWorkflowImpl - dependenciesMet: ActionId: consolidate_availabilities_001, Dependency: get_requester_preferred_details_001, Status: COMPLETED, IsCompleted: true
[workflow-method-testDependency-68d04a11-24e6-470a-b053-40692413951...-6d54dadd-ba48-427e-bf93-65b708f0db63] INFO com.example.mattermost.MeetingSchedulerWorkflowImpl - dependenciesMet: ActionId: consolidate_availabilities_001, Dependency: ask_arun_availability_001, Status: COMPLETED, IsCompleted: true
[workflow-method-testDependency-68d04a11-24e6-470a-b053-40692413951...-6d54dadd-ba48-427e-bf93-65b708f0db63] INFO com.example.mattermost.MeetingSchedulerWorkflowImpl - dependenciesMet: ActionId: consolidate_availabilities_001, Dependency: ask_jasbir_availability_001, Status: PROCESSING, IsCompleted: false
[workflow-method-testDependency-68d04a11-24e6-470a-b053-40692413951...-6d54dadd-ba48-427e-bf93-65b708f0db63] INFO com.example.mattermost.MeetingSchedulerWorkflowImpl - dependenciesMet: ActionId: consolidate_availabilities_001, AllDependenciesMet: false
[workflow-method-testDependency-68d04a11-24e6-470a-b053-40692413951...-6d54dadd-ba48-427e-bf93-65b708f0db63] INFO com.example.mattermost.MeetingSchedulerWorkflowImpl - getProcessableActions: Node ID: consolidate_availabilities_001, Status: PENDING, IsPending: true, DependenciesMet: false
[workflow-method-testDependency-68d04a11-24e6-470a-b053-40692413951...-6d54dadd-ba48-427e-bf93-65b708f0db63] INFO com.example.mattermost.MeetingSchedulerWorkflowImpl - dependenciesMet: Checking dependencies for actionId: propose_final_time_for_approval_001
[workflow-method-testDependency-68d04a11-24e6-470a-b053-40692413951...-6d54dadd-ba48-427e-bf93-65b708f0db63] INFO com.example.mattermost.MeetingSchedulerWorkflowImpl - dependenciesMet: ActionId: propose_final_time_for_approval_001 has source dependencies: [consolidate_availabilities_001]
[workflow-method-testDependency-68d04a11-24e6-470a-b053-40692413951...-6d54dadd-ba48-427e-bf93-65b708f0db63] INFO com.example.mattermost.MeetingSchedulerWorkflowImpl - dependenciesMet: ActionId: propose_final_time_for_approval_001, Dependency: consolidate_availabilities_001, Status: PENDING, IsCompleted: false
[workflow-method-testDependency-68d04a11-24e6-470a-b053-40692413951...-6d54dadd-ba48-427e-bf93-65b708f0db63] INFO com.example.mattermost.MeetingSchedulerWorkflowImpl - dependenciesMet: ActionId: propose_final_time_for_approval_001, AllDependenciesMet: false
[workflow-method-testDependency-68d04a11-24e6-470a-b053-40692413951...-6d54dadd-ba48-427e-bf93-65b708f0db63] INFO com.example.mattermost.MeetingSchedulerWorkflowImpl - getProcessableActions: Node ID: propose_final_time_for_approval_001, Status: PENDING, IsPending: true, DependenciesMet: false
[workflow-method-testDependency-68d04a11-24e6-470a-b053-40692413951...-6d54dadd-ba48-427e-bf93-65b708f0db63] INFO com.example.mattermost.MeetingSchedulerWorkflowImpl - dependenciesMet: Checking dependencies for actionId: send_meeting_invite_001
[workflow-method-testDependency-68d04a11-24e6-470a-b053-40692413951...-6d54dadd-ba48-427e-bf93-65b708f0db63] INFO com.example.mattermost.MeetingSchedulerWorkflowImpl - dependenciesMet: ActionId: send_meeting_invite_001 has source dependencies: [propose_final_time_for_approval_001]
[workflow-method-testDependency-68d04a11-24e6-470a-b053-40692413951...-6d54dadd-ba48-427e-bf93-65b708f0db63] INFO com.example.mattermost.MeetingSchedulerWorkflowImpl - dependenciesMet: ActionId: send_meeting_invite_001, Dependency: propose_final_time_for_approval_001, Status: PENDING, IsCompleted: false
[workflow-method-testDependency-68d04a11-24e6-470a-b053-40692413951...-6d54dadd-ba48-427e-bf93-65b708f0db63] INFO com.example.mattermost.MeetingSchedulerWorkflowImpl - dependenciesMet: ActionId: send_meeting_invite_001, AllDependenciesMet: false
[workflow-method-testDependency-68d04a11-24e6-470a-b053-40692413951...-6d54dadd-ba48-427e-bf93-65b708f0db63] INFO com.example.mattermost.MeetingSchedulerWorkflowImpl - getProcessableActions: Node ID: send_meeting_invite_001, Status: PENDING, IsPending: true, DependenciesMet: false
[workflow-method-testDependency-68d04a11-24e6-470a-b053-40692413951...-6d54dadd-ba48-427e-bf93-65b708f0db63] INFO com.example.mattermost.MeetingSchedulerWorkflowImpl - getProcessableActions: Returning 0 processable nodes.
[workflow-method-testDependency-68d04a11-24e6-470a-b053-40692413951...-6d54dadd-ba48-427e-bf93-65b708f0db63] INFO com.example.mattermost.MeetingSchedulerWorkflowImpl - getProcessableActions: Checking all nodes in currentGoal.
[workflow-method-testDependency-68d04a11-24e6-470a-b053-40692413951...-6d54dadd-ba48-427e-bf93-65b708f0db63] INFO com.example.mattermost.MeetingSchedulerWorkflowImpl - getProcessableActions: Node ID: get_requester_preferred_details_001, Status: COMPLETED, IsPending: false, DependenciesMet: false
[workflow-method-testDependency-68d04a11-24e6-470a-b053-40692413951...-6d54dadd-ba48-427e-bf93-65b708f0db63] INFO com.example.mattermost.MeetingSchedulerWorkflowImpl - getProcessableActions: Node ID: ask_arun_availability_001, Status: COMPLETED, IsPending: false, DependenciesMet: false
[workflow-method-testDependency-68d04a11-24e6-470a-b053-40692413951...-6d54dadd-ba48-427e-bf93-65b708f0db63] INFO com.example.mattermost.MeetingSchedulerWorkflowImpl - getProcessableActions: Node ID: ask_jasbir_availability_001, Status: PROCESSING, IsPending: false, DependenciesMet: false
[workflow-method-testDependency-68d04a11-24e6-470a-b053-40692413951...-6d54dadd-ba48-427e-bf93-65b708f0db63] INFO com.example.mattermost.MeetingSchedulerWorkflowImpl - dependenciesMet: Checking dependencies for actionId: consolidate_availabilities_001
[workflow-method-testDependency-68d04a11-24e6-470a-b053-40692413951...-6d54dadd-ba48-427e-bf93-65b708f0db63] INFO com.example.mattermost.MeetingSchedulerWorkflowImpl - dependenciesMet: ActionId: consolidate_availabilities_001 has source dependencies: [get_requester_preferred_details_001, ask_arun_availability_001, ask_jasbir_availability_001]
[workflow-method-testDependency-68d04a11-24e6-470a-b053-40692413951...-6d54dadd-ba48-427e-bf93-65b708f0db63] INFO com.example.mattermost.MeetingSchedulerWorkflowImpl - dependenciesMet: ActionId: consolidate_availabilities_001, Dependency: get_requester_preferred_details_001, Status: COMPLETED, IsCompleted: true
[workflow-method-testDependency-68d04a11-24e6-470a-b053-40692413951...-6d54dadd-ba48-427e-bf93-65b708f0db63] INFO com.example.mattermost.MeetingSchedulerWorkflowImpl - dependenciesMet: ActionId: consolidate_availabilities_001, Dependency: ask_arun_availability_001, Status: COMPLETED, IsCompleted: true
[workflow-method-testDependency-68d04a11-24e6-470a-b053-40692413951...-6d54dadd-ba48-427e-bf93-65b708f0db63] INFO com.example.mattermost.MeetingSchedulerWorkflowImpl - dependenciesMet: ActionId: consolidate_availabilities_001, Dependency: ask_jasbir_availability_001, Status: PROCESSING, IsCompleted: false
[workflow-method-testDependency-68d04a11-24e6-470a-b053-40692413951...-6d54dadd-ba48-427e-bf93-65b708f0db63] INFO com.example.mattermost.MeetingSchedulerWorkflowImpl - dependenciesMet: ActionId: consolidate_availabilities_001, AllDependenciesMet: false
[workflow-method-testDependency-68d04a11-24e6-470a-b053-40692413951...-6d54dadd-ba48-427e-bf93-65b708f0db63] INFO com.example.mattermost.MeetingSchedulerWorkflowImpl - getProcessableActions: Node ID: consolidate_availabilities_001, Status: PENDING, IsPending: true, DependenciesMet: false
[workflow-method-testDependency-68d04a11-24e6-470a-b053-40692413951...-6d54dadd-ba48-427e-bf93-65b708f0db63] INFO com.example.mattermost.MeetingSchedulerWorkflowImpl - dependenciesMet: Checking dependencies for actionId: propose_final_time_for_approval_001
[workflow-method-testDependency-68d04a11-24e6-470a-b053-40692413951...-6d54dadd-ba48-427e-bf93-65b708f0db63] INFO com.example.mattermost.MeetingSchedulerWorkflowImpl - dependenciesMet: ActionId: propose_final_time_for_approval_001 has source dependencies: [consolidate_availabilities_001]
[workflow-method-testDependency-68d04a11-24e6-470a-b053-40692413951...-6d54dadd-ba48-427e-bf93-65b708f0db63] INFO com.example.mattermost.MeetingSchedulerWorkflowImpl - dependenciesMet: ActionId: propose_final_time_for_approval_001, Dependency: consolidate_availabilities_001, Status: PENDING, IsCompleted: false
[workflow-method-testDependency-68d04a11-24e6-470a-b053-40692413951...-6d54dadd-ba48-427e-bf93-65b708f0db63] INFO com.example.mattermost.MeetingSchedulerWorkflowImpl - dependenciesMet: ActionId: propose_final_time_for_approval_001, AllDependenciesMet: false
[workflow-method-testDependency-68d04a11-24e6-470a-b053-40692413951...-6d54dadd-ba48-427e-bf93-65b708f0db63] INFO com.example.mattermost.MeetingSchedulerWorkflowImpl - getProcessableActions: Node ID: propose_final_time_for_approval_001, Status: PENDING, IsPending: true, DependenciesMet: false
[workflow-method-testDependency-68d04a11-24e6-470a-b053-40692413951...-6d54dadd-ba48-427e-bf93-65b708f0db63] INFO com.example.mattermost.MeetingSchedulerWorkflowImpl - dependenciesMet: Checking dependencies for actionId: send_meeting_invite_001
[workflow-method-testDependency-68d04a11-24e6-470a-b053-40692413951...-6d54dadd-ba48-427e-bf93-65b708f0db63] INFO com.example.mattermost.MeetingSchedulerWorkflowImpl - dependenciesMet: ActionId: send_meeting_invite_001 has source dependencies: [propose_final_time_for_approval_001]
[workflow-method-testDependency-68d04a11-24e6-470a-b053-40692413951...-6d54dadd-ba48-427e-bf93-65b708f0db63] INFO com.example.mattermost.MeetingSchedulerWorkflowImpl - dependenciesMet: ActionId: send_meeting_invite_001, Dependency: propose_final_time_for_approval_001, Status: PENDING, IsCompleted: false
[workflow-method-testDependency-68d04a11-24e6-470a-b053-40692413951...-6d54dadd-ba48-427e-bf93-65b708f0db63] INFO com.example.mattermost.MeetingSchedulerWorkflowImpl - dependenciesMet: ActionId: send_meeting_invite_001, AllDependenciesMet: false
[workflow-method-testDependency-68d04a11-24e6-470a-b053-40692413951...-6d54dadd-ba48-427e-bf93-65b708f0db63] INFO com.example.mattermost.MeetingSchedulerWorkflowImpl - getProcessableActions: Node ID: send_meeting_invite_001, Status: PENDING, IsPending: true, DependenciesMet: false
[workflow-method-testDependency-68d04a11-24e6-470a-b053-40692413951...-6d54dadd-ba48-427e-bf93-65b708f0db63] INFO com.example.mattermost.MeetingSchedulerWorkflowImpl - getProcessableActions: Returning 0 processable nodes.
[workflow-method-testDependency-68d04a11-24e6-470a-b053-40692413951...-6d54dadd-ba48-427e-bf93-65b708f0db63] WARN com.example.mattermost.MeetingSchedulerWorkflowImpl - Potential deadlock or all remaining actions are waiting for external signals. Workflow might be stuck if no signals arrive.
[workflow-method-testDependency-68d04a11-24e6-470a-b053-40692413951...-6d54dadd-ba48-427e-bf93-65b708f0db63] INFO com.example.mattermost.MeetingSchedulerWorkflowImpl - dependenciesMet: Checking dependencies for actionId: consolidate_availabilities_001
[workflow-method-testDependency-68d04a11-24e6-470a-b053-40692413951...-6d54dadd-ba48-427e-bf93-65b708f0db63] INFO com.example.mattermost.MeetingSchedulerWorkflowImpl - dependenciesMet: ActionId: consolidate_availabilities_001 has source dependencies: [get_requester_preferred_details_001, ask_arun_availability_001, ask_jasbir_availability_001]
[workflow-method-testDependency-68d04a11-24e6-470a-b053-40692413951...-6d54dadd-ba48-427e-bf93-65b708f0db63] INFO com.example.mattermost.MeetingSchedulerWorkflowImpl - dependenciesMet: ActionId: consolidate_availabilities_001, Dependency: get_requester_preferred_details_001, Status: COMPLETED, IsCompleted: true
[workflow-method-testDependency-68d04a11-24e6-470a-b053-40692413951...-6d54dadd-ba48-427e-bf93-65b708f0db63] INFO com.example.mattermost.MeetingSchedulerWorkflowImpl - dependenciesMet: ActionId: consolidate_availabilities_001, Dependency: ask_arun_availability_001, Status: COMPLETED, IsCompleted: true
[workflow-method-testDependency-68d04a11-24e6-470a-b053-40692413951...-6d54dadd-ba48-427e-bf93-65b708f0db63] INFO com.example.mattermost.MeetingSchedulerWorkflowImpl - dependenciesMet: ActionId: consolidate_availabilities_001, Dependency: ask_jasbir_availability_001, Status: PROCESSING, IsCompleted: false
[workflow-method-testDependency-68d04a11-24e6-470a-b053-40692413951...-6d54dadd-ba48-427e-bf93-65b708f0db63] INFO com.example.mattermost.MeetingSchedulerWorkflowImpl - dependenciesMet: ActionId: consolidate_availabilities_001, AllDependenciesMet: false
[workflow-method-testDependency-68d04a11-24e6-470a-b053-40692413951...-6d54dadd-ba48-427e-bf93-65b708f0db63] INFO com.example.mattermost.MeetingSchedulerWorkflowImpl - dependenciesMet: Checking dependencies for actionId: propose_final_time_for_approval_001
[workflow-method-testDependency-68d04a11-24e6-470a-b053-40692413951...-6d54dadd-ba48-427e-bf93-65b708f0db63] INFO com.example.mattermost.MeetingSchedulerWorkflowImpl - dependenciesMet: ActionId: propose_final_time_for_approval_001 has source dependencies: [consolidate_availabilities_001]
[workflow-method-testDependency-68d04a11-24e6-470a-b053-40692413951...-6d54dadd-ba48-427e-bf93-65b708f0db63] INFO com.example.mattermost.MeetingSchedulerWorkflowImpl - dependenciesMet: ActionId: propose_final_time_for_approval_001, Dependency: consolidate_availabilities_001, Status: PENDING, IsCompleted: false
[workflow-method-testDependency-68d04a11-24e6-470a-b053-40692413951...-6d54dadd-ba48-427e-bf93-65b708f0db63] INFO com.example.mattermost.MeetingSchedulerWorkflowImpl - dependenciesMet: ActionId: propose_final_time_for_approval_001, AllDependenciesMet: false
[workflow-method-testDependency-68d04a11-24e6-470a-b053-40692413951...-6d54dadd-ba48-427e-bf93-65b708f0db63] INFO com.example.mattermost.MeetingSchedulerWorkflowImpl - dependenciesMet: Checking dependencies for actionId: send_meeting_invite_001
[workflow-method-testDependency-68d04a11-24e6-470a-b053-40692413951...-6d54dadd-ba48-427e-bf93-65b708f0db63] INFO com.example.mattermost.MeetingSchedulerWorkflowImpl - dependenciesMet: ActionId: send_meeting_invite_001 has source dependencies: [propose_final_time_for_approval_001]
[workflow-method-testDependency-68d04a11-24e6-470a-b053-40692413951...-6d54dadd-ba48-427e-bf93-65b708f0db63] INFO com.example.mattermost.MeetingSchedulerWorkflowImpl - dependenciesMet: ActionId: send_meeting_invite_001, Dependency: propose_final_time_for_approval_001, Status: PENDING, IsCompleted: false
[workflow-method-testDependency-68d04a11-24e6-470a-b053-40692413951...-6d54dadd-ba48-427e-bf93-65b708f0db63] INFO com.example.mattermost.MeetingSchedulerWorkflowImpl - dependenciesMet: ActionId: send_meeting_invite_001, AllDependenciesMet: false
[workflow-method-testDependency-68d04a11-24e6-470a-b053-40692413951...-6d54dadd-ba48-427e-bf93-65b708f0db63] INFO com.example.mattermost.MeetingSchedulerWorkflowImpl - Main loop: Workflow.await condition check: newProcessableActions=false, workflowNowComplete=false
[workflow-method-testDependency-68d04a11-24e6-470a-b053-40692413951...-6d54dadd-ba48-427e-bf93-65b708f0db63] INFO com.example.mattermost.MeetingSchedulerWorkflowImpl - getProcessableActions: Checking all nodes in currentGoal.
[workflow-method-testDependency-68d04a11-24e6-470a-b053-40692413951...-6d54dadd-ba48-427e-bf93-65b708f0db63] INFO com.example.mattermost.MeetingSchedulerWorkflowImpl - getProcessableActions: Node ID: get_requester_preferred_details_001, Status: COMPLETED, IsPending: false, DependenciesMet: false
[workflow-method-testDependency-68d04a11-24e6-470a-b053-40692413951...-6d54dadd-ba48-427e-bf93-65b708f0db63] INFO com.example.mattermost.MeetingSchedulerWorkflowImpl - getProcessableActions: Node ID: ask_arun_availability_001, Status: COMPLETED, IsPending: false, DependenciesMet: false
[workflow-method-testDependency-68d04a11-24e6-470a-b053-40692413951...-6d54dadd-ba48-427e-bf93-65b708f0db63] INFO com.example.mattermost.MeetingSchedulerWorkflowImpl - getProcessableActions: Node ID: ask_jasbir_availability_001, Status: PROCESSING, IsPending: false, DependenciesMet: false
[workflow-method-testDependency-68d04a11-24e6-470a-b053-40692413951...-6d54dadd-ba48-427e-bf93-65b708f0db63] INFO com.example.mattermost.MeetingSchedulerWorkflowImpl - dependenciesMet: Checking dependencies for actionId: consolidate_availabilities_001
[workflow-method-testDependency-68d04a11-24e6-470a-b053-40692413951...-6d54dadd-ba48-427e-bf93-65b708f0db63] INFO com.example.mattermost.MeetingSchedulerWorkflowImpl - dependenciesMet: ActionId: consolidate_availabilities_001 has source dependencies: [get_requester_preferred_details_001, ask_arun_availability_001, ask_jasbir_availability_001]
[workflow-method-testDependency-68d04a11-24e6-470a-b053-40692413951...-6d54dadd-ba48-427e-bf93-65b708f0db63] INFO com.example.mattermost.MeetingSchedulerWorkflowImpl - dependenciesMet: ActionId: consolidate_availabilities_001, Dependency: get_requester_preferred_details_001, Status: COMPLETED, IsCompleted: true
[workflow-method-testDependency-68d04a11-24e6-470a-b053-40692413951...-6d54dadd-ba48-427e-bf93-65b708f0db63] INFO com.example.mattermost.MeetingSchedulerWorkflowImpl - dependenciesMet: ActionId: consolidate_availabilities_001, Dependency: ask_arun_availability_001, Status: COMPLETED, IsCompleted: true
[workflow-method-testDependency-68d04a11-24e6-470a-b053-40692413951...-6d54dadd-ba48-427e-bf93-65b708f0db63] INFO com.example.mattermost.MeetingSchedulerWorkflowImpl - dependenciesMet: ActionId: consolidate_availabilities_001, Dependency: ask_jasbir_availability_001, Status: PROCESSING, IsCompleted: false
[workflow-method-testDependency-68d04a11-24e6-470a-b053-40692413951...-6d54dadd-ba48-427e-bf93-65b708f0db63] INFO com.example.mattermost.MeetingSchedulerWorkflowImpl - dependenciesMet: ActionId: consolidate_availabilities_001, AllDependenciesMet: false
[workflow-method-testDependency-68d04a11-24e6-470a-b053-40692413951...-6d54dadd-ba48-427e-bf93-65b708f0db63] INFO com.example.mattermost.MeetingSchedulerWorkflowImpl - getProcessableActions: Node ID: consolidate_availabilities_001, Status: PENDING, IsPending: true, DependenciesMet: false
[workflow-method-testDependency-68d04a11-24e6-470a-b053-40692413951...-6d54dadd-ba48-427e-bf93-65b708f0db63] INFO com.example.mattermost.MeetingSchedulerWorkflowImpl - dependenciesMet: Checking dependencies for actionId: propose_final_time_for_approval_001
[workflow-method-testDependency-68d04a11-24e6-470a-b053-40692413951...-6d54dadd-ba48-427e-bf93-65b708f0db63] INFO com.example.mattermost.MeetingSchedulerWorkflowImpl - dependenciesMet: ActionId: propose_final_time_for_approval_001 has source dependencies: [consolidate_availabilities_001]
[workflow-method-testDependency-68d04a11-24e6-470a-b053-40692413951...-6d54dadd-ba48-427e-bf93-65b708f0db63] INFO com.example.mattermost.MeetingSchedulerWorkflowImpl - dependenciesMet: ActionId: propose_final_time_for_approval_001, Dependency: consolidate_availabilities_001, Status: PENDING, IsCompleted: false
[workflow-method-testDependency-68d04a11-24e6-470a-b053-40692413951...-6d54dadd-ba48-427e-bf93-65b708f0db63] INFO com.example.mattermost.MeetingSchedulerWorkflowImpl - dependenciesMet: ActionId: propose_final_time_for_approval_001, AllDependenciesMet: false
[workflow-method-testDependency-68d04a11-24e6-470a-b053-40692413951...-6d54dadd-ba48-427e-bf93-65b708f0db63] INFO com.example.mattermost.MeetingSchedulerWorkflowImpl - getProcessableActions: Node ID: propose_final_time_for_approval_001, Status: PENDING, IsPending: true, DependenciesMet: false
[workflow-method-testDependency-68d04a11-24e6-470a-b053-40692413951...-6d54dadd-ba48-427e-bf93-65b708f0db63] INFO com.example.mattermost.MeetingSchedulerWorkflowImpl - dependenciesMet: Checking dependencies for actionId: send_meeting_invite_001
[workflow-method-testDependency-68d04a11-24e6-470a-b053-40692413951...-6d54dadd-ba48-427e-bf93-65b708f0db63] INFO com.example.mattermost.MeetingSchedulerWorkflowImpl - dependenciesMet: ActionId: send_meeting_invite_001 has source dependencies: [propose_final_time_for_approval_001]
[workflow-method-testDependency-68d04a11-24e6-470a-b053-40692413951...-6d54dadd-ba48-427e-bf93-65b708f0db63] INFO com.example.mattermost.MeetingSchedulerWorkflowImpl - dependenciesMet: ActionId: send_meeting_invite_001, Dependency: propose_final_time_for_approval_001, Status: PENDING, IsCompleted: false
[workflow-method-testDependency-68d04a11-24e6-470a-b053-40692413951...-6d54dadd-ba48-427e-bf93-65b708f0db63] INFO com.example.mattermost.MeetingSchedulerWorkflowImpl - dependenciesMet: ActionId: send_meeting_invite_001, AllDependenciesMet: false
[workflow-method-testDependency-68d04a11-24e6-470a-b053-40692413951...-6d54dadd-ba48-427e-bf93-65b708f0db63] INFO com.example.mattermost.MeetingSchedulerWorkflowImpl - getProcessableActions: Node ID: send_meeting_invite_001, Status: PENDING, IsPending: true, DependenciesMet: false
[workflow-method-testDependency-68d04a11-24e6-470a-b053-40692413951...-6d54dadd-ba48-427e-bf93-65b708f0db63] INFO com.example.mattermost.MeetingSchedulerWorkflowImpl - getProcessableActions: Returning 0 processable nodes.
[workflow-method-testDependency-68d04a11-24e6-470a-b053-40692413951...-6d54dadd-ba48-427e-bf93-65b708f0db63] INFO com.example.mattermost.MeetingSchedulerWorkflowImpl - getProcessableActions: Checking all nodes in currentGoal.
[workflow-method-testDependency-68d04a11-24e6-470a-b053-40692413951...-6d54dadd-ba48-427e-bf93-65b708f0db63] INFO com.example.mattermost.MeetingSchedulerWorkflowImpl - getProcessableActions: Node ID: get_requester_preferred_details_001, Status: COMPLETED, IsPending: false, DependenciesMet: false
[workflow-method-testDependency-68d04a11-24e6-470a-b053-40692413951...-6d54dadd-ba48-427e-bf93-65b708f0db63] INFO com.example.mattermost.MeetingSchedulerWorkflowImpl - getProcessableActions: Node ID: ask_arun_availability_001, Status: COMPLETED, IsPending: false, DependenciesMet: false
[workflow-method-testDependency-68d04a11-24e6-470a-b053-40692413951...-6d54dadd-ba48-427e-bf93-65b708f0db63] INFO com.example.mattermost.MeetingSchedulerWorkflowImpl - getProcessableActions: Node ID: ask_jasbir_availability_001, Status: PROCESSING, IsPending: false, DependenciesMet: false
[workflow-method-testDependency-68d04a11-24e6-470a-b053-40692413951...-6d54dadd-ba48-427e-bf93-65b708f0db63] INFO com.example.mattermost.MeetingSchedulerWorkflowImpl - dependenciesMet: Checking dependencies for actionId: consolidate_availabilities_001
[workflow-method-testDependency-68d04a11-24e6-470a-b053-40692413951...-6d54dadd-ba48-427e-bf93-65b708f0db63] INFO com.example.mattermost.MeetingSchedulerWorkflowImpl - dependenciesMet: ActionId: consolidate_availabilities_001 has source dependencies: [get_requester_preferred_details_001, ask_arun_availability_001, ask_jasbir_availability_001]
[workflow-method-testDependency-68d04a11-24e6-470a-b053-40692413951...-6d54dadd-ba48-427e-bf93-65b708f0db63] INFO com.example.mattermost.MeetingSchedulerWorkflowImpl - dependenciesMet: ActionId: consolidate_availabilities_001, Dependency: get_requester_preferred_details_001, Status: COMPLETED, IsCompleted: true
[workflow-method-testDependency-68d04a11-24e6-470a-b053-40692413951...-6d54dadd-ba48-427e-bf93-65b708f0db63] INFO com.example.mattermost.MeetingSchedulerWorkflowImpl - dependenciesMet: ActionId: consolidate_availabilities_001, Dependency: ask_arun_availability_001, Status: COMPLETED, IsCompleted: true
[workflow-method-testDependency-68d04a11-24e6-470a-b053-40692413951...-6d54dadd-ba48-427e-bf93-65b708f0db63] INFO com.example.mattermost.MeetingSchedulerWorkflowImpl - dependenciesMet: ActionId: consolidate_availabilities_001, Dependency: ask_jasbir_availability_001, Status: PROCESSING, IsCompleted: false
[workflow-method-testDependency-68d04a11-24e6-470a-b053-40692413951...-6d54dadd-ba48-427e-bf93-65b708f0db63] INFO com.example.mattermost.MeetingSchedulerWorkflowImpl - dependenciesMet: ActionId: consolidate_availabilities_001, AllDependenciesMet: false
[workflow-method-testDependency-68d04a11-24e6-470a-b053-40692413951...-6d54dadd-ba48-427e-bf93-65b708f0db63] INFO com.example.mattermost.MeetingSchedulerWorkflowImpl - getProcessableActions: Node ID: consolidate_availabilities_001, Status: PENDING, IsPending: true, DependenciesMet: false
[workflow-method-testDependency-68d04a11-24e6-470a-b053-40692413951...-6d54dadd-ba48-427e-bf93-65b708f0db63] INFO com.example.mattermost.MeetingSchedulerWorkflowImpl - dependenciesMet: Checking dependencies for actionId: propose_final_time_for_approval_001
[workflow-method-testDependency-68d04a11-24e6-470a-b053-40692413951...-6d54dadd-ba48-427e-bf93-65b708f0db63] INFO com.example.mattermost.MeetingSchedulerWorkflowImpl - dependenciesMet: ActionId: propose_final_time_for_approval_001 has source dependencies: [consolidate_availabilities_001]
[workflow-method-testDependency-68d04a11-24e6-470a-b053-40692413951...-6d54dadd-ba48-427e-bf93-65b708f0db63] INFO com.example.mattermost.MeetingSchedulerWorkflowImpl - dependenciesMet: ActionId: propose_final_time_for_approval_001, Dependency: consolidate_availabilities_001, Status: PENDING, IsCompleted: false
[workflow-method-testDependency-68d04a11-24e6-470a-b053-40692413951...-6d54dadd-ba48-427e-bf93-65b708f0db63] INFO com.example.mattermost.MeetingSchedulerWorkflowImpl - dependenciesMet: ActionId: propose_final_time_for_approval_001, AllDependenciesMet: false
[workflow-method-testDependency-68d04a11-24e6-470a-b053-40692413951...-6d54dadd-ba48-427e-bf93-65b708f0db63] INFO com.example.mattermost.MeetingSchedulerWorkflowImpl - getProcessableActions: Node ID: propose_final_time_for_approval_001, Status: PENDING, IsPending: true, DependenciesMet: false
[workflow-method-testDependency-68d04a11-24e6-470a-b053-40692413951...-6d54dadd-ba48-427e-bf93-65b708f0db63] INFO com.example.mattermost.MeetingSchedulerWorkflowImpl - dependenciesMet: Checking dependencies for actionId: send_meeting_invite_001
[workflow-method-testDependency-68d04a11-24e6-470a-b053-40692413951...-6d54dadd-ba48-427e-bf93-65b708f0db63] INFO com.example.mattermost.MeetingSchedulerWorkflowImpl - dependenciesMet: ActionId: send_meeting_invite_001 has source dependencies: [propose_final_time_for_approval_001]
[workflow-method-testDependency-68d04a11-24e6-470a-b053-40692413951...-6d54dadd-ba48-427e-bf93-65b708f0db63] INFO com.example.mattermost.MeetingSchedulerWorkflowImpl - dependenciesMet: ActionId: send_meeting_invite_001, Dependency: propose_final_time_for_approval_001, Status: PENDING, IsCompleted: false
[workflow-method-testDependency-68d04a11-24e6-470a-b053-40692413951...-6d54dadd-ba48-427e-bf93-65b708f0db63] INFO com.example.mattermost.MeetingSchedulerWorkflowImpl - dependenciesMet: ActionId: send_meeting_invite_001, AllDependenciesMet: false
[workflow-method-testDependency-68d04a11-24e6-470a-b053-40692413951...-6d54dadd-ba48-427e-bf93-65b708f0db63] INFO com.example.mattermost.MeetingSchedulerWorkflowImpl - getProcessableActions: Node ID: send_meeting_invite_001, Status: PENDING, IsPending: true, DependenciesMet: false
[workflow-method-testDependency-68d04a11-24e6-470a-b053-40692413951...-6d54dadd-ba48-427e-bf93-65b708f0db63] INFO com.example.mattermost.MeetingSchedulerWorkflowImpl - getProcessableActions: Returning 0 processable nodes.
[workflow-method-testDependency-68d04a11-24e6-470a-b053-40692413951...-6d54dadd-ba48-427e-bf93-65b708f0db63] WARN com.example.mattermost.MeetingSchedulerWorkflowImpl - Potential deadlock or all remaining actions are waiting for external signals. Workflow might be stuck if no signals arrive.
[workflow-method-testDependency-68d04a11-24e6-470a-b053-40692413951...-6d54dadd-ba48-427e-bf93-65b708f0db63] INFO com.example.mattermost.MeetingSchedulerWorkflowImpl - dependenciesMet: Checking dependencies for actionId: consolidate_availabilities_001
[workflow-method-testDependency-68d04a11-24e6-470a-b053-40692413951...-6d54dadd-ba48-427e-bf93-65b708f0db63] INFO com.example.mattermost.MeetingSchedulerWorkflowImpl - dependenciesMet: ActionId: consolidate_availabilities_001 has source dependencies: [get_requester_preferred_details_001, ask_arun_availability_001, ask_jasbir_availability_001]
[workflow-method-testDependency-68d04a11-24e6-470a-b053-40692413951...-6d54dadd-ba48-427e-bf93-65b708f0db63] INFO com.example.mattermost.MeetingSchedulerWorkflowImpl - dependenciesMet: ActionId: consolidate_availabilities_001, Dependency: get_requester_preferred_details_001, Status: COMPLETED, IsCompleted: true
[workflow-method-testDependency-68d04a11-24e6-470a-b053-40692413951...-6d54dadd-ba48-427e-bf93-65b708f0db63] INFO com.example.mattermost.MeetingSchedulerWorkflowImpl - dependenciesMet: ActionId: consolidate_availabilities_001, Dependency: ask_arun_availability_001, Status: COMPLETED, IsCompleted: true
[workflow-method-testDependency-68d04a11-24e6-470a-b053-40692413951...-6d54dadd-ba48-427e-bf93-65b708f0db63] INFO com.example.mattermost.MeetingSchedulerWorkflowImpl - dependenciesMet: ActionId: consolidate_availabilities_001, Dependency: ask_jasbir_availability_001, Status: PROCESSING, IsCompleted: false
[workflow-method-testDependency-68d04a11-24e6-470a-b053-40692413951...-6d54dadd-ba48-427e-bf93-65b708f0db63] INFO com.example.mattermost.MeetingSchedulerWorkflowImpl - dependenciesMet: ActionId: consolidate_availabilities_001, AllDependenciesMet: false
[workflow-method-testDependency-68d04a11-24e6-470a-b053-40692413951...-6d54dadd-ba48-427e-bf93-65b708f0db63] INFO com.example.mattermost.MeetingSchedulerWorkflowImpl - dependenciesMet: Checking dependencies for actionId: propose_final_time_for_approval_001
[workflow-method-testDependency-68d04a11-24e6-470a-b053-40692413951...-6d54dadd-ba48-427e-bf93-65b708f0db63] INFO com.example.mattermost.MeetingSchedulerWorkflowImpl - dependenciesMet: ActionId: propose_final_time_for_approval_001 has source dependencies: [consolidate_availabilities_001]
[workflow-method-testDependency-68d04a11-24e6-470a-b053-40692413951...-6d54dadd-ba48-427e-bf93-65b708f0db63] INFO com.example.mattermost.MeetingSchedulerWorkflowImpl - dependenciesMet: ActionId: propose_final_time_for_approval_001, Dependency: consolidate_availabilities_001, Status: PENDING, IsCompleted: false
[workflow-method-testDependency-68d04a11-24e6-470a-b053-40692413951...-6d54dadd-ba48-427e-bf93-65b708f0db63] INFO com.example.mattermost.MeetingSchedulerWorkflowImpl - dependenciesMet: ActionId: propose_final_time_for_approval_001, AllDependenciesMet: false
[workflow-method-testDependency-68d04a11-24e6-470a-b053-40692413951...-6d54dadd-ba48-427e-bf93-65b708f0db63] INFO com.example.mattermost.MeetingSchedulerWorkflowImpl - dependenciesMet: Checking dependencies for actionId: send_meeting_invite_001
[workflow-method-testDependency-68d04a11-24e6-470a-b053-40692413951...-6d54dadd-ba48-427e-bf93-65b708f0db63] INFO com.example.mattermost.MeetingSchedulerWorkflowImpl - dependenciesMet: ActionId: send_meeting_invite_001 has source dependencies: [propose_final_time_for_approval_001]
[workflow-method-testDependency-68d04a11-24e6-470a-b053-40692413951...-6d54dadd-ba48-427e-bf93-65b708f0db63] INFO com.example.mattermost.MeetingSchedulerWorkflowImpl - dependenciesMet: ActionId: send_meeting_invite_001, Dependency: propose_final_time_for_approval_001, Status: PENDING, IsCompleted: false
[workflow-method-testDependency-68d04a11-24e6-470a-b053-40692413951...-6d54dadd-ba48-427e-bf93-65b708f0db63] INFO com.example.mattermost.MeetingSchedulerWorkflowImpl - dependenciesMet: ActionId: send_meeting_invite_001, AllDependenciesMet: false
[workflow-method-testDependency-68d04a11-24e6-470a-b053-40692413951...-6d54dadd-ba48-427e-bf93-65b708f0db63] INFO com.example.mattermost.MeetingSchedulerWorkflowImpl - Main loop: Workflow.await condition check: newProcessableActions=false, workflowNowComplete=false
[signal onUserResponse] INFO com.example.mattermost.MeetingSchedulerWorkflowImpl - Signal: validateInputActivity returned true for action ask_jasbir_availability_001.
[signal onUserResponse] INFO com.example.mattermost.MeetingSchedulerWorkflowImpl - Input for action ask_jasbir_availability_001 is valid. Marking as COMPLETED.
[workflow-method-testDependency-68d04a11-24e6-470a-b053-40692413951...-6d54dadd-ba48-427e-bf93-65b708f0db63] INFO com.example.mattermost.MeetingSchedulerWorkflowImpl - getProcessableActions: Checking all nodes in currentGoal.
[workflow-method-testDependency-68d04a11-24e6-470a-b053-40692413951...-6d54dadd-ba48-427e-bf93-65b708f0db63] INFO com.example.mattermost.MeetingSchedulerWorkflowImpl - getProcessableActions: Node ID: get_requester_preferred_details_001, Status: COMPLETED, IsPending: false, DependenciesMet: false
[workflow-method-testDependency-68d04a11-24e6-470a-b053-40692413951...-6d54dadd-ba48-427e-bf93-65b708f0db63] INFO com.example.mattermost.MeetingSchedulerWorkflowImpl - getProcessableActions: Node ID: ask_arun_availability_001, Status: COMPLETED, IsPending: false, DependenciesMet: false
[workflow-method-testDependency-68d04a11-24e6-470a-b053-40692413951...-6d54dadd-ba48-427e-bf93-65b708f0db63] INFO com.example.mattermost.MeetingSchedulerWorkflowImpl - getProcessableActions: Node ID: ask_jasbir_availability_001, Status: COMPLETED, IsPending: false, DependenciesMet: false
[workflow-method-testDependency-68d04a11-24e6-470a-b053-40692413951...-6d54dadd-ba48-427e-bf93-65b708f0db63] INFO com.example.mattermost.MeetingSchedulerWorkflowImpl - dependenciesMet: Checking dependencies for actionId: consolidate_availabilities_001
[workflow-method-testDependency-68d04a11-24e6-470a-b053-40692413951...-6d54dadd-ba48-427e-bf93-65b708f0db63] INFO com.example.mattermost.MeetingSchedulerWorkflowImpl - dependenciesMet: ActionId: consolidate_availabilities_001 has source dependencies: [get_requester_preferred_details_001, ask_arun_availability_001, ask_jasbir_availability_001]
[workflow-method-testDependency-68d04a11-24e6-470a-b053-40692413951...-6d54dadd-ba48-427e-bf93-65b708f0db63] INFO com.example.mattermost.MeetingSchedulerWorkflowImpl - dependenciesMet: ActionId: consolidate_availabilities_001, Dependency: get_requester_preferred_details_001, Status: COMPLETED, IsCompleted: true
[workflow-method-testDependency-68d04a11-24e6-470a-b053-40692413951...-6d54dadd-ba48-427e-bf93-65b708f0db63] INFO com.example.mattermost.MeetingSchedulerWorkflowImpl - dependenciesMet: ActionId: consolidate_availabilities_001, Dependency: ask_arun_availability_001, Status: COMPLETED, IsCompleted: true
[workflow-method-testDependency-68d04a11-24e6-470a-b053-40692413951...-6d54dadd-ba48-427e-bf93-65b708f0db63] INFO com.example.mattermost.MeetingSchedulerWorkflowImpl - dependenciesMet: ActionId: consolidate_availabilities_001, Dependency: ask_jasbir_availability_001, Status: COMPLETED, IsCompleted: true
[workflow-method-testDependency-68d04a11-24e6-470a-b053-40692413951...-6d54dadd-ba48-427e-bf93-65b708f0db63] INFO com.example.mattermost.MeetingSchedulerWorkflowImpl - dependenciesMet: ActionId: consolidate_availabilities_001, AllDependenciesMet: true
[workflow-method-testDependency-68d04a11-24e6-470a-b053-40692413951...-6d54dadd-ba48-427e-bf93-65b708f0db63] INFO com.example.mattermost.MeetingSchedulerWorkflowImpl - getProcessableActions: Node ID: consolidate_availabilities_001, Status: PENDING, IsPending: true, DependenciesMet: true
[workflow-method-testDependency-68d04a11-24e6-470a-b053-40692413951...-6d54dadd-ba48-427e-bf93-65b708f0db63] INFO com.example.mattermost.MeetingSchedulerWorkflowImpl - dependenciesMet: Checking dependencies for actionId: propose_final_time_for_approval_001
[workflow-method-testDependency-68d04a11-24e6-470a-b053-40692413951...-6d54dadd-ba48-427e-bf93-65b708f0db63] INFO com.example.mattermost.MeetingSchedulerWorkflowImpl - dependenciesMet: ActionId: propose_final_time_for_approval_001 has source dependencies: [consolidate_availabilities_001]
[workflow-method-testDependency-68d04a11-24e6-470a-b053-40692413951...-6d54dadd-ba48-427e-bf93-65b708f0db63] INFO com.example.mattermost.MeetingSchedulerWorkflowImpl - dependenciesMet: ActionId: propose_final_time_for_approval_001, Dependency: consolidate_availabilities_001, Status: PENDING, IsCompleted: false
[workflow-method-testDependency-68d04a11-24e6-470a-b053-40692413951...-6d54dadd-ba48-427e-bf93-65b708f0db63] INFO com.example.mattermost.MeetingSchedulerWorkflowImpl - dependenciesMet: ActionId: propose_final_time_for_approval_001, AllDependenciesMet: false
[workflow-method-testDependency-68d04a11-24e6-470a-b053-40692413951...-6d54dadd-ba48-427e-bf93-65b708f0db63] INFO com.example.mattermost.MeetingSchedulerWorkflowImpl - getProcessableActions: Node ID: propose_final_time_for_approval_001, Status: PENDING, IsPending: true, DependenciesMet: false
[workflow-method-testDependency-68d04a11-24e6-470a-b053-40692413951...-6d54dadd-ba48-427e-bf93-65b708f0db63] INFO com.example.mattermost.MeetingSchedulerWorkflowImpl - dependenciesMet: Checking dependencies for actionId: send_meeting_invite_001
[workflow-method-testDependency-68d04a11-24e6-470a-b053-40692413951...-6d54dadd-ba48-427e-bf93-65b708f0db63] INFO com.example.mattermost.MeetingSchedulerWorkflowImpl - dependenciesMet: ActionId: send_meeting_invite_001 has source dependencies: [propose_final_time_for_approval_001]
[workflow-method-testDependency-68d04a11-24e6-470a-b053-40692413951...-6d54dadd-ba48-427e-bf93-65b708f0db63] INFO com.example.mattermost.MeetingSchedulerWorkflowImpl - dependenciesMet: ActionId: send_meeting_invite_001, Dependency: propose_final_time_for_approval_001, Status: PENDING, IsCompleted: false
[workflow-method-testDependency-68d04a11-24e6-470a-b053-40692413951...-6d54dadd-ba48-427e-bf93-65b708f0db63] INFO com.example.mattermost.MeetingSchedulerWorkflowImpl - dependenciesMet: ActionId: send_meeting_invite_001, AllDependenciesMet: false
[workflow-method-testDependency-68d04a11-24e6-470a-b053-40692413951...-6d54dadd-ba48-427e-bf93-65b708f0db63] INFO com.example.mattermost.MeetingSchedulerWorkflowImpl - getProcessableActions: Node ID: send_meeting_invite_001, Status: PENDING, IsPending: true, DependenciesMet: false
[workflow-method-testDependency-68d04a11-24e6-470a-b053-40692413951...-6d54dadd-ba48-427e-bf93-65b708f0db63] INFO com.example.mattermost.MeetingSchedulerWorkflowImpl - getProcessableActions: Returning 1 processable nodes.
[workflow-method-testDependency-68d04a11-24e6-470a-b053-40692413951...-6d54dadd-ba48-427e-bf93-65b708f0db63] INFO com.example.mattermost.MeetingSchedulerWorkflowImpl - getProcessableActions: Checking all nodes in currentGoal.
[workflow-method-testDependency-68d04a11-24e6-470a-b053-40692413951...-6d54dadd-ba48-427e-bf93-65b708f0db63] INFO com.example.mattermost.MeetingSchedulerWorkflowImpl - getProcessableActions: Node ID: get_requester_preferred_details_001, Status: COMPLETED, IsPending: false, DependenciesMet: false
[workflow-method-testDependency-68d04a11-24e6-470a-b053-40692413951...-6d54dadd-ba48-427e-bf93-65b708f0db63] INFO com.example.mattermost.MeetingSchedulerWorkflowImpl - getProcessableActions: Node ID: ask_arun_availability_001, Status: COMPLETED, IsPending: false, DependenciesMet: false
[workflow-method-testDependency-68d04a11-24e6-470a-b053-40692413951...-6d54dadd-ba48-427e-bf93-65b708f0db63] INFO com.example.mattermost.MeetingSchedulerWorkflowImpl - getProcessableActions: Node ID: ask_jasbir_availability_001, Status: COMPLETED, IsPending: false, DependenciesMet: false
[workflow-method-testDependency-68d04a11-24e6-470a-b053-40692413951...-6d54dadd-ba48-427e-bf93-65b708f0db63] INFO com.example.mattermost.MeetingSchedulerWorkflowImpl - dependenciesMet: Checking dependencies for actionId: consolidate_availabilities_001
[workflow-method-testDependency-68d04a11-24e6-470a-b053-40692413951...-6d54dadd-ba48-427e-bf93-65b708f0db63] INFO com.example.mattermost.MeetingSchedulerWorkflowImpl - dependenciesMet: ActionId: consolidate_availabilities_001 has source dependencies: [get_requester_preferred_details_001, ask_arun_availability_001, ask_jasbir_availability_001]
[workflow-method-testDependency-68d04a11-24e6-470a-b053-40692413951...-6d54dadd-ba48-427e-bf93-65b708f0db63] INFO com.example.mattermost.MeetingSchedulerWorkflowImpl - dependenciesMet: ActionId: consolidate_availabilities_001, Dependency: get_requester_preferred_details_001, Status: COMPLETED, IsCompleted: true
[workflow-method-testDependency-68d04a11-24e6-470a-b053-40692413951...-6d54dadd-ba48-427e-bf93-65b708f0db63] INFO com.example.mattermost.MeetingSchedulerWorkflowImpl - dependenciesMet: ActionId: consolidate_availabilities_001, Dependency: ask_arun_availability_001, Status: COMPLETED, IsCompleted: true
[workflow-method-testDependency-68d04a11-24e6-470a-b053-40692413951...-6d54dadd-ba48-427e-bf93-65b708f0db63] INFO com.example.mattermost.MeetingSchedulerWorkflowImpl - dependenciesMet: ActionId: consolidate_availabilities_001, Dependency: ask_jasbir_availability_001, Status: COMPLETED, IsCompleted: true
[workflow-method-testDependency-68d04a11-24e6-470a-b053-40692413951...-6d54dadd-ba48-427e-bf93-65b708f0db63] INFO com.example.mattermost.MeetingSchedulerWorkflowImpl - dependenciesMet: ActionId: consolidate_availabilities_001, AllDependenciesMet: true
[workflow-method-testDependency-68d04a11-24e6-470a-b053-40692413951...-6d54dadd-ba48-427e-bf93-65b708f0db63] INFO com.example.mattermost.MeetingSchedulerWorkflowImpl - getProcessableActions: Node ID: consolidate_availabilities_001, Status: PENDING, IsPending: true, DependenciesMet: true
[workflow-method-testDependency-68d04a11-24e6-470a-b053-40692413951...-6d54dadd-ba48-427e-bf93-65b708f0db63] INFO com.example.mattermost.MeetingSchedulerWorkflowImpl - dependenciesMet: Checking dependencies for actionId: propose_final_time_for_approval_001
[workflow-method-testDependency-68d04a11-24e6-470a-b053-40692413951...-6d54dadd-ba48-427e-bf93-65b708f0db63] INFO com.example.mattermost.MeetingSchedulerWorkflowImpl - dependenciesMet: ActionId: propose_final_time_for_approval_001 has source dependencies: [consolidate_availabilities_001]
[workflow-method-testDependency-68d04a11-24e6-470a-b053-40692413951...-6d54dadd-ba48-427e-bf93-65b708f0db63] INFO com.example.mattermost.MeetingSchedulerWorkflowImpl - dependenciesMet: ActionId: propose_final_time_for_approval_001, Dependency: consolidate_availabilities_001, Status: PENDING, IsCompleted: false
[workflow-method-testDependency-68d04a11-24e6-470a-b053-40692413951...-6d54dadd-ba48-427e-bf93-65b708f0db63] INFO com.example.mattermost.MeetingSchedulerWorkflowImpl - dependenciesMet: ActionId: propose_final_time_for_approval_001, AllDependenciesMet: false
[workflow-method-testDependency-68d04a11-24e6-470a-b053-40692413951...-6d54dadd-ba48-427e-bf93-65b708f0db63] INFO com.example.mattermost.MeetingSchedulerWorkflowImpl - getProcessableActions: Node ID: propose_final_time_for_approval_001, Status: PENDING, IsPending: true, DependenciesMet: false
[workflow-method-testDependency-68d04a11-24e6-470a-b053-40692413951...-6d54dadd-ba48-427e-bf93-65b708f0db63] INFO com.example.mattermost.MeetingSchedulerWorkflowImpl - dependenciesMet: Checking dependencies for actionId: send_meeting_invite_001
[workflow-method-testDependency-68d04a11-24e6-470a-b053-40692413951...-6d54dadd-ba48-427e-bf93-65b708f0db63] INFO com.example.mattermost.MeetingSchedulerWorkflowImpl - dependenciesMet: ActionId: send_meeting_invite_001 has source dependencies: [propose_final_time_for_approval_001]
[workflow-method-testDependency-68d04a11-24e6-470a-b053-40692413951...-6d54dadd-ba48-427e-bf93-65b708f0db63] INFO com.example.mattermost.MeetingSchedulerWorkflowImpl - dependenciesMet: ActionId: send_meeting_invite_001, Dependency: propose_final_time_for_approval_001, Status: PENDING, IsCompleted: false
[workflow-method-testDependency-68d04a11-24e6-470a-b053-40692413951...-6d54dadd-ba48-427e-bf93-65b708f0db63] INFO com.example.mattermost.MeetingSchedulerWorkflowImpl - dependenciesMet: ActionId: send_meeting_invite_001, AllDependenciesMet: false
[workflow-method-testDependency-68d04a11-24e6-470a-b053-40692413951...-6d54dadd-ba48-427e-bf93-65b708f0db63] INFO com.example.mattermost.MeetingSchedulerWorkflowImpl - getProcessableActions: Node ID: send_meeting_invite_001, Status: PENDING, IsPending: true, DependenciesMet: false
[workflow-method-testDependency-68d04a11-24e6-470a-b053-40692413951...-6d54dadd-ba48-427e-bf93-65b708f0db63] INFO com.example.mattermost.MeetingSchedulerWorkflowImpl - getProcessableActions: Returning 1 processable nodes.
[workflow-method-testDependency-68d04a11-24e6-470a-b053-40692413951...-6d54dadd-ba48-427e-bf93-65b708f0db63] INFO com.example.mattermost.MeetingSchedulerWorkflowImpl - Main loop: Workflow.await condition check: newProcessableActions=true, workflowNowComplete=false
[workflow-method-testDependency-68d04a11-24e6-470a-b053-40692413951...-6d54dadd-ba48-427e-bf93-65b708f0db63] INFO com.example.mattermost.MeetingSchedulerWorkflowImpl - Main loop: Awakened from Workflow.await().
[workflow-method-testDependency-68d04a11-24e6-470a-b053-40692413951...-6d54dadd-ba48-427e-bf93-65b708f0db63] INFO com.example.mattermost.MeetingSchedulerWorkflowImpl - getProcessableActions: Checking all nodes in currentGoal.
[workflow-method-testDependency-68d04a11-24e6-470a-b053-40692413951...-6d54dadd-ba48-427e-bf93-65b708f0db63] INFO com.example.mattermost.MeetingSchedulerWorkflowImpl - getProcessableActions: Node ID: get_requester_preferred_details_001, Status: COMPLETED, IsPending: false, DependenciesMet: false
[workflow-method-testDependency-68d04a11-24e6-470a-b053-40692413951...-6d54dadd-ba48-427e-bf93-65b708f0db63] INFO com.example.mattermost.MeetingSchedulerWorkflowImpl - getProcessableActions: Node ID: ask_arun_availability_001, Status: COMPLETED, IsPending: false, DependenciesMet: false
[workflow-method-testDependency-68d04a11-24e6-470a-b053-40692413951...-6d54dadd-ba48-427e-bf93-65b708f0db63] INFO com.example.mattermost.MeetingSchedulerWorkflowImpl - getProcessableActions: Node ID: ask_jasbir_availability_001, Status: COMPLETED, IsPending: false, DependenciesMet: false
[workflow-method-testDependency-68d04a11-24e6-470a-b053-40692413951...-6d54dadd-ba48-427e-bf93-65b708f0db63] INFO com.example.mattermost.MeetingSchedulerWorkflowImpl - dependenciesMet: Checking dependencies for actionId: consolidate_availabilities_001
[workflow-method-testDependency-68d04a11-24e6-470a-b053-40692413951...-6d54dadd-ba48-427e-bf93-65b708f0db63] INFO com.example.mattermost.MeetingSchedulerWorkflowImpl - dependenciesMet: ActionId: consolidate_availabilities_001 has source dependencies: [get_requester_preferred_details_001, ask_arun_availability_001, ask_jasbir_availability_001]
[workflow-method-testDependency-68d04a11-24e6-470a-b053-40692413951...-6d54dadd-ba48-427e-bf93-65b708f0db63] INFO com.example.mattermost.MeetingSchedulerWorkflowImpl - dependenciesMet: ActionId: consolidate_availabilities_001, Dependency: get_requester_preferred_details_001, Status: COMPLETED, IsCompleted: true
[workflow-method-testDependency-68d04a11-24e6-470a-b053-40692413951...-6d54dadd-ba48-427e-bf93-65b708f0db63] INFO com.example.mattermost.MeetingSchedulerWorkflowImpl - dependenciesMet: ActionId: consolidate_availabilities_001, Dependency: ask_arun_availability_001, Status: COMPLETED, IsCompleted: true
[workflow-method-testDependency-68d04a11-24e6-470a-b053-40692413951...-6d54dadd-ba48-427e-bf93-65b708f0db63] INFO com.example.mattermost.MeetingSchedulerWorkflowImpl - dependenciesMet: ActionId: consolidate_availabilities_001, Dependency: ask_jasbir_availability_001, Status: COMPLETED, IsCompleted: true
[workflow-method-testDependency-68d04a11-24e6-470a-b053-40692413951...-6d54dadd-ba48-427e-bf93-65b708f0db63] INFO com.example.mattermost.MeetingSchedulerWorkflowImpl - dependenciesMet: ActionId: consolidate_availabilities_001, AllDependenciesMet: true
[workflow-method-testDependency-68d04a11-24e6-470a-b053-40692413951...-6d54dadd-ba48-427e-bf93-65b708f0db63] INFO com.example.mattermost.MeetingSchedulerWorkflowImpl - getProcessableActions: Node ID: consolidate_availabilities_001, Status: PENDING, IsPending: true, DependenciesMet: true
[workflow-method-testDependency-68d04a11-24e6-470a-b053-40692413951...-6d54dadd-ba48-427e-bf93-65b708f0db63] INFO com.example.mattermost.MeetingSchedulerWorkflowImpl - dependenciesMet: Checking dependencies for actionId: propose_final_time_for_approval_001
[workflow-method-testDependency-68d04a11-24e6-470a-b053-40692413951...-6d54dadd-ba48-427e-bf93-65b708f0db63] INFO com.example.mattermost.MeetingSchedulerWorkflowImpl - dependenciesMet: ActionId: propose_final_time_for_approval_001 has source dependencies: [consolidate_availabilities_001]
[workflow-method-testDependency-68d04a11-24e6-470a-b053-40692413951...-6d54dadd-ba48-427e-bf93-65b708f0db63] INFO com.example.mattermost.MeetingSchedulerWorkflowImpl - dependenciesMet: ActionId: propose_final_time_for_approval_001, Dependency: consolidate_availabilities_001, Status: PENDING, IsCompleted: false
[workflow-method-testDependency-68d04a11-24e6-470a-b053-40692413951...-6d54dadd-ba48-427e-bf93-65b708f0db63] INFO com.example.mattermost.MeetingSchedulerWorkflowImpl - dependenciesMet: ActionId: propose_final_time_for_approval_001, AllDependenciesMet: false
[workflow-method-testDependency-68d04a11-24e6-470a-b053-40692413951...-6d54dadd-ba48-427e-bf93-65b708f0db63] INFO com.example.mattermost.MeetingSchedulerWorkflowImpl - getProcessableActions: Node ID: propose_final_time_for_approval_001, Status: PENDING, IsPending: true, DependenciesMet: false
[workflow-method-testDependency-68d04a11-24e6-470a-b053-40692413951...-6d54dadd-ba48-427e-bf93-65b708f0db63] INFO com.example.mattermost.MeetingSchedulerWorkflowImpl - dependenciesMet: Checking dependencies for actionId: send_meeting_invite_001
[workflow-method-testDependency-68d04a11-24e6-470a-b053-40692413951...-6d54dadd-ba48-427e-bf93-65b708f0db63] INFO com.example.mattermost.MeetingSchedulerWorkflowImpl - dependenciesMet: ActionId: send_meeting_invite_001 has source dependencies: [propose_final_time_for_approval_001]
[workflow-method-testDependency-68d04a11-24e6-470a-b053-40692413951...-6d54dadd-ba48-427e-bf93-65b708f0db63] INFO com.example.mattermost.MeetingSchedulerWorkflowImpl - dependenciesMet: ActionId: send_meeting_invite_001, Dependency: propose_final_time_for_approval_001, Status: PENDING, IsCompleted: false
[workflow-method-testDependency-68d04a11-24e6-470a-b053-40692413951...-6d54dadd-ba48-427e-bf93-65b708f0db63] INFO com.example.mattermost.MeetingSchedulerWorkflowImpl - dependenciesMet: ActionId: send_meeting_invite_001, AllDependenciesMet: false
[workflow-method-testDependency-68d04a11-24e6-470a-b053-40692413951...-6d54dadd-ba48-427e-bf93-65b708f0db63] INFO com.example.mattermost.MeetingSchedulerWorkflowImpl - getProcessableActions: Node ID: send_meeting_invite_001, Status: PENDING, IsPending: true, DependenciesMet: false
[workflow-method-testDependency-68d04a11-24e6-470a-b053-40692413951...-6d54dadd-ba48-427e-bf93-65b708f0db63] INFO com.example.mattermost.MeetingSchedulerWorkflowImpl - getProcessableActions: Returning 1 processable nodes.
[workflow-method-testDependency-68d04a11-24e6-470a-b053-40692413951...-6d54dadd-ba48-427e-bf93-65b708f0db63] INFO com.example.mattermost.MeetingSchedulerWorkflowImpl - Main loop: Re-checked processable actions after await: [consolidate_availabilities_001]. Count: 1
[workflow-method-testDependency-68d04a11-24e6-470a-b053-40692413951...-6d54dadd-ba48-427e-bf93-65b708f0db63] INFO com.example.mattermost.MeetingSchedulerWorkflowImpl - getProcessableActions: Checking all nodes in currentGoal.
[workflow-method-testDependency-68d04a11-24e6-470a-b053-40692413951...-6d54dadd-ba48-427e-bf93-65b708f0db63] INFO com.example.mattermost.MeetingSchedulerWorkflowImpl - getProcessableActions: Node ID: get_requester_preferred_details_001, Status: COMPLETED, IsPending: false, DependenciesMet: false
[workflow-method-testDependency-68d04a11-24e6-470a-b053-40692413951...-6d54dadd-ba48-427e-bf93-65b708f0db63] INFO com.example.mattermost.MeetingSchedulerWorkflowImpl - getProcessableActions: Node ID: ask_arun_availability_001, Status: COMPLETED, IsPending: false, DependenciesMet: false
[workflow-method-testDependency-68d04a11-24e6-470a-b053-40692413951...-6d54dadd-ba48-427e-bf93-65b708f0db63] INFO com.example.mattermost.MeetingSchedulerWorkflowImpl - getProcessableActions: Node ID: ask_jasbir_availability_001, Status: COMPLETED, IsPending: false, DependenciesMet: false
[workflow-method-testDependency-68d04a11-24e6-470a-b053-40692413951...-6d54dadd-ba48-427e-bf93-65b708f0db63] INFO com.example.mattermost.MeetingSchedulerWorkflowImpl - dependenciesMet: Checking dependencies for actionId: consolidate_availabilities_001
[workflow-method-testDependency-68d04a11-24e6-470a-b053-40692413951...-6d54dadd-ba48-427e-bf93-65b708f0db63] INFO com.example.mattermost.MeetingSchedulerWorkflowImpl - dependenciesMet: ActionId: consolidate_availabilities_001 has source dependencies: [get_requester_preferred_details_001, ask_arun_availability_001, ask_jasbir_availability_001]
[workflow-method-testDependency-68d04a11-24e6-470a-b053-40692413951...-6d54dadd-ba48-427e-bf93-65b708f0db63] INFO com.example.mattermost.MeetingSchedulerWorkflowImpl - dependenciesMet: ActionId: consolidate_availabilities_001, Dependency: get_requester_preferred_details_001, Status: COMPLETED, IsCompleted: true
[workflow-method-testDependency-68d04a11-24e6-470a-b053-40692413951...-6d54dadd-ba48-427e-bf93-65b708f0db63] INFO com.example.mattermost.MeetingSchedulerWorkflowImpl - dependenciesMet: ActionId: consolidate_availabilities_001, Dependency: ask_arun_availability_001, Status: COMPLETED, IsCompleted: true
[workflow-method-testDependency-68d04a11-24e6-470a-b053-40692413951...-6d54dadd-ba48-427e-bf93-65b708f0db63] INFO com.example.mattermost.MeetingSchedulerWorkflowImpl - dependenciesMet: ActionId: consolidate_availabilities_001, Dependency: ask_jasbir_availability_001, Status: COMPLETED, IsCompleted: true
[workflow-method-testDependency-68d04a11-24e6-470a-b053-40692413951...-6d54dadd-ba48-427e-bf93-65b708f0db63] INFO com.example.mattermost.MeetingSchedulerWorkflowImpl - dependenciesMet: ActionId: consolidate_availabilities_001, AllDependenciesMet: true
[workflow-method-testDependency-68d04a11-24e6-470a-b053-40692413951...-6d54dadd-ba48-427e-bf93-65b708f0db63] INFO com.example.mattermost.MeetingSchedulerWorkflowImpl - getProcessableActions: Node ID: consolidate_availabilities_001, Status: PENDING, IsPending: true, DependenciesMet: true
[workflow-method-testDependency-68d04a11-24e6-470a-b053-40692413951...-6d54dadd-ba48-427e-bf93-65b708f0db63] INFO com.example.mattermost.MeetingSchedulerWorkflowImpl - dependenciesMet: Checking dependencies for actionId: propose_final_time_for_approval_001
[workflow-method-testDependency-68d04a11-24e6-470a-b053-40692413951...-6d54dadd-ba48-427e-bf93-65b708f0db63] INFO com.example.mattermost.MeetingSchedulerWorkflowImpl - dependenciesMet: ActionId: propose_final_time_for_approval_001 has source dependencies: [consolidate_availabilities_001]
[workflow-method-testDependency-68d04a11-24e6-470a-b053-40692413951...-6d54dadd-ba48-427e-bf93-65b708f0db63] INFO com.example.mattermost.MeetingSchedulerWorkflowImpl - dependenciesMet: ActionId: propose_final_time_for_approval_001, Dependency: consolidate_availabilities_001, Status: PENDING, IsCompleted: false
[workflow-method-testDependency-68d04a11-24e6-470a-b053-40692413951...-6d54dadd-ba48-427e-bf93-65b708f0db63] INFO com.example.mattermost.MeetingSchedulerWorkflowImpl - dependenciesMet: ActionId: propose_final_time_for_approval_001, AllDependenciesMet: false
[workflow-method-testDependency-68d04a11-24e6-470a-b053-40692413951...-6d54dadd-ba48-427e-bf93-65b708f0db63] INFO com.example.mattermost.MeetingSchedulerWorkflowImpl - getProcessableActions: Node ID: propose_final_time_for_approval_001, Status: PENDING, IsPending: true, DependenciesMet: false
[workflow-method-testDependency-68d04a11-24e6-470a-b053-40692413951...-6d54dadd-ba48-427e-bf93-65b708f0db63] INFO com.example.mattermost.MeetingSchedulerWorkflowImpl - dependenciesMet: Checking dependencies for actionId: send_meeting_invite_001
[workflow-method-testDependency-68d04a11-24e6-470a-b053-40692413951...-6d54dadd-ba48-427e-bf93-65b708f0db63] INFO com.example.mattermost.MeetingSchedulerWorkflowImpl - dependenciesMet: ActionId: send_meeting_invite_001 has source dependencies: [propose_final_time_for_approval_001]
[workflow-method-testDependency-68d04a11-24e6-470a-b053-40692413951...-6d54dadd-ba48-427e-bf93-65b708f0db63] INFO com.example.mattermost.MeetingSchedulerWorkflowImpl - dependenciesMet: ActionId: send_meeting_invite_001, Dependency: propose_final_time_for_approval_001, Status: PENDING, IsCompleted: false
[workflow-method-testDependency-68d04a11-24e6-470a-b053-40692413951...-6d54dadd-ba48-427e-bf93-65b708f0db63] INFO com.example.mattermost.MeetingSchedulerWorkflowImpl - dependenciesMet: ActionId: send_meeting_invite_001, AllDependenciesMet: false
[workflow-method-testDependency-68d04a11-24e6-470a-b053-40692413951...-6d54dadd-ba48-427e-bf93-65b708f0db63] INFO com.example.mattermost.MeetingSchedulerWorkflowImpl - getProcessableActions: Node ID: send_meeting_invite_001, Status: PENDING, IsPending: true, DependenciesMet: false
[workflow-method-testDependency-68d04a11-24e6-470a-b053-40692413951...-6d54dadd-ba48-427e-bf93-65b708f0db63] INFO com.example.mattermost.MeetingSchedulerWorkflowImpl - getProcessableActions: Returning 1 processable nodes.
[workflow-method-testDependency-68d04a11-24e6-470a-b053-40692413951...-6d54dadd-ba48-427e-bf93-65b708f0db63] INFO com.example.mattermost.MeetingSchedulerWorkflowImpl - Main loop: Evaluating action consolidate_availabilities_001 with status PENDING
[workflow-method-testDependency-68d04a11-24e6-470a-b053-40692413951...-6d54dadd-ba48-427e-bf93-65b708f0db63] INFO com.example.mattermost.MeetingSchedulerWorkflowImpl - Main loop: Processing PENDING action: consolidate_availabilities_001
[workflow-method-testDependency-68d04a11-24e6-470a-b053-40692413951...-6d54dadd-ba48-427e-bf93-65b708f0db63] INFO com.example.mattermost.MeetingSchedulerWorkflowImpl - Main loop: Generated prompt for action consolidate_availabilities_001: 'Please provide input for action: Consolidate All Availabilities'
[workflow-method-testDependency-68d04a11-24e6-470a-b053-40692413951...-6d54dadd-ba48-427e-bf93-65b708f0db63] INFO com.example.mattermost.MeetingSchedulerWorkflowImpl - Main loop: About to call askUserActivity.ask for action consolidate_availabilities_001
[workflow-method-testDependency-68d04a11-24e6-470a-b053-40692413951...-6d54dadd-ba48-427e-bf93-65b708f0db63] INFO com.example.mattermost.MeetingSchedulerWorkflowImpl - Main loop: askUserActivity.ask called for action consolidate_availabilities_001. Setting status to WAITING_FOR_INPUT.
[workflow-method-testDependency-68d04a11-24e6-470a-b053-40692413951...-6d54dadd-ba48-427e-bf93-65b708f0db63] INFO com.example.mattermost.MeetingSchedulerWorkflowImpl - Action consolidate_availabilities_001 is now WAITING_FOR_INPUT.
[workflow-method-testDependency-68d04a11-24e6-470a-b053-40692413951...-6d54dadd-ba48-427e-bf93-65b708f0db63] INFO com.example.mattermost.MeetingSchedulerWorkflowImpl - getProcessableActions: Checking all nodes in currentGoal.
[workflow-method-testDependency-68d04a11-24e6-470a-b053-40692413951...-6d54dadd-ba48-427e-bf93-65b708f0db63] INFO com.example.mattermost.MeetingSchedulerWorkflowImpl - getProcessableActions: Node ID: get_requester_preferred_details_001, Status: COMPLETED, IsPending: false, DependenciesMet: false
[workflow-method-testDependency-68d04a11-24e6-470a-b053-40692413951...-6d54dadd-ba48-427e-bf93-65b708f0db63] INFO com.example.mattermost.MeetingSchedulerWorkflowImpl - getProcessableActions: Node ID: ask_arun_availability_001, Status: COMPLETED, IsPending: false, DependenciesMet: false
[workflow-method-testDependency-68d04a11-24e6-470a-b053-40692413951...-6d54dadd-ba48-427e-bf93-65b708f0db63] INFO com.example.mattermost.MeetingSchedulerWorkflowImpl - getProcessableActions: Node ID: ask_jasbir_availability_001, Status: COMPLETED, IsPending: false, DependenciesMet: false
[workflow-method-testDependency-68d04a11-24e6-470a-b053-40692413951...-6d54dadd-ba48-427e-bf93-65b708f0db63] INFO com.example.mattermost.MeetingSchedulerWorkflowImpl - getProcessableActions: Node ID: consolidate_availabilities_001, Status: WAITING_FOR_INPUT, IsPending: false, DependenciesMet: false
[workflow-method-testDependency-68d04a11-24e6-470a-b053-40692413951...-6d54dadd-ba48-427e-bf93-65b708f0db63] INFO com.example.mattermost.MeetingSchedulerWorkflowImpl - dependenciesMet: Checking dependencies for actionId: propose_final_time_for_approval_001
[workflow-method-testDependency-68d04a11-24e6-470a-b053-40692413951...-6d54dadd-ba48-427e-bf93-65b708f0db63] INFO com.example.mattermost.MeetingSchedulerWorkflowImpl - dependenciesMet: ActionId: propose_final_time_for_approval_001 has source dependencies: [consolidate_availabilities_001]
[workflow-method-testDependency-68d04a11-24e6-470a-b053-40692413951...-6d54dadd-ba48-427e-bf93-65b708f0db63] INFO com.example.mattermost.MeetingSchedulerWorkflowImpl - dependenciesMet: ActionId: propose_final_time_for_approval_001, Dependency: consolidate_availabilities_001, Status: WAITING_FOR_INPUT, IsCompleted: false
[workflow-method-testDependency-68d04a11-24e6-470a-b053-40692413951...-6d54dadd-ba48-427e-bf93-65b708f0db63] INFO com.example.mattermost.MeetingSchedulerWorkflowImpl - dependenciesMet: ActionId: propose_final_time_for_approval_001, AllDependenciesMet: false
[workflow-method-testDependency-68d04a11-24e6-470a-b053-40692413951...-6d54dadd-ba48-427e-bf93-65b708f0db63] INFO com.example.mattermost.MeetingSchedulerWorkflowImpl - getProcessableActions: Node ID: propose_final_time_for_approval_001, Status: PENDING, IsPending: true, DependenciesMet: false
[workflow-method-testDependency-68d04a11-24e6-470a-b053-40692413951...-6d54dadd-ba48-427e-bf93-65b708f0db63] INFO com.example.mattermost.MeetingSchedulerWorkflowImpl - dependenciesMet: Checking dependencies for actionId: send_meeting_invite_001
[workflow-method-testDependency-68d04a11-24e6-470a-b053-40692413951...-6d54dadd-ba48-427e-bf93-65b708f0db63] INFO com.example.mattermost.MeetingSchedulerWorkflowImpl - dependenciesMet: ActionId: send_meeting_invite_001 has source dependencies: [propose_final_time_for_approval_001]
[workflow-method-testDependency-68d04a11-24e6-470a-b053-40692413951...-6d54dadd-ba48-427e-bf93-65b708f0db63] INFO com.example.mattermost.MeetingSchedulerWorkflowImpl - dependenciesMet: ActionId: send_meeting_invite_001, Dependency: propose_final_time_for_approval_001, Status: PENDING, IsCompleted: false
[workflow-method-testDependency-68d04a11-24e6-470a-b053-40692413951...-6d54dadd-ba48-427e-bf93-65b708f0db63] INFO com.example.mattermost.MeetingSchedulerWorkflowImpl - dependenciesMet: ActionId: send_meeting_invite_001, AllDependenciesMet: false
[workflow-method-testDependency-68d04a11-24e6-470a-b053-40692413951...-6d54dadd-ba48-427e-bf93-65b708f0db63] INFO com.example.mattermost.MeetingSchedulerWorkflowImpl - getProcessableActions: Node ID: send_meeting_invite_001, Status: PENDING, IsPending: true, DependenciesMet: false
[workflow-method-testDependency-68d04a11-24e6-470a-b053-40692413951...-6d54dadd-ba48-427e-bf93-65b708f0db63] INFO com.example.mattermost.MeetingSchedulerWorkflowImpl - getProcessableActions: Returning 0 processable nodes.
[workflow-method-testDependency-68d04a11-24e6-470a-b053-40692413951...-6d54dadd-ba48-427e-bf93-65b708f0db63] WARN com.example.mattermost.MeetingSchedulerWorkflowImpl - Potential deadlock or all remaining actions are waiting for external signals. Workflow might be stuck if no signals arrive.
[workflow-method-testDependency-68d04a11-24e6-470a-b053-40692413951...-6d54dadd-ba48-427e-bf93-65b708f0db63] INFO com.example.mattermost.MeetingSchedulerWorkflowImpl - dependenciesMet: Checking dependencies for actionId: propose_final_time_for_approval_001
[workflow-method-testDependency-68d04a11-24e6-470a-b053-40692413951...-6d54dadd-ba48-427e-bf93-65b708f0db63] INFO com.example.mattermost.MeetingSchedulerWorkflowImpl - dependenciesMet: ActionId: propose_final_time_for_approval_001 has source dependencies: [consolidate_availabilities_001]
[workflow-method-testDependency-68d04a11-24e6-470a-b053-40692413951...-6d54dadd-ba48-427e-bf93-65b708f0db63] INFO com.example.mattermost.MeetingSchedulerWorkflowImpl - dependenciesMet: ActionId: propose_final_time_for_approval_001, Dependency: consolidate_availabilities_001, Status: WAITING_FOR_INPUT, IsCompleted: false
[workflow-method-testDependency-68d04a11-24e6-470a-b053-40692413951...-6d54dadd-ba48-427e-bf93-65b708f0db63] INFO com.example.mattermost.MeetingSchedulerWorkflowImpl - dependenciesMet: ActionId: propose_final_time_for_approval_001, AllDependenciesMet: false
[workflow-method-testDependency-68d04a11-24e6-470a-b053-40692413951...-6d54dadd-ba48-427e-bf93-65b708f0db63] INFO com.example.mattermost.MeetingSchedulerWorkflowImpl - dependenciesMet: Checking dependencies for actionId: send_meeting_invite_001
[workflow-method-testDependency-68d04a11-24e6-470a-b053-40692413951...-6d54dadd-ba48-427e-bf93-65b708f0db63] INFO com.example.mattermost.MeetingSchedulerWorkflowImpl - dependenciesMet: ActionId: send_meeting_invite_001 has source dependencies: [propose_final_time_for_approval_001]
[workflow-method-testDependency-68d04a11-24e6-470a-b053-40692413951...-6d54dadd-ba48-427e-bf93-65b708f0db63] INFO com.example.mattermost.MeetingSchedulerWorkflowImpl - dependenciesMet: ActionId: send_meeting_invite_001, Dependency: propose_final_time_for_approval_001, Status: PENDING, IsCompleted: false
[workflow-method-testDependency-68d04a11-24e6-470a-b053-40692413951...-6d54dadd-ba48-427e-bf93-65b708f0db63] INFO com.example.mattermost.MeetingSchedulerWorkflowImpl - dependenciesMet: ActionId: send_meeting_invite_001, AllDependenciesMet: false
[workflow-method-testDependency-68d04a11-24e6-470a-b053-40692413951...-6d54dadd-ba48-427e-bf93-65b708f0db63] INFO com.example.mattermost.MeetingSchedulerWorkflowImpl - Main loop: Checking processable actions.
[workflow-method-testDependency-68d04a11-24e6-470a-b053-40692413951...-6d54dadd-ba48-427e-bf93-65b708f0db63] INFO com.example.mattermost.MeetingSchedulerWorkflowImpl - getProcessableActions: Checking all nodes in currentGoal.
[workflow-method-testDependency-68d04a11-24e6-470a-b053-40692413951...-6d54dadd-ba48-427e-bf93-65b708f0db63] INFO com.example.mattermost.MeetingSchedulerWorkflowImpl - getProcessableActions: Node ID: get_requester_preferred_details_001, Status: COMPLETED, IsPending: false, DependenciesMet: false
[workflow-method-testDependency-68d04a11-24e6-470a-b053-40692413951...-6d54dadd-ba48-427e-bf93-65b708f0db63] INFO com.example.mattermost.MeetingSchedulerWorkflowImpl - getProcessableActions: Node ID: ask_arun_availability_001, Status: COMPLETED, IsPending: false, DependenciesMet: false
[workflow-method-testDependency-68d04a11-24e6-470a-b053-40692413951...-6d54dadd-ba48-427e-bf93-65b708f0db63] INFO com.example.mattermost.MeetingSchedulerWorkflowImpl - getProcessableActions: Node ID: ask_jasbir_availability_001, Status: COMPLETED, IsPending: false, DependenciesMet: false
[workflow-method-testDependency-68d04a11-24e6-470a-b053-40692413951...-6d54dadd-ba48-427e-bf93-65b708f0db63] INFO com.example.mattermost.MeetingSchedulerWorkflowImpl - getProcessableActions: Node ID: consolidate_availabilities_001, Status: WAITING_FOR_INPUT, IsPending: false, DependenciesMet: false
[workflow-method-testDependency-68d04a11-24e6-470a-b053-40692413951...-6d54dadd-ba48-427e-bf93-65b708f0db63] INFO com.example.mattermost.MeetingSchedulerWorkflowImpl - dependenciesMet: Checking dependencies for actionId: propose_final_time_for_approval_001
[workflow-method-testDependency-68d04a11-24e6-470a-b053-40692413951...-6d54dadd-ba48-427e-bf93-65b708f0db63] INFO com.example.mattermost.MeetingSchedulerWorkflowImpl - dependenciesMet: ActionId: propose_final_time_for_approval_001 has source dependencies: [consolidate_availabilities_001]
[workflow-method-testDependency-68d04a11-24e6-470a-b053-40692413951...-6d54dadd-ba48-427e-bf93-65b708f0db63] INFO com.example.mattermost.MeetingSchedulerWorkflowImpl - dependenciesMet: ActionId: propose_final_time_for_approval_001, Dependency: consolidate_availabilities_001, Status: WAITING_FOR_INPUT, IsCompleted: false
[workflow-method-testDependency-68d04a11-24e6-470a-b053-40692413951...-6d54dadd-ba48-427e-bf93-65b708f0db63] INFO com.example.mattermost.MeetingSchedulerWorkflowImpl - dependenciesMet: ActionId: propose_final_time_for_approval_001, AllDependenciesMet: false
[workflow-method-testDependency-68d04a11-24e6-470a-b053-40692413951...-6d54dadd-ba48-427e-bf93-65b708f0db63] INFO com.example.mattermost.MeetingSchedulerWorkflowImpl - getProcessableActions: Node ID: propose_final_time_for_approval_001, Status: PENDING, IsPending: true, DependenciesMet: false
[workflow-method-testDependency-68d04a11-24e6-470a-b053-40692413951...-6d54dadd-ba48-427e-bf93-65b708f0db63] INFO com.example.mattermost.MeetingSchedulerWorkflowImpl - dependenciesMet: Checking dependencies for actionId: send_meeting_invite_001
[workflow-method-testDependency-68d04a11-24e6-470a-b053-40692413951...-6d54dadd-ba48-427e-bf93-65b708f0db63] INFO com.example.mattermost.MeetingSchedulerWorkflowImpl - dependenciesMet: ActionId: send_meeting_invite_001 has source dependencies: [propose_final_time_for_approval_001]
[workflow-method-testDependency-68d04a11-24e6-470a-b053-40692413951...-6d54dadd-ba48-427e-bf93-65b708f0db63] INFO com.example.mattermost.MeetingSchedulerWorkflowImpl - dependenciesMet: ActionId: send_meeting_invite_001, Dependency: propose_final_time_for_approval_001, Status: PENDING, IsCompleted: false
[workflow-method-testDependency-68d04a11-24e6-470a-b053-40692413951...-6d54dadd-ba48-427e-bf93-65b708f0db63] INFO com.example.mattermost.MeetingSchedulerWorkflowImpl - dependenciesMet: ActionId: send_meeting_invite_001, AllDependenciesMet: false
[workflow-method-testDependency-68d04a11-24e6-470a-b053-40692413951...-6d54dadd-ba48-427e-bf93-65b708f0db63] INFO com.example.mattermost.MeetingSchedulerWorkflowImpl - getProcessableActions: Node ID: send_meeting_invite_001, Status: PENDING, IsPending: true, DependenciesMet: false
[workflow-method-testDependency-68d04a11-24e6-470a-b053-40692413951...-6d54dadd-ba48-427e-bf93-65b708f0db63] INFO com.example.mattermost.MeetingSchedulerWorkflowImpl - getProcessableActions: Returning 0 processable nodes.
[workflow-method-testDependency-68d04a11-24e6-470a-b053-40692413951...-6d54dadd-ba48-427e-bf93-65b708f0db63] INFO com.example.mattermost.MeetingSchedulerWorkflowImpl - Main loop: Found 0 processable actions: []
[workflow-method-testDependency-68d04a11-24e6-470a-b053-40692413951...-6d54dadd-ba48-427e-bf93-65b708f0db63] INFO com.example.mattermost.MeetingSchedulerWorkflowImpl - getProcessableActions: Checking all nodes in currentGoal.
[workflow-method-testDependency-68d04a11-24e6-470a-b053-40692413951...-6d54dadd-ba48-427e-bf93-65b708f0db63] INFO com.example.mattermost.MeetingSchedulerWorkflowImpl - getProcessableActions: Node ID: get_requester_preferred_details_001, Status: COMPLETED, IsPending: false, DependenciesMet: false
[workflow-method-testDependency-68d04a11-24e6-470a-b053-40692413951...-6d54dadd-ba48-427e-bf93-65b708f0db63] INFO com.example.mattermost.MeetingSchedulerWorkflowImpl - getProcessableActions: Node ID: ask_arun_availability_001, Status: COMPLETED, IsPending: false, DependenciesMet: false
[workflow-method-testDependency-68d04a11-24e6-470a-b053-40692413951...-6d54dadd-ba48-427e-bf93-65b708f0db63] INFO com.example.mattermost.MeetingSchedulerWorkflowImpl - getProcessableActions: Node ID: ask_jasbir_availability_001, Status: COMPLETED, IsPending: false, DependenciesMet: false
[workflow-method-testDependency-68d04a11-24e6-470a-b053-40692413951...-6d54dadd-ba48-427e-bf93-65b708f0db63] INFO com.example.mattermost.MeetingSchedulerWorkflowImpl - getProcessableActions: Node ID: consolidate_availabilities_001, Status: WAITING_FOR_INPUT, IsPending: false, DependenciesMet: false
[workflow-method-testDependency-68d04a11-24e6-470a-b053-40692413951...-6d54dadd-ba48-427e-bf93-65b708f0db63] INFO com.example.mattermost.MeetingSchedulerWorkflowImpl - dependenciesMet: Checking dependencies for actionId: propose_final_time_for_approval_001
[workflow-method-testDependency-68d04a11-24e6-470a-b053-40692413951...-6d54dadd-ba48-427e-bf93-65b708f0db63] INFO com.example.mattermost.MeetingSchedulerWorkflowImpl - dependenciesMet: ActionId: propose_final_time_for_approval_001 has source dependencies: [consolidate_availabilities_001]
[workflow-method-testDependency-68d04a11-24e6-470a-b053-40692413951...-6d54dadd-ba48-427e-bf93-65b708f0db63] INFO com.example.mattermost.MeetingSchedulerWorkflowImpl - dependenciesMet: ActionId: propose_final_time_for_approval_001, Dependency: consolidate_availabilities_001, Status: WAITING_FOR_INPUT, IsCompleted: false
[workflow-method-testDependency-68d04a11-24e6-470a-b053-40692413951...-6d54dadd-ba48-427e-bf93-65b708f0db63] INFO com.example.mattermost.MeetingSchedulerWorkflowImpl - dependenciesMet: ActionId: propose_final_time_for_approval_001, AllDependenciesMet: false
[workflow-method-testDependency-68d04a11-24e6-470a-b053-40692413951...-6d54dadd-ba48-427e-bf93-65b708f0db63] INFO com.example.mattermost.MeetingSchedulerWorkflowImpl - getProcessableActions: Node ID: propose_final_time_for_approval_001, Status: PENDING, IsPending: true, DependenciesMet: false
[workflow-method-testDependency-68d04a11-24e6-470a-b053-40692413951...-6d54dadd-ba48-427e-bf93-65b708f0db63] INFO com.example.mattermost.MeetingSchedulerWorkflowImpl - dependenciesMet: Checking dependencies for actionId: send_meeting_invite_001
[workflow-method-testDependency-68d04a11-24e6-470a-b053-40692413951...-6d54dadd-ba48-427e-bf93-65b708f0db63] INFO com.example.mattermost.MeetingSchedulerWorkflowImpl - dependenciesMet: ActionId: send_meeting_invite_001 has source dependencies: [propose_final_time_for_approval_001]
[workflow-method-testDependency-68d04a11-24e6-470a-b053-40692413951...-6d54dadd-ba48-427e-bf93-65b708f0db63] INFO com.example.mattermost.MeetingSchedulerWorkflowImpl - dependenciesMet: ActionId: send_meeting_invite_001, Dependency: propose_final_time_for_approval_001, Status: PENDING, IsCompleted: false
[workflow-method-testDependency-68d04a11-24e6-470a-b053-40692413951...-6d54dadd-ba48-427e-bf93-65b708f0db63] INFO com.example.mattermost.MeetingSchedulerWorkflowImpl - dependenciesMet: ActionId: send_meeting_invite_001, AllDependenciesMet: false
[workflow-method-testDependency-68d04a11-24e6-470a-b053-40692413951...-6d54dadd-ba48-427e-bf93-65b708f0db63] INFO com.example.mattermost.MeetingSchedulerWorkflowImpl - getProcessableActions: Node ID: send_meeting_invite_001, Status: PENDING, IsPending: true, DependenciesMet: false
[workflow-method-testDependency-68d04a11-24e6-470a-b053-40692413951...-6d54dadd-ba48-427e-bf93-65b708f0db63] INFO com.example.mattermost.MeetingSchedulerWorkflowImpl - getProcessableActions: Returning 0 processable nodes.
[workflow-method-testDependency-68d04a11-24e6-470a-b053-40692413951...-6d54dadd-ba48-427e-bf93-65b708f0db63] WARN com.example.mattermost.MeetingSchedulerWorkflowImpl - Potential deadlock or all remaining actions are waiting for external signals. Workflow might be stuck if no signals arrive.
[workflow-method-testDependency-68d04a11-24e6-470a-b053-40692413951...-6d54dadd-ba48-427e-bf93-65b708f0db63] INFO com.example.mattermost.MeetingSchedulerWorkflowImpl - dependenciesMet: Checking dependencies for actionId: propose_final_time_for_approval_001
[workflow-method-testDependency-68d04a11-24e6-470a-b053-40692413951...-6d54dadd-ba48-427e-bf93-65b708f0db63] INFO com.example.mattermost.MeetingSchedulerWorkflowImpl - dependenciesMet: ActionId: propose_final_time_for_approval_001 has source dependencies: [consolidate_availabilities_001]
[workflow-method-testDependency-68d04a11-24e6-470a-b053-40692413951...-6d54dadd-ba48-427e-bf93-65b708f0db63] INFO com.example.mattermost.MeetingSchedulerWorkflowImpl - dependenciesMet: ActionId: propose_final_time_for_approval_001, Dependency: consolidate_availabilities_001, Status: WAITING_FOR_INPUT, IsCompleted: false
[workflow-method-testDependency-68d04a11-24e6-470a-b053-40692413951...-6d54dadd-ba48-427e-bf93-65b708f0db63] INFO com.example.mattermost.MeetingSchedulerWorkflowImpl - dependenciesMet: ActionId: propose_final_time_for_approval_001, AllDependenciesMet: false
[workflow-method-testDependency-68d04a11-24e6-470a-b053-40692413951...-6d54dadd-ba48-427e-bf93-65b708f0db63] INFO com.example.mattermost.MeetingSchedulerWorkflowImpl - dependenciesMet: Checking dependencies for actionId: send_meeting_invite_001
[workflow-method-testDependency-68d04a11-24e6-470a-b053-40692413951...-6d54dadd-ba48-427e-bf93-65b708f0db63] INFO com.example.mattermost.MeetingSchedulerWorkflowImpl - dependenciesMet: ActionId: send_meeting_invite_001 has source dependencies: [propose_final_time_for_approval_001]
[workflow-method-testDependency-68d04a11-24e6-470a-b053-40692413951...-6d54dadd-ba48-427e-bf93-65b708f0db63] INFO com.example.mattermost.MeetingSchedulerWorkflowImpl - dependenciesMet: ActionId: send_meeting_invite_001, Dependency: propose_final_time_for_approval_001, Status: PENDING, IsCompleted: false
[workflow-method-testDependency-68d04a11-24e6-470a-b053-40692413951...-6d54dadd-ba48-427e-bf93-65b708f0db63] INFO com.example.mattermost.MeetingSchedulerWorkflowImpl - dependenciesMet: ActionId: send_meeting_invite_001, AllDependenciesMet: false
[workflow-method-testDependency-68d04a11-24e6-470a-b053-40692413951...-6d54dadd-ba48-427e-bf93-65b708f0db63] INFO com.example.mattermost.MeetingSchedulerWorkflowImpl - Main loop: No actions currently processable. Waiting for signals or workflow completion. Current statuses: {get_requester_preferred_details_001=COMPLETED, propose_final_time_for_approval_001=PENDING, ask_arun_availability_001=COMPLETED, consolidate_availabilities_001=WAITING_FOR_INPUT, send_meeting_invite_001=PENDING, ask_jasbir_availability_001=COMPLETED}
[workflow-method-testDependency-68d04a11-24e6-470a-b053-40692413951...-6d54dadd-ba48-427e-bf93-65b708f0db63] INFO com.example.mattermost.MeetingSchedulerWorkflowImpl - getProcessableActions: Checking all nodes in currentGoal.
[workflow-method-testDependency-68d04a11-24e6-470a-b053-40692413951...-6d54dadd-ba48-427e-bf93-65b708f0db63] INFO com.example.mattermost.MeetingSchedulerWorkflowImpl - getProcessableActions: Node ID: get_requester_preferred_details_001, Status: COMPLETED, IsPending: false, DependenciesMet: false
[workflow-method-testDependency-68d04a11-24e6-470a-b053-40692413951...-6d54dadd-ba48-427e-bf93-65b708f0db63] INFO com.example.mattermost.MeetingSchedulerWorkflowImpl - getProcessableActions: Node ID: ask_arun_availability_001, Status: COMPLETED, IsPending: false, DependenciesMet: false
[workflow-method-testDependency-68d04a11-24e6-470a-b053-40692413951...-6d54dadd-ba48-427e-bf93-65b708f0db63] INFO com.example.mattermost.MeetingSchedulerWorkflowImpl - getProcessableActions: Node ID: ask_jasbir_availability_001, Status: COMPLETED, IsPending: false, DependenciesMet: false
[workflow-method-testDependency-68d04a11-24e6-470a-b053-40692413951...-6d54dadd-ba48-427e-bf93-65b708f0db63] INFO com.example.mattermost.MeetingSchedulerWorkflowImpl - getProcessableActions: Node ID: consolidate_availabilities_001, Status: WAITING_FOR_INPUT, IsPending: false, DependenciesMet: false
[workflow-method-testDependency-68d04a11-24e6-470a-b053-40692413951...-6d54dadd-ba48-427e-bf93-65b708f0db63] INFO com.example.mattermost.MeetingSchedulerWorkflowImpl - dependenciesMet: Checking dependencies for actionId: propose_final_time_for_approval_001
[workflow-method-testDependency-68d04a11-24e6-470a-b053-40692413951...-6d54dadd-ba48-427e-bf93-65b708f0db63] INFO com.example.mattermost.MeetingSchedulerWorkflowImpl - dependenciesMet: ActionId: propose_final_time_for_approval_001 has source dependencies: [consolidate_availabilities_001]
[workflow-method-testDependency-68d04a11-24e6-470a-b053-40692413951...-6d54dadd-ba48-427e-bf93-65b708f0db63] INFO com.example.mattermost.MeetingSchedulerWorkflowImpl - dependenciesMet: ActionId: propose_final_time_for_approval_001, Dependency: consolidate_availabilities_001, Status: WAITING_FOR_INPUT, IsCompleted: false
[workflow-method-testDependency-68d04a11-24e6-470a-b053-40692413951...-6d54dadd-ba48-427e-bf93-65b708f0db63] INFO com.example.mattermost.MeetingSchedulerWorkflowImpl - dependenciesMet: ActionId: propose_final_time_for_approval_001, AllDependenciesMet: false
[workflow-method-testDependency-68d04a11-24e6-470a-b053-40692413951...-6d54dadd-ba48-427e-bf93-65b708f0db63] INFO com.example.mattermost.MeetingSchedulerWorkflowImpl - getProcessableActions: Node ID: propose_final_time_for_approval_001, Status: PENDING, IsPending: true, DependenciesMet: false
[workflow-method-testDependency-68d04a11-24e6-470a-b053-40692413951...-6d54dadd-ba48-427e-bf93-65b708f0db63] INFO com.example.mattermost.MeetingSchedulerWorkflowImpl - dependenciesMet: Checking dependencies for actionId: send_meeting_invite_001
[workflow-method-testDependency-68d04a11-24e6-470a-b053-40692413951...-6d54dadd-ba48-427e-bf93-65b708f0db63] INFO com.example.mattermost.MeetingSchedulerWorkflowImpl - dependenciesMet: ActionId: send_meeting_invite_001 has source dependencies: [propose_final_time_for_approval_001]
[workflow-method-testDependency-68d04a11-24e6-470a-b053-40692413951...-6d54dadd-ba48-427e-bf93-65b708f0db63] INFO com.example.mattermost.MeetingSchedulerWorkflowImpl - dependenciesMet: ActionId: send_meeting_invite_001, Dependency: propose_final_time_for_approval_001, Status: PENDING, IsCompleted: false
[workflow-method-testDependency-68d04a11-24e6-470a-b053-40692413951...-6d54dadd-ba48-427e-bf93-65b708f0db63] INFO com.example.mattermost.MeetingSchedulerWorkflowImpl - dependenciesMet: ActionId: send_meeting_invite_001, AllDependenciesMet: false
[workflow-method-testDependency-68d04a11-24e6-470a-b053-40692413951...-6d54dadd-ba48-427e-bf93-65b708f0db63] INFO com.example.mattermost.MeetingSchedulerWorkflowImpl - getProcessableActions: Node ID: send_meeting_invite_001, Status: PENDING, IsPending: true, DependenciesMet: false
[workflow-method-testDependency-68d04a11-24e6-470a-b053-40692413951...-6d54dadd-ba48-427e-bf93-65b708f0db63] INFO com.example.mattermost.MeetingSchedulerWorkflowImpl - getProcessableActions: Returning 0 processable nodes.
[workflow-method-testDependency-68d04a11-24e6-470a-b053-40692413951...-6d54dadd-ba48-427e-bf93-65b708f0db63] INFO com.example.mattermost.MeetingSchedulerWorkflowImpl - getProcessableActions: Checking all nodes in currentGoal.
[workflow-method-testDependency-68d04a11-24e6-470a-b053-40692413951...-6d54dadd-ba48-427e-bf93-65b708f0db63] INFO com.example.mattermost.MeetingSchedulerWorkflowImpl - getProcessableActions: Node ID: get_requester_preferred_details_001, Status: COMPLETED, IsPending: false, DependenciesMet: false
[workflow-method-testDependency-68d04a11-24e6-470a-b053-40692413951...-6d54dadd-ba48-427e-bf93-65b708f0db63] INFO com.example.mattermost.MeetingSchedulerWorkflowImpl - getProcessableActions: Node ID: ask_arun_availability_001, Status: COMPLETED, IsPending: false, DependenciesMet: false
[workflow-method-testDependency-68d04a11-24e6-470a-b053-40692413951...-6d54dadd-ba48-427e-bf93-65b708f0db63] INFO com.example.mattermost.MeetingSchedulerWorkflowImpl - getProcessableActions: Node ID: ask_jasbir_availability_001, Status: COMPLETED, IsPending: false, DependenciesMet: false
[workflow-method-testDependency-68d04a11-24e6-470a-b053-40692413951...-6d54dadd-ba48-427e-bf93-65b708f0db63] INFO com.example.mattermost.MeetingSchedulerWorkflowImpl - getProcessableActions: Node ID: consolidate_availabilities_001, Status: WAITING_FOR_INPUT, IsPending: false, DependenciesMet: false
[workflow-method-testDependency-68d04a11-24e6-470a-b053-40692413951...-6d54dadd-ba48-427e-bf93-65b708f0db63] INFO com.example.mattermost.MeetingSchedulerWorkflowImpl - dependenciesMet: Checking dependencies for actionId: propose_final_time_for_approval_001
[workflow-method-testDependency-68d04a11-24e6-470a-b053-40692413951...-6d54dadd-ba48-427e-bf93-65b708f0db63] INFO com.example.mattermost.MeetingSchedulerWorkflowImpl - dependenciesMet: ActionId: propose_final_time_for_approval_001 has source dependencies: [consolidate_availabilities_001]
[workflow-method-testDependency-68d04a11-24e6-470a-b053-40692413951...-6d54dadd-ba48-427e-bf93-65b708f0db63] INFO com.example.mattermost.MeetingSchedulerWorkflowImpl - dependenciesMet: ActionId: propose_final_time_for_approval_001, Dependency: consolidate_availabilities_001, Status: WAITING_FOR_INPUT, IsCompleted: false
[workflow-method-testDependency-68d04a11-24e6-470a-b053-40692413951...-6d54dadd-ba48-427e-bf93-65b708f0db63] INFO com.example.mattermost.MeetingSchedulerWorkflowImpl - dependenciesMet: ActionId: propose_final_time_for_approval_001, AllDependenciesMet: false
[workflow-method-testDependency-68d04a11-24e6-470a-b053-40692413951...-6d54dadd-ba48-427e-bf93-65b708f0db63] INFO com.example.mattermost.MeetingSchedulerWorkflowImpl - getProcessableActions: Node ID: propose_final_time_for_approval_001, Status: PENDING, IsPending: true, DependenciesMet: false
[workflow-method-testDependency-68d04a11-24e6-470a-b053-40692413951...-6d54dadd-ba48-427e-bf93-65b708f0db63] INFO com.example.mattermost.MeetingSchedulerWorkflowImpl - dependenciesMet: Checking dependencies for actionId: send_meeting_invite_001
[workflow-method-testDependency-68d04a11-24e6-470a-b053-40692413951...-6d54dadd-ba48-427e-bf93-65b708f0db63] INFO com.example.mattermost.MeetingSchedulerWorkflowImpl - dependenciesMet: ActionId: send_meeting_invite_001 has source dependencies: [propose_final_time_for_approval_001]
[workflow-method-testDependency-68d04a11-24e6-470a-b053-40692413951...-6d54dadd-ba48-427e-bf93-65b708f0db63] INFO com.example.mattermost.MeetingSchedulerWorkflowImpl - dependenciesMet: ActionId: send_meeting_invite_001, Dependency: propose_final_time_for_approval_001, Status: PENDING, IsCompleted: false
[workflow-method-testDependency-68d04a11-24e6-470a-b053-40692413951...-6d54dadd-ba48-427e-bf93-65b708f0db63] INFO com.example.mattermost.MeetingSchedulerWorkflowImpl - dependenciesMet: ActionId: send_meeting_invite_001, AllDependenciesMet: false
[workflow-method-testDependency-68d04a11-24e6-470a-b053-40692413951...-6d54dadd-ba48-427e-bf93-65b708f0db63] INFO com.example.mattermost.MeetingSchedulerWorkflowImpl - getProcessableActions: Node ID: send_meeting_invite_001, Status: PENDING, IsPending: true, DependenciesMet: false
[workflow-method-testDependency-68d04a11-24e6-470a-b053-40692413951...-6d54dadd-ba48-427e-bf93-65b708f0db63] INFO com.example.mattermost.MeetingSchedulerWorkflowImpl - getProcessableActions: Returning 0 processable nodes.
[workflow-method-testDependency-68d04a11-24e6-470a-b053-40692413951...-6d54dadd-ba48-427e-bf93-65b708f0db63] WARN com.example.mattermost.MeetingSchedulerWorkflowImpl - Potential deadlock or all remaining actions are waiting for external signals. Workflow might be stuck if no signals arrive.
[workflow-method-testDependency-68d04a11-24e6-470a-b053-40692413951...-6d54dadd-ba48-427e-bf93-65b708f0db63] INFO com.example.mattermost.MeetingSchedulerWorkflowImpl - dependenciesMet: Checking dependencies for actionId: propose_final_time_for_approval_001
[workflow-method-testDependency-68d04a11-24e6-470a-b053-40692413951...-6d54dadd-ba48-427e-bf93-65b708f0db63] INFO com.example.mattermost.MeetingSchedulerWorkflowImpl - dependenciesMet: ActionId: propose_final_time_for_approval_001 has source dependencies: [consolidate_availabilities_001]
[workflow-method-testDependency-68d04a11-24e6-470a-b053-40692413951...-6d54dadd-ba48-427e-bf93-65b708f0db63] INFO com.example.mattermost.MeetingSchedulerWorkflowImpl - dependenciesMet: ActionId: propose_final_time_for_approval_001, Dependency: consolidate_availabilities_001, Status: WAITING_FOR_INPUT, IsCompleted: false
[workflow-method-testDependency-68d04a11-24e6-470a-b053-40692413951...-6d54dadd-ba48-427e-bf93-65b708f0db63] INFO com.example.mattermost.MeetingSchedulerWorkflowImpl - dependenciesMet: ActionId: propose_final_time_for_approval_001, AllDependenciesMet: false
[workflow-method-testDependency-68d04a11-24e6-470a-b053-40692413951...-6d54dadd-ba48-427e-bf93-65b708f0db63] INFO com.example.mattermost.MeetingSchedulerWorkflowImpl - dependenciesMet: Checking dependencies for actionId: send_meeting_invite_001
[workflow-method-testDependency-68d04a11-24e6-470a-b053-40692413951...-6d54dadd-ba48-427e-bf93-65b708f0db63] INFO com.example.mattermost.MeetingSchedulerWorkflowImpl - dependenciesMet: ActionId: send_meeting_invite_001 has source dependencies: [propose_final_time_for_approval_001]
[workflow-method-testDependency-68d04a11-24e6-470a-b053-40692413951...-6d54dadd-ba48-427e-bf93-65b708f0db63] INFO com.example.mattermost.MeetingSchedulerWorkflowImpl - dependenciesMet: ActionId: send_meeting_invite_001, Dependency: propose_final_time_for_approval_001, Status: PENDING, IsCompleted: false
[workflow-method-testDependency-68d04a11-24e6-470a-b053-40692413951...-6d54dadd-ba48-427e-bf93-65b708f0db63] INFO com.example.mattermost.MeetingSchedulerWorkflowImpl - dependenciesMet: ActionId: send_meeting_invite_001, AllDependenciesMet: false
[workflow-method-testDependency-68d04a11-24e6-470a-b053-40692413951...-6d54dadd-ba48-427e-bf93-65b708f0db63] INFO com.example.mattermost.MeetingSchedulerWorkflowImpl - Main loop: Workflow.await condition check: newProcessableActions=false, workflowNowComplete=false
[workflow-method-testDependency-68d04a11-24e6-470a-b053-40692413951...-6d54dadd-ba48-427e-bf93-65b708f0db63] INFO com.example.mattermost.MeetingSchedulerWorkflowImpl - getProcessableActions: Checking all nodes in currentGoal.
[workflow-method-testDependency-68d04a11-24e6-470a-b053-40692413951...-6d54dadd-ba48-427e-bf93-65b708f0db63] INFO com.example.mattermost.MeetingSchedulerWorkflowImpl - getProcessableActions: Node ID: get_requester_preferred_details_001, Status: COMPLETED, IsPending: false, DependenciesMet: false
[workflow-method-testDependency-68d04a11-24e6-470a-b053-40692413951...-6d54dadd-ba48-427e-bf93-65b708f0db63] INFO com.example.mattermost.MeetingSchedulerWorkflowImpl - getProcessableActions: Node ID: ask_arun_availability_001, Status: COMPLETED, IsPending: false, DependenciesMet: false
[workflow-method-testDependency-68d04a11-24e6-470a-b053-40692413951...-6d54dadd-ba48-427e-bf93-65b708f0db63] INFO com.example.mattermost.MeetingSchedulerWorkflowImpl - getProcessableActions: Node ID: ask_jasbir_availability_001, Status: COMPLETED, IsPending: false, DependenciesMet: false
[workflow-method-testDependency-68d04a11-24e6-470a-b053-40692413951...-6d54dadd-ba48-427e-bf93-65b708f0db63] INFO com.example.mattermost.MeetingSchedulerWorkflowImpl - getProcessableActions: Node ID: consolidate_availabilities_001, Status: WAITING_FOR_INPUT, IsPending: false, DependenciesMet: false
[workflow-method-testDependency-68d04a11-24e6-470a-b053-40692413951...-6d54dadd-ba48-427e-bf93-65b708f0db63] INFO com.example.mattermost.MeetingSchedulerWorkflowImpl - dependenciesMet: Checking dependencies for actionId: propose_final_time_for_approval_001
[workflow-method-testDependency-68d04a11-24e6-470a-b053-40692413951...-6d54dadd-ba48-427e-bf93-65b708f0db63] INFO com.example.mattermost.MeetingSchedulerWorkflowImpl - dependenciesMet: ActionId: propose_final_time_for_approval_001 has source dependencies: [consolidate_availabilities_001]
[workflow-method-testDependency-68d04a11-24e6-470a-b053-40692413951...-6d54dadd-ba48-427e-bf93-65b708f0db63] INFO com.example.mattermost.MeetingSchedulerWorkflowImpl - dependenciesMet: ActionId: propose_final_time_for_approval_001, Dependency: consolidate_availabilities_001, Status: WAITING_FOR_INPUT, IsCompleted: false
[workflow-method-testDependency-68d04a11-24e6-470a-b053-40692413951...-6d54dadd-ba48-427e-bf93-65b708f0db63] INFO com.example.mattermost.MeetingSchedulerWorkflowImpl - dependenciesMet: ActionId: propose_final_time_for_approval_001, AllDependenciesMet: false
[workflow-method-testDependency-68d04a11-24e6-470a-b053-40692413951...-6d54dadd-ba48-427e-bf93-65b708f0db63] INFO com.example.mattermost.MeetingSchedulerWorkflowImpl - getProcessableActions: Node ID: propose_final_time_for_approval_001, Status: PENDING, IsPending: true, DependenciesMet: false
[workflow-method-testDependency-68d04a11-24e6-470a-b053-40692413951...-6d54dadd-ba48-427e-bf93-65b708f0db63] INFO com.example.mattermost.MeetingSchedulerWorkflowImpl - dependenciesMet: Checking dependencies for actionId: send_meeting_invite_001
[workflow-method-testDependency-68d04a11-24e6-470a-b053-40692413951...-6d54dadd-ba48-427e-bf93-65b708f0db63] INFO com.example.mattermost.MeetingSchedulerWorkflowImpl - dependenciesMet: ActionId: send_meeting_invite_001 has source dependencies: [propose_final_time_for_approval_001]
[workflow-method-testDependency-68d04a11-24e6-470a-b053-40692413951...-6d54dadd-ba48-427e-bf93-65b708f0db63] INFO com.example.mattermost.MeetingSchedulerWorkflowImpl - dependenciesMet: ActionId: send_meeting_invite_001, Dependency: propose_final_time_for_approval_001, Status: PENDING, IsCompleted: false
[workflow-method-testDependency-68d04a11-24e6-470a-b053-40692413951...-6d54dadd-ba48-427e-bf93-65b708f0db63] INFO com.example.mattermost.MeetingSchedulerWorkflowImpl - dependenciesMet: ActionId: send_meeting_invite_001, AllDependenciesMet: false
[workflow-method-testDependency-68d04a11-24e6-470a-b053-40692413951...-6d54dadd-ba48-427e-bf93-65b708f0db63] INFO com.example.mattermost.MeetingSchedulerWorkflowImpl - getProcessableActions: Node ID: send_meeting_invite_001, Status: PENDING, IsPending: true, DependenciesMet: false
[workflow-method-testDependency-68d04a11-24e6-470a-b053-40692413951...-6d54dadd-ba48-427e-bf93-65b708f0db63] INFO com.example.mattermost.MeetingSchedulerWorkflowImpl - getProcessableActions: Returning 0 processable nodes.
[workflow-method-testDependency-68d04a11-24e6-470a-b053-40692413951...-6d54dadd-ba48-427e-bf93-65b708f0db63] INFO com.example.mattermost.MeetingSchedulerWorkflowImpl - getProcessableActions: Checking all nodes in currentGoal.
[workflow-method-testDependency-68d04a11-24e6-470a-b053-40692413951...-6d54dadd-ba48-427e-bf93-65b708f0db63] INFO com.example.mattermost.MeetingSchedulerWorkflowImpl - getProcessableActions: Node ID: get_requester_preferred_details_001, Status: COMPLETED, IsPending: false, DependenciesMet: false
[workflow-method-testDependency-68d04a11-24e6-470a-b053-40692413951...-6d54dadd-ba48-427e-bf93-65b708f0db63] INFO com.example.mattermost.MeetingSchedulerWorkflowImpl - getProcessableActions: Node ID: ask_arun_availability_001, Status: COMPLETED, IsPending: false, DependenciesMet: false
[workflow-method-testDependency-68d04a11-24e6-470a-b053-40692413951...-6d54dadd-ba48-427e-bf93-65b708f0db63] INFO com.example.mattermost.MeetingSchedulerWorkflowImpl - getProcessableActions: Node ID: ask_jasbir_availability_001, Status: COMPLETED, IsPending: false, DependenciesMet: false
[workflow-method-testDependency-68d04a11-24e6-470a-b053-40692413951...-6d54dadd-ba48-427e-bf93-65b708f0db63] INFO com.example.mattermost.MeetingSchedulerWorkflowImpl - getProcessableActions: Node ID: consolidate_availabilities_001, Status: WAITING_FOR_INPUT, IsPending: false, DependenciesMet: false
[workflow-method-testDependency-68d04a11-24e6-470a-b053-40692413951...-6d54dadd-ba48-427e-bf93-65b708f0db63] INFO com.example.mattermost.MeetingSchedulerWorkflowImpl - dependenciesMet: Checking dependencies for actionId: propose_final_time_for_approval_001
[workflow-method-testDependency-68d04a11-24e6-470a-b053-40692413951...-6d54dadd-ba48-427e-bf93-65b708f0db63] INFO com.example.mattermost.MeetingSchedulerWorkflowImpl - dependenciesMet: ActionId: propose_final_time_for_approval_001 has source dependencies: [consolidate_availabilities_001]
[workflow-method-testDependency-68d04a11-24e6-470a-b053-40692413951...-6d54dadd-ba48-427e-bf93-65b708f0db63] INFO com.example.mattermost.MeetingSchedulerWorkflowImpl - dependenciesMet: ActionId: propose_final_time_for_approval_001, Dependency: consolidate_availabilities_001, Status: WAITING_FOR_INPUT, IsCompleted: false
[workflow-method-testDependency-68d04a11-24e6-470a-b053-40692413951...-6d54dadd-ba48-427e-bf93-65b708f0db63] INFO com.example.mattermost.MeetingSchedulerWorkflowImpl - dependenciesMet: ActionId: propose_final_time_for_approval_001, AllDependenciesMet: false
[workflow-method-testDependency-68d04a11-24e6-470a-b053-40692413951...-6d54dadd-ba48-427e-bf93-65b708f0db63] INFO com.example.mattermost.MeetingSchedulerWorkflowImpl - getProcessableActions: Node ID: propose_final_time_for_approval_001, Status: PENDING, IsPending: true, DependenciesMet: false
[workflow-method-testDependency-68d04a11-24e6-470a-b053-40692413951...-6d54dadd-ba48-427e-bf93-65b708f0db63] INFO com.example.mattermost.MeetingSchedulerWorkflowImpl - dependenciesMet: Checking dependencies for actionId: send_meeting_invite_001
[workflow-method-testDependency-68d04a11-24e6-470a-b053-40692413951...-6d54dadd-ba48-427e-bf93-65b708f0db63] INFO com.example.mattermost.MeetingSchedulerWorkflowImpl - dependenciesMet: ActionId: send_meeting_invite_001 has source dependencies: [propose_final_time_for_approval_001]
[workflow-method-testDependency-68d04a11-24e6-470a-b053-40692413951...-6d54dadd-ba48-427e-bf93-65b708f0db63] INFO com.example.mattermost.MeetingSchedulerWorkflowImpl - dependenciesMet: ActionId: send_meeting_invite_001, Dependency: propose_final_time_for_approval_001, Status: PENDING, IsCompleted: false
[workflow-method-testDependency-68d04a11-24e6-470a-b053-40692413951...-6d54dadd-ba48-427e-bf93-65b708f0db63] INFO com.example.mattermost.MeetingSchedulerWorkflowImpl - dependenciesMet: ActionId: send_meeting_invite_001, AllDependenciesMet: false
[workflow-method-testDependency-68d04a11-24e6-470a-b053-40692413951...-6d54dadd-ba48-427e-bf93-65b708f0db63] INFO com.example.mattermost.MeetingSchedulerWorkflowImpl - getProcessableActions: Node ID: send_meeting_invite_001, Status: PENDING, IsPending: true, DependenciesMet: false
[workflow-method-testDependency-68d04a11-24e6-470a-b053-40692413951...-6d54dadd-ba48-427e-bf93-65b708f0db63] INFO com.example.mattermost.MeetingSchedulerWorkflowImpl - getProcessableActions: Returning 0 processable nodes.
[workflow-method-testDependency-68d04a11-24e6-470a-b053-40692413951...-6d54dadd-ba48-427e-bf93-65b708f0db63] WARN com.example.mattermost.MeetingSchedulerWorkflowImpl - Potential deadlock or all remaining actions are waiting for external signals. Workflow might be stuck if no signals arrive.
[workflow-method-testDependency-68d04a11-24e6-470a-b053-40692413951...-6d54dadd-ba48-427e-bf93-65b708f0db63] INFO com.example.mattermost.MeetingSchedulerWorkflowImpl - dependenciesMet: Checking dependencies for actionId: propose_final_time_for_approval_001
[workflow-method-testDependency-68d04a11-24e6-470a-b053-40692413951...-6d54dadd-ba48-427e-bf93-65b708f0db63] INFO com.example.mattermost.MeetingSchedulerWorkflowImpl - dependenciesMet: ActionId: propose_final_time_for_approval_001 has source dependencies: [consolidate_availabilities_001]
[workflow-method-testDependency-68d04a11-24e6-470a-b053-40692413951...-6d54dadd-ba48-427e-bf93-65b708f0db63] INFO com.example.mattermost.MeetingSchedulerWorkflowImpl - dependenciesMet: ActionId: propose_final_time_for_approval_001, Dependency: consolidate_availabilities_001, Status: WAITING_FOR_INPUT, IsCompleted: false
[workflow-method-testDependency-68d04a11-24e6-470a-b053-40692413951...-6d54dadd-ba48-427e-bf93-65b708f0db63] INFO com.example.mattermost.MeetingSchedulerWorkflowImpl - dependenciesMet: ActionId: propose_final_time_for_approval_001, AllDependenciesMet: false
[workflow-method-testDependency-68d04a11-24e6-470a-b053-40692413951...-6d54dadd-ba48-427e-bf93-65b708f0db63] INFO com.example.mattermost.MeetingSchedulerWorkflowImpl - dependenciesMet: Checking dependencies for actionId: send_meeting_invite_001
[workflow-method-testDependency-68d04a11-24e6-470a-b053-40692413951...-6d54dadd-ba48-427e-bf93-65b708f0db63] INFO com.example.mattermost.MeetingSchedulerWorkflowImpl - dependenciesMet: ActionId: send_meeting_invite_001 has source dependencies: [propose_final_time_for_approval_001]
[workflow-method-testDependency-68d04a11-24e6-470a-b053-40692413951...-6d54dadd-ba48-427e-bf93-65b708f0db63] INFO com.example.mattermost.MeetingSchedulerWorkflowImpl - dependenciesMet: ActionId: send_meeting_invite_001, Dependency: propose_final_time_for_approval_001, Status: PENDING, IsCompleted: false
[workflow-method-testDependency-68d04a11-24e6-470a-b053-40692413951...-6d54dadd-ba48-427e-bf93-65b708f0db63] INFO com.example.mattermost.MeetingSchedulerWorkflowImpl - dependenciesMet: ActionId: send_meeting_invite_001, AllDependenciesMet: false
[workflow-method-testDependency-68d04a11-24e6-470a-b053-40692413951...-6d54dadd-ba48-427e-bf93-65b708f0db63] INFO com.example.mattermost.MeetingSchedulerWorkflowImpl - Main loop: Workflow.await condition check: newProcessableActions=false, workflowNowComplete=false
[workflow-method-testDependency-68d04a11-24e6-470a-b053-40692413951...-6d54dadd-ba48-427e-bf93-65b708f0db63] INFO com.example.mattermost.MeetingSchedulerWorkflowImpl - getProcessableActions: Checking all nodes in currentGoal.
[main] INFO com.example.mattermost.MeetingSchedulerWorkflowTest - Test: Signal for consolidate_availabilities_001 sent.
[main] INFO com.example.mattermost.MeetingSchedulerWorkflowTest - Test: Verifying ask for propose_final_time_for_approval_001
[workflow-method-testDependency-68d04a11-24e6-470a-b053-40692413951...-6d54dadd-ba48-427e-bf93-65b708f0db63] INFO com.example.mattermost.MeetingSchedulerWorkflowImpl - getProcessableActions: Node ID: get_requester_preferred_details_001, Status: COMPLETED, IsPending: false, DependenciesMet: false
[workflow-method-testDependency-68d04a11-24e6-470a-b053-40692413951...-6d54dadd-ba48-427e-bf93-65b708f0db63] INFO com.example.mattermost.MeetingSchedulerWorkflowImpl - getProcessableActions: Node ID: ask_arun_availability_001, Status: COMPLETED, IsPending: false, DependenciesMet: false
[workflow-method-testDependency-68d04a11-24e6-470a-b053-40692413951...-6d54dadd-ba48-427e-bf93-65b708f0db63] INFO com.example.mattermost.MeetingSchedulerWorkflowImpl - getProcessableActions: Node ID: ask_jasbir_availability_001, Status: COMPLETED, IsPending: false, DependenciesMet: false
[workflow-method-testDependency-68d04a11-24e6-470a-b053-40692413951...-6d54dadd-ba48-427e-bf93-65b708f0db63] INFO com.example.mattermost.MeetingSchedulerWorkflowImpl - getProcessableActions: Node ID: consolidate_availabilities_001, Status: WAITING_FOR_INPUT, IsPending: false, DependenciesMet: false
[workflow-method-testDependency-68d04a11-24e6-470a-b053-40692413951...-6d54dadd-ba48-427e-bf93-65b708f0db63] INFO com.example.mattermost.MeetingSchedulerWorkflowImpl - dependenciesMet: Checking dependencies for actionId: propose_final_time_for_approval_001
[workflow-method-testDependency-68d04a11-24e6-470a-b053-40692413951...-6d54dadd-ba48-427e-bf93-65b708f0db63] INFO com.example.mattermost.MeetingSchedulerWorkflowImpl - dependenciesMet: ActionId: propose_final_time_for_approval_001 has source dependencies: [consolidate_availabilities_001]
[workflow-method-testDependency-68d04a11-24e6-470a-b053-40692413951...-6d54dadd-ba48-427e-bf93-65b708f0db63] INFO com.example.mattermost.MeetingSchedulerWorkflowImpl - dependenciesMet: ActionId: propose_final_time_for_approval_001, Dependency: consolidate_availabilities_001, Status: WAITING_FOR_INPUT, IsCompleted: false
[workflow-method-testDependency-68d04a11-24e6-470a-b053-40692413951...-6d54dadd-ba48-427e-bf93-65b708f0db63] INFO com.example.mattermost.MeetingSchedulerWorkflowImpl - dependenciesMet: ActionId: propose_final_time_for_approval_001, AllDependenciesMet: false
[workflow-method-testDependency-68d04a11-24e6-470a-b053-40692413951...-6d54dadd-ba48-427e-bf93-65b708f0db63] INFO com.example.mattermost.MeetingSchedulerWorkflowImpl - getProcessableActions: Node ID: propose_final_time_for_approval_001, Status: PENDING, IsPending: true, DependenciesMet: false
[workflow-method-testDependency-68d04a11-24e6-470a-b053-40692413951...-6d54dadd-ba48-427e-bf93-65b708f0db63] INFO com.example.mattermost.MeetingSchedulerWorkflowImpl - dependenciesMet: Checking dependencies for actionId: send_meeting_invite_001
[workflow-method-testDependency-68d04a11-24e6-470a-b053-40692413951...-6d54dadd-ba48-427e-bf93-65b708f0db63] INFO com.example.mattermost.MeetingSchedulerWorkflowImpl - dependenciesMet: ActionId: send_meeting_invite_001 has source dependencies: [propose_final_time_for_approval_001]
[workflow-method-testDependency-68d04a11-24e6-470a-b053-40692413951...-6d54dadd-ba48-427e-bf93-65b708f0db63] INFO com.example.mattermost.MeetingSchedulerWorkflowImpl - dependenciesMet: ActionId: send_meeting_invite_001, Dependency: propose_final_time_for_approval_001, Status: PENDING, IsCompleted: false
[workflow-method-testDependency-68d04a11-24e6-470a-b053-40692413951...-6d54dadd-ba48-427e-bf93-65b708f0db63] INFO com.example.mattermost.MeetingSchedulerWorkflowImpl - dependenciesMet: ActionId: send_meeting_invite_001, AllDependenciesMet: false
[workflow-method-testDependency-68d04a11-24e6-470a-b053-40692413951...-6d54dadd-ba48-427e-bf93-65b708f0db63] INFO com.example.mattermost.MeetingSchedulerWorkflowImpl - getProcessableActions: Node ID: send_meeting_invite_001, Status: PENDING, IsPending: true, DependenciesMet: false
[workflow-method-testDependency-68d04a11-24e6-470a-b053-40692413951...-6d54dadd-ba48-427e-bf93-65b708f0db63] INFO com.example.mattermost.MeetingSchedulerWorkflowImpl - getProcessableActions: Returning 0 processable nodes.
[workflow-method-testDependency-68d04a11-24e6-470a-b053-40692413951...-6d54dadd-ba48-427e-bf93-65b708f0db63] INFO com.example.mattermost.MeetingSchedulerWorkflowImpl - getProcessableActions: Checking all nodes in currentGoal.
[workflow-method-testDependency-68d04a11-24e6-470a-b053-40692413951...-6d54dadd-ba48-427e-bf93-65b708f0db63] INFO com.example.mattermost.MeetingSchedulerWorkflowImpl - getProcessableActions: Node ID: get_requester_preferred_details_001, Status: COMPLETED, IsPending: false, DependenciesMet: false
[workflow-method-testDependency-68d04a11-24e6-470a-b053-40692413951...-6d54dadd-ba48-427e-bf93-65b708f0db63] INFO com.example.mattermost.MeetingSchedulerWorkflowImpl - getProcessableActions: Node ID: ask_arun_availability_001, Status: COMPLETED, IsPending: false, DependenciesMet: false
[workflow-method-testDependency-68d04a11-24e6-470a-b053-40692413951...-6d54dadd-ba48-427e-bf93-65b708f0db63] INFO com.example.mattermost.MeetingSchedulerWorkflowImpl - getProcessableActions: Node ID: ask_jasbir_availability_001, Status: COMPLETED, IsPending: false, DependenciesMet: false
[workflow-method-testDependency-68d04a11-24e6-470a-b053-40692413951...-6d54dadd-ba48-427e-bf93-65b708f0db63] INFO com.example.mattermost.MeetingSchedulerWorkflowImpl - getProcessableActions: Node ID: consolidate_availabilities_001, Status: WAITING_FOR_INPUT, IsPending: false, DependenciesMet: false
[workflow-method-testDependency-68d04a11-24e6-470a-b053-40692413951...-6d54dadd-ba48-427e-bf93-65b708f0db63] INFO com.example.mattermost.MeetingSchedulerWorkflowImpl - dependenciesMet: Checking dependencies for actionId: propose_final_time_for_approval_001
[workflow-method-testDependency-68d04a11-24e6-470a-b053-40692413951...-6d54dadd-ba48-427e-bf93-65b708f0db63] INFO com.example.mattermost.MeetingSchedulerWorkflowImpl - dependenciesMet: ActionId: propose_final_time_for_approval_001 has source dependencies: [consolidate_availabilities_001]
[workflow-method-testDependency-68d04a11-24e6-470a-b053-40692413951...-6d54dadd-ba48-427e-bf93-65b708f0db63] INFO com.example.mattermost.MeetingSchedulerWorkflowImpl - dependenciesMet: ActionId: propose_final_time_for_approval_001, Dependency: consolidate_availabilities_001, Status: WAITING_FOR_INPUT, IsCompleted: false
[workflow-method-testDependency-68d04a11-24e6-470a-b053-40692413951...-6d54dadd-ba48-427e-bf93-65b708f0db63] INFO com.example.mattermost.MeetingSchedulerWorkflowImpl - dependenciesMet: ActionId: propose_final_time_for_approval_001, AllDependenciesMet: false
[workflow-method-testDependency-68d04a11-24e6-470a-b053-40692413951...-6d54dadd-ba48-427e-bf93-65b708f0db63] INFO com.example.mattermost.MeetingSchedulerWorkflowImpl - getProcessableActions: Node ID: propose_final_time_for_approval_001, Status: PENDING, IsPending: true, DependenciesMet: false
[workflow-method-testDependency-68d04a11-24e6-470a-b053-40692413951...-6d54dadd-ba48-427e-bf93-65b708f0db63] INFO com.example.mattermost.MeetingSchedulerWorkflowImpl - dependenciesMet: Checking dependencies for actionId: send_meeting_invite_001
[workflow-method-testDependency-68d04a11-24e6-470a-b053-40692413951...-6d54dadd-ba48-427e-bf93-65b708f0db63] INFO com.example.mattermost.MeetingSchedulerWorkflowImpl - dependenciesMet: ActionId: send_meeting_invite_001 has source dependencies: [propose_final_time_for_approval_001]
[workflow-method-testDependency-68d04a11-24e6-470a-b053-40692413951...-6d54dadd-ba48-427e-bf93-65b708f0db63] INFO com.example.mattermost.MeetingSchedulerWorkflowImpl - dependenciesMet: ActionId: send_meeting_invite_001, Dependency: propose_final_time_for_approval_001, Status: PENDING, IsCompleted: false
[workflow-method-testDependency-68d04a11-24e6-470a-b053-40692413951...-6d54dadd-ba48-427e-bf93-65b708f0db63] INFO com.example.mattermost.MeetingSchedulerWorkflowImpl - dependenciesMet: ActionId: send_meeting_invite_001, AllDependenciesMet: false
[workflow-method-testDependency-68d04a11-24e6-470a-b053-40692413951...-6d54dadd-ba48-427e-bf93-65b708f0db63] INFO com.example.mattermost.MeetingSchedulerWorkflowImpl - getProcessableActions: Node ID: send_meeting_invite_001, Status: PENDING, IsPending: true, DependenciesMet: false
[workflow-method-testDependency-68d04a11-24e6-470a-b053-40692413951...-6d54dadd-ba48-427e-bf93-65b708f0db63] INFO com.example.mattermost.MeetingSchedulerWorkflowImpl - getProcessableActions: Returning 0 processable nodes.
[workflow-method-testDependency-68d04a11-24e6-470a-b053-40692413951...-6d54dadd-ba48-427e-bf93-65b708f0db63] WARN com.example.mattermost.MeetingSchedulerWorkflowImpl - Potential deadlock or all remaining actions are waiting for external signals. Workflow might be stuck if no signals arrive.
[workflow-method-testDependency-68d04a11-24e6-470a-b053-40692413951...-6d54dadd-ba48-427e-bf93-65b708f0db63] INFO com.example.mattermost.MeetingSchedulerWorkflowImpl - dependenciesMet: Checking dependencies for actionId: propose_final_time_for_approval_001
[workflow-method-testDependency-68d04a11-24e6-470a-b053-40692413951...-6d54dadd-ba48-427e-bf93-65b708f0db63] INFO com.example.mattermost.MeetingSchedulerWorkflowImpl - dependenciesMet: ActionId: propose_final_time_for_approval_001 has source dependencies: [consolidate_availabilities_001]
[workflow-method-testDependency-68d04a11-24e6-470a-b053-40692413951...-6d54dadd-ba48-427e-bf93-65b708f0db63] INFO com.example.mattermost.MeetingSchedulerWorkflowImpl - dependenciesMet: ActionId: propose_final_time_for_approval_001, Dependency: consolidate_availabilities_001, Status: WAITING_FOR_INPUT, IsCompleted: false
[workflow-method-testDependency-68d04a11-24e6-470a-b053-40692413951...-6d54dadd-ba48-427e-bf93-65b708f0db63] INFO com.example.mattermost.MeetingSchedulerWorkflowImpl - dependenciesMet: ActionId: propose_final_time_for_approval_001, AllDependenciesMet: false
[workflow-method-testDependency-68d04a11-24e6-470a-b053-40692413951...-6d54dadd-ba48-427e-bf93-65b708f0db63] INFO com.example.mattermost.MeetingSchedulerWorkflowImpl - dependenciesMet: Checking dependencies for actionId: send_meeting_invite_001
[workflow-method-testDependency-68d04a11-24e6-470a-b053-40692413951...-6d54dadd-ba48-427e-bf93-65b708f0db63] INFO com.example.mattermost.MeetingSchedulerWorkflowImpl - dependenciesMet: ActionId: send_meeting_invite_001 has source dependencies: [propose_final_time_for_approval_001]
[workflow-method-testDependency-68d04a11-24e6-470a-b053-40692413951...-6d54dadd-ba48-427e-bf93-65b708f0db63] INFO com.example.mattermost.MeetingSchedulerWorkflowImpl - dependenciesMet: ActionId: send_meeting_invite_001, Dependency: propose_final_time_for_approval_001, Status: PENDING, IsCompleted: false
[workflow-method-testDependency-68d04a11-24e6-470a-b053-40692413951...-6d54dadd-ba48-427e-bf93-65b708f0db63] INFO com.example.mattermost.MeetingSchedulerWorkflowImpl - dependenciesMet: ActionId: send_meeting_invite_001, AllDependenciesMet: false
[workflow-method-testDependency-68d04a11-24e6-470a-b053-40692413951...-6d54dadd-ba48-427e-bf93-65b708f0db63] INFO com.example.mattermost.MeetingSchedulerWorkflowImpl - Main loop: Workflow.await condition check: newProcessableActions=false, workflowNowComplete=false
[signal onUserResponse] INFO com.example.mattermost.MeetingSchedulerWorkflowImpl - Signal: Received onUserResponse for actionId: consolidate_availabilities_001 with input: {proposed_time=Monday 10AM (Consolidated)}. Current status: WAITING_FOR_INPUT, waitingForUserInputMap containsKey: true
[signal onUserResponse] INFO com.example.mattermost.MeetingSchedulerWorkflowImpl - Signal: Processing valid signal for action consolidate_availabilities_001.
[signal onUserResponse] INFO com.example.mattermost.MeetingSchedulerWorkflowImpl - Signal: Calling validateInputActivity for action consolidate_availabilities_001.
[workflow-method-testDependency-68d04a11-24e6-470a-b053-40692413951...-6d54dadd-ba48-427e-bf93-65b708f0db63] INFO com.example.mattermost.MeetingSchedulerWorkflowImpl - getProcessableActions: Checking all nodes in currentGoal.
[workflow-method-testDependency-68d04a11-24e6-470a-b053-40692413951...-6d54dadd-ba48-427e-bf93-65b708f0db63] INFO com.example.mattermost.MeetingSchedulerWorkflowImpl - getProcessableActions: Node ID: get_requester_preferred_details_001, Status: COMPLETED, IsPending: false, DependenciesMet: false
[workflow-method-testDependency-68d04a11-24e6-470a-b053-40692413951...-6d54dadd-ba48-427e-bf93-65b708f0db63] INFO com.example.mattermost.MeetingSchedulerWorkflowImpl - getProcessableActions: Node ID: ask_arun_availability_001, Status: COMPLETED, IsPending: false, DependenciesMet: false
[workflow-method-testDependency-68d04a11-24e6-470a-b053-40692413951...-6d54dadd-ba48-427e-bf93-65b708f0db63] INFO com.example.mattermost.MeetingSchedulerWorkflowImpl - getProcessableActions: Node ID: ask_jasbir_availability_001, Status: COMPLETED, IsPending: false, DependenciesMet: false
[workflow-method-testDependency-68d04a11-24e6-470a-b053-40692413951...-6d54dadd-ba48-427e-bf93-65b708f0db63] INFO com.example.mattermost.MeetingSchedulerWorkflowImpl - getProcessableActions: Node ID: consolidate_availabilities_001, Status: PROCESSING, IsPending: false, DependenciesMet: false
[workflow-method-testDependency-68d04a11-24e6-470a-b053-40692413951...-6d54dadd-ba48-427e-bf93-65b708f0db63] INFO com.example.mattermost.MeetingSchedulerWorkflowImpl - dependenciesMet: Checking dependencies for actionId: propose_final_time_for_approval_001
[workflow-method-testDependency-68d04a11-24e6-470a-b053-40692413951...-6d54dadd-ba48-427e-bf93-65b708f0db63] INFO com.example.mattermost.MeetingSchedulerWorkflowImpl - dependenciesMet: ActionId: propose_final_time_for_approval_001 has source dependencies: [consolidate_availabilities_001]
[workflow-method-testDependency-68d04a11-24e6-470a-b053-40692413951...-6d54dadd-ba48-427e-bf93-65b708f0db63] INFO com.example.mattermost.MeetingSchedulerWorkflowImpl - dependenciesMet: ActionId: propose_final_time_for_approval_001, Dependency: consolidate_availabilities_001, Status: PROCESSING, IsCompleted: false
[workflow-method-testDependency-68d04a11-24e6-470a-b053-40692413951...-6d54dadd-ba48-427e-bf93-65b708f0db63] INFO com.example.mattermost.MeetingSchedulerWorkflowImpl - dependenciesMet: ActionId: propose_final_time_for_approval_001, AllDependenciesMet: false
[workflow-method-testDependency-68d04a11-24e6-470a-b053-40692413951...-6d54dadd-ba48-427e-bf93-65b708f0db63] INFO com.example.mattermost.MeetingSchedulerWorkflowImpl - getProcessableActions: Node ID: propose_final_time_for_approval_001, Status: PENDING, IsPending: true, DependenciesMet: false
[workflow-method-testDependency-68d04a11-24e6-470a-b053-40692413951...-6d54dadd-ba48-427e-bf93-65b708f0db63] INFO com.example.mattermost.MeetingSchedulerWorkflowImpl - dependenciesMet: Checking dependencies for actionId: send_meeting_invite_001
[workflow-method-testDependency-68d04a11-24e6-470a-b053-40692413951...-6d54dadd-ba48-427e-bf93-65b708f0db63] INFO com.example.mattermost.MeetingSchedulerWorkflowImpl - dependenciesMet: ActionId: send_meeting_invite_001 has source dependencies: [propose_final_time_for_approval_001]
[workflow-method-testDependency-68d04a11-24e6-470a-b053-40692413951...-6d54dadd-ba48-427e-bf93-65b708f0db63] INFO com.example.mattermost.MeetingSchedulerWorkflowImpl - dependenciesMet: ActionId: send_meeting_invite_001, Dependency: propose_final_time_for_approval_001, Status: PENDING, IsCompleted: false
[workflow-method-testDependency-68d04a11-24e6-470a-b053-40692413951...-6d54dadd-ba48-427e-bf93-65b708f0db63] INFO com.example.mattermost.MeetingSchedulerWorkflowImpl - dependenciesMet: ActionId: send_meeting_invite_001, AllDependenciesMet: false
[workflow-method-testDependency-68d04a11-24e6-470a-b053-40692413951...-6d54dadd-ba48-427e-bf93-65b708f0db63] INFO com.example.mattermost.MeetingSchedulerWorkflowImpl - getProcessableActions: Node ID: send_meeting_invite_001, Status: PENDING, IsPending: true, DependenciesMet: false
[workflow-method-testDependency-68d04a11-24e6-470a-b053-40692413951...-6d54dadd-ba48-427e-bf93-65b708f0db63] INFO com.example.mattermost.MeetingSchedulerWorkflowImpl - getProcessableActions: Returning 0 processable nodes.
[workflow-method-testDependency-68d04a11-24e6-470a-b053-40692413951...-6d54dadd-ba48-427e-bf93-65b708f0db63] INFO com.example.mattermost.MeetingSchedulerWorkflowImpl - getProcessableActions: Checking all nodes in currentGoal.
[workflow-method-testDependency-68d04a11-24e6-470a-b053-40692413951...-6d54dadd-ba48-427e-bf93-65b708f0db63] INFO com.example.mattermost.MeetingSchedulerWorkflowImpl - getProcessableActions: Node ID: get_requester_preferred_details_001, Status: COMPLETED, IsPending: false, DependenciesMet: false
[workflow-method-testDependency-68d04a11-24e6-470a-b053-40692413951...-6d54dadd-ba48-427e-bf93-65b708f0db63] INFO com.example.mattermost.MeetingSchedulerWorkflowImpl - getProcessableActions: Node ID: ask_arun_availability_001, Status: COMPLETED, IsPending: false, DependenciesMet: false
[workflow-method-testDependency-68d04a11-24e6-470a-b053-40692413951...-6d54dadd-ba48-427e-bf93-65b708f0db63] INFO com.example.mattermost.MeetingSchedulerWorkflowImpl - getProcessableActions: Node ID: ask_jasbir_availability_001, Status: COMPLETED, IsPending: false, DependenciesMet: false
[workflow-method-testDependency-68d04a11-24e6-470a-b053-40692413951...-6d54dadd-ba48-427e-bf93-65b708f0db63] INFO com.example.mattermost.MeetingSchedulerWorkflowImpl - getProcessableActions: Node ID: consolidate_availabilities_001, Status: PROCESSING, IsPending: false, DependenciesMet: false
[workflow-method-testDependency-68d04a11-24e6-470a-b053-40692413951...-6d54dadd-ba48-427e-bf93-65b708f0db63] INFO com.example.mattermost.MeetingSchedulerWorkflowImpl - dependenciesMet: Checking dependencies for actionId: propose_final_time_for_approval_001
[workflow-method-testDependency-68d04a11-24e6-470a-b053-40692413951...-6d54dadd-ba48-427e-bf93-65b708f0db63] INFO com.example.mattermost.MeetingSchedulerWorkflowImpl - dependenciesMet: ActionId: propose_final_time_for_approval_001 has source dependencies: [consolidate_availabilities_001]
[workflow-method-testDependency-68d04a11-24e6-470a-b053-40692413951...-6d54dadd-ba48-427e-bf93-65b708f0db63] INFO com.example.mattermost.MeetingSchedulerWorkflowImpl - dependenciesMet: ActionId: propose_final_time_for_approval_001, Dependency: consolidate_availabilities_001, Status: PROCESSING, IsCompleted: false
[workflow-method-testDependency-68d04a11-24e6-470a-b053-40692413951...-6d54dadd-ba48-427e-bf93-65b708f0db63] INFO com.example.mattermost.MeetingSchedulerWorkflowImpl - dependenciesMet: ActionId: propose_final_time_for_approval_001, AllDependenciesMet: false
[workflow-method-testDependency-68d04a11-24e6-470a-b053-40692413951...-6d54dadd-ba48-427e-bf93-65b708f0db63] INFO com.example.mattermost.MeetingSchedulerWorkflowImpl - getProcessableActions: Node ID: propose_final_time_for_approval_001, Status: PENDING, IsPending: true, DependenciesMet: false
[workflow-method-testDependency-68d04a11-24e6-470a-b053-40692413951...-6d54dadd-ba48-427e-bf93-65b708f0db63] INFO com.example.mattermost.MeetingSchedulerWorkflowImpl - dependenciesMet: Checking dependencies for actionId: send_meeting_invite_001
[workflow-method-testDependency-68d04a11-24e6-470a-b053-40692413951...-6d54dadd-ba48-427e-bf93-65b708f0db63] INFO com.example.mattermost.MeetingSchedulerWorkflowImpl - dependenciesMet: ActionId: send_meeting_invite_001 has source dependencies: [propose_final_time_for_approval_001]
[workflow-method-testDependency-68d04a11-24e6-470a-b053-40692413951...-6d54dadd-ba48-427e-bf93-65b708f0db63] INFO com.example.mattermost.MeetingSchedulerWorkflowImpl - dependenciesMet: ActionId: send_meeting_invite_001, Dependency: propose_final_time_for_approval_001, Status: PENDING, IsCompleted: false
[workflow-method-testDependency-68d04a11-24e6-470a-b053-40692413951...-6d54dadd-ba48-427e-bf93-65b708f0db63] INFO com.example.mattermost.MeetingSchedulerWorkflowImpl - dependenciesMet: ActionId: send_meeting_invite_001, AllDependenciesMet: false
[workflow-method-testDependency-68d04a11-24e6-470a-b053-40692413951...-6d54dadd-ba48-427e-bf93-65b708f0db63] INFO com.example.mattermost.MeetingSchedulerWorkflowImpl - getProcessableActions: Node ID: send_meeting_invite_001, Status: PENDING, IsPending: true, DependenciesMet: false
[workflow-method-testDependency-68d04a11-24e6-470a-b053-40692413951...-6d54dadd-ba48-427e-bf93-65b708f0db63] INFO com.example.mattermost.MeetingSchedulerWorkflowImpl - getProcessableActions: Returning 0 processable nodes.
[workflow-method-testDependency-68d04a11-24e6-470a-b053-40692413951...-6d54dadd-ba48-427e-bf93-65b708f0db63] WARN com.example.mattermost.MeetingSchedulerWorkflowImpl - Potential deadlock or all remaining actions are waiting for external signals. Workflow might be stuck if no signals arrive.
[workflow-method-testDependency-68d04a11-24e6-470a-b053-40692413951...-6d54dadd-ba48-427e-bf93-65b708f0db63] INFO com.example.mattermost.MeetingSchedulerWorkflowImpl - dependenciesMet: Checking dependencies for actionId: propose_final_time_for_approval_001
[workflow-method-testDependency-68d04a11-24e6-470a-b053-40692413951...-6d54dadd-ba48-427e-bf93-65b708f0db63] INFO com.example.mattermost.MeetingSchedulerWorkflowImpl - dependenciesMet: ActionId: propose_final_time_for_approval_001 has source dependencies: [consolidate_availabilities_001]
[workflow-method-testDependency-68d04a11-24e6-470a-b053-40692413951...-6d54dadd-ba48-427e-bf93-65b708f0db63] INFO com.example.mattermost.MeetingSchedulerWorkflowImpl - dependenciesMet: ActionId: propose_final_time_for_approval_001, Dependency: consolidate_availabilities_001, Status: PROCESSING, IsCompleted: false
[workflow-method-testDependency-68d04a11-24e6-470a-b053-40692413951...-6d54dadd-ba48-427e-bf93-65b708f0db63] INFO com.example.mattermost.MeetingSchedulerWorkflowImpl - dependenciesMet: ActionId: propose_final_time_for_approval_001, AllDependenciesMet: false
[workflow-method-testDependency-68d04a11-24e6-470a-b053-40692413951...-6d54dadd-ba48-427e-bf93-65b708f0db63] INFO com.example.mattermost.MeetingSchedulerWorkflowImpl - dependenciesMet: Checking dependencies for actionId: send_meeting_invite_001
[workflow-method-testDependency-68d04a11-24e6-470a-b053-40692413951...-6d54dadd-ba48-427e-bf93-65b708f0db63] INFO com.example.mattermost.MeetingSchedulerWorkflowImpl - dependenciesMet: ActionId: send_meeting_invite_001 has source dependencies: [propose_final_time_for_approval_001]
[workflow-method-testDependency-68d04a11-24e6-470a-b053-40692413951...-6d54dadd-ba48-427e-bf93-65b708f0db63] INFO com.example.mattermost.MeetingSchedulerWorkflowImpl - dependenciesMet: ActionId: send_meeting_invite_001, Dependency: propose_final_time_for_approval_001, Status: PENDING, IsCompleted: false
[workflow-method-testDependency-68d04a11-24e6-470a-b053-40692413951...-6d54dadd-ba48-427e-bf93-65b708f0db63] INFO com.example.mattermost.MeetingSchedulerWorkflowImpl - dependenciesMet: ActionId: send_meeting_invite_001, AllDependenciesMet: false
[workflow-method-testDependency-68d04a11-24e6-470a-b053-40692413951...-6d54dadd-ba48-427e-bf93-65b708f0db63] INFO com.example.mattermost.MeetingSchedulerWorkflowImpl - Main loop: Workflow.await condition check: newProcessableActions=false, workflowNowComplete=false
[workflow-method-testDependency-68d04a11-24e6-470a-b053-40692413951...-6d54dadd-ba48-427e-bf93-65b708f0db63] INFO com.example.mattermost.MeetingSchedulerWorkflowImpl - getProcessableActions: Checking all nodes in currentGoal.
[workflow-method-testDependency-68d04a11-24e6-470a-b053-40692413951...-6d54dadd-ba48-427e-bf93-65b708f0db63] INFO com.example.mattermost.MeetingSchedulerWorkflowImpl - getProcessableActions: Node ID: get_requester_preferred_details_001, Status: COMPLETED, IsPending: false, DependenciesMet: false
[workflow-method-testDependency-68d04a11-24e6-470a-b053-40692413951...-6d54dadd-ba48-427e-bf93-65b708f0db63] INFO com.example.mattermost.MeetingSchedulerWorkflowImpl - getProcessableActions: Node ID: ask_arun_availability_001, Status: COMPLETED, IsPending: false, DependenciesMet: false
[workflow-method-testDependency-68d04a11-24e6-470a-b053-40692413951...-6d54dadd-ba48-427e-bf93-65b708f0db63] INFO com.example.mattermost.MeetingSchedulerWorkflowImpl - getProcessableActions: Node ID: ask_jasbir_availability_001, Status: COMPLETED, IsPending: false, DependenciesMet: false
[workflow-method-testDependency-68d04a11-24e6-470a-b053-40692413951...-6d54dadd-ba48-427e-bf93-65b708f0db63] INFO com.example.mattermost.MeetingSchedulerWorkflowImpl - getProcessableActions: Node ID: consolidate_availabilities_001, Status: PROCESSING, IsPending: false, DependenciesMet: false
[workflow-method-testDependency-68d04a11-24e6-470a-b053-40692413951...-6d54dadd-ba48-427e-bf93-65b708f0db63] INFO com.example.mattermost.MeetingSchedulerWorkflowImpl - dependenciesMet: Checking dependencies for actionId: propose_final_time_for_approval_001
[workflow-method-testDependency-68d04a11-24e6-470a-b053-40692413951...-6d54dadd-ba48-427e-bf93-65b708f0db63] INFO com.example.mattermost.MeetingSchedulerWorkflowImpl - dependenciesMet: ActionId: propose_final_time_for_approval_001 has source dependencies: [consolidate_availabilities_001]
[workflow-method-testDependency-68d04a11-24e6-470a-b053-40692413951...-6d54dadd-ba48-427e-bf93-65b708f0db63] INFO com.example.mattermost.MeetingSchedulerWorkflowImpl - dependenciesMet: ActionId: propose_final_time_for_approval_001, Dependency: consolidate_availabilities_001, Status: PROCESSING, IsCompleted: false
[workflow-method-testDependency-68d04a11-24e6-470a-b053-40692413951...-6d54dadd-ba48-427e-bf93-65b708f0db63] INFO com.example.mattermost.MeetingSchedulerWorkflowImpl - dependenciesMet: ActionId: propose_final_time_for_approval_001, AllDependenciesMet: false
[workflow-method-testDependency-68d04a11-24e6-470a-b053-40692413951...-6d54dadd-ba48-427e-bf93-65b708f0db63] INFO com.example.mattermost.MeetingSchedulerWorkflowImpl - getProcessableActions: Node ID: propose_final_time_for_approval_001, Status: PENDING, IsPending: true, DependenciesMet: false
[workflow-method-testDependency-68d04a11-24e6-470a-b053-40692413951...-6d54dadd-ba48-427e-bf93-65b708f0db63] INFO com.example.mattermost.MeetingSchedulerWorkflowImpl - dependenciesMet: Checking dependencies for actionId: send_meeting_invite_001
[workflow-method-testDependency-68d04a11-24e6-470a-b053-40692413951...-6d54dadd-ba48-427e-bf93-65b708f0db63] INFO com.example.mattermost.MeetingSchedulerWorkflowImpl - dependenciesMet: ActionId: send_meeting_invite_001 has source dependencies: [propose_final_time_for_approval_001]
[workflow-method-testDependency-68d04a11-24e6-470a-b053-40692413951...-6d54dadd-ba48-427e-bf93-65b708f0db63] INFO com.example.mattermost.MeetingSchedulerWorkflowImpl - dependenciesMet: ActionId: send_meeting_invite_001, Dependency: propose_final_time_for_approval_001, Status: PENDING, IsCompleted: false
[workflow-method-testDependency-68d04a11-24e6-470a-b053-40692413951...-6d54dadd-ba48-427e-bf93-65b708f0db63] INFO com.example.mattermost.MeetingSchedulerWorkflowImpl - dependenciesMet: ActionId: send_meeting_invite_001, AllDependenciesMet: false
[workflow-method-testDependency-68d04a11-24e6-470a-b053-40692413951...-6d54dadd-ba48-427e-bf93-65b708f0db63] INFO com.example.mattermost.MeetingSchedulerWorkflowImpl - getProcessableActions: Node ID: send_meeting_invite_001, Status: PENDING, IsPending: true, DependenciesMet: false
[workflow-method-testDependency-68d04a11-24e6-470a-b053-40692413951...-6d54dadd-ba48-427e-bf93-65b708f0db63] INFO com.example.mattermost.MeetingSchedulerWorkflowImpl - getProcessableActions: Returning 0 processable nodes.
[workflow-method-testDependency-68d04a11-24e6-470a-b053-40692413951...-6d54dadd-ba48-427e-bf93-65b708f0db63] INFO com.example.mattermost.MeetingSchedulerWorkflowImpl - getProcessableActions: Checking all nodes in currentGoal.
[workflow-method-testDependency-68d04a11-24e6-470a-b053-40692413951...-6d54dadd-ba48-427e-bf93-65b708f0db63] INFO com.example.mattermost.MeetingSchedulerWorkflowImpl - getProcessableActions: Node ID: get_requester_preferred_details_001, Status: COMPLETED, IsPending: false, DependenciesMet: false
[workflow-method-testDependency-68d04a11-24e6-470a-b053-40692413951...-6d54dadd-ba48-427e-bf93-65b708f0db63] INFO com.example.mattermost.MeetingSchedulerWorkflowImpl - getProcessableActions: Node ID: ask_arun_availability_001, Status: COMPLETED, IsPending: false, DependenciesMet: false
[workflow-method-testDependency-68d04a11-24e6-470a-b053-40692413951...-6d54dadd-ba48-427e-bf93-65b708f0db63] INFO com.example.mattermost.MeetingSchedulerWorkflowImpl - getProcessableActions: Node ID: ask_jasbir_availability_001, Status: COMPLETED, IsPending: false, DependenciesMet: false
[workflow-method-testDependency-68d04a11-24e6-470a-b053-40692413951...-6d54dadd-ba48-427e-bf93-65b708f0db63] INFO com.example.mattermost.MeetingSchedulerWorkflowImpl - getProcessableActions: Node ID: consolidate_availabilities_001, Status: PROCESSING, IsPending: false, DependenciesMet: false
[workflow-method-testDependency-68d04a11-24e6-470a-b053-40692413951...-6d54dadd-ba48-427e-bf93-65b708f0db63] INFO com.example.mattermost.MeetingSchedulerWorkflowImpl - dependenciesMet: Checking dependencies for actionId: propose_final_time_for_approval_001
[workflow-method-testDependency-68d04a11-24e6-470a-b053-40692413951...-6d54dadd-ba48-427e-bf93-65b708f0db63] INFO com.example.mattermost.MeetingSchedulerWorkflowImpl - dependenciesMet: ActionId: propose_final_time_for_approval_001 has source dependencies: [consolidate_availabilities_001]
[workflow-method-testDependency-68d04a11-24e6-470a-b053-40692413951...-6d54dadd-ba48-427e-bf93-65b708f0db63] INFO com.example.mattermost.MeetingSchedulerWorkflowImpl - dependenciesMet: ActionId: propose_final_time_for_approval_001, Dependency: consolidate_availabilities_001, Status: PROCESSING, IsCompleted: false
[workflow-method-testDependency-68d04a11-24e6-470a-b053-40692413951...-6d54dadd-ba48-427e-bf93-65b708f0db63] INFO com.example.mattermost.MeetingSchedulerWorkflowImpl - dependenciesMet: ActionId: propose_final_time_for_approval_001, AllDependenciesMet: false
[workflow-method-testDependency-68d04a11-24e6-470a-b053-40692413951...-6d54dadd-ba48-427e-bf93-65b708f0db63] INFO com.example.mattermost.MeetingSchedulerWorkflowImpl - getProcessableActions: Node ID: propose_final_time_for_approval_001, Status: PENDING, IsPending: true, DependenciesMet: false
[workflow-method-testDependency-68d04a11-24e6-470a-b053-40692413951...-6d54dadd-ba48-427e-bf93-65b708f0db63] INFO com.example.mattermost.MeetingSchedulerWorkflowImpl - dependenciesMet: Checking dependencies for actionId: send_meeting_invite_001
[workflow-method-testDependency-68d04a11-24e6-470a-b053-40692413951...-6d54dadd-ba48-427e-bf93-65b708f0db63] INFO com.example.mattermost.MeetingSchedulerWorkflowImpl - dependenciesMet: ActionId: send_meeting_invite_001 has source dependencies: [propose_final_time_for_approval_001]
[workflow-method-testDependency-68d04a11-24e6-470a-b053-40692413951...-6d54dadd-ba48-427e-bf93-65b708f0db63] INFO com.example.mattermost.MeetingSchedulerWorkflowImpl - dependenciesMet: ActionId: send_meeting_invite_001, Dependency: propose_final_time_for_approval_001, Status: PENDING, IsCompleted: false
[workflow-method-testDependency-68d04a11-24e6-470a-b053-40692413951...-6d54dadd-ba48-427e-bf93-65b708f0db63] INFO com.example.mattermost.MeetingSchedulerWorkflowImpl - dependenciesMet: ActionId: send_meeting_invite_001, AllDependenciesMet: false
[workflow-method-testDependency-68d04a11-24e6-470a-b053-40692413951...-6d54dadd-ba48-427e-bf93-65b708f0db63] INFO com.example.mattermost.MeetingSchedulerWorkflowImpl - getProcessableActions: Node ID: send_meeting_invite_001, Status: PENDING, IsPending: true, DependenciesMet: false
[workflow-method-testDependency-68d04a11-24e6-470a-b053-40692413951...-6d54dadd-ba48-427e-bf93-65b708f0db63] INFO com.example.mattermost.MeetingSchedulerWorkflowImpl - getProcessableActions: Returning 0 processable nodes.
[workflow-method-testDependency-68d04a11-24e6-470a-b053-40692413951...-6d54dadd-ba48-427e-bf93-65b708f0db63] WARN com.example.mattermost.MeetingSchedulerWorkflowImpl - Potential deadlock or all remaining actions are waiting for external signals. Workflow might be stuck if no signals arrive.
[workflow-method-testDependency-68d04a11-24e6-470a-b053-40692413951...-6d54dadd-ba48-427e-bf93-65b708f0db63] INFO com.example.mattermost.MeetingSchedulerWorkflowImpl - dependenciesMet: Checking dependencies for actionId: propose_final_time_for_approval_001
[workflow-method-testDependency-68d04a11-24e6-470a-b053-40692413951...-6d54dadd-ba48-427e-bf93-65b708f0db63] INFO com.example.mattermost.MeetingSchedulerWorkflowImpl - dependenciesMet: ActionId: propose_final_time_for_approval_001 has source dependencies: [consolidate_availabilities_001]
[workflow-method-testDependency-68d04a11-24e6-470a-b053-40692413951...-6d54dadd-ba48-427e-bf93-65b708f0db63] INFO com.example.mattermost.MeetingSchedulerWorkflowImpl - dependenciesMet: ActionId: propose_final_time_for_approval_001, Dependency: consolidate_availabilities_001, Status: PROCESSING, IsCompleted: false
[workflow-method-testDependency-68d04a11-24e6-470a-b053-40692413951...-6d54dadd-ba48-427e-bf93-65b708f0db63] INFO com.example.mattermost.MeetingSchedulerWorkflowImpl - dependenciesMet: ActionId: propose_final_time_for_approval_001, AllDependenciesMet: false
[workflow-method-testDependency-68d04a11-24e6-470a-b053-40692413951...-6d54dadd-ba48-427e-bf93-65b708f0db63] INFO com.example.mattermost.MeetingSchedulerWorkflowImpl - dependenciesMet: Checking dependencies for actionId: send_meeting_invite_001
[workflow-method-testDependency-68d04a11-24e6-470a-b053-40692413951...-6d54dadd-ba48-427e-bf93-65b708f0db63] INFO com.example.mattermost.MeetingSchedulerWorkflowImpl - dependenciesMet: ActionId: send_meeting_invite_001 has source dependencies: [propose_final_time_for_approval_001]
[workflow-method-testDependency-68d04a11-24e6-470a-b053-40692413951...-6d54dadd-ba48-427e-bf93-65b708f0db63] INFO com.example.mattermost.MeetingSchedulerWorkflowImpl - dependenciesMet: ActionId: send_meeting_invite_001, Dependency: propose_final_time_for_approval_001, Status: PENDING, IsCompleted: false
[workflow-method-testDependency-68d04a11-24e6-470a-b053-40692413951...-6d54dadd-ba48-427e-bf93-65b708f0db63] INFO com.example.mattermost.MeetingSchedulerWorkflowImpl - dependenciesMet: ActionId: send_meeting_invite_001, AllDependenciesMet: false
[workflow-method-testDependency-68d04a11-24e6-470a-b053-40692413951...-6d54dadd-ba48-427e-bf93-65b708f0db63] INFO com.example.mattermost.MeetingSchedulerWorkflowImpl - Main loop: Workflow.await condition check: newProcessableActions=false, workflowNowComplete=false
[workflow-method-testDependency-68d04a11-24e6-470a-b053-40692413951...-6d54dadd-ba48-427e-bf93-65b708f0db63] INFO com.example.mattermost.MeetingSchedulerWorkflowImpl - getProcessableActions: Checking all nodes in currentGoal.
[workflow-method-testDependency-68d04a11-24e6-470a-b053-40692413951...-6d54dadd-ba48-427e-bf93-65b708f0db63] INFO com.example.mattermost.MeetingSchedulerWorkflowImpl - getProcessableActions: Node ID: get_requester_preferred_details_001, Status: COMPLETED, IsPending: false, DependenciesMet: false
[workflow-method-testDependency-68d04a11-24e6-470a-b053-40692413951...-6d54dadd-ba48-427e-bf93-65b708f0db63] INFO com.example.mattermost.MeetingSchedulerWorkflowImpl - getProcessableActions: Node ID: ask_arun_availability_001, Status: COMPLETED, IsPending: false, DependenciesMet: false
[workflow-method-testDependency-68d04a11-24e6-470a-b053-40692413951...-6d54dadd-ba48-427e-bf93-65b708f0db63] INFO com.example.mattermost.MeetingSchedulerWorkflowImpl - getProcessableActions: Node ID: ask_jasbir_availability_001, Status: COMPLETED, IsPending: false, DependenciesMet: false
[workflow-method-testDependency-68d04a11-24e6-470a-b053-40692413951...-6d54dadd-ba48-427e-bf93-65b708f0db63] INFO com.example.mattermost.MeetingSchedulerWorkflowImpl - getProcessableActions: Node ID: consolidate_availabilities_001, Status: PROCESSING, IsPending: false, DependenciesMet: false
[workflow-method-testDependency-68d04a11-24e6-470a-b053-40692413951...-6d54dadd-ba48-427e-bf93-65b708f0db63] INFO com.example.mattermost.MeetingSchedulerWorkflowImpl - dependenciesMet: Checking dependencies for actionId: propose_final_time_for_approval_001
[workflow-method-testDependency-68d04a11-24e6-470a-b053-40692413951...-6d54dadd-ba48-427e-bf93-65b708f0db63] INFO com.example.mattermost.MeetingSchedulerWorkflowImpl - dependenciesMet: ActionId: propose_final_time_for_approval_001 has source dependencies: [consolidate_availabilities_001]
[workflow-method-testDependency-68d04a11-24e6-470a-b053-40692413951...-6d54dadd-ba48-427e-bf93-65b708f0db63] INFO com.example.mattermost.MeetingSchedulerWorkflowImpl - dependenciesMet: ActionId: propose_final_time_for_approval_001, Dependency: consolidate_availabilities_001, Status: PROCESSING, IsCompleted: false
[workflow-method-testDependency-68d04a11-24e6-470a-b053-40692413951...-6d54dadd-ba48-427e-bf93-65b708f0db63] INFO com.example.mattermost.MeetingSchedulerWorkflowImpl - dependenciesMet: ActionId: propose_final_time_for_approval_001, AllDependenciesMet: false
[workflow-method-testDependency-68d04a11-24e6-470a-b053-40692413951...-6d54dadd-ba48-427e-bf93-65b708f0db63] INFO com.example.mattermost.MeetingSchedulerWorkflowImpl - getProcessableActions: Node ID: propose_final_time_for_approval_001, Status: PENDING, IsPending: true, DependenciesMet: false
[workflow-method-testDependency-68d04a11-24e6-470a-b053-40692413951...-6d54dadd-ba48-427e-bf93-65b708f0db63] INFO com.example.mattermost.MeetingSchedulerWorkflowImpl - dependenciesMet: Checking dependencies for actionId: send_meeting_invite_001
[workflow-method-testDependency-68d04a11-24e6-470a-b053-40692413951...-6d54dadd-ba48-427e-bf93-65b708f0db63] INFO com.example.mattermost.MeetingSchedulerWorkflowImpl - dependenciesMet: ActionId: send_meeting_invite_001 has source dependencies: [propose_final_time_for_approval_001]
[workflow-method-testDependency-68d04a11-24e6-470a-b053-40692413951...-6d54dadd-ba48-427e-bf93-65b708f0db63] INFO com.example.mattermost.MeetingSchedulerWorkflowImpl - dependenciesMet: ActionId: send_meeting_invite_001, Dependency: propose_final_time_for_approval_001, Status: PENDING, IsCompleted: false
[workflow-method-testDependency-68d04a11-24e6-470a-b053-40692413951...-6d54dadd-ba48-427e-bf93-65b708f0db63] INFO com.example.mattermost.MeetingSchedulerWorkflowImpl - dependenciesMet: ActionId: send_meeting_invite_001, AllDependenciesMet: false
[workflow-method-testDependency-68d04a11-24e6-470a-b053-40692413951...-6d54dadd-ba48-427e-bf93-65b708f0db63] INFO com.example.mattermost.MeetingSchedulerWorkflowImpl - getProcessableActions: Node ID: send_meeting_invite_001, Status: PENDING, IsPending: true, DependenciesMet: false
[workflow-method-testDependency-68d04a11-24e6-470a-b053-40692413951...-6d54dadd-ba48-427e-bf93-65b708f0db63] INFO com.example.mattermost.MeetingSchedulerWorkflowImpl - getProcessableActions: Returning 0 processable nodes.
[workflow-method-testDependency-68d04a11-24e6-470a-b053-40692413951...-6d54dadd-ba48-427e-bf93-65b708f0db63] INFO com.example.mattermost.MeetingSchedulerWorkflowImpl - getProcessableActions: Checking all nodes in currentGoal.
[workflow-method-testDependency-68d04a11-24e6-470a-b053-40692413951...-6d54dadd-ba48-427e-bf93-65b708f0db63] INFO com.example.mattermost.MeetingSchedulerWorkflowImpl - getProcessableActions: Node ID: get_requester_preferred_details_001, Status: COMPLETED, IsPending: false, DependenciesMet: false
[workflow-method-testDependency-68d04a11-24e6-470a-b053-40692413951...-6d54dadd-ba48-427e-bf93-65b708f0db63] INFO com.example.mattermost.MeetingSchedulerWorkflowImpl - getProcessableActions: Node ID: ask_arun_availability_001, Status: COMPLETED, IsPending: false, DependenciesMet: false
[workflow-method-testDependency-68d04a11-24e6-470a-b053-40692413951...-6d54dadd-ba48-427e-bf93-65b708f0db63] INFO com.example.mattermost.MeetingSchedulerWorkflowImpl - getProcessableActions: Node ID: ask_jasbir_availability_001, Status: COMPLETED, IsPending: false, DependenciesMet: false
[workflow-method-testDependency-68d04a11-24e6-470a-b053-40692413951...-6d54dadd-ba48-427e-bf93-65b708f0db63] INFO com.example.mattermost.MeetingSchedulerWorkflowImpl - getProcessableActions: Node ID: consolidate_availabilities_001, Status: PROCESSING, IsPending: false, DependenciesMet: false
[workflow-method-testDependency-68d04a11-24e6-470a-b053-40692413951...-6d54dadd-ba48-427e-bf93-65b708f0db63] INFO com.example.mattermost.MeetingSchedulerWorkflowImpl - dependenciesMet: Checking dependencies for actionId: propose_final_time_for_approval_001
[workflow-method-testDependency-68d04a11-24e6-470a-b053-40692413951...-6d54dadd-ba48-427e-bf93-65b708f0db63] INFO com.example.mattermost.MeetingSchedulerWorkflowImpl - dependenciesMet: ActionId: propose_final_time_for_approval_001 has source dependencies: [consolidate_availabilities_001]
[workflow-method-testDependency-68d04a11-24e6-470a-b053-40692413951...-6d54dadd-ba48-427e-bf93-65b708f0db63] INFO com.example.mattermost.MeetingSchedulerWorkflowImpl - dependenciesMet: ActionId: propose_final_time_for_approval_001, Dependency: consolidate_availabilities_001, Status: PROCESSING, IsCompleted: false
[workflow-method-testDependency-68d04a11-24e6-470a-b053-40692413951...-6d54dadd-ba48-427e-bf93-65b708f0db63] INFO com.example.mattermost.MeetingSchedulerWorkflowImpl - dependenciesMet: ActionId: propose_final_time_for_approval_001, AllDependenciesMet: false
[workflow-method-testDependency-68d04a11-24e6-470a-b053-40692413951...-6d54dadd-ba48-427e-bf93-65b708f0db63] INFO com.example.mattermost.MeetingSchedulerWorkflowImpl - getProcessableActions: Node ID: propose_final_time_for_approval_001, Status: PENDING, IsPending: true, DependenciesMet: false
[workflow-method-testDependency-68d04a11-24e6-470a-b053-40692413951...-6d54dadd-ba48-427e-bf93-65b708f0db63] INFO com.example.mattermost.MeetingSchedulerWorkflowImpl - dependenciesMet: Checking dependencies for actionId: send_meeting_invite_001
[workflow-method-testDependency-68d04a11-24e6-470a-b053-40692413951...-6d54dadd-ba48-427e-bf93-65b708f0db63] INFO com.example.mattermost.MeetingSchedulerWorkflowImpl - dependenciesMet: ActionId: send_meeting_invite_001 has source dependencies: [propose_final_time_for_approval_001]
[workflow-method-testDependency-68d04a11-24e6-470a-b053-40692413951...-6d54dadd-ba48-427e-bf93-65b708f0db63] INFO com.example.mattermost.MeetingSchedulerWorkflowImpl - dependenciesMet: ActionId: send_meeting_invite_001, Dependency: propose_final_time_for_approval_001, Status: PENDING, IsCompleted: false
[workflow-method-testDependency-68d04a11-24e6-470a-b053-40692413951...-6d54dadd-ba48-427e-bf93-65b708f0db63] INFO com.example.mattermost.MeetingSchedulerWorkflowImpl - dependenciesMet: ActionId: send_meeting_invite_001, AllDependenciesMet: false
[workflow-method-testDependency-68d04a11-24e6-470a-b053-40692413951...-6d54dadd-ba48-427e-bf93-65b708f0db63] INFO com.example.mattermost.MeetingSchedulerWorkflowImpl - getProcessableActions: Node ID: send_meeting_invite_001, Status: PENDING, IsPending: true, DependenciesMet: false
[workflow-method-testDependency-68d04a11-24e6-470a-b053-40692413951...-6d54dadd-ba48-427e-bf93-65b708f0db63] INFO com.example.mattermost.MeetingSchedulerWorkflowImpl - getProcessableActions: Returning 0 processable nodes.
[workflow-method-testDependency-68d04a11-24e6-470a-b053-40692413951...-6d54dadd-ba48-427e-bf93-65b708f0db63] WARN com.example.mattermost.MeetingSchedulerWorkflowImpl - Potential deadlock or all remaining actions are waiting for external signals. Workflow might be stuck if no signals arrive.
[workflow-method-testDependency-68d04a11-24e6-470a-b053-40692413951...-6d54dadd-ba48-427e-bf93-65b708f0db63] INFO com.example.mattermost.MeetingSchedulerWorkflowImpl - dependenciesMet: Checking dependencies for actionId: propose_final_time_for_approval_001
[workflow-method-testDependency-68d04a11-24e6-470a-b053-40692413951...-6d54dadd-ba48-427e-bf93-65b708f0db63] INFO com.example.mattermost.MeetingSchedulerWorkflowImpl - dependenciesMet: ActionId: propose_final_time_for_approval_001 has source dependencies: [consolidate_availabilities_001]
[workflow-method-testDependency-68d04a11-24e6-470a-b053-40692413951...-6d54dadd-ba48-427e-bf93-65b708f0db63] INFO com.example.mattermost.MeetingSchedulerWorkflowImpl - dependenciesMet: ActionId: propose_final_time_for_approval_001, Dependency: consolidate_availabilities_001, Status: PROCESSING, IsCompleted: false
[workflow-method-testDependency-68d04a11-24e6-470a-b053-40692413951...-6d54dadd-ba48-427e-bf93-65b708f0db63] INFO com.example.mattermost.MeetingSchedulerWorkflowImpl - dependenciesMet: ActionId: propose_final_time_for_approval_001, AllDependenciesMet: false
[workflow-method-testDependency-68d04a11-24e6-470a-b053-40692413951...-6d54dadd-ba48-427e-bf93-65b708f0db63] INFO com.example.mattermost.MeetingSchedulerWorkflowImpl - dependenciesMet: Checking dependencies for actionId: send_meeting_invite_001
[workflow-method-testDependency-68d04a11-24e6-470a-b053-40692413951...-6d54dadd-ba48-427e-bf93-65b708f0db63] INFO com.example.mattermost.MeetingSchedulerWorkflowImpl - dependenciesMet: ActionId: send_meeting_invite_001 has source dependencies: [propose_final_time_for_approval_001]
[workflow-method-testDependency-68d04a11-24e6-470a-b053-40692413951...-6d54dadd-ba48-427e-bf93-65b708f0db63] INFO com.example.mattermost.MeetingSchedulerWorkflowImpl - dependenciesMet: ActionId: send_meeting_invite_001, Dependency: propose_final_time_for_approval_001, Status: PENDING, IsCompleted: false
[workflow-method-testDependency-68d04a11-24e6-470a-b053-40692413951...-6d54dadd-ba48-427e-bf93-65b708f0db63] INFO com.example.mattermost.MeetingSchedulerWorkflowImpl - dependenciesMet: ActionId: send_meeting_invite_001, AllDependenciesMet: false
[workflow-method-testDependency-68d04a11-24e6-470a-b053-40692413951...-6d54dadd-ba48-427e-bf93-65b708f0db63] INFO com.example.mattermost.MeetingSchedulerWorkflowImpl - Main loop: Workflow.await condition check: newProcessableActions=false, workflowNowComplete=false
[workflow-method-testDependency-68d04a11-24e6-470a-b053-40692413951...-6d54dadd-ba48-427e-bf93-65b708f0db63] INFO com.example.mattermost.MeetingSchedulerWorkflowImpl - getProcessableActions: Checking all nodes in currentGoal.
[workflow-method-testDependency-68d04a11-24e6-470a-b053-40692413951...-6d54dadd-ba48-427e-bf93-65b708f0db63] INFO com.example.mattermost.MeetingSchedulerWorkflowImpl - getProcessableActions: Node ID: get_requester_preferred_details_001, Status: COMPLETED, IsPending: false, DependenciesMet: false
[workflow-method-testDependency-68d04a11-24e6-470a-b053-40692413951...-6d54dadd-ba48-427e-bf93-65b708f0db63] INFO com.example.mattermost.MeetingSchedulerWorkflowImpl - getProcessableActions: Node ID: ask_arun_availability_001, Status: COMPLETED, IsPending: false, DependenciesMet: false
[workflow-method-testDependency-68d04a11-24e6-470a-b053-40692413951...-6d54dadd-ba48-427e-bf93-65b708f0db63] INFO com.example.mattermost.MeetingSchedulerWorkflowImpl - getProcessableActions: Node ID: ask_jasbir_availability_001, Status: COMPLETED, IsPending: false, DependenciesMet: false
[workflow-method-testDependency-68d04a11-24e6-470a-b053-40692413951...-6d54dadd-ba48-427e-bf93-65b708f0db63] INFO com.example.mattermost.MeetingSchedulerWorkflowImpl - getProcessableActions: Node ID: consolidate_availabilities_001, Status: PROCESSING, IsPending: false, DependenciesMet: false
[workflow-method-testDependency-68d04a11-24e6-470a-b053-40692413951...-6d54dadd-ba48-427e-bf93-65b708f0db63] INFO com.example.mattermost.MeetingSchedulerWorkflowImpl - dependenciesMet: Checking dependencies for actionId: propose_final_time_for_approval_001
[workflow-method-testDependency-68d04a11-24e6-470a-b053-40692413951...-6d54dadd-ba48-427e-bf93-65b708f0db63] INFO com.example.mattermost.MeetingSchedulerWorkflowImpl - dependenciesMet: ActionId: propose_final_time_for_approval_001 has source dependencies: [consolidate_availabilities_001]
[workflow-method-testDependency-68d04a11-24e6-470a-b053-40692413951...-6d54dadd-ba48-427e-bf93-65b708f0db63] INFO com.example.mattermost.MeetingSchedulerWorkflowImpl - dependenciesMet: ActionId: propose_final_time_for_approval_001, Dependency: consolidate_availabilities_001, Status: PROCESSING, IsCompleted: false
[workflow-method-testDependency-68d04a11-24e6-470a-b053-40692413951...-6d54dadd-ba48-427e-bf93-65b708f0db63] INFO com.example.mattermost.MeetingSchedulerWorkflowImpl - dependenciesMet: ActionId: propose_final_time_for_approval_001, AllDependenciesMet: false
[workflow-method-testDependency-68d04a11-24e6-470a-b053-40692413951...-6d54dadd-ba48-427e-bf93-65b708f0db63] INFO com.example.mattermost.MeetingSchedulerWorkflowImpl - getProcessableActions: Node ID: propose_final_time_for_approval_001, Status: PENDING, IsPending: true, DependenciesMet: false
[workflow-method-testDependency-68d04a11-24e6-470a-b053-40692413951...-6d54dadd-ba48-427e-bf93-65b708f0db63] INFO com.example.mattermost.MeetingSchedulerWorkflowImpl - dependenciesMet: Checking dependencies for actionId: send_meeting_invite_001
[workflow-method-testDependency-68d04a11-24e6-470a-b053-40692413951...-6d54dadd-ba48-427e-bf93-65b708f0db63] INFO com.example.mattermost.MeetingSchedulerWorkflowImpl - dependenciesMet: ActionId: send_meeting_invite_001 has source dependencies: [propose_final_time_for_approval_001]
[workflow-method-testDependency-68d04a11-24e6-470a-b053-40692413951...-6d54dadd-ba48-427e-bf93-65b708f0db63] INFO com.example.mattermost.MeetingSchedulerWorkflowImpl - dependenciesMet: ActionId: send_meeting_invite_001, Dependency: propose_final_time_for_approval_001, Status: PENDING, IsCompleted: false
[workflow-method-testDependency-68d04a11-24e6-470a-b053-40692413951...-6d54dadd-ba48-427e-bf93-65b708f0db63] INFO com.example.mattermost.MeetingSchedulerWorkflowImpl - dependenciesMet: ActionId: send_meeting_invite_001, AllDependenciesMet: false
[workflow-method-testDependency-68d04a11-24e6-470a-b053-40692413951...-6d54dadd-ba48-427e-bf93-65b708f0db63] INFO com.example.mattermost.MeetingSchedulerWorkflowImpl - getProcessableActions: Node ID: send_meeting_invite_001, Status: PENDING, IsPending: true, DependenciesMet: false
[workflow-method-testDependency-68d04a11-24e6-470a-b053-40692413951...-6d54dadd-ba48-427e-bf93-65b708f0db63] INFO com.example.mattermost.MeetingSchedulerWorkflowImpl - getProcessableActions: Returning 0 processable nodes.
[workflow-method-testDependency-68d04a11-24e6-470a-b053-40692413951...-6d54dadd-ba48-427e-bf93-65b708f0db63] INFO com.example.mattermost.MeetingSchedulerWorkflowImpl - getProcessableActions: Checking all nodes in currentGoal.
[workflow-method-testDependency-68d04a11-24e6-470a-b053-40692413951...-6d54dadd-ba48-427e-bf93-65b708f0db63] INFO com.example.mattermost.MeetingSchedulerWorkflowImpl - getProcessableActions: Node ID: get_requester_preferred_details_001, Status: COMPLETED, IsPending: false, DependenciesMet: false
[workflow-method-testDependency-68d04a11-24e6-470a-b053-40692413951...-6d54dadd-ba48-427e-bf93-65b708f0db63] INFO com.example.mattermost.MeetingSchedulerWorkflowImpl - getProcessableActions: Node ID: ask_arun_availability_001, Status: COMPLETED, IsPending: false, DependenciesMet: false
[workflow-method-testDependency-68d04a11-24e6-470a-b053-40692413951...-6d54dadd-ba48-427e-bf93-65b708f0db63] INFO com.example.mattermost.MeetingSchedulerWorkflowImpl - getProcessableActions: Node ID: ask_jasbir_availability_001, Status: COMPLETED, IsPending: false, DependenciesMet: false
[workflow-method-testDependency-68d04a11-24e6-470a-b053-40692413951...-6d54dadd-ba48-427e-bf93-65b708f0db63] INFO com.example.mattermost.MeetingSchedulerWorkflowImpl - getProcessableActions: Node ID: consolidate_availabilities_001, Status: PROCESSING, IsPending: false, DependenciesMet: false
[workflow-method-testDependency-68d04a11-24e6-470a-b053-40692413951...-6d54dadd-ba48-427e-bf93-65b708f0db63] INFO com.example.mattermost.MeetingSchedulerWorkflowImpl - dependenciesMet: Checking dependencies for actionId: propose_final_time_for_approval_001
[workflow-method-testDependency-68d04a11-24e6-470a-b053-40692413951...-6d54dadd-ba48-427e-bf93-65b708f0db63] INFO com.example.mattermost.MeetingSchedulerWorkflowImpl - dependenciesMet: ActionId: propose_final_time_for_approval_001 has source dependencies: [consolidate_availabilities_001]
[workflow-method-testDependency-68d04a11-24e6-470a-b053-40692413951...-6d54dadd-ba48-427e-bf93-65b708f0db63] INFO com.example.mattermost.MeetingSchedulerWorkflowImpl - dependenciesMet: ActionId: propose_final_time_for_approval_001, Dependency: consolidate_availabilities_001, Status: PROCESSING, IsCompleted: false
[workflow-method-testDependency-68d04a11-24e6-470a-b053-40692413951...-6d54dadd-ba48-427e-bf93-65b708f0db63] INFO com.example.mattermost.MeetingSchedulerWorkflowImpl - dependenciesMet: ActionId: propose_final_time_for_approval_001, AllDependenciesMet: false
[workflow-method-testDependency-68d04a11-24e6-470a-b053-40692413951...-6d54dadd-ba48-427e-bf93-65b708f0db63] INFO com.example.mattermost.MeetingSchedulerWorkflowImpl - getProcessableActions: Node ID: propose_final_time_for_approval_001, Status: PENDING, IsPending: true, DependenciesMet: false
[workflow-method-testDependency-68d04a11-24e6-470a-b053-40692413951...-6d54dadd-ba48-427e-bf93-65b708f0db63] INFO com.example.mattermost.MeetingSchedulerWorkflowImpl - dependenciesMet: Checking dependencies for actionId: send_meeting_invite_001
[workflow-method-testDependency-68d04a11-24e6-470a-b053-40692413951...-6d54dadd-ba48-427e-bf93-65b708f0db63] INFO com.example.mattermost.MeetingSchedulerWorkflowImpl - dependenciesMet: ActionId: send_meeting_invite_001 has source dependencies: [propose_final_time_for_approval_001]
[workflow-method-testDependency-68d04a11-24e6-470a-b053-40692413951...-6d54dadd-ba48-427e-bf93-65b708f0db63] INFO com.example.mattermost.MeetingSchedulerWorkflowImpl - dependenciesMet: ActionId: send_meeting_invite_001, Dependency: propose_final_time_for_approval_001, Status: PENDING, IsCompleted: false
[workflow-method-testDependency-68d04a11-24e6-470a-b053-40692413951...-6d54dadd-ba48-427e-bf93-65b708f0db63] INFO com.example.mattermost.MeetingSchedulerWorkflowImpl - dependenciesMet: ActionId: send_meeting_invite_001, AllDependenciesMet: false
[workflow-method-testDependency-68d04a11-24e6-470a-b053-40692413951...-6d54dadd-ba48-427e-bf93-65b708f0db63] INFO com.example.mattermost.MeetingSchedulerWorkflowImpl - getProcessableActions: Node ID: send_meeting_invite_001, Status: PENDING, IsPending: true, DependenciesMet: false
[workflow-method-testDependency-68d04a11-24e6-470a-b053-40692413951...-6d54dadd-ba48-427e-bf93-65b708f0db63] INFO com.example.mattermost.MeetingSchedulerWorkflowImpl - getProcessableActions: Returning 0 processable nodes.
[workflow-method-testDependency-68d04a11-24e6-470a-b053-40692413951...-6d54dadd-ba48-427e-bf93-65b708f0db63] WARN com.example.mattermost.MeetingSchedulerWorkflowImpl - Potential deadlock or all remaining actions are waiting for external signals. Workflow might be stuck if no signals arrive.
[workflow-method-testDependency-68d04a11-24e6-470a-b053-40692413951...-6d54dadd-ba48-427e-bf93-65b708f0db63] INFO com.example.mattermost.MeetingSchedulerWorkflowImpl - dependenciesMet: Checking dependencies for actionId: propose_final_time_for_approval_001
[workflow-method-testDependency-68d04a11-24e6-470a-b053-40692413951...-6d54dadd-ba48-427e-bf93-65b708f0db63] INFO com.example.mattermost.MeetingSchedulerWorkflowImpl - dependenciesMet: ActionId: propose_final_time_for_approval_001 has source dependencies: [consolidate_availabilities_001]
[workflow-method-testDependency-68d04a11-24e6-470a-b053-40692413951...-6d54dadd-ba48-427e-bf93-65b708f0db63] INFO com.example.mattermost.MeetingSchedulerWorkflowImpl - dependenciesMet: ActionId: propose_final_time_for_approval_001, Dependency: consolidate_availabilities_001, Status: PROCESSING, IsCompleted: false
[workflow-method-testDependency-68d04a11-24e6-470a-b053-40692413951...-6d54dadd-ba48-427e-bf93-65b708f0db63] INFO com.example.mattermost.MeetingSchedulerWorkflowImpl - dependenciesMet: ActionId: propose_final_time_for_approval_001, AllDependenciesMet: false
[workflow-method-testDependency-68d04a11-24e6-470a-b053-40692413951...-6d54dadd-ba48-427e-bf93-65b708f0db63] INFO com.example.mattermost.MeetingSchedulerWorkflowImpl - dependenciesMet: Checking dependencies for actionId: send_meeting_invite_001
[workflow-method-testDependency-68d04a11-24e6-470a-b053-40692413951...-6d54dadd-ba48-427e-bf93-65b708f0db63] INFO com.example.mattermost.MeetingSchedulerWorkflowImpl - dependenciesMet: ActionId: send_meeting_invite_001 has source dependencies: [propose_final_time_for_approval_001]
[workflow-method-testDependency-68d04a11-24e6-470a-b053-40692413951...-6d54dadd-ba48-427e-bf93-65b708f0db63] INFO com.example.mattermost.MeetingSchedulerWorkflowImpl - dependenciesMet: ActionId: send_meeting_invite_001, Dependency: propose_final_time_for_approval_001, Status: PENDING, IsCompleted: false
[workflow-method-testDependency-68d04a11-24e6-470a-b053-40692413951...-6d54dadd-ba48-427e-bf93-65b708f0db63] INFO com.example.mattermost.MeetingSchedulerWorkflowImpl - dependenciesMet: ActionId: send_meeting_invite_001, AllDependenciesMet: false
[workflow-method-testDependency-68d04a11-24e6-470a-b053-40692413951...-6d54dadd-ba48-427e-bf93-65b708f0db63] INFO com.example.mattermost.MeetingSchedulerWorkflowImpl - Main loop: Workflow.await condition check: newProcessableActions=false, workflowNowComplete=false
[signal onUserResponse] INFO com.example.mattermost.MeetingSchedulerWorkflowImpl - Signal: validateInputActivity returned true for action consolidate_availabilities_001.
[signal onUserResponse] INFO com.example.mattermost.MeetingSchedulerWorkflowImpl - Input for action consolidate_availabilities_001 is valid. Marking as COMPLETED.
[workflow-method-testDependency-68d04a11-24e6-470a-b053-40692413951...-6d54dadd-ba48-427e-bf93-65b708f0db63] INFO com.example.mattermost.MeetingSchedulerWorkflowImpl - getProcessableActions: Checking all nodes in currentGoal.
[workflow-method-testDependency-68d04a11-24e6-470a-b053-40692413951...-6d54dadd-ba48-427e-bf93-65b708f0db63] INFO com.example.mattermost.MeetingSchedulerWorkflowImpl - getProcessableActions: Node ID: get_requester_preferred_details_001, Status: COMPLETED, IsPending: false, DependenciesMet: false
[workflow-method-testDependency-68d04a11-24e6-470a-b053-40692413951...-6d54dadd-ba48-427e-bf93-65b708f0db63] INFO com.example.mattermost.MeetingSchedulerWorkflowImpl - getProcessableActions: Node ID: ask_arun_availability_001, Status: COMPLETED, IsPending: false, DependenciesMet: false
[workflow-method-testDependency-68d04a11-24e6-470a-b053-40692413951...-6d54dadd-ba48-427e-bf93-65b708f0db63] INFO com.example.mattermost.MeetingSchedulerWorkflowImpl - getProcessableActions: Node ID: ask_jasbir_availability_001, Status: COMPLETED, IsPending: false, DependenciesMet: false
[workflow-method-testDependency-68d04a11-24e6-470a-b053-40692413951...-6d54dadd-ba48-427e-bf93-65b708f0db63] INFO com.example.mattermost.MeetingSchedulerWorkflowImpl - getProcessableActions: Node ID: consolidate_availabilities_001, Status: COMPLETED, IsPending: false, DependenciesMet: false
[workflow-method-testDependency-68d04a11-24e6-470a-b053-40692413951...-6d54dadd-ba48-427e-bf93-65b708f0db63] INFO com.example.mattermost.MeetingSchedulerWorkflowImpl - dependenciesMet: Checking dependencies for actionId: propose_final_time_for_approval_001
[workflow-method-testDependency-68d04a11-24e6-470a-b053-40692413951...-6d54dadd-ba48-427e-bf93-65b708f0db63] INFO com.example.mattermost.MeetingSchedulerWorkflowImpl - dependenciesMet: ActionId: propose_final_time_for_approval_001 has source dependencies: [consolidate_availabilities_001]
[workflow-method-testDependency-68d04a11-24e6-470a-b053-40692413951...-6d54dadd-ba48-427e-bf93-65b708f0db63] INFO com.example.mattermost.MeetingSchedulerWorkflowImpl - dependenciesMet: ActionId: propose_final_time_for_approval_001, Dependency: consolidate_availabilities_001, Status: COMPLETED, IsCompleted: true
[workflow-method-testDependency-68d04a11-24e6-470a-b053-40692413951...-6d54dadd-ba48-427e-bf93-65b708f0db63] INFO com.example.mattermost.MeetingSchedulerWorkflowImpl - dependenciesMet: ActionId: propose_final_time_for_approval_001, AllDependenciesMet: true
[workflow-method-testDependency-68d04a11-24e6-470a-b053-40692413951...-6d54dadd-ba48-427e-bf93-65b708f0db63] INFO com.example.mattermost.MeetingSchedulerWorkflowImpl - getProcessableActions: Node ID: propose_final_time_for_approval_001, Status: PENDING, IsPending: true, DependenciesMet: true
[workflow-method-testDependency-68d04a11-24e6-470a-b053-40692413951...-6d54dadd-ba48-427e-bf93-65b708f0db63] INFO com.example.mattermost.MeetingSchedulerWorkflowImpl - dependenciesMet: Checking dependencies for actionId: send_meeting_invite_001
[workflow-method-testDependency-68d04a11-24e6-470a-b053-40692413951...-6d54dadd-ba48-427e-bf93-65b708f0db63] INFO com.example.mattermost.MeetingSchedulerWorkflowImpl - dependenciesMet: ActionId: send_meeting_invite_001 has source dependencies: [propose_final_time_for_approval_001]
[workflow-method-testDependency-68d04a11-24e6-470a-b053-40692413951...-6d54dadd-ba48-427e-bf93-65b708f0db63] INFO com.example.mattermost.MeetingSchedulerWorkflowImpl - dependenciesMet: ActionId: send_meeting_invite_001, Dependency: propose_final_time_for_approval_001, Status: PENDING, IsCompleted: false
[workflow-method-testDependency-68d04a11-24e6-470a-b053-40692413951...-6d54dadd-ba48-427e-bf93-65b708f0db63] INFO com.example.mattermost.MeetingSchedulerWorkflowImpl - dependenciesMet: ActionId: send_meeting_invite_001, AllDependenciesMet: false
[workflow-method-testDependency-68d04a11-24e6-470a-b053-40692413951...-6d54dadd-ba48-427e-bf93-65b708f0db63] INFO com.example.mattermost.MeetingSchedulerWorkflowImpl - getProcessableActions: Node ID: send_meeting_invite_001, Status: PENDING, IsPending: true, DependenciesMet: false
[workflow-method-testDependency-68d04a11-24e6-470a-b053-40692413951...-6d54dadd-ba48-427e-bf93-65b708f0db63] INFO com.example.mattermost.MeetingSchedulerWorkflowImpl - getProcessableActions: Returning 1 processable nodes.
[workflow-method-testDependency-68d04a11-24e6-470a-b053-40692413951...-6d54dadd-ba48-427e-bf93-65b708f0db63] INFO com.example.mattermost.MeetingSchedulerWorkflowImpl - getProcessableActions: Checking all nodes in currentGoal.
[workflow-method-testDependency-68d04a11-24e6-470a-b053-40692413951...-6d54dadd-ba48-427e-bf93-65b708f0db63] INFO com.example.mattermost.MeetingSchedulerWorkflowImpl - getProcessableActions: Node ID: get_requester_preferred_details_001, Status: COMPLETED, IsPending: false, DependenciesMet: false
[workflow-method-testDependency-68d04a11-24e6-470a-b053-40692413951...-6d54dadd-ba48-427e-bf93-65b708f0db63] INFO com.example.mattermost.MeetingSchedulerWorkflowImpl - getProcessableActions: Node ID: ask_arun_availability_001, Status: COMPLETED, IsPending: false, DependenciesMet: false
[workflow-method-testDependency-68d04a11-24e6-470a-b053-40692413951...-6d54dadd-ba48-427e-bf93-65b708f0db63] INFO com.example.mattermost.MeetingSchedulerWorkflowImpl - getProcessableActions: Node ID: ask_jasbir_availability_001, Status: COMPLETED, IsPending: false, DependenciesMet: false
[workflow-method-testDependency-68d04a11-24e6-470a-b053-40692413951...-6d54dadd-ba48-427e-bf93-65b708f0db63] INFO com.example.mattermost.MeetingSchedulerWorkflowImpl - getProcessableActions: Node ID: consolidate_availabilities_001, Status: COMPLETED, IsPending: false, DependenciesMet: false
[workflow-method-testDependency-68d04a11-24e6-470a-b053-40692413951...-6d54dadd-ba48-427e-bf93-65b708f0db63] INFO com.example.mattermost.MeetingSchedulerWorkflowImpl - dependenciesMet: Checking dependencies for actionId: propose_final_time_for_approval_001
[workflow-method-testDependency-68d04a11-24e6-470a-b053-40692413951...-6d54dadd-ba48-427e-bf93-65b708f0db63] INFO com.example.mattermost.MeetingSchedulerWorkflowImpl - dependenciesMet: ActionId: propose_final_time_for_approval_001 has source dependencies: [consolidate_availabilities_001]
[workflow-method-testDependency-68d04a11-24e6-470a-b053-40692413951...-6d54dadd-ba48-427e-bf93-65b708f0db63] INFO com.example.mattermost.MeetingSchedulerWorkflowImpl - dependenciesMet: ActionId: propose_final_time_for_approval_001, Dependency: consolidate_availabilities_001, Status: COMPLETED, IsCompleted: true
[workflow-method-testDependency-68d04a11-24e6-470a-b053-40692413951...-6d54dadd-ba48-427e-bf93-65b708f0db63] INFO com.example.mattermost.MeetingSchedulerWorkflowImpl - dependenciesMet: ActionId: propose_final_time_for_approval_001, AllDependenciesMet: true
[workflow-method-testDependency-68d04a11-24e6-470a-b053-40692413951...-6d54dadd-ba48-427e-bf93-65b708f0db63] INFO com.example.mattermost.MeetingSchedulerWorkflowImpl - getProcessableActions: Node ID: propose_final_time_for_approval_001, Status: PENDING, IsPending: true, DependenciesMet: true
[workflow-method-testDependency-68d04a11-24e6-470a-b053-40692413951...-6d54dadd-ba48-427e-bf93-65b708f0db63] INFO com.example.mattermost.MeetingSchedulerWorkflowImpl - dependenciesMet: Checking dependencies for actionId: send_meeting_invite_001
[workflow-method-testDependency-68d04a11-24e6-470a-b053-40692413951...-6d54dadd-ba48-427e-bf93-65b708f0db63] INFO com.example.mattermost.MeetingSchedulerWorkflowImpl - dependenciesMet: ActionId: send_meeting_invite_001 has source dependencies: [propose_final_time_for_approval_001]
[workflow-method-testDependency-68d04a11-24e6-470a-b053-40692413951...-6d54dadd-ba48-427e-bf93-65b708f0db63] INFO com.example.mattermost.MeetingSchedulerWorkflowImpl - dependenciesMet: ActionId: send_meeting_invite_001, Dependency: propose_final_time_for_approval_001, Status: PENDING, IsCompleted: false
[workflow-method-testDependency-68d04a11-24e6-470a-b053-40692413951...-6d54dadd-ba48-427e-bf93-65b708f0db63] INFO com.example.mattermost.MeetingSchedulerWorkflowImpl - dependenciesMet: ActionId: send_meeting_invite_001, AllDependenciesMet: false
[workflow-method-testDependency-68d04a11-24e6-470a-b053-40692413951...-6d54dadd-ba48-427e-bf93-65b708f0db63] INFO com.example.mattermost.MeetingSchedulerWorkflowImpl - getProcessableActions: Node ID: send_meeting_invite_001, Status: PENDING, IsPending: true, DependenciesMet: false
[workflow-method-testDependency-68d04a11-24e6-470a-b053-40692413951...-6d54dadd-ba48-427e-bf93-65b708f0db63] INFO com.example.mattermost.MeetingSchedulerWorkflowImpl - getProcessableActions: Returning 1 processable nodes.
[workflow-method-testDependency-68d04a11-24e6-470a-b053-40692413951...-6d54dadd-ba48-427e-bf93-65b708f0db63] INFO com.example.mattermost.MeetingSchedulerWorkflowImpl - Main loop: Workflow.await condition check: newProcessableActions=true, workflowNowComplete=false
[workflow-method-testDependency-68d04a11-24e6-470a-b053-40692413951...-6d54dadd-ba48-427e-bf93-65b708f0db63] INFO com.example.mattermost.MeetingSchedulerWorkflowImpl - Main loop: Awakened from Workflow.await().
[workflow-method-testDependency-68d04a11-24e6-470a-b053-40692413951...-6d54dadd-ba48-427e-bf93-65b708f0db63] INFO com.example.mattermost.MeetingSchedulerWorkflowImpl - getProcessableActions: Checking all nodes in currentGoal.
[workflow-method-testDependency-68d04a11-24e6-470a-b053-40692413951...-6d54dadd-ba48-427e-bf93-65b708f0db63] INFO com.example.mattermost.MeetingSchedulerWorkflowImpl - getProcessableActions: Node ID: get_requester_preferred_details_001, Status: COMPLETED, IsPending: false, DependenciesMet: false
[workflow-method-testDependency-68d04a11-24e6-470a-b053-40692413951...-6d54dadd-ba48-427e-bf93-65b708f0db63] INFO com.example.mattermost.MeetingSchedulerWorkflowImpl - getProcessableActions: Node ID: ask_arun_availability_001, Status: COMPLETED, IsPending: false, DependenciesMet: false
[workflow-method-testDependency-68d04a11-24e6-470a-b053-40692413951...-6d54dadd-ba48-427e-bf93-65b708f0db63] INFO com.example.mattermost.MeetingSchedulerWorkflowImpl - getProcessableActions: Node ID: ask_jasbir_availability_001, Status: COMPLETED, IsPending: false, DependenciesMet: false
[workflow-method-testDependency-68d04a11-24e6-470a-b053-40692413951...-6d54dadd-ba48-427e-bf93-65b708f0db63] INFO com.example.mattermost.MeetingSchedulerWorkflowImpl - getProcessableActions: Node ID: consolidate_availabilities_001, Status: COMPLETED, IsPending: false, DependenciesMet: false
[workflow-method-testDependency-68d04a11-24e6-470a-b053-40692413951...-6d54dadd-ba48-427e-bf93-65b708f0db63] INFO com.example.mattermost.MeetingSchedulerWorkflowImpl - dependenciesMet: Checking dependencies for actionId: propose_final_time_for_approval_001
[workflow-method-testDependency-68d04a11-24e6-470a-b053-40692413951...-6d54dadd-ba48-427e-bf93-65b708f0db63] INFO com.example.mattermost.MeetingSchedulerWorkflowImpl - dependenciesMet: ActionId: propose_final_time_for_approval_001 has source dependencies: [consolidate_availabilities_001]
[workflow-method-testDependency-68d04a11-24e6-470a-b053-40692413951...-6d54dadd-ba48-427e-bf93-65b708f0db63] INFO com.example.mattermost.MeetingSchedulerWorkflowImpl - dependenciesMet: ActionId: propose_final_time_for_approval_001, Dependency: consolidate_availabilities_001, Status: COMPLETED, IsCompleted: true
[workflow-method-testDependency-68d04a11-24e6-470a-b053-40692413951...-6d54dadd-ba48-427e-bf93-65b708f0db63] INFO com.example.mattermost.MeetingSchedulerWorkflowImpl - dependenciesMet: ActionId: propose_final_time_for_approval_001, AllDependenciesMet: true
[workflow-method-testDependency-68d04a11-24e6-470a-b053-40692413951...-6d54dadd-ba48-427e-bf93-65b708f0db63] INFO com.example.mattermost.MeetingSchedulerWorkflowImpl - getProcessableActions: Node ID: propose_final_time_for_approval_001, Status: PENDING, IsPending: true, DependenciesMet: true
[workflow-method-testDependency-68d04a11-24e6-470a-b053-40692413951...-6d54dadd-ba48-427e-bf93-65b708f0db63] INFO com.example.mattermost.MeetingSchedulerWorkflowImpl - dependenciesMet: Checking dependencies for actionId: send_meeting_invite_001
[workflow-method-testDependency-68d04a11-24e6-470a-b053-40692413951...-6d54dadd-ba48-427e-bf93-65b708f0db63] INFO com.example.mattermost.MeetingSchedulerWorkflowImpl - dependenciesMet: ActionId: send_meeting_invite_001 has source dependencies: [propose_final_time_for_approval_001]
[workflow-method-testDependency-68d04a11-24e6-470a-b053-40692413951...-6d54dadd-ba48-427e-bf93-65b708f0db63] INFO com.example.mattermost.MeetingSchedulerWorkflowImpl - dependenciesMet: ActionId: send_meeting_invite_001, Dependency: propose_final_time_for_approval_001, Status: PENDING, IsCompleted: false
[workflow-method-testDependency-68d04a11-24e6-470a-b053-40692413951...-6d54dadd-ba48-427e-bf93-65b708f0db63] INFO com.example.mattermost.MeetingSchedulerWorkflowImpl - dependenciesMet: ActionId: send_meeting_invite_001, AllDependenciesMet: false
[workflow-method-testDependency-68d04a11-24e6-470a-b053-40692413951...-6d54dadd-ba48-427e-bf93-65b708f0db63] INFO com.example.mattermost.MeetingSchedulerWorkflowImpl - getProcessableActions: Node ID: send_meeting_invite_001, Status: PENDING, IsPending: true, DependenciesMet: false
[workflow-method-testDependency-68d04a11-24e6-470a-b053-40692413951...-6d54dadd-ba48-427e-bf93-65b708f0db63] INFO com.example.mattermost.MeetingSchedulerWorkflowImpl - getProcessableActions: Returning 1 processable nodes.
[workflow-method-testDependency-68d04a11-24e6-470a-b053-40692413951...-6d54dadd-ba48-427e-bf93-65b708f0db63] INFO com.example.mattermost.MeetingSchedulerWorkflowImpl - Main loop: Re-checked processable actions after await: [propose_final_time_for_approval_001]. Count: 1
[workflow-method-testDependency-68d04a11-24e6-470a-b053-40692413951...-6d54dadd-ba48-427e-bf93-65b708f0db63] INFO com.example.mattermost.MeetingSchedulerWorkflowImpl - getProcessableActions: Checking all nodes in currentGoal.
[workflow-method-testDependency-68d04a11-24e6-470a-b053-40692413951...-6d54dadd-ba48-427e-bf93-65b708f0db63] INFO com.example.mattermost.MeetingSchedulerWorkflowImpl - getProcessableActions: Node ID: get_requester_preferred_details_001, Status: COMPLETED, IsPending: false, DependenciesMet: false
[workflow-method-testDependency-68d04a11-24e6-470a-b053-40692413951...-6d54dadd-ba48-427e-bf93-65b708f0db63] INFO com.example.mattermost.MeetingSchedulerWorkflowImpl - getProcessableActions: Node ID: ask_arun_availability_001, Status: COMPLETED, IsPending: false, DependenciesMet: false
[workflow-method-testDependency-68d04a11-24e6-470a-b053-40692413951...-6d54dadd-ba48-427e-bf93-65b708f0db63] INFO com.example.mattermost.MeetingSchedulerWorkflowImpl - getProcessableActions: Node ID: ask_jasbir_availability_001, Status: COMPLETED, IsPending: false, DependenciesMet: false
[workflow-method-testDependency-68d04a11-24e6-470a-b053-40692413951...-6d54dadd-ba48-427e-bf93-65b708f0db63] INFO com.example.mattermost.MeetingSchedulerWorkflowImpl - getProcessableActions: Node ID: consolidate_availabilities_001, Status: COMPLETED, IsPending: false, DependenciesMet: false
[workflow-method-testDependency-68d04a11-24e6-470a-b053-40692413951...-6d54dadd-ba48-427e-bf93-65b708f0db63] INFO com.example.mattermost.MeetingSchedulerWorkflowImpl - dependenciesMet: Checking dependencies for actionId: propose_final_time_for_approval_001
[workflow-method-testDependency-68d04a11-24e6-470a-b053-40692413951...-6d54dadd-ba48-427e-bf93-65b708f0db63] INFO com.example.mattermost.MeetingSchedulerWorkflowImpl - dependenciesMet: ActionId: propose_final_time_for_approval_001 has source dependencies: [consolidate_availabilities_001]
[workflow-method-testDependency-68d04a11-24e6-470a-b053-40692413951...-6d54dadd-ba48-427e-bf93-65b708f0db63] INFO com.example.mattermost.MeetingSchedulerWorkflowImpl - dependenciesMet: ActionId: propose_final_time_for_approval_001, Dependency: consolidate_availabilities_001, Status: COMPLETED, IsCompleted: true
[workflow-method-testDependency-68d04a11-24e6-470a-b053-40692413951...-6d54dadd-ba48-427e-bf93-65b708f0db63] INFO com.example.mattermost.MeetingSchedulerWorkflowImpl - dependenciesMet: ActionId: propose_final_time_for_approval_001, AllDependenciesMet: true
[workflow-method-testDependency-68d04a11-24e6-470a-b053-40692413951...-6d54dadd-ba48-427e-bf93-65b708f0db63] INFO com.example.mattermost.MeetingSchedulerWorkflowImpl - getProcessableActions: Node ID: propose_final_time_for_approval_001, Status: PENDING, IsPending: true, DependenciesMet: true
[workflow-method-testDependency-68d04a11-24e6-470a-b053-40692413951...-6d54dadd-ba48-427e-bf93-65b708f0db63] INFO com.example.mattermost.MeetingSchedulerWorkflowImpl - dependenciesMet: Checking dependencies for actionId: send_meeting_invite_001
[workflow-method-testDependency-68d04a11-24e6-470a-b053-40692413951...-6d54dadd-ba48-427e-bf93-65b708f0db63] INFO com.example.mattermost.MeetingSchedulerWorkflowImpl - dependenciesMet: ActionId: send_meeting_invite_001 has source dependencies: [propose_final_time_for_approval_001]
[workflow-method-testDependency-68d04a11-24e6-470a-b053-40692413951...-6d54dadd-ba48-427e-bf93-65b708f0db63] INFO com.example.mattermost.MeetingSchedulerWorkflowImpl - dependenciesMet: ActionId: send_meeting_invite_001, Dependency: propose_final_time_for_approval_001, Status: PENDING, IsCompleted: false
[workflow-method-testDependency-68d04a11-24e6-470a-b053-40692413951...-6d54dadd-ba48-427e-bf93-65b708f0db63] INFO com.example.mattermost.MeetingSchedulerWorkflowImpl - dependenciesMet: ActionId: send_meeting_invite_001, AllDependenciesMet: false
[workflow-method-testDependency-68d04a11-24e6-470a-b053-40692413951...-6d54dadd-ba48-427e-bf93-65b708f0db63] INFO com.example.mattermost.MeetingSchedulerWorkflowImpl - getProcessableActions: Node ID: send_meeting_invite_001, Status: PENDING, IsPending: true, DependenciesMet: false
[workflow-method-testDependency-68d04a11-24e6-470a-b053-40692413951...-6d54dadd-ba48-427e-bf93-65b708f0db63] INFO com.example.mattermost.MeetingSchedulerWorkflowImpl - getProcessableActions: Returning 1 processable nodes.
[workflow-method-testDependency-68d04a11-24e6-470a-b053-40692413951...-6d54dadd-ba48-427e-bf93-65b708f0db63] INFO com.example.mattermost.MeetingSchedulerWorkflowImpl - Main loop: Evaluating action propose_final_time_for_approval_001 with status PENDING
[workflow-method-testDependency-68d04a11-24e6-470a-b053-40692413951...-6d54dadd-ba48-427e-bf93-65b708f0db63] INFO com.example.mattermost.MeetingSchedulerWorkflowImpl - Main loop: Processing PENDING action: propose_final_time_for_approval_001
[workflow-method-testDependency-68d04a11-24e6-470a-b053-40692413951...-6d54dadd-ba48-427e-bf93-65b708f0db63] INFO com.example.mattermost.MeetingSchedulerWorkflowImpl - Main loop: Generated prompt for action propose_final_time_for_approval_001: 'Based on everyone's availability, I propose the following meeting time: Monday 10AM (Consolidated). Does this work for everyone?'
[workflow-method-testDependency-68d04a11-24e6-470a-b053-40692413951...-6d54dadd-ba48-427e-bf93-65b708f0db63] INFO com.example.mattermost.MeetingSchedulerWorkflowImpl - Main loop: About to call askUserActivity.ask for action propose_final_time_for_approval_001
[workflow-method-testDependency-68d04a11-24e6-470a-b053-40692413951...-6d54dadd-ba48-427e-bf93-65b708f0db63] INFO com.example.mattermost.MeetingSchedulerWorkflowImpl - Main loop: askUserActivity.ask called for action propose_final_time_for_approval_001. Setting status to WAITING_FOR_INPUT.
[workflow-method-testDependency-68d04a11-24e6-470a-b053-40692413951...-6d54dadd-ba48-427e-bf93-65b708f0db63] INFO com.example.mattermost.MeetingSchedulerWorkflowImpl - Action propose_final_time_for_approval_001 is now WAITING_FOR_INPUT.
[workflow-method-testDependency-68d04a11-24e6-470a-b053-40692413951...-6d54dadd-ba48-427e-bf93-65b708f0db63] INFO com.example.mattermost.MeetingSchedulerWorkflowImpl - getProcessableActions: Checking all nodes in currentGoal.
[workflow-method-testDependency-68d04a11-24e6-470a-b053-40692413951...-6d54dadd-ba48-427e-bf93-65b708f0db63] INFO com.example.mattermost.MeetingSchedulerWorkflowImpl - getProcessableActions: Node ID: get_requester_preferred_details_001, Status: COMPLETED, IsPending: false, DependenciesMet: false
[workflow-method-testDependency-68d04a11-24e6-470a-b053-40692413951...-6d54dadd-ba48-427e-bf93-65b708f0db63] INFO com.example.mattermost.MeetingSchedulerWorkflowImpl - getProcessableActions: Node ID: ask_arun_availability_001, Status: COMPLETED, IsPending: false, DependenciesMet: false
[workflow-method-testDependency-68d04a11-24e6-470a-b053-40692413951...-6d54dadd-ba48-427e-bf93-65b708f0db63] INFO com.example.mattermost.MeetingSchedulerWorkflowImpl - getProcessableActions: Node ID: ask_jasbir_availability_001, Status: COMPLETED, IsPending: false, DependenciesMet: false
[workflow-method-testDependency-68d04a11-24e6-470a-b053-40692413951...-6d54dadd-ba48-427e-bf93-65b708f0db63] INFO com.example.mattermost.MeetingSchedulerWorkflowImpl - getProcessableActions: Node ID: consolidate_availabilities_001, Status: COMPLETED, IsPending: false, DependenciesMet: false
[workflow-method-testDependency-68d04a11-24e6-470a-b053-40692413951...-6d54dadd-ba48-427e-bf93-65b708f0db63] INFO com.example.mattermost.MeetingSchedulerWorkflowImpl - getProcessableActions: Node ID: propose_final_time_for_approval_001, Status: WAITING_FOR_INPUT, IsPending: false, DependenciesMet: false
[workflow-method-testDependency-68d04a11-24e6-470a-b053-40692413951...-6d54dadd-ba48-427e-bf93-65b708f0db63] INFO com.example.mattermost.MeetingSchedulerWorkflowImpl - dependenciesMet: Checking dependencies for actionId: send_meeting_invite_001
[workflow-method-testDependency-68d04a11-24e6-470a-b053-40692413951...-6d54dadd-ba48-427e-bf93-65b708f0db63] INFO com.example.mattermost.MeetingSchedulerWorkflowImpl - dependenciesMet: ActionId: send_meeting_invite_001 has source dependencies: [propose_final_time_for_approval_001]
[workflow-method-testDependency-68d04a11-24e6-470a-b053-40692413951...-6d54dadd-ba48-427e-bf93-65b708f0db63] INFO com.example.mattermost.MeetingSchedulerWorkflowImpl - dependenciesMet: ActionId: send_meeting_invite_001, Dependency: propose_final_time_for_approval_001, Status: WAITING_FOR_INPUT, IsCompleted: false
[workflow-method-testDependency-68d04a11-24e6-470a-b053-40692413951...-6d54dadd-ba48-427e-bf93-65b708f0db63] INFO com.example.mattermost.MeetingSchedulerWorkflowImpl - dependenciesMet: ActionId: send_meeting_invite_001, AllDependenciesMet: false
[workflow-method-testDependency-68d04a11-24e6-470a-b053-40692413951...-6d54dadd-ba48-427e-bf93-65b708f0db63] INFO com.example.mattermost.MeetingSchedulerWorkflowImpl - getProcessableActions: Node ID: send_meeting_invite_001, Status: PENDING, IsPending: true, DependenciesMet: false
[workflow-method-testDependency-68d04a11-24e6-470a-b053-40692413951...-6d54dadd-ba48-427e-bf93-65b708f0db63] INFO com.example.mattermost.MeetingSchedulerWorkflowImpl - getProcessableActions: Returning 0 processable nodes.
[workflow-method-testDependency-68d04a11-24e6-470a-b053-40692413951...-6d54dadd-ba48-427e-bf93-65b708f0db63] WARN com.example.mattermost.MeetingSchedulerWorkflowImpl - Potential deadlock or all remaining actions are waiting for external signals. Workflow might be stuck if no signals arrive.
[workflow-method-testDependency-68d04a11-24e6-470a-b053-40692413951...-6d54dadd-ba48-427e-bf93-65b708f0db63] INFO com.example.mattermost.MeetingSchedulerWorkflowImpl - dependenciesMet: Checking dependencies for actionId: send_meeting_invite_001
[workflow-method-testDependency-68d04a11-24e6-470a-b053-40692413951...-6d54dadd-ba48-427e-bf93-65b708f0db63] INFO com.example.mattermost.MeetingSchedulerWorkflowImpl - dependenciesMet: ActionId: send_meeting_invite_001 has source dependencies: [propose_final_time_for_approval_001]
[workflow-method-testDependency-68d04a11-24e6-470a-b053-40692413951...-6d54dadd-ba48-427e-bf93-65b708f0db63] INFO com.example.mattermost.MeetingSchedulerWorkflowImpl - dependenciesMet: ActionId: send_meeting_invite_001, Dependency: propose_final_time_for_approval_001, Status: WAITING_FOR_INPUT, IsCompleted: false
[workflow-method-testDependency-68d04a11-24e6-470a-b053-40692413951...-6d54dadd-ba48-427e-bf93-65b708f0db63] INFO com.example.mattermost.MeetingSchedulerWorkflowImpl - dependenciesMet: ActionId: send_meeting_invite_001, AllDependenciesMet: false
[workflow-method-testDependency-68d04a11-24e6-470a-b053-40692413951...-6d54dadd-ba48-427e-bf93-65b708f0db63] INFO com.example.mattermost.MeetingSchedulerWorkflowImpl - Main loop: Checking processable actions.
[workflow-method-testDependency-68d04a11-24e6-470a-b053-40692413951...-6d54dadd-ba48-427e-bf93-65b708f0db63] INFO com.example.mattermost.MeetingSchedulerWorkflowImpl - getProcessableActions: Checking all nodes in currentGoal.
[workflow-method-testDependency-68d04a11-24e6-470a-b053-40692413951...-6d54dadd-ba48-427e-bf93-65b708f0db63] INFO com.example.mattermost.MeetingSchedulerWorkflowImpl - getProcessableActions: Node ID: get_requester_preferred_details_001, Status: COMPLETED, IsPending: false, DependenciesMet: false
[workflow-method-testDependency-68d04a11-24e6-470a-b053-40692413951...-6d54dadd-ba48-427e-bf93-65b708f0db63] INFO com.example.mattermost.MeetingSchedulerWorkflowImpl - getProcessableActions: Node ID: ask_arun_availability_001, Status: COMPLETED, IsPending: false, DependenciesMet: false
[workflow-method-testDependency-68d04a11-24e6-470a-b053-40692413951...-6d54dadd-ba48-427e-bf93-65b708f0db63] INFO com.example.mattermost.MeetingSchedulerWorkflowImpl - getProcessableActions: Node ID: ask_jasbir_availability_001, Status: COMPLETED, IsPending: false, DependenciesMet: false
[workflow-method-testDependency-68d04a11-24e6-470a-b053-40692413951...-6d54dadd-ba48-427e-bf93-65b708f0db63] INFO com.example.mattermost.MeetingSchedulerWorkflowImpl - getProcessableActions: Node ID: consolidate_availabilities_001, Status: COMPLETED, IsPending: false, DependenciesMet: false
[workflow-method-testDependency-68d04a11-24e6-470a-b053-40692413951...-6d54dadd-ba48-427e-bf93-65b708f0db63] INFO com.example.mattermost.MeetingSchedulerWorkflowImpl - getProcessableActions: Node ID: propose_final_time_for_approval_001, Status: WAITING_FOR_INPUT, IsPending: false, DependenciesMet: false
[workflow-method-testDependency-68d04a11-24e6-470a-b053-40692413951...-6d54dadd-ba48-427e-bf93-65b708f0db63] INFO com.example.mattermost.MeetingSchedulerWorkflowImpl - dependenciesMet: Checking dependencies for actionId: send_meeting_invite_001
[workflow-method-testDependency-68d04a11-24e6-470a-b053-40692413951...-6d54dadd-ba48-427e-bf93-65b708f0db63] INFO com.example.mattermost.MeetingSchedulerWorkflowImpl - dependenciesMet: ActionId: send_meeting_invite_001 has source dependencies: [propose_final_time_for_approval_001]
[workflow-method-testDependency-68d04a11-24e6-470a-b053-40692413951...-6d54dadd-ba48-427e-bf93-65b708f0db63] INFO com.example.mattermost.MeetingSchedulerWorkflowImpl - dependenciesMet: ActionId: send_meeting_invite_001, Dependency: propose_final_time_for_approval_001, Status: WAITING_FOR_INPUT, IsCompleted: false
[workflow-method-testDependency-68d04a11-24e6-470a-b053-40692413951...-6d54dadd-ba48-427e-bf93-65b708f0db63] INFO com.example.mattermost.MeetingSchedulerWorkflowImpl - dependenciesMet: ActionId: send_meeting_invite_001, AllDependenciesMet: false
[workflow-method-testDependency-68d04a11-24e6-470a-b053-40692413951...-6d54dadd-ba48-427e-bf93-65b708f0db63] INFO com.example.mattermost.MeetingSchedulerWorkflowImpl - getProcessableActions: Node ID: send_meeting_invite_001, Status: PENDING, IsPending: true, DependenciesMet: false
[workflow-method-testDependency-68d04a11-24e6-470a-b053-40692413951...-6d54dadd-ba48-427e-bf93-65b708f0db63] INFO com.example.mattermost.MeetingSchedulerWorkflowImpl - getProcessableActions: Returning 0 processable nodes.
[workflow-method-testDependency-68d04a11-24e6-470a-b053-40692413951...-6d54dadd-ba48-427e-bf93-65b708f0db63] INFO com.example.mattermost.MeetingSchedulerWorkflowImpl - Main loop: Found 0 processable actions: []
[workflow-method-testDependency-68d04a11-24e6-470a-b053-40692413951...-6d54dadd-ba48-427e-bf93-65b708f0db63] INFO com.example.mattermost.MeetingSchedulerWorkflowImpl - getProcessableActions: Checking all nodes in currentGoal.
[workflow-method-testDependency-68d04a11-24e6-470a-b053-40692413951...-6d54dadd-ba48-427e-bf93-65b708f0db63] INFO com.example.mattermost.MeetingSchedulerWorkflowImpl - getProcessableActions: Node ID: get_requester_preferred_details_001, Status: COMPLETED, IsPending: false, DependenciesMet: false
[workflow-method-testDependency-68d04a11-24e6-470a-b053-40692413951...-6d54dadd-ba48-427e-bf93-65b708f0db63] INFO com.example.mattermost.MeetingSchedulerWorkflowImpl - getProcessableActions: Node ID: ask_arun_availability_001, Status: COMPLETED, IsPending: false, DependenciesMet: false
[workflow-method-testDependency-68d04a11-24e6-470a-b053-40692413951...-6d54dadd-ba48-427e-bf93-65b708f0db63] INFO com.example.mattermost.MeetingSchedulerWorkflowImpl - getProcessableActions: Node ID: ask_jasbir_availability_001, Status: COMPLETED, IsPending: false, DependenciesMet: false
[workflow-method-testDependency-68d04a11-24e6-470a-b053-40692413951...-6d54dadd-ba48-427e-bf93-65b708f0db63] INFO com.example.mattermost.MeetingSchedulerWorkflowImpl - getProcessableActions: Node ID: consolidate_availabilities_001, Status: COMPLETED, IsPending: false, DependenciesMet: false
[workflow-method-testDependency-68d04a11-24e6-470a-b053-40692413951...-6d54dadd-ba48-427e-bf93-65b708f0db63] INFO com.example.mattermost.MeetingSchedulerWorkflowImpl - getProcessableActions: Node ID: propose_final_time_for_approval_001, Status: WAITING_FOR_INPUT, IsPending: false, DependenciesMet: false
[workflow-method-testDependency-68d04a11-24e6-470a-b053-40692413951...-6d54dadd-ba48-427e-bf93-65b708f0db63] INFO com.example.mattermost.MeetingSchedulerWorkflowImpl - dependenciesMet: Checking dependencies for actionId: send_meeting_invite_001
[workflow-method-testDependency-68d04a11-24e6-470a-b053-40692413951...-6d54dadd-ba48-427e-bf93-65b708f0db63] INFO com.example.mattermost.MeetingSchedulerWorkflowImpl - dependenciesMet: ActionId: send_meeting_invite_001 has source dependencies: [propose_final_time_for_approval_001]
[workflow-method-testDependency-68d04a11-24e6-470a-b053-40692413951...-6d54dadd-ba48-427e-bf93-65b708f0db63] INFO com.example.mattermost.MeetingSchedulerWorkflowImpl - dependenciesMet: ActionId: send_meeting_invite_001, Dependency: propose_final_time_for_approval_001, Status: WAITING_FOR_INPUT, IsCompleted: false
[workflow-method-testDependency-68d04a11-24e6-470a-b053-40692413951...-6d54dadd-ba48-427e-bf93-65b708f0db63] INFO com.example.mattermost.MeetingSchedulerWorkflowImpl - dependenciesMet: ActionId: send_meeting_invite_001, AllDependenciesMet: false
[workflow-method-testDependency-68d04a11-24e6-470a-b053-40692413951...-6d54dadd-ba48-427e-bf93-65b708f0db63] INFO com.example.mattermost.MeetingSchedulerWorkflowImpl - getProcessableActions: Node ID: send_meeting_invite_001, Status: PENDING, IsPending: true, DependenciesMet: false
[workflow-method-testDependency-68d04a11-24e6-470a-b053-40692413951...-6d54dadd-ba48-427e-bf93-65b708f0db63] INFO com.example.mattermost.MeetingSchedulerWorkflowImpl - getProcessableActions: Returning 0 processable nodes.
[workflow-method-testDependency-68d04a11-24e6-470a-b053-40692413951...-6d54dadd-ba48-427e-bf93-65b708f0db63] WARN com.example.mattermost.MeetingSchedulerWorkflowImpl - Potential deadlock or all remaining actions are waiting for external signals. Workflow might be stuck if no signals arrive.
[workflow-method-testDependency-68d04a11-24e6-470a-b053-40692413951...-6d54dadd-ba48-427e-bf93-65b708f0db63] INFO com.example.mattermost.MeetingSchedulerWorkflowImpl - dependenciesMet: Checking dependencies for actionId: send_meeting_invite_001
[workflow-method-testDependency-68d04a11-24e6-470a-b053-40692413951...-6d54dadd-ba48-427e-bf93-65b708f0db63] INFO com.example.mattermost.MeetingSchedulerWorkflowImpl - dependenciesMet: ActionId: send_meeting_invite_001 has source dependencies: [propose_final_time_for_approval_001]
[workflow-method-testDependency-68d04a11-24e6-470a-b053-40692413951...-6d54dadd-ba48-427e-bf93-65b708f0db63] INFO com.example.mattermost.MeetingSchedulerWorkflowImpl - dependenciesMet: ActionId: send_meeting_invite_001, Dependency: propose_final_time_for_approval_001, Status: WAITING_FOR_INPUT, IsCompleted: false
[workflow-method-testDependency-68d04a11-24e6-470a-b053-40692413951...-6d54dadd-ba48-427e-bf93-65b708f0db63] INFO com.example.mattermost.MeetingSchedulerWorkflowImpl - dependenciesMet: ActionId: send_meeting_invite_001, AllDependenciesMet: false
[workflow-method-testDependency-68d04a11-24e6-470a-b053-40692413951...-6d54dadd-ba48-427e-bf93-65b708f0db63] INFO com.example.mattermost.MeetingSchedulerWorkflowImpl - Main loop: No actions currently processable. Waiting for signals or workflow completion. Current statuses: {get_requester_preferred_details_001=COMPLETED, propose_final_time_for_approval_001=WAITING_FOR_INPUT, ask_arun_availability_001=COMPLETED, consolidate_availabilities_001=COMPLETED, send_meeting_invite_001=PENDING, ask_jasbir_availability_001=COMPLETED}
[workflow-method-testDependency-68d04a11-24e6-470a-b053-40692413951...-6d54dadd-ba48-427e-bf93-65b708f0db63] INFO com.example.mattermost.MeetingSchedulerWorkflowImpl - getProcessableActions: Checking all nodes in currentGoal.
[workflow-method-testDependency-68d04a11-24e6-470a-b053-40692413951...-6d54dadd-ba48-427e-bf93-65b708f0db63] INFO com.example.mattermost.MeetingSchedulerWorkflowImpl - getProcessableActions: Node ID: get_requester_preferred_details_001, Status: COMPLETED, IsPending: false, DependenciesMet: false
[workflow-method-testDependency-68d04a11-24e6-470a-b053-40692413951...-6d54dadd-ba48-427e-bf93-65b708f0db63] INFO com.example.mattermost.MeetingSchedulerWorkflowImpl - getProcessableActions: Node ID: ask_arun_availability_001, Status: COMPLETED, IsPending: false, DependenciesMet: false
[workflow-method-testDependency-68d04a11-24e6-470a-b053-40692413951...-6d54dadd-ba48-427e-bf93-65b708f0db63] INFO com.example.mattermost.MeetingSchedulerWorkflowImpl - getProcessableActions: Node ID: ask_jasbir_availability_001, Status: COMPLETED, IsPending: false, DependenciesMet: false
[workflow-method-testDependency-68d04a11-24e6-470a-b053-40692413951...-6d54dadd-ba48-427e-bf93-65b708f0db63] INFO com.example.mattermost.MeetingSchedulerWorkflowImpl - getProcessableActions: Node ID: consolidate_availabilities_001, Status: COMPLETED, IsPending: false, DependenciesMet: false
[workflow-method-testDependency-68d04a11-24e6-470a-b053-40692413951...-6d54dadd-ba48-427e-bf93-65b708f0db63] INFO com.example.mattermost.MeetingSchedulerWorkflowImpl - getProcessableActions: Node ID: propose_final_time_for_approval_001, Status: WAITING_FOR_INPUT, IsPending: false, DependenciesMet: false
[workflow-method-testDependency-68d04a11-24e6-470a-b053-40692413951...-6d54dadd-ba48-427e-bf93-65b708f0db63] INFO com.example.mattermost.MeetingSchedulerWorkflowImpl - dependenciesMet: Checking dependencies for actionId: send_meeting_invite_001
[workflow-method-testDependency-68d04a11-24e6-470a-b053-40692413951...-6d54dadd-ba48-427e-bf93-65b708f0db63] INFO com.example.mattermost.MeetingSchedulerWorkflowImpl - dependenciesMet: ActionId: send_meeting_invite_001 has source dependencies: [propose_final_time_for_approval_001]
[workflow-method-testDependency-68d04a11-24e6-470a-b053-40692413951...-6d54dadd-ba48-427e-bf93-65b708f0db63] INFO com.example.mattermost.MeetingSchedulerWorkflowImpl - dependenciesMet: ActionId: send_meeting_invite_001, Dependency: propose_final_time_for_approval_001, Status: WAITING_FOR_INPUT, IsCompleted: false
[workflow-method-testDependency-68d04a11-24e6-470a-b053-40692413951...-6d54dadd-ba48-427e-bf93-65b708f0db63] INFO com.example.mattermost.MeetingSchedulerWorkflowImpl - dependenciesMet: ActionId: send_meeting_invite_001, AllDependenciesMet: false
[workflow-method-testDependency-68d04a11-24e6-470a-b053-40692413951...-6d54dadd-ba48-427e-bf93-65b708f0db63] INFO com.example.mattermost.MeetingSchedulerWorkflowImpl - getProcessableActions: Node ID: send_meeting_invite_001, Status: PENDING, IsPending: true, DependenciesMet: false
[workflow-method-testDependency-68d04a11-24e6-470a-b053-40692413951...-6d54dadd-ba48-427e-bf93-65b708f0db63] INFO com.example.mattermost.MeetingSchedulerWorkflowImpl - getProcessableActions: Returning 0 processable nodes.
[workflow-method-testDependency-68d04a11-24e6-470a-b053-40692413951...-6d54dadd-ba48-427e-bf93-65b708f0db63] INFO com.example.mattermost.MeetingSchedulerWorkflowImpl - getProcessableActions: Checking all nodes in currentGoal.
[workflow-method-testDependency-68d04a11-24e6-470a-b053-40692413951...-6d54dadd-ba48-427e-bf93-65b708f0db63] INFO com.example.mattermost.MeetingSchedulerWorkflowImpl - getProcessableActions: Node ID: get_requester_preferred_details_001, Status: COMPLETED, IsPending: false, DependenciesMet: false
[workflow-method-testDependency-68d04a11-24e6-470a-b053-40692413951...-6d54dadd-ba48-427e-bf93-65b708f0db63] INFO com.example.mattermost.MeetingSchedulerWorkflowImpl - getProcessableActions: Node ID: ask_arun_availability_001, Status: COMPLETED, IsPending: false, DependenciesMet: false
[workflow-method-testDependency-68d04a11-24e6-470a-b053-40692413951...-6d54dadd-ba48-427e-bf93-65b708f0db63] INFO com.example.mattermost.MeetingSchedulerWorkflowImpl - getProcessableActions: Node ID: ask_jasbir_availability_001, Status: COMPLETED, IsPending: false, DependenciesMet: false
[workflow-method-testDependency-68d04a11-24e6-470a-b053-40692413951...-6d54dadd-ba48-427e-bf93-65b708f0db63] INFO com.example.mattermost.MeetingSchedulerWorkflowImpl - getProcessableActions: Node ID: consolidate_availabilities_001, Status: COMPLETED, IsPending: false, DependenciesMet: false
[workflow-method-testDependency-68d04a11-24e6-470a-b053-40692413951...-6d54dadd-ba48-427e-bf93-65b708f0db63] INFO com.example.mattermost.MeetingSchedulerWorkflowImpl - getProcessableActions: Node ID: propose_final_time_for_approval_001, Status: WAITING_FOR_INPUT, IsPending: false, DependenciesMet: false
[workflow-method-testDependency-68d04a11-24e6-470a-b053-40692413951...-6d54dadd-ba48-427e-bf93-65b708f0db63] INFO com.example.mattermost.MeetingSchedulerWorkflowImpl - dependenciesMet: Checking dependencies for actionId: send_meeting_invite_001
[workflow-method-testDependency-68d04a11-24e6-470a-b053-40692413951...-6d54dadd-ba48-427e-bf93-65b708f0db63] INFO com.example.mattermost.MeetingSchedulerWorkflowImpl - dependenciesMet: ActionId: send_meeting_invite_001 has source dependencies: [propose_final_time_for_approval_001]
[workflow-method-testDependency-68d04a11-24e6-470a-b053-40692413951...-6d54dadd-ba48-427e-bf93-65b708f0db63] INFO com.example.mattermost.MeetingSchedulerWorkflowImpl - dependenciesMet: ActionId: send_meeting_invite_001, Dependency: propose_final_time_for_approval_001, Status: WAITING_FOR_INPUT, IsCompleted: false
[workflow-method-testDependency-68d04a11-24e6-470a-b053-40692413951...-6d54dadd-ba48-427e-bf93-65b708f0db63] INFO com.example.mattermost.MeetingSchedulerWorkflowImpl - dependenciesMet: ActionId: send_meeting_invite_001, AllDependenciesMet: false
[workflow-method-testDependency-68d04a11-24e6-470a-b053-40692413951...-6d54dadd-ba48-427e-bf93-65b708f0db63] INFO com.example.mattermost.MeetingSchedulerWorkflowImpl - getProcessableActions: Node ID: send_meeting_invite_001, Status: PENDING, IsPending: true, DependenciesMet: false
[workflow-method-testDependency-68d04a11-24e6-470a-b053-40692413951...-6d54dadd-ba48-427e-bf93-65b708f0db63] INFO com.example.mattermost.MeetingSchedulerWorkflowImpl - getProcessableActions: Returning 0 processable nodes.
[workflow-method-testDependency-68d04a11-24e6-470a-b053-40692413951...-6d54dadd-ba48-427e-bf93-65b708f0db63] WARN com.example.mattermost.MeetingSchedulerWorkflowImpl - Potential deadlock or all remaining actions are waiting for external signals. Workflow might be stuck if no signals arrive.
[workflow-method-testDependency-68d04a11-24e6-470a-b053-40692413951...-6d54dadd-ba48-427e-bf93-65b708f0db63] INFO com.example.mattermost.MeetingSchedulerWorkflowImpl - dependenciesMet: Checking dependencies for actionId: send_meeting_invite_001
[workflow-method-testDependency-68d04a11-24e6-470a-b053-40692413951...-6d54dadd-ba48-427e-bf93-65b708f0db63] INFO com.example.mattermost.MeetingSchedulerWorkflowImpl - dependenciesMet: ActionId: send_meeting_invite_001 has source dependencies: [propose_final_time_for_approval_001]
[workflow-method-testDependency-68d04a11-24e6-470a-b053-40692413951...-6d54dadd-ba48-427e-bf93-65b708f0db63] INFO com.example.mattermost.MeetingSchedulerWorkflowImpl - dependenciesMet: ActionId: send_meeting_invite_001, Dependency: propose_final_time_for_approval_001, Status: WAITING_FOR_INPUT, IsCompleted: false
[workflow-method-testDependency-68d04a11-24e6-470a-b053-40692413951...-6d54dadd-ba48-427e-bf93-65b708f0db63] INFO com.example.mattermost.MeetingSchedulerWorkflowImpl - dependenciesMet: ActionId: send_meeting_invite_001, AllDependenciesMet: false
[workflow-method-testDependency-68d04a11-24e6-470a-b053-40692413951...-6d54dadd-ba48-427e-bf93-65b708f0db63] INFO com.example.mattermost.MeetingSchedulerWorkflowImpl - Main loop: Workflow.await condition check: newProcessableActions=false, workflowNowComplete=false
[workflow-method-testDependency-68d04a11-24e6-470a-b053-40692413951...-6d54dadd-ba48-427e-bf93-65b708f0db63] INFO com.example.mattermost.MeetingSchedulerWorkflowImpl - getProcessableActions: Checking all nodes in currentGoal.
[workflow-method-testDependency-68d04a11-24e6-470a-b053-40692413951...-6d54dadd-ba48-427e-bf93-65b708f0db63] INFO com.example.mattermost.MeetingSchedulerWorkflowImpl - getProcessableActions: Node ID: get_requester_preferred_details_001, Status: COMPLETED, IsPending: false, DependenciesMet: false
[workflow-method-testDependency-68d04a11-24e6-470a-b053-40692413951...-6d54dadd-ba48-427e-bf93-65b708f0db63] INFO com.example.mattermost.MeetingSchedulerWorkflowImpl - getProcessableActions: Node ID: ask_arun_availability_001, Status: COMPLETED, IsPending: false, DependenciesMet: false
[workflow-method-testDependency-68d04a11-24e6-470a-b053-40692413951...-6d54dadd-ba48-427e-bf93-65b708f0db63] INFO com.example.mattermost.MeetingSchedulerWorkflowImpl - getProcessableActions: Node ID: ask_jasbir_availability_001, Status: COMPLETED, IsPending: false, DependenciesMet: false
[workflow-method-testDependency-68d04a11-24e6-470a-b053-40692413951...-6d54dadd-ba48-427e-bf93-65b708f0db63] INFO com.example.mattermost.MeetingSchedulerWorkflowImpl - getProcessableActions: Node ID: consolidate_availabilities_001, Status: COMPLETED, IsPending: false, DependenciesMet: false
[workflow-method-testDependency-68d04a11-24e6-470a-b053-40692413951...-6d54dadd-ba48-427e-bf93-65b708f0db63] INFO com.example.mattermost.MeetingSchedulerWorkflowImpl - getProcessableActions: Node ID: propose_final_time_for_approval_001, Status: WAITING_FOR_INPUT, IsPending: false, DependenciesMet: false
[workflow-method-testDependency-68d04a11-24e6-470a-b053-40692413951...-6d54dadd-ba48-427e-bf93-65b708f0db63] INFO com.example.mattermost.MeetingSchedulerWorkflowImpl - dependenciesMet: Checking dependencies for actionId: send_meeting_invite_001
[workflow-method-testDependency-68d04a11-24e6-470a-b053-40692413951...-6d54dadd-ba48-427e-bf93-65b708f0db63] INFO com.example.mattermost.MeetingSchedulerWorkflowImpl - dependenciesMet: ActionId: send_meeting_invite_001 has source dependencies: [propose_final_time_for_approval_001]
[workflow-method-testDependency-68d04a11-24e6-470a-b053-40692413951...-6d54dadd-ba48-427e-bf93-65b708f0db63] INFO com.example.mattermost.MeetingSchedulerWorkflowImpl - dependenciesMet: ActionId: send_meeting_invite_001, Dependency: propose_final_time_for_approval_001, Status: WAITING_FOR_INPUT, IsCompleted: false
[workflow-method-testDependency-68d04a11-24e6-470a-b053-40692413951...-6d54dadd-ba48-427e-bf93-65b708f0db63] INFO com.example.mattermost.MeetingSchedulerWorkflowImpl - dependenciesMet: ActionId: send_meeting_invite_001, AllDependenciesMet: false
[workflow-method-testDependency-68d04a11-24e6-470a-b053-40692413951...-6d54dadd-ba48-427e-bf93-65b708f0db63] INFO com.example.mattermost.MeetingSchedulerWorkflowImpl - getProcessableActions: Node ID: send_meeting_invite_001, Status: PENDING, IsPending: true, DependenciesMet: false
[workflow-method-testDependency-68d04a11-24e6-470a-b053-40692413951...-6d54dadd-ba48-427e-bf93-65b708f0db63] INFO com.example.mattermost.MeetingSchedulerWorkflowImpl - getProcessableActions: Returning 0 processable nodes.
[workflow-method-testDependency-68d04a11-24e6-470a-b053-40692413951...-6d54dadd-ba48-427e-bf93-65b708f0db63] INFO com.example.mattermost.MeetingSchedulerWorkflowImpl - getProcessableActions: Checking all nodes in currentGoal.
[workflow-method-testDependency-68d04a11-24e6-470a-b053-40692413951...-6d54dadd-ba48-427e-bf93-65b708f0db63] INFO com.example.mattermost.MeetingSchedulerWorkflowImpl - getProcessableActions: Node ID: get_requester_preferred_details_001, Status: COMPLETED, IsPending: false, DependenciesMet: false
[workflow-method-testDependency-68d04a11-24e6-470a-b053-40692413951...-6d54dadd-ba48-427e-bf93-65b708f0db63] INFO com.example.mattermost.MeetingSchedulerWorkflowImpl - getProcessableActions: Node ID: ask_arun_availability_001, Status: COMPLETED, IsPending: false, DependenciesMet: false
[workflow-method-testDependency-68d04a11-24e6-470a-b053-40692413951...-6d54dadd-ba48-427e-bf93-65b708f0db63] INFO com.example.mattermost.MeetingSchedulerWorkflowImpl - getProcessableActions: Node ID: ask_jasbir_availability_001, Status: COMPLETED, IsPending: false, DependenciesMet: false
[workflow-method-testDependency-68d04a11-24e6-470a-b053-40692413951...-6d54dadd-ba48-427e-bf93-65b708f0db63] INFO com.example.mattermost.MeetingSchedulerWorkflowImpl - getProcessableActions: Node ID: consolidate_availabilities_001, Status: COMPLETED, IsPending: false, DependenciesMet: false
[workflow-method-testDependency-68d04a11-24e6-470a-b053-40692413951...-6d54dadd-ba48-427e-bf93-65b708f0db63] INFO com.example.mattermost.MeetingSchedulerWorkflowImpl - getProcessableActions: Node ID: propose_final_time_for_approval_001, Status: WAITING_FOR_INPUT, IsPending: false, DependenciesMet: false
[workflow-method-testDependency-68d04a11-24e6-470a-b053-40692413951...-6d54dadd-ba48-427e-bf93-65b708f0db63] INFO com.example.mattermost.MeetingSchedulerWorkflowImpl - dependenciesMet: Checking dependencies for actionId: send_meeting_invite_001
[workflow-method-testDependency-68d04a11-24e6-470a-b053-40692413951...-6d54dadd-ba48-427e-bf93-65b708f0db63] INFO com.example.mattermost.MeetingSchedulerWorkflowImpl - dependenciesMet: ActionId: send_meeting_invite_001 has source dependencies: [propose_final_time_for_approval_001]
[workflow-method-testDependency-68d04a11-24e6-470a-b053-40692413951...-6d54dadd-ba48-427e-bf93-65b708f0db63] INFO com.example.mattermost.MeetingSchedulerWorkflowImpl - dependenciesMet: ActionId: send_meeting_invite_001, Dependency: propose_final_time_for_approval_001, Status: WAITING_FOR_INPUT, IsCompleted: false
[workflow-method-testDependency-68d04a11-24e6-470a-b053-40692413951...-6d54dadd-ba48-427e-bf93-65b708f0db63] INFO com.example.mattermost.MeetingSchedulerWorkflowImpl - dependenciesMet: ActionId: send_meeting_invite_001, AllDependenciesMet: false
[workflow-method-testDependency-68d04a11-24e6-470a-b053-40692413951...-6d54dadd-ba48-427e-bf93-65b708f0db63] INFO com.example.mattermost.MeetingSchedulerWorkflowImpl - getProcessableActions: Node ID: send_meeting_invite_001, Status: PENDING, IsPending: true, DependenciesMet: false
[workflow-method-testDependency-68d04a11-24e6-470a-b053-40692413951...-6d54dadd-ba48-427e-bf93-65b708f0db63] INFO com.example.mattermost.MeetingSchedulerWorkflowImpl - getProcessableActions: Returning 0 processable nodes.
[workflow-method-testDependency-68d04a11-24e6-470a-b053-40692413951...-6d54dadd-ba48-427e-bf93-65b708f0db63] WARN com.example.mattermost.MeetingSchedulerWorkflowImpl - Potential deadlock or all remaining actions are waiting for external signals. Workflow might be stuck if no signals arrive.
[workflow-method-testDependency-68d04a11-24e6-470a-b053-40692413951...-6d54dadd-ba48-427e-bf93-65b708f0db63] INFO com.example.mattermost.MeetingSchedulerWorkflowImpl - dependenciesMet: Checking dependencies for actionId: send_meeting_invite_001
[workflow-method-testDependency-68d04a11-24e6-470a-b053-40692413951...-6d54dadd-ba48-427e-bf93-65b708f0db63] INFO com.example.mattermost.MeetingSchedulerWorkflowImpl - dependenciesMet: ActionId: send_meeting_invite_001 has source dependencies: [propose_final_time_for_approval_001]
[workflow-method-testDependency-68d04a11-24e6-470a-b053-40692413951...-6d54dadd-ba48-427e-bf93-65b708f0db63] INFO com.example.mattermost.MeetingSchedulerWorkflowImpl - dependenciesMet: ActionId: send_meeting_invite_001, Dependency: propose_final_time_for_approval_001, Status: WAITING_FOR_INPUT, IsCompleted: false
[workflow-method-testDependency-68d04a11-24e6-470a-b053-40692413951...-6d54dadd-ba48-427e-bf93-65b708f0db63] INFO com.example.mattermost.MeetingSchedulerWorkflowImpl - dependenciesMet: ActionId: send_meeting_invite_001, AllDependenciesMet: false
[workflow-method-testDependency-68d04a11-24e6-470a-b053-40692413951...-6d54dadd-ba48-427e-bf93-65b708f0db63] INFO com.example.mattermost.MeetingSchedulerWorkflowImpl - Main loop: Workflow.await condition check: newProcessableActions=false, workflowNowComplete=false
[main] INFO com.example.mattermost.MeetingSchedulerWorkflowTest - Test: Signal for propose_final_time_for_approval_001 sent.
[main] INFO com.example.mattermost.MeetingSchedulerWorkflowTest - Test: Verifying ask for send_meeting_invite_001
[workflow-method-testDependency-68d04a11-24e6-470a-b053-40692413951...-6d54dadd-ba48-427e-bf93-65b708f0db63] INFO com.example.mattermost.MeetingSchedulerWorkflowImpl - getProcessableActions: Checking all nodes in currentGoal.
[workflow-method-testDependency-68d04a11-24e6-470a-b053-40692413951...-6d54dadd-ba48-427e-bf93-65b708f0db63] INFO com.example.mattermost.MeetingSchedulerWorkflowImpl - getProcessableActions: Node ID: get_requester_preferred_details_001, Status: COMPLETED, IsPending: false, DependenciesMet: false
[workflow-method-testDependency-68d04a11-24e6-470a-b053-40692413951...-6d54dadd-ba48-427e-bf93-65b708f0db63] INFO com.example.mattermost.MeetingSchedulerWorkflowImpl - getProcessableActions: Node ID: ask_arun_availability_001, Status: COMPLETED, IsPending: false, DependenciesMet: false
[workflow-method-testDependency-68d04a11-24e6-470a-b053-40692413951...-6d54dadd-ba48-427e-bf93-65b708f0db63] INFO com.example.mattermost.MeetingSchedulerWorkflowImpl - getProcessableActions: Node ID: ask_jasbir_availability_001, Status: COMPLETED, IsPending: false, DependenciesMet: false
[workflow-method-testDependency-68d04a11-24e6-470a-b053-40692413951...-6d54dadd-ba48-427e-bf93-65b708f0db63] INFO com.example.mattermost.MeetingSchedulerWorkflowImpl - getProcessableActions: Node ID: consolidate_availabilities_001, Status: COMPLETED, IsPending: false, DependenciesMet: false
[workflow-method-testDependency-68d04a11-24e6-470a-b053-40692413951...-6d54dadd-ba48-427e-bf93-65b708f0db63] INFO com.example.mattermost.MeetingSchedulerWorkflowImpl - getProcessableActions: Node ID: propose_final_time_for_approval_001, Status: WAITING_FOR_INPUT, IsPending: false, DependenciesMet: false
[workflow-method-testDependency-68d04a11-24e6-470a-b053-40692413951...-6d54dadd-ba48-427e-bf93-65b708f0db63] INFO com.example.mattermost.MeetingSchedulerWorkflowImpl - dependenciesMet: Checking dependencies for actionId: send_meeting_invite_001
[workflow-method-testDependency-68d04a11-24e6-470a-b053-40692413951...-6d54dadd-ba48-427e-bf93-65b708f0db63] INFO com.example.mattermost.MeetingSchedulerWorkflowImpl - dependenciesMet: ActionId: send_meeting_invite_001 has source dependencies: [propose_final_time_for_approval_001]
[workflow-method-testDependency-68d04a11-24e6-470a-b053-40692413951...-6d54dadd-ba48-427e-bf93-65b708f0db63] INFO com.example.mattermost.MeetingSchedulerWorkflowImpl - dependenciesMet: ActionId: send_meeting_invite_001, Dependency: propose_final_time_for_approval_001, Status: WAITING_FOR_INPUT, IsCompleted: false
[workflow-method-testDependency-68d04a11-24e6-470a-b053-40692413951...-6d54dadd-ba48-427e-bf93-65b708f0db63] INFO com.example.mattermost.MeetingSchedulerWorkflowImpl - dependenciesMet: ActionId: send_meeting_invite_001, AllDependenciesMet: false
[workflow-method-testDependency-68d04a11-24e6-470a-b053-40692413951...-6d54dadd-ba48-427e-bf93-65b708f0db63] INFO com.example.mattermost.MeetingSchedulerWorkflowImpl - getProcessableActions: Node ID: send_meeting_invite_001, Status: PENDING, IsPending: true, DependenciesMet: false
[workflow-method-testDependency-68d04a11-24e6-470a-b053-40692413951...-6d54dadd-ba48-427e-bf93-65b708f0db63] INFO com.example.mattermost.MeetingSchedulerWorkflowImpl - getProcessableActions: Returning 0 processable nodes.
[workflow-method-testDependency-68d04a11-24e6-470a-b053-40692413951...-6d54dadd-ba48-427e-bf93-65b708f0db63] INFO com.example.mattermost.MeetingSchedulerWorkflowImpl - getProcessableActions: Checking all nodes in currentGoal.
[workflow-method-testDependency-68d04a11-24e6-470a-b053-40692413951...-6d54dadd-ba48-427e-bf93-65b708f0db63] INFO com.example.mattermost.MeetingSchedulerWorkflowImpl - getProcessableActions: Node ID: get_requester_preferred_details_001, Status: COMPLETED, IsPending: false, DependenciesMet: false
[workflow-method-testDependency-68d04a11-24e6-470a-b053-40692413951...-6d54dadd-ba48-427e-bf93-65b708f0db63] INFO com.example.mattermost.MeetingSchedulerWorkflowImpl - getProcessableActions: Node ID: ask_arun_availability_001, Status: COMPLETED, IsPending: false, DependenciesMet: false
[workflow-method-testDependency-68d04a11-24e6-470a-b053-40692413951...-6d54dadd-ba48-427e-bf93-65b708f0db63] INFO com.example.mattermost.MeetingSchedulerWorkflowImpl - getProcessableActions: Node ID: ask_jasbir_availability_001, Status: COMPLETED, IsPending: false, DependenciesMet: false
[workflow-method-testDependency-68d04a11-24e6-470a-b053-40692413951...-6d54dadd-ba48-427e-bf93-65b708f0db63] INFO com.example.mattermost.MeetingSchedulerWorkflowImpl - getProcessableActions: Node ID: consolidate_availabilities_001, Status: COMPLETED, IsPending: false, DependenciesMet: false
[workflow-method-testDependency-68d04a11-24e6-470a-b053-40692413951...-6d54dadd-ba48-427e-bf93-65b708f0db63] INFO com.example.mattermost.MeetingSchedulerWorkflowImpl - getProcessableActions: Node ID: propose_final_time_for_approval_001, Status: WAITING_FOR_INPUT, IsPending: false, DependenciesMet: false
[workflow-method-testDependency-68d04a11-24e6-470a-b053-40692413951...-6d54dadd-ba48-427e-bf93-65b708f0db63] INFO com.example.mattermost.MeetingSchedulerWorkflowImpl - dependenciesMet: Checking dependencies for actionId: send_meeting_invite_001
[workflow-method-testDependency-68d04a11-24e6-470a-b053-40692413951...-6d54dadd-ba48-427e-bf93-65b708f0db63] INFO com.example.mattermost.MeetingSchedulerWorkflowImpl - dependenciesMet: ActionId: send_meeting_invite_001 has source dependencies: [propose_final_time_for_approval_001]
[workflow-method-testDependency-68d04a11-24e6-470a-b053-40692413951...-6d54dadd-ba48-427e-bf93-65b708f0db63] INFO com.example.mattermost.MeetingSchedulerWorkflowImpl - dependenciesMet: ActionId: send_meeting_invite_001, Dependency: propose_final_time_for_approval_001, Status: WAITING_FOR_INPUT, IsCompleted: false
[workflow-method-testDependency-68d04a11-24e6-470a-b053-40692413951...-6d54dadd-ba48-427e-bf93-65b708f0db63] INFO com.example.mattermost.MeetingSchedulerWorkflowImpl - dependenciesMet: ActionId: send_meeting_invite_001, AllDependenciesMet: false
[workflow-method-testDependency-68d04a11-24e6-470a-b053-40692413951...-6d54dadd-ba48-427e-bf93-65b708f0db63] INFO com.example.mattermost.MeetingSchedulerWorkflowImpl - getProcessableActions: Node ID: send_meeting_invite_001, Status: PENDING, IsPending: true, DependenciesMet: false
[workflow-method-testDependency-68d04a11-24e6-470a-b053-40692413951...-6d54dadd-ba48-427e-bf93-65b708f0db63] INFO com.example.mattermost.MeetingSchedulerWorkflowImpl - getProcessableActions: Returning 0 processable nodes.
[workflow-method-testDependency-68d04a11-24e6-470a-b053-40692413951...-6d54dadd-ba48-427e-bf93-65b708f0db63] WARN com.example.mattermost.MeetingSchedulerWorkflowImpl - Potential deadlock or all remaining actions are waiting for external signals. Workflow might be stuck if no signals arrive.
[workflow-method-testDependency-68d04a11-24e6-470a-b053-40692413951...-6d54dadd-ba48-427e-bf93-65b708f0db63] INFO com.example.mattermost.MeetingSchedulerWorkflowImpl - dependenciesMet: Checking dependencies for actionId: send_meeting_invite_001
[workflow-method-testDependency-68d04a11-24e6-470a-b053-40692413951...-6d54dadd-ba48-427e-bf93-65b708f0db63] INFO com.example.mattermost.MeetingSchedulerWorkflowImpl - dependenciesMet: ActionId: send_meeting_invite_001 has source dependencies: [propose_final_time_for_approval_001]
[workflow-method-testDependency-68d04a11-24e6-470a-b053-40692413951...-6d54dadd-ba48-427e-bf93-65b708f0db63] INFO com.example.mattermost.MeetingSchedulerWorkflowImpl - dependenciesMet: ActionId: send_meeting_invite_001, Dependency: propose_final_time_for_approval_001, Status: WAITING_FOR_INPUT, IsCompleted: false
[workflow-method-testDependency-68d04a11-24e6-470a-b053-40692413951...-6d54dadd-ba48-427e-bf93-65b708f0db63] INFO com.example.mattermost.MeetingSchedulerWorkflowImpl - dependenciesMet: ActionId: send_meeting_invite_001, AllDependenciesMet: false
[workflow-method-testDependency-68d04a11-24e6-470a-b053-40692413951...-6d54dadd-ba48-427e-bf93-65b708f0db63] INFO com.example.mattermost.MeetingSchedulerWorkflowImpl - Main loop: Workflow.await condition check: newProcessableActions=false, workflowNowComplete=false
[signal onUserResponse] INFO com.example.mattermost.MeetingSchedulerWorkflowImpl - Signal: Received onUserResponse for actionId: propose_final_time_for_approval_001 with input: {approved_time_final=Monday 10AM Approved}. Current status: WAITING_FOR_INPUT, waitingForUserInputMap containsKey: true
[signal onUserResponse] INFO com.example.mattermost.MeetingSchedulerWorkflowImpl - Signal: Processing valid signal for action propose_final_time_for_approval_001.
[signal onUserResponse] INFO com.example.mattermost.MeetingSchedulerWorkflowImpl - Signal: Calling validateInputActivity for action propose_final_time_for_approval_001.
[workflow-method-testDependency-68d04a11-24e6-470a-b053-40692413951...-6d54dadd-ba48-427e-bf93-65b708f0db63] INFO com.example.mattermost.MeetingSchedulerWorkflowImpl - getProcessableActions: Checking all nodes in currentGoal.
[workflow-method-testDependency-68d04a11-24e6-470a-b053-40692413951...-6d54dadd-ba48-427e-bf93-65b708f0db63] INFO com.example.mattermost.MeetingSchedulerWorkflowImpl - getProcessableActions: Node ID: get_requester_preferred_details_001, Status: COMPLETED, IsPending: false, DependenciesMet: false
[workflow-method-testDependency-68d04a11-24e6-470a-b053-40692413951...-6d54dadd-ba48-427e-bf93-65b708f0db63] INFO com.example.mattermost.MeetingSchedulerWorkflowImpl - getProcessableActions: Node ID: ask_arun_availability_001, Status: COMPLETED, IsPending: false, DependenciesMet: false
[workflow-method-testDependency-68d04a11-24e6-470a-b053-40692413951...-6d54dadd-ba48-427e-bf93-65b708f0db63] INFO com.example.mattermost.MeetingSchedulerWorkflowImpl - getProcessableActions: Node ID: ask_jasbir_availability_001, Status: COMPLETED, IsPending: false, DependenciesMet: false
[workflow-method-testDependency-68d04a11-24e6-470a-b053-40692413951...-6d54dadd-ba48-427e-bf93-65b708f0db63] INFO com.example.mattermost.MeetingSchedulerWorkflowImpl - getProcessableActions: Node ID: consolidate_availabilities_001, Status: COMPLETED, IsPending: false, DependenciesMet: false
[workflow-method-testDependency-68d04a11-24e6-470a-b053-40692413951...-6d54dadd-ba48-427e-bf93-65b708f0db63] INFO com.example.mattermost.MeetingSchedulerWorkflowImpl - getProcessableActions: Node ID: propose_final_time_for_approval_001, Status: PROCESSING, IsPending: false, DependenciesMet: false
[workflow-method-testDependency-68d04a11-24e6-470a-b053-40692413951...-6d54dadd-ba48-427e-bf93-65b708f0db63] INFO com.example.mattermost.MeetingSchedulerWorkflowImpl - dependenciesMet: Checking dependencies for actionId: send_meeting_invite_001
[workflow-method-testDependency-68d04a11-24e6-470a-b053-40692413951...-6d54dadd-ba48-427e-bf93-65b708f0db63] INFO com.example.mattermost.MeetingSchedulerWorkflowImpl - dependenciesMet: ActionId: send_meeting_invite_001 has source dependencies: [propose_final_time_for_approval_001]
[workflow-method-testDependency-68d04a11-24e6-470a-b053-40692413951...-6d54dadd-ba48-427e-bf93-65b708f0db63] INFO com.example.mattermost.MeetingSchedulerWorkflowImpl - dependenciesMet: ActionId: send_meeting_invite_001, Dependency: propose_final_time_for_approval_001, Status: PROCESSING, IsCompleted: false
[workflow-method-testDependency-68d04a11-24e6-470a-b053-40692413951...-6d54dadd-ba48-427e-bf93-65b708f0db63] INFO com.example.mattermost.MeetingSchedulerWorkflowImpl - dependenciesMet: ActionId: send_meeting_invite_001, AllDependenciesMet: false
[workflow-method-testDependency-68d04a11-24e6-470a-b053-40692413951...-6d54dadd-ba48-427e-bf93-65b708f0db63] INFO com.example.mattermost.MeetingSchedulerWorkflowImpl - getProcessableActions: Node ID: send_meeting_invite_001, Status: PENDING, IsPending: true, DependenciesMet: false
[workflow-method-testDependency-68d04a11-24e6-470a-b053-40692413951...-6d54dadd-ba48-427e-bf93-65b708f0db63] INFO com.example.mattermost.MeetingSchedulerWorkflowImpl - getProcessableActions: Returning 0 processable nodes.
[workflow-method-testDependency-68d04a11-24e6-470a-b053-40692413951...-6d54dadd-ba48-427e-bf93-65b708f0db63] INFO com.example.mattermost.MeetingSchedulerWorkflowImpl - getProcessableActions: Checking all nodes in currentGoal.
[workflow-method-testDependency-68d04a11-24e6-470a-b053-40692413951...-6d54dadd-ba48-427e-bf93-65b708f0db63] INFO com.example.mattermost.MeetingSchedulerWorkflowImpl - getProcessableActions: Node ID: get_requester_preferred_details_001, Status: COMPLETED, IsPending: false, DependenciesMet: false
[workflow-method-testDependency-68d04a11-24e6-470a-b053-40692413951...-6d54dadd-ba48-427e-bf93-65b708f0db63] INFO com.example.mattermost.MeetingSchedulerWorkflowImpl - getProcessableActions: Node ID: ask_arun_availability_001, Status: COMPLETED, IsPending: false, DependenciesMet: false
[workflow-method-testDependency-68d04a11-24e6-470a-b053-40692413951...-6d54dadd-ba48-427e-bf93-65b708f0db63] INFO com.example.mattermost.MeetingSchedulerWorkflowImpl - getProcessableActions: Node ID: ask_jasbir_availability_001, Status: COMPLETED, IsPending: false, DependenciesMet: false
[workflow-method-testDependency-68d04a11-24e6-470a-b053-40692413951...-6d54dadd-ba48-427e-bf93-65b708f0db63] INFO com.example.mattermost.MeetingSchedulerWorkflowImpl - getProcessableActions: Node ID: consolidate_availabilities_001, Status: COMPLETED, IsPending: false, DependenciesMet: false
[workflow-method-testDependency-68d04a11-24e6-470a-b053-40692413951...-6d54dadd-ba48-427e-bf93-65b708f0db63] INFO com.example.mattermost.MeetingSchedulerWorkflowImpl - getProcessableActions: Node ID: propose_final_time_for_approval_001, Status: PROCESSING, IsPending: false, DependenciesMet: false
[workflow-method-testDependency-68d04a11-24e6-470a-b053-40692413951...-6d54dadd-ba48-427e-bf93-65b708f0db63] INFO com.example.mattermost.MeetingSchedulerWorkflowImpl - dependenciesMet: Checking dependencies for actionId: send_meeting_invite_001
[workflow-method-testDependency-68d04a11-24e6-470a-b053-40692413951...-6d54dadd-ba48-427e-bf93-65b708f0db63] INFO com.example.mattermost.MeetingSchedulerWorkflowImpl - dependenciesMet: ActionId: send_meeting_invite_001 has source dependencies: [propose_final_time_for_approval_001]
[workflow-method-testDependency-68d04a11-24e6-470a-b053-40692413951...-6d54dadd-ba48-427e-bf93-65b708f0db63] INFO com.example.mattermost.MeetingSchedulerWorkflowImpl - dependenciesMet: ActionId: send_meeting_invite_001, Dependency: propose_final_time_for_approval_001, Status: PROCESSING, IsCompleted: false
[workflow-method-testDependency-68d04a11-24e6-470a-b053-40692413951...-6d54dadd-ba48-427e-bf93-65b708f0db63] INFO com.example.mattermost.MeetingSchedulerWorkflowImpl - dependenciesMet: ActionId: send_meeting_invite_001, AllDependenciesMet: false
[workflow-method-testDependency-68d04a11-24e6-470a-b053-40692413951...-6d54dadd-ba48-427e-bf93-65b708f0db63] INFO com.example.mattermost.MeetingSchedulerWorkflowImpl - getProcessableActions: Node ID: send_meeting_invite_001, Status: PENDING, IsPending: true, DependenciesMet: false
[workflow-method-testDependency-68d04a11-24e6-470a-b053-40692413951...-6d54dadd-ba48-427e-bf93-65b708f0db63] INFO com.example.mattermost.MeetingSchedulerWorkflowImpl - getProcessableActions: Returning 0 processable nodes.
[workflow-method-testDependency-68d04a11-24e6-470a-b053-40692413951...-6d54dadd-ba48-427e-bf93-65b708f0db63] WARN com.example.mattermost.MeetingSchedulerWorkflowImpl - Potential deadlock or all remaining actions are waiting for external signals. Workflow might be stuck if no signals arrive.
[workflow-method-testDependency-68d04a11-24e6-470a-b053-40692413951...-6d54dadd-ba48-427e-bf93-65b708f0db63] INFO com.example.mattermost.MeetingSchedulerWorkflowImpl - dependenciesMet: Checking dependencies for actionId: send_meeting_invite_001
[workflow-method-testDependency-68d04a11-24e6-470a-b053-40692413951...-6d54dadd-ba48-427e-bf93-65b708f0db63] INFO com.example.mattermost.MeetingSchedulerWorkflowImpl - dependenciesMet: ActionId: send_meeting_invite_001 has source dependencies: [propose_final_time_for_approval_001]
[workflow-method-testDependency-68d04a11-24e6-470a-b053-40692413951...-6d54dadd-ba48-427e-bf93-65b708f0db63] INFO com.example.mattermost.MeetingSchedulerWorkflowImpl - dependenciesMet: ActionId: send_meeting_invite_001, Dependency: propose_final_time_for_approval_001, Status: PROCESSING, IsCompleted: false
[workflow-method-testDependency-68d04a11-24e6-470a-b053-40692413951...-6d54dadd-ba48-427e-bf93-65b708f0db63] INFO com.example.mattermost.MeetingSchedulerWorkflowImpl - dependenciesMet: ActionId: send_meeting_invite_001, AllDependenciesMet: false
[workflow-method-testDependency-68d04a11-24e6-470a-b053-40692413951...-6d54dadd-ba48-427e-bf93-65b708f0db63] INFO com.example.mattermost.MeetingSchedulerWorkflowImpl - Main loop: Workflow.await condition check: newProcessableActions=false, workflowNowComplete=false
[workflow-method-testDependency-68d04a11-24e6-470a-b053-40692413951...-6d54dadd-ba48-427e-bf93-65b708f0db63] INFO com.example.mattermost.MeetingSchedulerWorkflowImpl - getProcessableActions: Checking all nodes in currentGoal.
[workflow-method-testDependency-68d04a11-24e6-470a-b053-40692413951...-6d54dadd-ba48-427e-bf93-65b708f0db63] INFO com.example.mattermost.MeetingSchedulerWorkflowImpl - getProcessableActions: Node ID: get_requester_preferred_details_001, Status: COMPLETED, IsPending: false, DependenciesMet: false
[workflow-method-testDependency-68d04a11-24e6-470a-b053-40692413951...-6d54dadd-ba48-427e-bf93-65b708f0db63] INFO com.example.mattermost.MeetingSchedulerWorkflowImpl - getProcessableActions: Node ID: ask_arun_availability_001, Status: COMPLETED, IsPending: false, DependenciesMet: false
[workflow-method-testDependency-68d04a11-24e6-470a-b053-40692413951...-6d54dadd-ba48-427e-bf93-65b708f0db63] INFO com.example.mattermost.MeetingSchedulerWorkflowImpl - getProcessableActions: Node ID: ask_jasbir_availability_001, Status: COMPLETED, IsPending: false, DependenciesMet: false
[workflow-method-testDependency-68d04a11-24e6-470a-b053-40692413951...-6d54dadd-ba48-427e-bf93-65b708f0db63] INFO com.example.mattermost.MeetingSchedulerWorkflowImpl - getProcessableActions: Node ID: consolidate_availabilities_001, Status: COMPLETED, IsPending: false, DependenciesMet: false
[workflow-method-testDependency-68d04a11-24e6-470a-b053-40692413951...-6d54dadd-ba48-427e-bf93-65b708f0db63] INFO com.example.mattermost.MeetingSchedulerWorkflowImpl - getProcessableActions: Node ID: propose_final_time_for_approval_001, Status: PROCESSING, IsPending: false, DependenciesMet: false
[workflow-method-testDependency-68d04a11-24e6-470a-b053-40692413951...-6d54dadd-ba48-427e-bf93-65b708f0db63] INFO com.example.mattermost.MeetingSchedulerWorkflowImpl - dependenciesMet: Checking dependencies for actionId: send_meeting_invite_001
[workflow-method-testDependency-68d04a11-24e6-470a-b053-40692413951...-6d54dadd-ba48-427e-bf93-65b708f0db63] INFO com.example.mattermost.MeetingSchedulerWorkflowImpl - dependenciesMet: ActionId: send_meeting_invite_001 has source dependencies: [propose_final_time_for_approval_001]
[workflow-method-testDependency-68d04a11-24e6-470a-b053-40692413951...-6d54dadd-ba48-427e-bf93-65b708f0db63] INFO com.example.mattermost.MeetingSchedulerWorkflowImpl - dependenciesMet: ActionId: send_meeting_invite_001, Dependency: propose_final_time_for_approval_001, Status: PROCESSING, IsCompleted: false
[workflow-method-testDependency-68d04a11-24e6-470a-b053-40692413951...-6d54dadd-ba48-427e-bf93-65b708f0db63] INFO com.example.mattermost.MeetingSchedulerWorkflowImpl - dependenciesMet: ActionId: send_meeting_invite_001, AllDependenciesMet: false
[workflow-method-testDependency-68d04a11-24e6-470a-b053-40692413951...-6d54dadd-ba48-427e-bf93-65b708f0db63] INFO com.example.mattermost.MeetingSchedulerWorkflowImpl - getProcessableActions: Node ID: send_meeting_invite_001, Status: PENDING, IsPending: true, DependenciesMet: false
[workflow-method-testDependency-68d04a11-24e6-470a-b053-40692413951...-6d54dadd-ba48-427e-bf93-65b708f0db63] INFO com.example.mattermost.MeetingSchedulerWorkflowImpl - getProcessableActions: Returning 0 processable nodes.
[workflow-method-testDependency-68d04a11-24e6-470a-b053-40692413951...-6d54dadd-ba48-427e-bf93-65b708f0db63] INFO com.example.mattermost.MeetingSchedulerWorkflowImpl - getProcessableActions: Checking all nodes in currentGoal.
[workflow-method-testDependency-68d04a11-24e6-470a-b053-40692413951...-6d54dadd-ba48-427e-bf93-65b708f0db63] INFO com.example.mattermost.MeetingSchedulerWorkflowImpl - getProcessableActions: Node ID: get_requester_preferred_details_001, Status: COMPLETED, IsPending: false, DependenciesMet: false
[workflow-method-testDependency-68d04a11-24e6-470a-b053-40692413951...-6d54dadd-ba48-427e-bf93-65b708f0db63] INFO com.example.mattermost.MeetingSchedulerWorkflowImpl - getProcessableActions: Node ID: ask_arun_availability_001, Status: COMPLETED, IsPending: false, DependenciesMet: false
[workflow-method-testDependency-68d04a11-24e6-470a-b053-40692413951...-6d54dadd-ba48-427e-bf93-65b708f0db63] INFO com.example.mattermost.MeetingSchedulerWorkflowImpl - getProcessableActions: Node ID: ask_jasbir_availability_001, Status: COMPLETED, IsPending: false, DependenciesMet: false
[workflow-method-testDependency-68d04a11-24e6-470a-b053-40692413951...-6d54dadd-ba48-427e-bf93-65b708f0db63] INFO com.example.mattermost.MeetingSchedulerWorkflowImpl - getProcessableActions: Node ID: consolidate_availabilities_001, Status: COMPLETED, IsPending: false, DependenciesMet: false
[workflow-method-testDependency-68d04a11-24e6-470a-b053-40692413951...-6d54dadd-ba48-427e-bf93-65b708f0db63] INFO com.example.mattermost.MeetingSchedulerWorkflowImpl - getProcessableActions: Node ID: propose_final_time_for_approval_001, Status: PROCESSING, IsPending: false, DependenciesMet: false
[workflow-method-testDependency-68d04a11-24e6-470a-b053-40692413951...-6d54dadd-ba48-427e-bf93-65b708f0db63] INFO com.example.mattermost.MeetingSchedulerWorkflowImpl - dependenciesMet: Checking dependencies for actionId: send_meeting_invite_001
[workflow-method-testDependency-68d04a11-24e6-470a-b053-40692413951...-6d54dadd-ba48-427e-bf93-65b708f0db63] INFO com.example.mattermost.MeetingSchedulerWorkflowImpl - dependenciesMet: ActionId: send_meeting_invite_001 has source dependencies: [propose_final_time_for_approval_001]
[workflow-method-testDependency-68d04a11-24e6-470a-b053-40692413951...-6d54dadd-ba48-427e-bf93-65b708f0db63] INFO com.example.mattermost.MeetingSchedulerWorkflowImpl - dependenciesMet: ActionId: send_meeting_invite_001, Dependency: propose_final_time_for_approval_001, Status: PROCESSING, IsCompleted: false
[workflow-method-testDependency-68d04a11-24e6-470a-b053-40692413951...-6d54dadd-ba48-427e-bf93-65b708f0db63] INFO com.example.mattermost.MeetingSchedulerWorkflowImpl - dependenciesMet: ActionId: send_meeting_invite_001, AllDependenciesMet: false
[workflow-method-testDependency-68d04a11-24e6-470a-b053-40692413951...-6d54dadd-ba48-427e-bf93-65b708f0db63] INFO com.example.mattermost.MeetingSchedulerWorkflowImpl - getProcessableActions: Node ID: send_meeting_invite_001, Status: PENDING, IsPending: true, DependenciesMet: false
[workflow-method-testDependency-68d04a11-24e6-470a-b053-40692413951...-6d54dadd-ba48-427e-bf93-65b708f0db63] INFO com.example.mattermost.MeetingSchedulerWorkflowImpl - getProcessableActions: Returning 0 processable nodes.
[workflow-method-testDependency-68d04a11-24e6-470a-b053-40692413951...-6d54dadd-ba48-427e-bf93-65b708f0db63] WARN com.example.mattermost.MeetingSchedulerWorkflowImpl - Potential deadlock or all remaining actions are waiting for external signals. Workflow might be stuck if no signals arrive.
[workflow-method-testDependency-68d04a11-24e6-470a-b053-40692413951...-6d54dadd-ba48-427e-bf93-65b708f0db63] INFO com.example.mattermost.MeetingSchedulerWorkflowImpl - dependenciesMet: Checking dependencies for actionId: send_meeting_invite_001
[workflow-method-testDependency-68d04a11-24e6-470a-b053-40692413951...-6d54dadd-ba48-427e-bf93-65b708f0db63] INFO com.example.mattermost.MeetingSchedulerWorkflowImpl - dependenciesMet: ActionId: send_meeting_invite_001 has source dependencies: [propose_final_time_for_approval_001]
[workflow-method-testDependency-68d04a11-24e6-470a-b053-40692413951...-6d54dadd-ba48-427e-bf93-65b708f0db63] INFO com.example.mattermost.MeetingSchedulerWorkflowImpl - dependenciesMet: ActionId: send_meeting_invite_001, Dependency: propose_final_time_for_approval_001, Status: PROCESSING, IsCompleted: false
[workflow-method-testDependency-68d04a11-24e6-470a-b053-40692413951...-6d54dadd-ba48-427e-bf93-65b708f0db63] INFO com.example.mattermost.MeetingSchedulerWorkflowImpl - dependenciesMet: ActionId: send_meeting_invite_001, AllDependenciesMet: false
[workflow-method-testDependency-68d04a11-24e6-470a-b053-40692413951...-6d54dadd-ba48-427e-bf93-65b708f0db63] INFO com.example.mattermost.MeetingSchedulerWorkflowImpl - Main loop: Workflow.await condition check: newProcessableActions=false, workflowNowComplete=false
[workflow-method-testDependency-68d04a11-24e6-470a-b053-40692413951...-6d54dadd-ba48-427e-bf93-65b708f0db63] INFO com.example.mattermost.MeetingSchedulerWorkflowImpl - getProcessableActions: Checking all nodes in currentGoal.
[workflow-method-testDependency-68d04a11-24e6-470a-b053-40692413951...-6d54dadd-ba48-427e-bf93-65b708f0db63] INFO com.example.mattermost.MeetingSchedulerWorkflowImpl - getProcessableActions: Node ID: get_requester_preferred_details_001, Status: COMPLETED, IsPending: false, DependenciesMet: false
[workflow-method-testDependency-68d04a11-24e6-470a-b053-40692413951...-6d54dadd-ba48-427e-bf93-65b708f0db63] INFO com.example.mattermost.MeetingSchedulerWorkflowImpl - getProcessableActions: Node ID: ask_arun_availability_001, Status: COMPLETED, IsPending: false, DependenciesMet: false
[workflow-method-testDependency-68d04a11-24e6-470a-b053-40692413951...-6d54dadd-ba48-427e-bf93-65b708f0db63] INFO com.example.mattermost.MeetingSchedulerWorkflowImpl - getProcessableActions: Node ID: ask_jasbir_availability_001, Status: COMPLETED, IsPending: false, DependenciesMet: false
[workflow-method-testDependency-68d04a11-24e6-470a-b053-40692413951...-6d54dadd-ba48-427e-bf93-65b708f0db63] INFO com.example.mattermost.MeetingSchedulerWorkflowImpl - getProcessableActions: Node ID: consolidate_availabilities_001, Status: COMPLETED, IsPending: false, DependenciesMet: false
[workflow-method-testDependency-68d04a11-24e6-470a-b053-40692413951...-6d54dadd-ba48-427e-bf93-65b708f0db63] INFO com.example.mattermost.MeetingSchedulerWorkflowImpl - getProcessableActions: Node ID: propose_final_time_for_approval_001, Status: PROCESSING, IsPending: false, DependenciesMet: false
[workflow-method-testDependency-68d04a11-24e6-470a-b053-40692413951...-6d54dadd-ba48-427e-bf93-65b708f0db63] INFO com.example.mattermost.MeetingSchedulerWorkflowImpl - dependenciesMet: Checking dependencies for actionId: send_meeting_invite_001
[workflow-method-testDependency-68d04a11-24e6-470a-b053-40692413951...-6d54dadd-ba48-427e-bf93-65b708f0db63] INFO com.example.mattermost.MeetingSchedulerWorkflowImpl - dependenciesMet: ActionId: send_meeting_invite_001 has source dependencies: [propose_final_time_for_approval_001]
[workflow-method-testDependency-68d04a11-24e6-470a-b053-40692413951...-6d54dadd-ba48-427e-bf93-65b708f0db63] INFO com.example.mattermost.MeetingSchedulerWorkflowImpl - dependenciesMet: ActionId: send_meeting_invite_001, Dependency: propose_final_time_for_approval_001, Status: PROCESSING, IsCompleted: false
[workflow-method-testDependency-68d04a11-24e6-470a-b053-40692413951...-6d54dadd-ba48-427e-bf93-65b708f0db63] INFO com.example.mattermost.MeetingSchedulerWorkflowImpl - dependenciesMet: ActionId: send_meeting_invite_001, AllDependenciesMet: false
[workflow-method-testDependency-68d04a11-24e6-470a-b053-40692413951...-6d54dadd-ba48-427e-bf93-65b708f0db63] INFO com.example.mattermost.MeetingSchedulerWorkflowImpl - getProcessableActions: Node ID: send_meeting_invite_001, Status: PENDING, IsPending: true, DependenciesMet: false
[workflow-method-testDependency-68d04a11-24e6-470a-b053-40692413951...-6d54dadd-ba48-427e-bf93-65b708f0db63] INFO com.example.mattermost.MeetingSchedulerWorkflowImpl - getProcessableActions: Returning 0 processable nodes.
[workflow-method-testDependency-68d04a11-24e6-470a-b053-40692413951...-6d54dadd-ba48-427e-bf93-65b708f0db63] INFO com.example.mattermost.MeetingSchedulerWorkflowImpl - getProcessableActions: Checking all nodes in currentGoal.
[workflow-method-testDependency-68d04a11-24e6-470a-b053-40692413951...-6d54dadd-ba48-427e-bf93-65b708f0db63] INFO com.example.mattermost.MeetingSchedulerWorkflowImpl - getProcessableActions: Node ID: get_requester_preferred_details_001, Status: COMPLETED, IsPending: false, DependenciesMet: false
[workflow-method-testDependency-68d04a11-24e6-470a-b053-40692413951...-6d54dadd-ba48-427e-bf93-65b708f0db63] INFO com.example.mattermost.MeetingSchedulerWorkflowImpl - getProcessableActions: Node ID: ask_arun_availability_001, Status: COMPLETED, IsPending: false, DependenciesMet: false
[workflow-method-testDependency-68d04a11-24e6-470a-b053-40692413951...-6d54dadd-ba48-427e-bf93-65b708f0db63] INFO com.example.mattermost.MeetingSchedulerWorkflowImpl - getProcessableActions: Node ID: ask_jasbir_availability_001, Status: COMPLETED, IsPending: false, DependenciesMet: false
[workflow-method-testDependency-68d04a11-24e6-470a-b053-40692413951...-6d54dadd-ba48-427e-bf93-65b708f0db63] INFO com.example.mattermost.MeetingSchedulerWorkflowImpl - getProcessableActions: Node ID: consolidate_availabilities_001, Status: COMPLETED, IsPending: false, DependenciesMet: false
[workflow-method-testDependency-68d04a11-24e6-470a-b053-40692413951...-6d54dadd-ba48-427e-bf93-65b708f0db63] INFO com.example.mattermost.MeetingSchedulerWorkflowImpl - getProcessableActions: Node ID: propose_final_time_for_approval_001, Status: PROCESSING, IsPending: false, DependenciesMet: false
[workflow-method-testDependency-68d04a11-24e6-470a-b053-40692413951...-6d54dadd-ba48-427e-bf93-65b708f0db63] INFO com.example.mattermost.MeetingSchedulerWorkflowImpl - dependenciesMet: Checking dependencies for actionId: send_meeting_invite_001
[workflow-method-testDependency-68d04a11-24e6-470a-b053-40692413951...-6d54dadd-ba48-427e-bf93-65b708f0db63] INFO com.example.mattermost.MeetingSchedulerWorkflowImpl - dependenciesMet: ActionId: send_meeting_invite_001 has source dependencies: [propose_final_time_for_approval_001]
[workflow-method-testDependency-68d04a11-24e6-470a-b053-40692413951...-6d54dadd-ba48-427e-bf93-65b708f0db63] INFO com.example.mattermost.MeetingSchedulerWorkflowImpl - dependenciesMet: ActionId: send_meeting_invite_001, Dependency: propose_final_time_for_approval_001, Status: PROCESSING, IsCompleted: false
[workflow-method-testDependency-68d04a11-24e6-470a-b053-40692413951...-6d54dadd-ba48-427e-bf93-65b708f0db63] INFO com.example.mattermost.MeetingSchedulerWorkflowImpl - dependenciesMet: ActionId: send_meeting_invite_001, AllDependenciesMet: false
[workflow-method-testDependency-68d04a11-24e6-470a-b053-40692413951...-6d54dadd-ba48-427e-bf93-65b708f0db63] INFO com.example.mattermost.MeetingSchedulerWorkflowImpl - getProcessableActions: Node ID: send_meeting_invite_001, Status: PENDING, IsPending: true, DependenciesMet: false
[workflow-method-testDependency-68d04a11-24e6-470a-b053-40692413951...-6d54dadd-ba48-427e-bf93-65b708f0db63] INFO com.example.mattermost.MeetingSchedulerWorkflowImpl - getProcessableActions: Returning 0 processable nodes.
[workflow-method-testDependency-68d04a11-24e6-470a-b053-40692413951...-6d54dadd-ba48-427e-bf93-65b708f0db63] WARN com.example.mattermost.MeetingSchedulerWorkflowImpl - Potential deadlock or all remaining actions are waiting for external signals. Workflow might be stuck if no signals arrive.
[workflow-method-testDependency-68d04a11-24e6-470a-b053-40692413951...-6d54dadd-ba48-427e-bf93-65b708f0db63] INFO com.example.mattermost.MeetingSchedulerWorkflowImpl - dependenciesMet: Checking dependencies for actionId: send_meeting_invite_001
[workflow-method-testDependency-68d04a11-24e6-470a-b053-40692413951...-6d54dadd-ba48-427e-bf93-65b708f0db63] INFO com.example.mattermost.MeetingSchedulerWorkflowImpl - dependenciesMet: ActionId: send_meeting_invite_001 has source dependencies: [propose_final_time_for_approval_001]
[workflow-method-testDependency-68d04a11-24e6-470a-b053-40692413951...-6d54dadd-ba48-427e-bf93-65b708f0db63] INFO com.example.mattermost.MeetingSchedulerWorkflowImpl - dependenciesMet: ActionId: send_meeting_invite_001, Dependency: propose_final_time_for_approval_001, Status: PROCESSING, IsCompleted: false
[workflow-method-testDependency-68d04a11-24e6-470a-b053-40692413951...-6d54dadd-ba48-427e-bf93-65b708f0db63] INFO com.example.mattermost.MeetingSchedulerWorkflowImpl - dependenciesMet: ActionId: send_meeting_invite_001, AllDependenciesMet: false
[workflow-method-testDependency-68d04a11-24e6-470a-b053-40692413951...-6d54dadd-ba48-427e-bf93-65b708f0db63] INFO com.example.mattermost.MeetingSchedulerWorkflowImpl - Main loop: Workflow.await condition check: newProcessableActions=false, workflowNowComplete=false
[workflow-method-testDependency-68d04a11-24e6-470a-b053-40692413951...-6d54dadd-ba48-427e-bf93-65b708f0db63] INFO com.example.mattermost.MeetingSchedulerWorkflowImpl - getProcessableActions: Checking all nodes in currentGoal.
[workflow-method-testDependency-68d04a11-24e6-470a-b053-40692413951...-6d54dadd-ba48-427e-bf93-65b708f0db63] INFO com.example.mattermost.MeetingSchedulerWorkflowImpl - getProcessableActions: Node ID: get_requester_preferred_details_001, Status: COMPLETED, IsPending: false, DependenciesMet: false
[workflow-method-testDependency-68d04a11-24e6-470a-b053-40692413951...-6d54dadd-ba48-427e-bf93-65b708f0db63] INFO com.example.mattermost.MeetingSchedulerWorkflowImpl - getProcessableActions: Node ID: ask_arun_availability_001, Status: COMPLETED, IsPending: false, DependenciesMet: false
[workflow-method-testDependency-68d04a11-24e6-470a-b053-40692413951...-6d54dadd-ba48-427e-bf93-65b708f0db63] INFO com.example.mattermost.MeetingSchedulerWorkflowImpl - getProcessableActions: Node ID: ask_jasbir_availability_001, Status: COMPLETED, IsPending: false, DependenciesMet: false
[workflow-method-testDependency-68d04a11-24e6-470a-b053-40692413951...-6d54dadd-ba48-427e-bf93-65b708f0db63] INFO com.example.mattermost.MeetingSchedulerWorkflowImpl - getProcessableActions: Node ID: consolidate_availabilities_001, Status: COMPLETED, IsPending: false, DependenciesMet: false
[workflow-method-testDependency-68d04a11-24e6-470a-b053-40692413951...-6d54dadd-ba48-427e-bf93-65b708f0db63] INFO com.example.mattermost.MeetingSchedulerWorkflowImpl - getProcessableActions: Node ID: propose_final_time_for_approval_001, Status: PROCESSING, IsPending: false, DependenciesMet: false
[workflow-method-testDependency-68d04a11-24e6-470a-b053-40692413951...-6d54dadd-ba48-427e-bf93-65b708f0db63] INFO com.example.mattermost.MeetingSchedulerWorkflowImpl - dependenciesMet: Checking dependencies for actionId: send_meeting_invite_001
[workflow-method-testDependency-68d04a11-24e6-470a-b053-40692413951...-6d54dadd-ba48-427e-bf93-65b708f0db63] INFO com.example.mattermost.MeetingSchedulerWorkflowImpl - dependenciesMet: ActionId: send_meeting_invite_001 has source dependencies: [propose_final_time_for_approval_001]
[workflow-method-testDependency-68d04a11-24e6-470a-b053-40692413951...-6d54dadd-ba48-427e-bf93-65b708f0db63] INFO com.example.mattermost.MeetingSchedulerWorkflowImpl - dependenciesMet: ActionId: send_meeting_invite_001, Dependency: propose_final_time_for_approval_001, Status: PROCESSING, IsCompleted: false
[workflow-method-testDependency-68d04a11-24e6-470a-b053-40692413951...-6d54dadd-ba48-427e-bf93-65b708f0db63] INFO com.example.mattermost.MeetingSchedulerWorkflowImpl - dependenciesMet: ActionId: send_meeting_invite_001, AllDependenciesMet: false
[workflow-method-testDependency-68d04a11-24e6-470a-b053-40692413951...-6d54dadd-ba48-427e-bf93-65b708f0db63] INFO com.example.mattermost.MeetingSchedulerWorkflowImpl - getProcessableActions: Node ID: send_meeting_invite_001, Status: PENDING, IsPending: true, DependenciesMet: false
[workflow-method-testDependency-68d04a11-24e6-470a-b053-40692413951...-6d54dadd-ba48-427e-bf93-65b708f0db63] INFO com.example.mattermost.MeetingSchedulerWorkflowImpl - getProcessableActions: Returning 0 processable nodes.
[workflow-method-testDependency-68d04a11-24e6-470a-b053-40692413951...-6d54dadd-ba48-427e-bf93-65b708f0db63] INFO com.example.mattermost.MeetingSchedulerWorkflowImpl - getProcessableActions: Checking all nodes in currentGoal.
[workflow-method-testDependency-68d04a11-24e6-470a-b053-40692413951...-6d54dadd-ba48-427e-bf93-65b708f0db63] INFO com.example.mattermost.MeetingSchedulerWorkflowImpl - getProcessableActions: Node ID: get_requester_preferred_details_001, Status: COMPLETED, IsPending: false, DependenciesMet: false
[workflow-method-testDependency-68d04a11-24e6-470a-b053-40692413951...-6d54dadd-ba48-427e-bf93-65b708f0db63] INFO com.example.mattermost.MeetingSchedulerWorkflowImpl - getProcessableActions: Node ID: ask_arun_availability_001, Status: COMPLETED, IsPending: false, DependenciesMet: false
[workflow-method-testDependency-68d04a11-24e6-470a-b053-40692413951...-6d54dadd-ba48-427e-bf93-65b708f0db63] INFO com.example.mattermost.MeetingSchedulerWorkflowImpl - getProcessableActions: Node ID: ask_jasbir_availability_001, Status: COMPLETED, IsPending: false, DependenciesMet: false
[workflow-method-testDependency-68d04a11-24e6-470a-b053-40692413951...-6d54dadd-ba48-427e-bf93-65b708f0db63] INFO com.example.mattermost.MeetingSchedulerWorkflowImpl - getProcessableActions: Node ID: consolidate_availabilities_001, Status: COMPLETED, IsPending: false, DependenciesMet: false
[workflow-method-testDependency-68d04a11-24e6-470a-b053-40692413951...-6d54dadd-ba48-427e-bf93-65b708f0db63] INFO com.example.mattermost.MeetingSchedulerWorkflowImpl - getProcessableActions: Node ID: propose_final_time_for_approval_001, Status: PROCESSING, IsPending: false, DependenciesMet: false
[workflow-method-testDependency-68d04a11-24e6-470a-b053-40692413951...-6d54dadd-ba48-427e-bf93-65b708f0db63] INFO com.example.mattermost.MeetingSchedulerWorkflowImpl - dependenciesMet: Checking dependencies for actionId: send_meeting_invite_001
[workflow-method-testDependency-68d04a11-24e6-470a-b053-40692413951...-6d54dadd-ba48-427e-bf93-65b708f0db63] INFO com.example.mattermost.MeetingSchedulerWorkflowImpl - dependenciesMet: ActionId: send_meeting_invite_001 has source dependencies: [propose_final_time_for_approval_001]
[workflow-method-testDependency-68d04a11-24e6-470a-b053-40692413951...-6d54dadd-ba48-427e-bf93-65b708f0db63] INFO com.example.mattermost.MeetingSchedulerWorkflowImpl - dependenciesMet: ActionId: send_meeting_invite_001, Dependency: propose_final_time_for_approval_001, Status: PROCESSING, IsCompleted: false
[workflow-method-testDependency-68d04a11-24e6-470a-b053-40692413951...-6d54dadd-ba48-427e-bf93-65b708f0db63] INFO com.example.mattermost.MeetingSchedulerWorkflowImpl - dependenciesMet: ActionId: send_meeting_invite_001, AllDependenciesMet: false
[workflow-method-testDependency-68d04a11-24e6-470a-b053-40692413951...-6d54dadd-ba48-427e-bf93-65b708f0db63] INFO com.example.mattermost.MeetingSchedulerWorkflowImpl - getProcessableActions: Node ID: send_meeting_invite_001, Status: PENDING, IsPending: true, DependenciesMet: false
[workflow-method-testDependency-68d04a11-24e6-470a-b053-40692413951...-6d54dadd-ba48-427e-bf93-65b708f0db63] INFO com.example.mattermost.MeetingSchedulerWorkflowImpl - getProcessableActions: Returning 0 processable nodes.
[workflow-method-testDependency-68d04a11-24e6-470a-b053-40692413951...-6d54dadd-ba48-427e-bf93-65b708f0db63] WARN com.example.mattermost.MeetingSchedulerWorkflowImpl - Potential deadlock or all remaining actions are waiting for external signals. Workflow might be stuck if no signals arrive.
[workflow-method-testDependency-68d04a11-24e6-470a-b053-40692413951...-6d54dadd-ba48-427e-bf93-65b708f0db63] INFO com.example.mattermost.MeetingSchedulerWorkflowImpl - dependenciesMet: Checking dependencies for actionId: send_meeting_invite_001
[workflow-method-testDependency-68d04a11-24e6-470a-b053-40692413951...-6d54dadd-ba48-427e-bf93-65b708f0db63] INFO com.example.mattermost.MeetingSchedulerWorkflowImpl - dependenciesMet: ActionId: send_meeting_invite_001 has source dependencies: [propose_final_time_for_approval_001]
[workflow-method-testDependency-68d04a11-24e6-470a-b053-40692413951...-6d54dadd-ba48-427e-bf93-65b708f0db63] INFO com.example.mattermost.MeetingSchedulerWorkflowImpl - dependenciesMet: ActionId: send_meeting_invite_001, Dependency: propose_final_time_for_approval_001, Status: PROCESSING, IsCompleted: false
[workflow-method-testDependency-68d04a11-24e6-470a-b053-40692413951...-6d54dadd-ba48-427e-bf93-65b708f0db63] INFO com.example.mattermost.MeetingSchedulerWorkflowImpl - dependenciesMet: ActionId: send_meeting_invite_001, AllDependenciesMet: false
[workflow-method-testDependency-68d04a11-24e6-470a-b053-40692413951...-6d54dadd-ba48-427e-bf93-65b708f0db63] INFO com.example.mattermost.MeetingSchedulerWorkflowImpl - Main loop: Workflow.await condition check: newProcessableActions=false, workflowNowComplete=false
[signal onUserResponse] INFO com.example.mattermost.MeetingSchedulerWorkflowImpl - Signal: validateInputActivity returned true for action propose_final_time_for_approval_001.
[signal onUserResponse] INFO com.example.mattermost.MeetingSchedulerWorkflowImpl - Input for action propose_final_time_for_approval_001 is valid. Marking as COMPLETED.
[workflow-method-testDependency-68d04a11-24e6-470a-b053-40692413951...-6d54dadd-ba48-427e-bf93-65b708f0db63] INFO com.example.mattermost.MeetingSchedulerWorkflowImpl - getProcessableActions: Checking all nodes in currentGoal.
[workflow-method-testDependency-68d04a11-24e6-470a-b053-40692413951...-6d54dadd-ba48-427e-bf93-65b708f0db63] INFO com.example.mattermost.MeetingSchedulerWorkflowImpl - getProcessableActions: Node ID: get_requester_preferred_details_001, Status: COMPLETED, IsPending: false, DependenciesMet: false
[workflow-method-testDependency-68d04a11-24e6-470a-b053-40692413951...-6d54dadd-ba48-427e-bf93-65b708f0db63] INFO com.example.mattermost.MeetingSchedulerWorkflowImpl - getProcessableActions: Node ID: ask_arun_availability_001, Status: COMPLETED, IsPending: false, DependenciesMet: false
[workflow-method-testDependency-68d04a11-24e6-470a-b053-40692413951...-6d54dadd-ba48-427e-bf93-65b708f0db63] INFO com.example.mattermost.MeetingSchedulerWorkflowImpl - getProcessableActions: Node ID: ask_jasbir_availability_001, Status: COMPLETED, IsPending: false, DependenciesMet: false
[workflow-method-testDependency-68d04a11-24e6-470a-b053-40692413951...-6d54dadd-ba48-427e-bf93-65b708f0db63] INFO com.example.mattermost.MeetingSchedulerWorkflowImpl - getProcessableActions: Node ID: consolidate_availabilities_001, Status: COMPLETED, IsPending: false, DependenciesMet: false
[workflow-method-testDependency-68d04a11-24e6-470a-b053-40692413951...-6d54dadd-ba48-427e-bf93-65b708f0db63] INFO com.example.mattermost.MeetingSchedulerWorkflowImpl - getProcessableActions: Node ID: propose_final_time_for_approval_001, Status: COMPLETED, IsPending: false, DependenciesMet: false
[workflow-method-testDependency-68d04a11-24e6-470a-b053-40692413951...-6d54dadd-ba48-427e-bf93-65b708f0db63] INFO com.example.mattermost.MeetingSchedulerWorkflowImpl - dependenciesMet: Checking dependencies for actionId: send_meeting_invite_001
[workflow-method-testDependency-68d04a11-24e6-470a-b053-40692413951...-6d54dadd-ba48-427e-bf93-65b708f0db63] INFO com.example.mattermost.MeetingSchedulerWorkflowImpl - dependenciesMet: ActionId: send_meeting_invite_001 has source dependencies: [propose_final_time_for_approval_001]
[workflow-method-testDependency-68d04a11-24e6-470a-b053-40692413951...-6d54dadd-ba48-427e-bf93-65b708f0db63] INFO com.example.mattermost.MeetingSchedulerWorkflowImpl - dependenciesMet: ActionId: send_meeting_invite_001, Dependency: propose_final_time_for_approval_001, Status: COMPLETED, IsCompleted: true
[workflow-method-testDependency-68d04a11-24e6-470a-b053-40692413951...-6d54dadd-ba48-427e-bf93-65b708f0db63] INFO com.example.mattermost.MeetingSchedulerWorkflowImpl - dependenciesMet: ActionId: send_meeting_invite_001, AllDependenciesMet: true
[workflow-method-testDependency-68d04a11-24e6-470a-b053-40692413951...-6d54dadd-ba48-427e-bf93-65b708f0db63] INFO com.example.mattermost.MeetingSchedulerWorkflowImpl - getProcessableActions: Node ID: send_meeting_invite_001, Status: PENDING, IsPending: true, DependenciesMet: true
[workflow-method-testDependency-68d04a11-24e6-470a-b053-40692413951...-6d54dadd-ba48-427e-bf93-65b708f0db63] INFO com.example.mattermost.MeetingSchedulerWorkflowImpl - getProcessableActions: Returning 1 processable nodes.
[workflow-method-testDependency-68d04a11-24e6-470a-b053-40692413951...-6d54dadd-ba48-427e-bf93-65b708f0db63] INFO com.example.mattermost.MeetingSchedulerWorkflowImpl - getProcessableActions: Checking all nodes in currentGoal.
[workflow-method-testDependency-68d04a11-24e6-470a-b053-40692413951...-6d54dadd-ba48-427e-bf93-65b708f0db63] INFO com.example.mattermost.MeetingSchedulerWorkflowImpl - getProcessableActions: Node ID: get_requester_preferred_details_001, Status: COMPLETED, IsPending: false, DependenciesMet: false
[workflow-method-testDependency-68d04a11-24e6-470a-b053-40692413951...-6d54dadd-ba48-427e-bf93-65b708f0db63] INFO com.example.mattermost.MeetingSchedulerWorkflowImpl - getProcessableActions: Node ID: ask_arun_availability_001, Status: COMPLETED, IsPending: false, DependenciesMet: false
[workflow-method-testDependency-68d04a11-24e6-470a-b053-40692413951...-6d54dadd-ba48-427e-bf93-65b708f0db63] INFO com.example.mattermost.MeetingSchedulerWorkflowImpl - getProcessableActions: Node ID: ask_jasbir_availability_001, Status: COMPLETED, IsPending: false, DependenciesMet: false
[workflow-method-testDependency-68d04a11-24e6-470a-b053-40692413951...-6d54dadd-ba48-427e-bf93-65b708f0db63] INFO com.example.mattermost.MeetingSchedulerWorkflowImpl - getProcessableActions: Node ID: consolidate_availabilities_001, Status: COMPLETED, IsPending: false, DependenciesMet: false
[workflow-method-testDependency-68d04a11-24e6-470a-b053-40692413951...-6d54dadd-ba48-427e-bf93-65b708f0db63] INFO com.example.mattermost.MeetingSchedulerWorkflowImpl - getProcessableActions: Node ID: propose_final_time_for_approval_001, Status: COMPLETED, IsPending: false, DependenciesMet: false
[workflow-method-testDependency-68d04a11-24e6-470a-b053-40692413951...-6d54dadd-ba48-427e-bf93-65b708f0db63] INFO com.example.mattermost.MeetingSchedulerWorkflowImpl - dependenciesMet: Checking dependencies for actionId: send_meeting_invite_001
[workflow-method-testDependency-68d04a11-24e6-470a-b053-40692413951...-6d54dadd-ba48-427e-bf93-65b708f0db63] INFO com.example.mattermost.MeetingSchedulerWorkflowImpl - dependenciesMet: ActionId: send_meeting_invite_001 has source dependencies: [propose_final_time_for_approval_001]
[workflow-method-testDependency-68d04a11-24e6-470a-b053-40692413951...-6d54dadd-ba48-427e-bf93-65b708f0db63] INFO com.example.mattermost.MeetingSchedulerWorkflowImpl - dependenciesMet: ActionId: send_meeting_invite_001, Dependency: propose_final_time_for_approval_001, Status: COMPLETED, IsCompleted: true
[workflow-method-testDependency-68d04a11-24e6-470a-b053-40692413951...-6d54dadd-ba48-427e-bf93-65b708f0db63] INFO com.example.mattermost.MeetingSchedulerWorkflowImpl - dependenciesMet: ActionId: send_meeting_invite_001, AllDependenciesMet: true
[workflow-method-testDependency-68d04a11-24e6-470a-b053-40692413951...-6d54dadd-ba48-427e-bf93-65b708f0db63] INFO com.example.mattermost.MeetingSchedulerWorkflowImpl - getProcessableActions: Node ID: send_meeting_invite_001, Status: PENDING, IsPending: true, DependenciesMet: true
[workflow-method-testDependency-68d04a11-24e6-470a-b053-40692413951...-6d54dadd-ba48-427e-bf93-65b708f0db63] INFO com.example.mattermost.MeetingSchedulerWorkflowImpl - getProcessableActions: Returning 1 processable nodes.
[workflow-method-testDependency-68d04a11-24e6-470a-b053-40692413951...-6d54dadd-ba48-427e-bf93-65b708f0db63] INFO com.example.mattermost.MeetingSchedulerWorkflowImpl - Main loop: Workflow.await condition check: newProcessableActions=true, workflowNowComplete=false
[workflow-method-testDependency-68d04a11-24e6-470a-b053-40692413951...-6d54dadd-ba48-427e-bf93-65b708f0db63] INFO com.example.mattermost.MeetingSchedulerWorkflowImpl - Main loop: Awakened from Workflow.await().
[workflow-method-testDependency-68d04a11-24e6-470a-b053-40692413951...-6d54dadd-ba48-427e-bf93-65b708f0db63] INFO com.example.mattermost.MeetingSchedulerWorkflowImpl - getProcessableActions: Checking all nodes in currentGoal.
[workflow-method-testDependency-68d04a11-24e6-470a-b053-40692413951...-6d54dadd-ba48-427e-bf93-65b708f0db63] INFO com.example.mattermost.MeetingSchedulerWorkflowImpl - getProcessableActions: Node ID: get_requester_preferred_details_001, Status: COMPLETED, IsPending: false, DependenciesMet: false
[workflow-method-testDependency-68d04a11-24e6-470a-b053-40692413951...-6d54dadd-ba48-427e-bf93-65b708f0db63] INFO com.example.mattermost.MeetingSchedulerWorkflowImpl - getProcessableActions: Node ID: ask_arun_availability_001, Status: COMPLETED, IsPending: false, DependenciesMet: false
[workflow-method-testDependency-68d04a11-24e6-470a-b053-40692413951...-6d54dadd-ba48-427e-bf93-65b708f0db63] INFO com.example.mattermost.MeetingSchedulerWorkflowImpl - getProcessableActions: Node ID: ask_jasbir_availability_001, Status: COMPLETED, IsPending: false, DependenciesMet: false
[workflow-method-testDependency-68d04a11-24e6-470a-b053-40692413951...-6d54dadd-ba48-427e-bf93-65b708f0db63] INFO com.example.mattermost.MeetingSchedulerWorkflowImpl - getProcessableActions: Node ID: consolidate_availabilities_001, Status: COMPLETED, IsPending: false, DependenciesMet: false
[workflow-method-testDependency-68d04a11-24e6-470a-b053-40692413951...-6d54dadd-ba48-427e-bf93-65b708f0db63] INFO com.example.mattermost.MeetingSchedulerWorkflowImpl - getProcessableActions: Node ID: propose_final_time_for_approval_001, Status: COMPLETED, IsPending: false, DependenciesMet: false
[workflow-method-testDependency-68d04a11-24e6-470a-b053-40692413951...-6d54dadd-ba48-427e-bf93-65b708f0db63] INFO com.example.mattermost.MeetingSchedulerWorkflowImpl - dependenciesMet: Checking dependencies for actionId: send_meeting_invite_001
[workflow-method-testDependency-68d04a11-24e6-470a-b053-40692413951...-6d54dadd-ba48-427e-bf93-65b708f0db63] INFO com.example.mattermost.MeetingSchedulerWorkflowImpl - dependenciesMet: ActionId: send_meeting_invite_001 has source dependencies: [propose_final_time_for_approval_001]
[workflow-method-testDependency-68d04a11-24e6-470a-b053-40692413951...-6d54dadd-ba48-427e-bf93-65b708f0db63] INFO com.example.mattermost.MeetingSchedulerWorkflowImpl - dependenciesMet: ActionId: send_meeting_invite_001, Dependency: propose_final_time_for_approval_001, Status: COMPLETED, IsCompleted: true
[workflow-method-testDependency-68d04a11-24e6-470a-b053-40692413951...-6d54dadd-ba48-427e-bf93-65b708f0db63] INFO com.example.mattermost.MeetingSchedulerWorkflowImpl - dependenciesMet: ActionId: send_meeting_invite_001, AllDependenciesMet: true
[workflow-method-testDependency-68d04a11-24e6-470a-b053-40692413951...-6d54dadd-ba48-427e-bf93-65b708f0db63] INFO com.example.mattermost.MeetingSchedulerWorkflowImpl - getProcessableActions: Node ID: send_meeting_invite_001, Status: PENDING, IsPending: true, DependenciesMet: true
[workflow-method-testDependency-68d04a11-24e6-470a-b053-40692413951...-6d54dadd-ba48-427e-bf93-65b708f0db63] INFO com.example.mattermost.MeetingSchedulerWorkflowImpl - getProcessableActions: Returning 1 processable nodes.
[workflow-method-testDependency-68d04a11-24e6-470a-b053-40692413951...-6d54dadd-ba48-427e-bf93-65b708f0db63] INFO com.example.mattermost.MeetingSchedulerWorkflowImpl - Main loop: Re-checked processable actions after await: [send_meeting_invite_001]. Count: 1
[workflow-method-testDependency-68d04a11-24e6-470a-b053-40692413951...-6d54dadd-ba48-427e-bf93-65b708f0db63] INFO com.example.mattermost.MeetingSchedulerWorkflowImpl - getProcessableActions: Checking all nodes in currentGoal.
[workflow-method-testDependency-68d04a11-24e6-470a-b053-40692413951...-6d54dadd-ba48-427e-bf93-65b708f0db63] INFO com.example.mattermost.MeetingSchedulerWorkflowImpl - getProcessableActions: Node ID: get_requester_preferred_details_001, Status: COMPLETED, IsPending: false, DependenciesMet: false
[workflow-method-testDependency-68d04a11-24e6-470a-b053-40692413951...-6d54dadd-ba48-427e-bf93-65b708f0db63] INFO com.example.mattermost.MeetingSchedulerWorkflowImpl - getProcessableActions: Node ID: ask_arun_availability_001, Status: COMPLETED, IsPending: false, DependenciesMet: false
[workflow-method-testDependency-68d04a11-24e6-470a-b053-40692413951...-6d54dadd-ba48-427e-bf93-65b708f0db63] INFO com.example.mattermost.MeetingSchedulerWorkflowImpl - getProcessableActions: Node ID: ask_jasbir_availability_001, Status: COMPLETED, IsPending: false, DependenciesMet: false
[workflow-method-testDependency-68d04a11-24e6-470a-b053-40692413951...-6d54dadd-ba48-427e-bf93-65b708f0db63] INFO com.example.mattermost.MeetingSchedulerWorkflowImpl - getProcessableActions: Node ID: consolidate_availabilities_001, Status: COMPLETED, IsPending: false, DependenciesMet: false
[workflow-method-testDependency-68d04a11-24e6-470a-b053-40692413951...-6d54dadd-ba48-427e-bf93-65b708f0db63] INFO com.example.mattermost.MeetingSchedulerWorkflowImpl - getProcessableActions: Node ID: propose_final_time_for_approval_001, Status: COMPLETED, IsPending: false, DependenciesMet: false
[workflow-method-testDependency-68d04a11-24e6-470a-b053-40692413951...-6d54dadd-ba48-427e-bf93-65b708f0db63] INFO com.example.mattermost.MeetingSchedulerWorkflowImpl - dependenciesMet: Checking dependencies for actionId: send_meeting_invite_001
[workflow-method-testDependency-68d04a11-24e6-470a-b053-40692413951...-6d54dadd-ba48-427e-bf93-65b708f0db63] INFO com.example.mattermost.MeetingSchedulerWorkflowImpl - dependenciesMet: ActionId: send_meeting_invite_001 has source dependencies: [propose_final_time_for_approval_001]
[workflow-method-testDependency-68d04a11-24e6-470a-b053-40692413951...-6d54dadd-ba48-427e-bf93-65b708f0db63] INFO com.example.mattermost.MeetingSchedulerWorkflowImpl - dependenciesMet: ActionId: send_meeting_invite_001, Dependency: propose_final_time_for_approval_001, Status: COMPLETED, IsCompleted: true
[workflow-method-testDependency-68d04a11-24e6-470a-b053-40692413951...-6d54dadd-ba48-427e-bf93-65b708f0db63] INFO com.example.mattermost.MeetingSchedulerWorkflowImpl - dependenciesMet: ActionId: send_meeting_invite_001, AllDependenciesMet: true
[workflow-method-testDependency-68d04a11-24e6-470a-b053-40692413951...-6d54dadd-ba48-427e-bf93-65b708f0db63] INFO com.example.mattermost.MeetingSchedulerWorkflowImpl - getProcessableActions: Node ID: send_meeting_invite_001, Status: PENDING, IsPending: true, DependenciesMet: true
[workflow-method-testDependency-68d04a11-24e6-470a-b053-40692413951...-6d54dadd-ba48-427e-bf93-65b708f0db63] INFO com.example.mattermost.MeetingSchedulerWorkflowImpl - getProcessableActions: Returning 1 processable nodes.
[workflow-method-testDependency-68d04a11-24e6-470a-b053-40692413951...-6d54dadd-ba48-427e-bf93-65b708f0db63] INFO com.example.mattermost.MeetingSchedulerWorkflowImpl - Main loop: Evaluating action send_meeting_invite_001 with status PENDING
[workflow-method-testDependency-68d04a11-24e6-470a-b053-40692413951...-6d54dadd-ba48-427e-bf93-65b708f0db63] INFO com.example.mattermost.MeetingSchedulerWorkflowImpl - Main loop: Processing PENDING action: send_meeting_invite_001
[workflow-method-testDependency-68d04a11-24e6-470a-b053-40692413951...-6d54dadd-ba48-427e-bf93-65b708f0db63] INFO com.example.mattermost.MeetingSchedulerWorkflowImpl - Main loop: Generated prompt for action send_meeting_invite_001: 'Please provide input for action: Send Final Meeting Invite'
[workflow-method-testDependency-68d04a11-24e6-470a-b053-40692413951...-6d54dadd-ba48-427e-bf93-65b708f0db63] INFO com.example.mattermost.MeetingSchedulerWorkflowImpl - Main loop: About to call askUserActivity.ask for action send_meeting_invite_001
[workflow-method-testDependency-68d04a11-24e6-470a-b053-40692413951...-6d54dadd-ba48-427e-bf93-65b708f0db63] INFO com.example.mattermost.MeetingSchedulerWorkflowImpl - Main loop: askUserActivity.ask called for action send_meeting_invite_001. Setting status to WAITING_FOR_INPUT.
[workflow-method-testDependency-68d04a11-24e6-470a-b053-40692413951...-6d54dadd-ba48-427e-bf93-65b708f0db63] INFO com.example.mattermost.MeetingSchedulerWorkflowImpl - Action send_meeting_invite_001 is now WAITING_FOR_INPUT.
[workflow-method-testDependency-68d04a11-24e6-470a-b053-40692413951...-6d54dadd-ba48-427e-bf93-65b708f0db63] INFO com.example.mattermost.MeetingSchedulerWorkflowImpl - getProcessableActions: Checking all nodes in currentGoal.
[workflow-method-testDependency-68d04a11-24e6-470a-b053-40692413951...-6d54dadd-ba48-427e-bf93-65b708f0db63] INFO com.example.mattermost.MeetingSchedulerWorkflowImpl - getProcessableActions: Node ID: get_requester_preferred_details_001, Status: COMPLETED, IsPending: false, DependenciesMet: false
[workflow-method-testDependency-68d04a11-24e6-470a-b053-40692413951...-6d54dadd-ba48-427e-bf93-65b708f0db63] INFO com.example.mattermost.MeetingSchedulerWorkflowImpl - getProcessableActions: Node ID: ask_arun_availability_001, Status: COMPLETED, IsPending: false, DependenciesMet: false
[workflow-method-testDependency-68d04a11-24e6-470a-b053-40692413951...-6d54dadd-ba48-427e-bf93-65b708f0db63] INFO com.example.mattermost.MeetingSchedulerWorkflowImpl - getProcessableActions: Node ID: ask_jasbir_availability_001, Status: COMPLETED, IsPending: false, DependenciesMet: false
[workflow-method-testDependency-68d04a11-24e6-470a-b053-40692413951...-6d54dadd-ba48-427e-bf93-65b708f0db63] INFO com.example.mattermost.MeetingSchedulerWorkflowImpl - getProcessableActions: Node ID: consolidate_availabilities_001, Status: COMPLETED, IsPending: false, DependenciesMet: false
[workflow-method-testDependency-68d04a11-24e6-470a-b053-40692413951...-6d54dadd-ba48-427e-bf93-65b708f0db63] INFO com.example.mattermost.MeetingSchedulerWorkflowImpl - getProcessableActions: Node ID: propose_final_time_for_approval_001, Status: COMPLETED, IsPending: false, DependenciesMet: false
[workflow-method-testDependency-68d04a11-24e6-470a-b053-40692413951...-6d54dadd-ba48-427e-bf93-65b708f0db63] INFO com.example.mattermost.MeetingSchedulerWorkflowImpl - getProcessableActions: Node ID: send_meeting_invite_001, Status: WAITING_FOR_INPUT, IsPending: false, DependenciesMet: false
[workflow-method-testDependency-68d04a11-24e6-470a-b053-40692413951...-6d54dadd-ba48-427e-bf93-65b708f0db63] INFO com.example.mattermost.MeetingSchedulerWorkflowImpl - getProcessableActions: Returning 0 processable nodes.
[workflow-method-testDependency-68d04a11-24e6-470a-b053-40692413951...-6d54dadd-ba48-427e-bf93-65b708f0db63] WARN com.example.mattermost.MeetingSchedulerWorkflowImpl - Potential deadlock or all remaining actions are waiting for external signals. Workflow might be stuck if no signals arrive.
[workflow-method-testDependency-68d04a11-24e6-470a-b053-40692413951...-6d54dadd-ba48-427e-bf93-65b708f0db63] INFO com.example.mattermost.MeetingSchedulerWorkflowImpl - Main loop: Checking processable actions.
[workflow-method-testDependency-68d04a11-24e6-470a-b053-40692413951...-6d54dadd-ba48-427e-bf93-65b708f0db63] INFO com.example.mattermost.MeetingSchedulerWorkflowImpl - getProcessableActions: Checking all nodes in currentGoal.
[workflow-method-testDependency-68d04a11-24e6-470a-b053-40692413951...-6d54dadd-ba48-427e-bf93-65b708f0db63] INFO com.example.mattermost.MeetingSchedulerWorkflowImpl - getProcessableActions: Node ID: get_requester_preferred_details_001, Status: COMPLETED, IsPending: false, DependenciesMet: false
[workflow-method-testDependency-68d04a11-24e6-470a-b053-40692413951...-6d54dadd-ba48-427e-bf93-65b708f0db63] INFO com.example.mattermost.MeetingSchedulerWorkflowImpl - getProcessableActions: Node ID: ask_arun_availability_001, Status: COMPLETED, IsPending: false, DependenciesMet: false
[workflow-method-testDependency-68d04a11-24e6-470a-b053-40692413951...-6d54dadd-ba48-427e-bf93-65b708f0db63] INFO com.example.mattermost.MeetingSchedulerWorkflowImpl - getProcessableActions: Node ID: ask_jasbir_availability_001, Status: COMPLETED, IsPending: false, DependenciesMet: false
[workflow-method-testDependency-68d04a11-24e6-470a-b053-40692413951...-6d54dadd-ba48-427e-bf93-65b708f0db63] INFO com.example.mattermost.MeetingSchedulerWorkflowImpl - getProcessableActions: Node ID: consolidate_availabilities_001, Status: COMPLETED, IsPending: false, DependenciesMet: false
[workflow-method-testDependency-68d04a11-24e6-470a-b053-40692413951...-6d54dadd-ba48-427e-bf93-65b708f0db63] INFO com.example.mattermost.MeetingSchedulerWorkflowImpl - getProcessableActions: Node ID: propose_final_time_for_approval_001, Status: COMPLETED, IsPending: false, DependenciesMet: false
[workflow-method-testDependency-68d04a11-24e6-470a-b053-40692413951...-6d54dadd-ba48-427e-bf93-65b708f0db63] INFO com.example.mattermost.MeetingSchedulerWorkflowImpl - getProcessableActions: Node ID: send_meeting_invite_001, Status: WAITING_FOR_INPUT, IsPending: false, DependenciesMet: false
[workflow-method-testDependency-68d04a11-24e6-470a-b053-40692413951...-6d54dadd-ba48-427e-bf93-65b708f0db63] INFO com.example.mattermost.MeetingSchedulerWorkflowImpl - getProcessableActions: Returning 0 processable nodes.
[workflow-method-testDependency-68d04a11-24e6-470a-b053-40692413951...-6d54dadd-ba48-427e-bf93-65b708f0db63] INFO com.example.mattermost.MeetingSchedulerWorkflowImpl - Main loop: Found 0 processable actions: []
[workflow-method-testDependency-68d04a11-24e6-470a-b053-40692413951...-6d54dadd-ba48-427e-bf93-65b708f0db63] INFO com.example.mattermost.MeetingSchedulerWorkflowImpl - getProcessableActions: Checking all nodes in currentGoal.
[workflow-method-testDependency-68d04a11-24e6-470a-b053-40692413951...-6d54dadd-ba48-427e-bf93-65b708f0db63] INFO com.example.mattermost.MeetingSchedulerWorkflowImpl - getProcessableActions: Node ID: get_requester_preferred_details_001, Status: COMPLETED, IsPending: false, DependenciesMet: false
[workflow-method-testDependency-68d04a11-24e6-470a-b053-40692413951...-6d54dadd-ba48-427e-bf93-65b708f0db63] INFO com.example.mattermost.MeetingSchedulerWorkflowImpl - getProcessableActions: Node ID: ask_arun_availability_001, Status: COMPLETED, IsPending: false, DependenciesMet: false
[workflow-method-testDependency-68d04a11-24e6-470a-b053-40692413951...-6d54dadd-ba48-427e-bf93-65b708f0db63] INFO com.example.mattermost.MeetingSchedulerWorkflowImpl - getProcessableActions: Node ID: ask_jasbir_availability_001, Status: COMPLETED, IsPending: false, DependenciesMet: false
[workflow-method-testDependency-68d04a11-24e6-470a-b053-40692413951...-6d54dadd-ba48-427e-bf93-65b708f0db63] INFO com.example.mattermost.MeetingSchedulerWorkflowImpl - getProcessableActions: Node ID: consolidate_availabilities_001, Status: COMPLETED, IsPending: false, DependenciesMet: false
[workflow-method-testDependency-68d04a11-24e6-470a-b053-40692413951...-6d54dadd-ba48-427e-bf93-65b708f0db63] INFO com.example.mattermost.MeetingSchedulerWorkflowImpl - getProcessableActions: Node ID: propose_final_time_for_approval_001, Status: COMPLETED, IsPending: false, DependenciesMet: false
[workflow-method-testDependency-68d04a11-24e6-470a-b053-40692413951...-6d54dadd-ba48-427e-bf93-65b708f0db63] INFO com.example.mattermost.MeetingSchedulerWorkflowImpl - getProcessableActions: Node ID: send_meeting_invite_001, Status: WAITING_FOR_INPUT, IsPending: false, DependenciesMet: false
[workflow-method-testDependency-68d04a11-24e6-470a-b053-40692413951...-6d54dadd-ba48-427e-bf93-65b708f0db63] INFO com.example.mattermost.MeetingSchedulerWorkflowImpl - getProcessableActions: Returning 0 processable nodes.
[workflow-method-testDependency-68d04a11-24e6-470a-b053-40692413951...-6d54dadd-ba48-427e-bf93-65b708f0db63] WARN com.example.mattermost.MeetingSchedulerWorkflowImpl - Potential deadlock or all remaining actions are waiting for external signals. Workflow might be stuck if no signals arrive.
[workflow-method-testDependency-68d04a11-24e6-470a-b053-40692413951...-6d54dadd-ba48-427e-bf93-65b708f0db63] INFO com.example.mattermost.MeetingSchedulerWorkflowImpl - Main loop: No actions currently processable. Waiting for signals or workflow completion. Current statuses: {get_requester_preferred_details_001=COMPLETED, propose_final_time_for_approval_001=COMPLETED, ask_arun_availability_001=COMPLETED, consolidate_availabilities_001=COMPLETED, send_meeting_invite_001=WAITING_FOR_INPUT, ask_jasbir_availability_001=COMPLETED}
[workflow-method-testDependency-68d04a11-24e6-470a-b053-40692413951...-6d54dadd-ba48-427e-bf93-65b708f0db63] INFO com.example.mattermost.MeetingSchedulerWorkflowImpl - getProcessableActions: Checking all nodes in currentGoal.
[workflow-method-testDependency-68d04a11-24e6-470a-b053-40692413951...-6d54dadd-ba48-427e-bf93-65b708f0db63] INFO com.example.mattermost.MeetingSchedulerWorkflowImpl - getProcessableActions: Node ID: get_requester_preferred_details_001, Status: COMPLETED, IsPending: false, DependenciesMet: false
[workflow-method-testDependency-68d04a11-24e6-470a-b053-40692413951...-6d54dadd-ba48-427e-bf93-65b708f0db63] INFO com.example.mattermost.MeetingSchedulerWorkflowImpl - getProcessableActions: Node ID: ask_arun_availability_001, Status: COMPLETED, IsPending: false, DependenciesMet: false
[workflow-method-testDependency-68d04a11-24e6-470a-b053-40692413951...-6d54dadd-ba48-427e-bf93-65b708f0db63] INFO com.example.mattermost.MeetingSchedulerWorkflowImpl - getProcessableActions: Node ID: ask_jasbir_availability_001, Status: COMPLETED, IsPending: false, DependenciesMet: false
[workflow-method-testDependency-68d04a11-24e6-470a-b053-40692413951...-6d54dadd-ba48-427e-bf93-65b708f0db63] INFO com.example.mattermost.MeetingSchedulerWorkflowImpl - getProcessableActions: Node ID: consolidate_availabilities_001, Status: COMPLETED, IsPending: false, DependenciesMet: false
[workflow-method-testDependency-68d04a11-24e6-470a-b053-40692413951...-6d54dadd-ba48-427e-bf93-65b708f0db63] INFO com.example.mattermost.MeetingSchedulerWorkflowImpl - getProcessableActions: Node ID: propose_final_time_for_approval_001, Status: COMPLETED, IsPending: false, DependenciesMet: false
[workflow-method-testDependency-68d04a11-24e6-470a-b053-40692413951...-6d54dadd-ba48-427e-bf93-65b708f0db63] INFO com.example.mattermost.MeetingSchedulerWorkflowImpl - getProcessableActions: Node ID: send_meeting_invite_001, Status: WAITING_FOR_INPUT, IsPending: false, DependenciesMet: false
[workflow-method-testDependency-68d04a11-24e6-470a-b053-40692413951...-6d54dadd-ba48-427e-bf93-65b708f0db63] INFO com.example.mattermost.MeetingSchedulerWorkflowImpl - getProcessableActions: Returning 0 processable nodes.
[workflow-method-testDependency-68d04a11-24e6-470a-b053-40692413951...-6d54dadd-ba48-427e-bf93-65b708f0db63] INFO com.example.mattermost.MeetingSchedulerWorkflowImpl - getProcessableActions: Checking all nodes in currentGoal.
[workflow-method-testDependency-68d04a11-24e6-470a-b053-40692413951...-6d54dadd-ba48-427e-bf93-65b708f0db63] INFO com.example.mattermost.MeetingSchedulerWorkflowImpl - getProcessableActions: Node ID: get_requester_preferred_details_001, Status: COMPLETED, IsPending: false, DependenciesMet: false
[workflow-method-testDependency-68d04a11-24e6-470a-b053-40692413951...-6d54dadd-ba48-427e-bf93-65b708f0db63] INFO com.example.mattermost.MeetingSchedulerWorkflowImpl - getProcessableActions: Node ID: ask_arun_availability_001, Status: COMPLETED, IsPending: false, DependenciesMet: false
[workflow-method-testDependency-68d04a11-24e6-470a-b053-40692413951...-6d54dadd-ba48-427e-bf93-65b708f0db63] INFO com.example.mattermost.MeetingSchedulerWorkflowImpl - getProcessableActions: Node ID: ask_jasbir_availability_001, Status: COMPLETED, IsPending: false, DependenciesMet: false
[workflow-method-testDependency-68d04a11-24e6-470a-b053-40692413951...-6d54dadd-ba48-427e-bf93-65b708f0db63] INFO com.example.mattermost.MeetingSchedulerWorkflowImpl - getProcessableActions: Node ID: consolidate_availabilities_001, Status: COMPLETED, IsPending: false, DependenciesMet: false
[workflow-method-testDependency-68d04a11-24e6-470a-b053-40692413951...-6d54dadd-ba48-427e-bf93-65b708f0db63] INFO com.example.mattermost.MeetingSchedulerWorkflowImpl - getProcessableActions: Node ID: propose_final_time_for_approval_001, Status: COMPLETED, IsPending: false, DependenciesMet: false
[workflow-method-testDependency-68d04a11-24e6-470a-b053-40692413951...-6d54dadd-ba48-427e-bf93-65b708f0db63] INFO com.example.mattermost.MeetingSchedulerWorkflowImpl - getProcessableActions: Node ID: send_meeting_invite_001, Status: WAITING_FOR_INPUT, IsPending: false, DependenciesMet: false
[workflow-method-testDependency-68d04a11-24e6-470a-b053-40692413951...-6d54dadd-ba48-427e-bf93-65b708f0db63] INFO com.example.mattermost.MeetingSchedulerWorkflowImpl - getProcessableActions: Returning 0 processable nodes.
[workflow-method-testDependency-68d04a11-24e6-470a-b053-40692413951...-6d54dadd-ba48-427e-bf93-65b708f0db63] WARN com.example.mattermost.MeetingSchedulerWorkflowImpl - Potential deadlock or all remaining actions are waiting for external signals. Workflow might be stuck if no signals arrive.
[workflow-method-testDependency-68d04a11-24e6-470a-b053-40692413951...-6d54dadd-ba48-427e-bf93-65b708f0db63] INFO com.example.mattermost.MeetingSchedulerWorkflowImpl - Main loop: Workflow.await condition check: newProcessableActions=false, workflowNowComplete=false
[workflow-method-testDependency-68d04a11-24e6-470a-b053-40692413951...-6d54dadd-ba48-427e-bf93-65b708f0db63] INFO com.example.mattermost.MeetingSchedulerWorkflowImpl - getProcessableActions: Checking all nodes in currentGoal.
[workflow-method-testDependency-68d04a11-24e6-470a-b053-40692413951...-6d54dadd-ba48-427e-bf93-65b708f0db63] INFO com.example.mattermost.MeetingSchedulerWorkflowImpl - getProcessableActions: Node ID: get_requester_preferred_details_001, Status: COMPLETED, IsPending: false, DependenciesMet: false
[workflow-method-testDependency-68d04a11-24e6-470a-b053-40692413951...-6d54dadd-ba48-427e-bf93-65b708f0db63] INFO com.example.mattermost.MeetingSchedulerWorkflowImpl - getProcessableActions: Node ID: ask_arun_availability_001, Status: COMPLETED, IsPending: false, DependenciesMet: false
[workflow-method-testDependency-68d04a11-24e6-470a-b053-40692413951...-6d54dadd-ba48-427e-bf93-65b708f0db63] INFO com.example.mattermost.MeetingSchedulerWorkflowImpl - getProcessableActions: Node ID: ask_jasbir_availability_001, Status: COMPLETED, IsPending: false, DependenciesMet: false
[workflow-method-testDependency-68d04a11-24e6-470a-b053-40692413951...-6d54dadd-ba48-427e-bf93-65b708f0db63] INFO com.example.mattermost.MeetingSchedulerWorkflowImpl - getProcessableActions: Node ID: consolidate_availabilities_001, Status: COMPLETED, IsPending: false, DependenciesMet: false
[workflow-method-testDependency-68d04a11-24e6-470a-b053-40692413951...-6d54dadd-ba48-427e-bf93-65b708f0db63] INFO com.example.mattermost.MeetingSchedulerWorkflowImpl - getProcessableActions: Node ID: propose_final_time_for_approval_001, Status: COMPLETED, IsPending: false, DependenciesMet: false
[workflow-method-testDependency-68d04a11-24e6-470a-b053-40692413951...-6d54dadd-ba48-427e-bf93-65b708f0db63] INFO com.example.mattermost.MeetingSchedulerWorkflowImpl - getProcessableActions: Node ID: send_meeting_invite_001, Status: WAITING_FOR_INPUT, IsPending: false, DependenciesMet: false
[workflow-method-testDependency-68d04a11-24e6-470a-b053-40692413951...-6d54dadd-ba48-427e-bf93-65b708f0db63] INFO com.example.mattermost.MeetingSchedulerWorkflowImpl - getProcessableActions: Returning 0 processable nodes.
[workflow-method-testDependency-68d04a11-24e6-470a-b053-40692413951...-6d54dadd-ba48-427e-bf93-65b708f0db63] INFO com.example.mattermost.MeetingSchedulerWorkflowImpl - getProcessableActions: Checking all nodes in currentGoal.
[workflow-method-testDependency-68d04a11-24e6-470a-b053-40692413951...-6d54dadd-ba48-427e-bf93-65b708f0db63] INFO com.example.mattermost.MeetingSchedulerWorkflowImpl - getProcessableActions: Node ID: get_requester_preferred_details_001, Status: COMPLETED, IsPending: false, DependenciesMet: false
[workflow-method-testDependency-68d04a11-24e6-470a-b053-40692413951...-6d54dadd-ba48-427e-bf93-65b708f0db63] INFO com.example.mattermost.MeetingSchedulerWorkflowImpl - getProcessableActions: Node ID: ask_arun_availability_001, Status: COMPLETED, IsPending: false, DependenciesMet: false
[workflow-method-testDependency-68d04a11-24e6-470a-b053-40692413951...-6d54dadd-ba48-427e-bf93-65b708f0db63] INFO com.example.mattermost.MeetingSchedulerWorkflowImpl - getProcessableActions: Node ID: ask_jasbir_availability_001, Status: COMPLETED, IsPending: false, DependenciesMet: false
[workflow-method-testDependency-68d04a11-24e6-470a-b053-40692413951...-6d54dadd-ba48-427e-bf93-65b708f0db63] INFO com.example.mattermost.MeetingSchedulerWorkflowImpl - getProcessableActions: Node ID: consolidate_availabilities_001, Status: COMPLETED, IsPending: false, DependenciesMet: false
[workflow-method-testDependency-68d04a11-24e6-470a-b053-40692413951...-6d54dadd-ba48-427e-bf93-65b708f0db63] INFO com.example.mattermost.MeetingSchedulerWorkflowImpl - getProcessableActions: Node ID: propose_final_time_for_approval_001, Status: COMPLETED, IsPending: false, DependenciesMet: false
[workflow-method-testDependency-68d04a11-24e6-470a-b053-40692413951...-6d54dadd-ba48-427e-bf93-65b708f0db63] INFO com.example.mattermost.MeetingSchedulerWorkflowImpl - getProcessableActions: Node ID: send_meeting_invite_001, Status: WAITING_FOR_INPUT, IsPending: false, DependenciesMet: false
[workflow-method-testDependency-68d04a11-24e6-470a-b053-40692413951...-6d54dadd-ba48-427e-bf93-65b708f0db63] INFO com.example.mattermost.MeetingSchedulerWorkflowImpl - getProcessableActions: Returning 0 processable nodes.
[workflow-method-testDependency-68d04a11-24e6-470a-b053-40692413951...-6d54dadd-ba48-427e-bf93-65b708f0db63] WARN com.example.mattermost.MeetingSchedulerWorkflowImpl - Potential deadlock or all remaining actions are waiting for external signals. Workflow might be stuck if no signals arrive.
[workflow-method-testDependency-68d04a11-24e6-470a-b053-40692413951...-6d54dadd-ba48-427e-bf93-65b708f0db63] INFO com.example.mattermost.MeetingSchedulerWorkflowImpl - Main loop: Workflow.await condition check: newProcessableActions=false, workflowNowComplete=false
[main] INFO com.example.mattermost.MeetingSchedulerWorkflowTest - Test: Signal for send_meeting_invite_001 sent.
[main] INFO com.example.mattermost.MeetingSchedulerWorkflowTest - Test: Waiting for workflow completion for testDependencyAndPlaceholderResolution...
[workflow-method-testDependency-68d04a11-24e6-470a-b053-40692413951...-6d54dadd-ba48-427e-bf93-65b708f0db63] INFO com.example.mattermost.MeetingSchedulerWorkflowImpl - getProcessableActions: Checking all nodes in currentGoal.
[workflow-method-testDependency-68d04a11-24e6-470a-b053-40692413951...-6d54dadd-ba48-427e-bf93-65b708f0db63] INFO com.example.mattermost.MeetingSchedulerWorkflowImpl - getProcessableActions: Node ID: get_requester_preferred_details_001, Status: COMPLETED, IsPending: false, DependenciesMet: false
[workflow-method-testDependency-68d04a11-24e6-470a-b053-40692413951...-6d54dadd-ba48-427e-bf93-65b708f0db63] INFO com.example.mattermost.MeetingSchedulerWorkflowImpl - getProcessableActions: Node ID: ask_arun_availability_001, Status: COMPLETED, IsPending: false, DependenciesMet: false
[workflow-method-testDependency-68d04a11-24e6-470a-b053-40692413951...-6d54dadd-ba48-427e-bf93-65b708f0db63] INFO com.example.mattermost.MeetingSchedulerWorkflowImpl - getProcessableActions: Node ID: ask_jasbir_availability_001, Status: COMPLETED, IsPending: false, DependenciesMet: false
[workflow-method-testDependency-68d04a11-24e6-470a-b053-40692413951...-6d54dadd-ba48-427e-bf93-65b708f0db63] INFO com.example.mattermost.MeetingSchedulerWorkflowImpl - getProcessableActions: Node ID: consolidate_availabilities_001, Status: COMPLETED, IsPending: false, DependenciesMet: false
[workflow-method-testDependency-68d04a11-24e6-470a-b053-40692413951...-6d54dadd-ba48-427e-bf93-65b708f0db63] INFO com.example.mattermost.MeetingSchedulerWorkflowImpl - getProcessableActions: Node ID: propose_final_time_for_approval_001, Status: COMPLETED, IsPending: false, DependenciesMet: false
[workflow-method-testDependency-68d04a11-24e6-470a-b053-40692413951...-6d54dadd-ba48-427e-bf93-65b708f0db63] INFO com.example.mattermost.MeetingSchedulerWorkflowImpl - getProcessableActions: Node ID: send_meeting_invite_001, Status: WAITING_FOR_INPUT, IsPending: false, DependenciesMet: false
[workflow-method-testDependency-68d04a11-24e6-470a-b053-40692413951...-6d54dadd-ba48-427e-bf93-65b708f0db63] INFO com.example.mattermost.MeetingSchedulerWorkflowImpl - getProcessableActions: Returning 0 processable nodes.
[workflow-method-testDependency-68d04a11-24e6-470a-b053-40692413951...-6d54dadd-ba48-427e-bf93-65b708f0db63] INFO com.example.mattermost.MeetingSchedulerWorkflowImpl - getProcessableActions: Checking all nodes in currentGoal.
[workflow-method-testDependency-68d04a11-24e6-470a-b053-40692413951...-6d54dadd-ba48-427e-bf93-65b708f0db63] INFO com.example.mattermost.MeetingSchedulerWorkflowImpl - getProcessableActions: Node ID: get_requester_preferred_details_001, Status: COMPLETED, IsPending: false, DependenciesMet: false
[workflow-method-testDependency-68d04a11-24e6-470a-b053-40692413951...-6d54dadd-ba48-427e-bf93-65b708f0db63] INFO com.example.mattermost.MeetingSchedulerWorkflowImpl - getProcessableActions: Node ID: ask_arun_availability_001, Status: COMPLETED, IsPending: false, DependenciesMet: false
[workflow-method-testDependency-68d04a11-24e6-470a-b053-40692413951...-6d54dadd-ba48-427e-bf93-65b708f0db63] INFO com.example.mattermost.MeetingSchedulerWorkflowImpl - getProcessableActions: Node ID: ask_jasbir_availability_001, Status: COMPLETED, IsPending: false, DependenciesMet: false
[workflow-method-testDependency-68d04a11-24e6-470a-b053-40692413951...-6d54dadd-ba48-427e-bf93-65b708f0db63] INFO com.example.mattermost.MeetingSchedulerWorkflowImpl - getProcessableActions: Node ID: consolidate_availabilities_001, Status: COMPLETED, IsPending: false, DependenciesMet: false
[workflow-method-testDependency-68d04a11-24e6-470a-b053-40692413951...-6d54dadd-ba48-427e-bf93-65b708f0db63] INFO com.example.mattermost.MeetingSchedulerWorkflowImpl - getProcessableActions: Node ID: propose_final_time_for_approval_001, Status: COMPLETED, IsPending: false, DependenciesMet: false
[workflow-method-testDependency-68d04a11-24e6-470a-b053-40692413951...-6d54dadd-ba48-427e-bf93-65b708f0db63] INFO com.example.mattermost.MeetingSchedulerWorkflowImpl - getProcessableActions: Node ID: send_meeting_invite_001, Status: WAITING_FOR_INPUT, IsPending: false, DependenciesMet: false
[workflow-method-testDependency-68d04a11-24e6-470a-b053-40692413951...-6d54dadd-ba48-427e-bf93-65b708f0db63] INFO com.example.mattermost.MeetingSchedulerWorkflowImpl - getProcessableActions: Returning 0 processable nodes.
[workflow-method-testDependency-68d04a11-24e6-470a-b053-40692413951...-6d54dadd-ba48-427e-bf93-65b708f0db63] WARN com.example.mattermost.MeetingSchedulerWorkflowImpl - Potential deadlock or all remaining actions are waiting for external signals. Workflow might be stuck if no signals arrive.
[workflow-method-testDependency-68d04a11-24e6-470a-b053-40692413951...-6d54dadd-ba48-427e-bf93-65b708f0db63] INFO com.example.mattermost.MeetingSchedulerWorkflowImpl - Main loop: Workflow.await condition check: newProcessableActions=false, workflowNowComplete=false
[signal onUserResponse] INFO com.example.mattermost.MeetingSchedulerWorkflowImpl - Signal: Received onUserResponse for actionId: send_meeting_invite_001 with input: {status=Final invite sent successfully}. Current status: WAITING_FOR_INPUT, waitingForUserInputMap containsKey: true
[signal onUserResponse] INFO com.example.mattermost.MeetingSchedulerWorkflowImpl - Signal: Processing valid signal for action send_meeting_invite_001.
[signal onUserResponse] INFO com.example.mattermost.MeetingSchedulerWorkflowImpl - Signal: Calling validateInputActivity for action send_meeting_invite_001.
[workflow-method-testDependency-68d04a11-24e6-470a-b053-40692413951...-6d54dadd-ba48-427e-bf93-65b708f0db63] INFO com.example.mattermost.MeetingSchedulerWorkflowImpl - getProcessableActions: Checking all nodes in currentGoal.
[workflow-method-testDependency-68d04a11-24e6-470a-b053-40692413951...-6d54dadd-ba48-427e-bf93-65b708f0db63] INFO com.example.mattermost.MeetingSchedulerWorkflowImpl - getProcessableActions: Node ID: get_requester_preferred_details_001, Status: COMPLETED, IsPending: false, DependenciesMet: false
[workflow-method-testDependency-68d04a11-24e6-470a-b053-40692413951...-6d54dadd-ba48-427e-bf93-65b708f0db63] INFO com.example.mattermost.MeetingSchedulerWorkflowImpl - getProcessableActions: Node ID: ask_arun_availability_001, Status: COMPLETED, IsPending: false, DependenciesMet: false
[workflow-method-testDependency-68d04a11-24e6-470a-b053-40692413951...-6d54dadd-ba48-427e-bf93-65b708f0db63] INFO com.example.mattermost.MeetingSchedulerWorkflowImpl - getProcessableActions: Node ID: ask_jasbir_availability_001, Status: COMPLETED, IsPending: false, DependenciesMet: false
[workflow-method-testDependency-68d04a11-24e6-470a-b053-40692413951...-6d54dadd-ba48-427e-bf93-65b708f0db63] INFO com.example.mattermost.MeetingSchedulerWorkflowImpl - getProcessableActions: Node ID: consolidate_availabilities_001, Status: COMPLETED, IsPending: false, DependenciesMet: false
[workflow-method-testDependency-68d04a11-24e6-470a-b053-40692413951...-6d54dadd-ba48-427e-bf93-65b708f0db63] INFO com.example.mattermost.MeetingSchedulerWorkflowImpl - getProcessableActions: Node ID: propose_final_time_for_approval_001, Status: COMPLETED, IsPending: false, DependenciesMet: false
[workflow-method-testDependency-68d04a11-24e6-470a-b053-40692413951...-6d54dadd-ba48-427e-bf93-65b708f0db63] INFO com.example.mattermost.MeetingSchedulerWorkflowImpl - getProcessableActions: Node ID: send_meeting_invite_001, Status: PROCESSING, IsPending: false, DependenciesMet: false
[workflow-method-testDependency-68d04a11-24e6-470a-b053-40692413951...-6d54dadd-ba48-427e-bf93-65b708f0db63] INFO com.example.mattermost.MeetingSchedulerWorkflowImpl - getProcessableActions: Returning 0 processable nodes.
[workflow-method-testDependency-68d04a11-24e6-470a-b053-40692413951...-6d54dadd-ba48-427e-bf93-65b708f0db63] INFO com.example.mattermost.MeetingSchedulerWorkflowImpl - getProcessableActions: Checking all nodes in currentGoal.
[workflow-method-testDependency-68d04a11-24e6-470a-b053-40692413951...-6d54dadd-ba48-427e-bf93-65b708f0db63] INFO com.example.mattermost.MeetingSchedulerWorkflowImpl - getProcessableActions: Node ID: get_requester_preferred_details_001, Status: COMPLETED, IsPending: false, DependenciesMet: false
[workflow-method-testDependency-68d04a11-24e6-470a-b053-40692413951...-6d54dadd-ba48-427e-bf93-65b708f0db63] INFO com.example.mattermost.MeetingSchedulerWorkflowImpl - getProcessableActions: Node ID: ask_arun_availability_001, Status: COMPLETED, IsPending: false, DependenciesMet: false
[workflow-method-testDependency-68d04a11-24e6-470a-b053-40692413951...-6d54dadd-ba48-427e-bf93-65b708f0db63] INFO com.example.mattermost.MeetingSchedulerWorkflowImpl - getProcessableActions: Node ID: ask_jasbir_availability_001, Status: COMPLETED, IsPending: false, DependenciesMet: false
[workflow-method-testDependency-68d04a11-24e6-470a-b053-40692413951...-6d54dadd-ba48-427e-bf93-65b708f0db63] INFO com.example.mattermost.MeetingSchedulerWorkflowImpl - getProcessableActions: Node ID: consolidate_availabilities_001, Status: COMPLETED, IsPending: false, DependenciesMet: false
[workflow-method-testDependency-68d04a11-24e6-470a-b053-40692413951...-6d54dadd-ba48-427e-bf93-65b708f0db63] INFO com.example.mattermost.MeetingSchedulerWorkflowImpl - getProcessableActions: Node ID: propose_final_time_for_approval_001, Status: COMPLETED, IsPending: false, DependenciesMet: false
[workflow-method-testDependency-68d04a11-24e6-470a-b053-40692413951...-6d54dadd-ba48-427e-bf93-65b708f0db63] INFO com.example.mattermost.MeetingSchedulerWorkflowImpl - getProcessableActions: Node ID: send_meeting_invite_001, Status: PROCESSING, IsPending: false, DependenciesMet: false
[workflow-method-testDependency-68d04a11-24e6-470a-b053-40692413951...-6d54dadd-ba48-427e-bf93-65b708f0db63] INFO com.example.mattermost.MeetingSchedulerWorkflowImpl - getProcessableActions: Returning 0 processable nodes.
[workflow-method-testDependency-68d04a11-24e6-470a-b053-40692413951...-6d54dadd-ba48-427e-bf93-65b708f0db63] INFO com.example.mattermost.MeetingSchedulerWorkflowImpl - Main loop: Workflow.await condition check: newProcessableActions=false, workflowNowComplete=false
[workflow-method-testDependency-68d04a11-24e6-470a-b053-40692413951...-6d54dadd-ba48-427e-bf93-65b708f0db63] INFO com.example.mattermost.MeetingSchedulerWorkflowImpl - getProcessableActions: Checking all nodes in currentGoal.
[workflow-method-testDependency-68d04a11-24e6-470a-b053-40692413951...-6d54dadd-ba48-427e-bf93-65b708f0db63] INFO com.example.mattermost.MeetingSchedulerWorkflowImpl - getProcessableActions: Node ID: get_requester_preferred_details_001, Status: COMPLETED, IsPending: false, DependenciesMet: false
[workflow-method-testDependency-68d04a11-24e6-470a-b053-40692413951...-6d54dadd-ba48-427e-bf93-65b708f0db63] INFO com.example.mattermost.MeetingSchedulerWorkflowImpl - getProcessableActions: Node ID: ask_arun_availability_001, Status: COMPLETED, IsPending: false, DependenciesMet: false
[workflow-method-testDependency-68d04a11-24e6-470a-b053-40692413951...-6d54dadd-ba48-427e-bf93-65b708f0db63] INFO com.example.mattermost.MeetingSchedulerWorkflowImpl - getProcessableActions: Node ID: ask_jasbir_availability_001, Status: COMPLETED, IsPending: false, DependenciesMet: false
[workflow-method-testDependency-68d04a11-24e6-470a-b053-40692413951...-6d54dadd-ba48-427e-bf93-65b708f0db63] INFO com.example.mattermost.MeetingSchedulerWorkflowImpl - getProcessableActions: Node ID: consolidate_availabilities_001, Status: COMPLETED, IsPending: false, DependenciesMet: false
[workflow-method-testDependency-68d04a11-24e6-470a-b053-40692413951...-6d54dadd-ba48-427e-bf93-65b708f0db63] INFO com.example.mattermost.MeetingSchedulerWorkflowImpl - getProcessableActions: Node ID: propose_final_time_for_approval_001, Status: COMPLETED, IsPending: false, DependenciesMet: false
[workflow-method-testDependency-68d04a11-24e6-470a-b053-40692413951...-6d54dadd-ba48-427e-bf93-65b708f0db63] INFO com.example.mattermost.MeetingSchedulerWorkflowImpl - getProcessableActions: Node ID: send_meeting_invite_001, Status: PROCESSING, IsPending: false, DependenciesMet: false
[workflow-method-testDependency-68d04a11-24e6-470a-b053-40692413951...-6d54dadd-ba48-427e-bf93-65b708f0db63] INFO com.example.mattermost.MeetingSchedulerWorkflowImpl - getProcessableActions: Returning 0 processable nodes.
[workflow-method-testDependency-68d04a11-24e6-470a-b053-40692413951...-6d54dadd-ba48-427e-bf93-65b708f0db63] INFO com.example.mattermost.MeetingSchedulerWorkflowImpl - getProcessableActions: Checking all nodes in currentGoal.
[workflow-method-testDependency-68d04a11-24e6-470a-b053-40692413951...-6d54dadd-ba48-427e-bf93-65b708f0db63] INFO com.example.mattermost.MeetingSchedulerWorkflowImpl - getProcessableActions: Node ID: get_requester_preferred_details_001, Status: COMPLETED, IsPending: false, DependenciesMet: false
[workflow-method-testDependency-68d04a11-24e6-470a-b053-40692413951...-6d54dadd-ba48-427e-bf93-65b708f0db63] INFO com.example.mattermost.MeetingSchedulerWorkflowImpl - getProcessableActions: Node ID: ask_arun_availability_001, Status: COMPLETED, IsPending: false, DependenciesMet: false
[workflow-method-testDependency-68d04a11-24e6-470a-b053-40692413951...-6d54dadd-ba48-427e-bf93-65b708f0db63] INFO com.example.mattermost.MeetingSchedulerWorkflowImpl - getProcessableActions: Node ID: ask_jasbir_availability_001, Status: COMPLETED, IsPending: false, DependenciesMet: false
[workflow-method-testDependency-68d04a11-24e6-470a-b053-40692413951...-6d54dadd-ba48-427e-bf93-65b708f0db63] INFO com.example.mattermost.MeetingSchedulerWorkflowImpl - getProcessableActions: Node ID: consolidate_availabilities_001, Status: COMPLETED, IsPending: false, DependenciesMet: false
[workflow-method-testDependency-68d04a11-24e6-470a-b053-40692413951...-6d54dadd-ba48-427e-bf93-65b708f0db63] INFO com.example.mattermost.MeetingSchedulerWorkflowImpl - getProcessableActions: Node ID: propose_final_time_for_approval_001, Status: COMPLETED, IsPending: false, DependenciesMet: false
[workflow-method-testDependency-68d04a11-24e6-470a-b053-40692413951...-6d54dadd-ba48-427e-bf93-65b708f0db63] INFO com.example.mattermost.MeetingSchedulerWorkflowImpl - getProcessableActions: Node ID: send_meeting_invite_001, Status: PROCESSING, IsPending: false, DependenciesMet: false
[workflow-method-testDependency-68d04a11-24e6-470a-b053-40692413951...-6d54dadd-ba48-427e-bf93-65b708f0db63] INFO com.example.mattermost.MeetingSchedulerWorkflowImpl - getProcessableActions: Returning 0 processable nodes.
[workflow-method-testDependency-68d04a11-24e6-470a-b053-40692413951...-6d54dadd-ba48-427e-bf93-65b708f0db63] INFO com.example.mattermost.MeetingSchedulerWorkflowImpl - Main loop: Workflow.await condition check: newProcessableActions=false, workflowNowComplete=false
[workflow-method-testDependency-68d04a11-24e6-470a-b053-40692413951...-6d54dadd-ba48-427e-bf93-65b708f0db63] INFO com.example.mattermost.MeetingSchedulerWorkflowImpl - getProcessableActions: Checking all nodes in currentGoal.
[workflow-method-testDependency-68d04a11-24e6-470a-b053-40692413951...-6d54dadd-ba48-427e-bf93-65b708f0db63] INFO com.example.mattermost.MeetingSchedulerWorkflowImpl - getProcessableActions: Node ID: get_requester_preferred_details_001, Status: COMPLETED, IsPending: false, DependenciesMet: false
[workflow-method-testDependency-68d04a11-24e6-470a-b053-40692413951...-6d54dadd-ba48-427e-bf93-65b708f0db63] INFO com.example.mattermost.MeetingSchedulerWorkflowImpl - getProcessableActions: Node ID: ask_arun_availability_001, Status: COMPLETED, IsPending: false, DependenciesMet: false
[workflow-method-testDependency-68d04a11-24e6-470a-b053-40692413951...-6d54dadd-ba48-427e-bf93-65b708f0db63] INFO com.example.mattermost.MeetingSchedulerWorkflowImpl - getProcessableActions: Node ID: ask_jasbir_availability_001, Status: COMPLETED, IsPending: false, DependenciesMet: false
[workflow-method-testDependency-68d04a11-24e6-470a-b053-40692413951...-6d54dadd-ba48-427e-bf93-65b708f0db63] INFO com.example.mattermost.MeetingSchedulerWorkflowImpl - getProcessableActions: Node ID: consolidate_availabilities_001, Status: COMPLETED, IsPending: false, DependenciesMet: false
[workflow-method-testDependency-68d04a11-24e6-470a-b053-40692413951...-6d54dadd-ba48-427e-bf93-65b708f0db63] INFO com.example.mattermost.MeetingSchedulerWorkflowImpl - getProcessableActions: Node ID: propose_final_time_for_approval_001, Status: COMPLETED, IsPending: false, DependenciesMet: false
[workflow-method-testDependency-68d04a11-24e6-470a-b053-40692413951...-6d54dadd-ba48-427e-bf93-65b708f0db63] INFO com.example.mattermost.MeetingSchedulerWorkflowImpl - getProcessableActions: Node ID: send_meeting_invite_001, Status: PROCESSING, IsPending: false, DependenciesMet: false
[workflow-method-testDependency-68d04a11-24e6-470a-b053-40692413951...-6d54dadd-ba48-427e-bf93-65b708f0db63] INFO com.example.mattermost.MeetingSchedulerWorkflowImpl - getProcessableActions: Returning 0 processable nodes.
[workflow-method-testDependency-68d04a11-24e6-470a-b053-40692413951...-6d54dadd-ba48-427e-bf93-65b708f0db63] INFO com.example.mattermost.MeetingSchedulerWorkflowImpl - getProcessableActions: Checking all nodes in currentGoal.
[workflow-method-testDependency-68d04a11-24e6-470a-b053-40692413951...-6d54dadd-ba48-427e-bf93-65b708f0db63] INFO com.example.mattermost.MeetingSchedulerWorkflowImpl - getProcessableActions: Node ID: get_requester_preferred_details_001, Status: COMPLETED, IsPending: false, DependenciesMet: false
[workflow-method-testDependency-68d04a11-24e6-470a-b053-40692413951...-6d54dadd-ba48-427e-bf93-65b708f0db63] INFO com.example.mattermost.MeetingSchedulerWorkflowImpl - getProcessableActions: Node ID: ask_arun_availability_001, Status: COMPLETED, IsPending: false, DependenciesMet: false
[workflow-method-testDependency-68d04a11-24e6-470a-b053-40692413951...-6d54dadd-ba48-427e-bf93-65b708f0db63] INFO com.example.mattermost.MeetingSchedulerWorkflowImpl - getProcessableActions: Node ID: ask_jasbir_availability_001, Status: COMPLETED, IsPending: false, DependenciesMet: false
[workflow-method-testDependency-68d04a11-24e6-470a-b053-40692413951...-6d54dadd-ba48-427e-bf93-65b708f0db63] INFO com.example.mattermost.MeetingSchedulerWorkflowImpl - getProcessableActions: Node ID: consolidate_availabilities_001, Status: COMPLETED, IsPending: false, DependenciesMet: false
[workflow-method-testDependency-68d04a11-24e6-470a-b053-40692413951...-6d54dadd-ba48-427e-bf93-65b708f0db63] INFO com.example.mattermost.MeetingSchedulerWorkflowImpl - getProcessableActions: Node ID: propose_final_time_for_approval_001, Status: COMPLETED, IsPending: false, DependenciesMet: false
[workflow-method-testDependency-68d04a11-24e6-470a-b053-40692413951...-6d54dadd-ba48-427e-bf93-65b708f0db63] INFO com.example.mattermost.MeetingSchedulerWorkflowImpl - getProcessableActions: Node ID: send_meeting_invite_001, Status: PROCESSING, IsPending: false, DependenciesMet: false
[workflow-method-testDependency-68d04a11-24e6-470a-b053-40692413951...-6d54dadd-ba48-427e-bf93-65b708f0db63] INFO com.example.mattermost.MeetingSchedulerWorkflowImpl - getProcessableActions: Returning 0 processable nodes.
[workflow-method-testDependency-68d04a11-24e6-470a-b053-40692413951...-6d54dadd-ba48-427e-bf93-65b708f0db63] INFO com.example.mattermost.MeetingSchedulerWorkflowImpl - Main loop: Workflow.await condition check: newProcessableActions=false, workflowNowComplete=false
[workflow-method-testDependency-68d04a11-24e6-470a-b053-40692413951...-6d54dadd-ba48-427e-bf93-65b708f0db63] INFO com.example.mattermost.MeetingSchedulerWorkflowImpl - getProcessableActions: Checking all nodes in currentGoal.
[workflow-method-testDependency-68d04a11-24e6-470a-b053-40692413951...-6d54dadd-ba48-427e-bf93-65b708f0db63] INFO com.example.mattermost.MeetingSchedulerWorkflowImpl - getProcessableActions: Node ID: get_requester_preferred_details_001, Status: COMPLETED, IsPending: false, DependenciesMet: false
[workflow-method-testDependency-68d04a11-24e6-470a-b053-40692413951...-6d54dadd-ba48-427e-bf93-65b708f0db63] INFO com.example.mattermost.MeetingSchedulerWorkflowImpl - getProcessableActions: Node ID: ask_arun_availability_001, Status: COMPLETED, IsPending: false, DependenciesMet: false
[workflow-method-testDependency-68d04a11-24e6-470a-b053-40692413951...-6d54dadd-ba48-427e-bf93-65b708f0db63] INFO com.example.mattermost.MeetingSchedulerWorkflowImpl - getProcessableActions: Node ID: ask_jasbir_availability_001, Status: COMPLETED, IsPending: false, DependenciesMet: false
[workflow-method-testDependency-68d04a11-24e6-470a-b053-40692413951...-6d54dadd-ba48-427e-bf93-65b708f0db63] INFO com.example.mattermost.MeetingSchedulerWorkflowImpl - getProcessableActions: Node ID: consolidate_availabilities_001, Status: COMPLETED, IsPending: false, DependenciesMet: false
[workflow-method-testDependency-68d04a11-24e6-470a-b053-40692413951...-6d54dadd-ba48-427e-bf93-65b708f0db63] INFO com.example.mattermost.MeetingSchedulerWorkflowImpl - getProcessableActions: Node ID: propose_final_time_for_approval_001, Status: COMPLETED, IsPending: false, DependenciesMet: false
[workflow-method-testDependency-68d04a11-24e6-470a-b053-40692413951...-6d54dadd-ba48-427e-bf93-65b708f0db63] INFO com.example.mattermost.MeetingSchedulerWorkflowImpl - getProcessableActions: Node ID: send_meeting_invite_001, Status: PROCESSING, IsPending: false, DependenciesMet: false
[workflow-method-testDependency-68d04a11-24e6-470a-b053-40692413951...-6d54dadd-ba48-427e-bf93-65b708f0db63] INFO com.example.mattermost.MeetingSchedulerWorkflowImpl - getProcessableActions: Returning 0 processable nodes.
[workflow-method-testDependency-68d04a11-24e6-470a-b053-40692413951...-6d54dadd-ba48-427e-bf93-65b708f0db63] INFO com.example.mattermost.MeetingSchedulerWorkflowImpl - getProcessableActions: Checking all nodes in currentGoal.
[workflow-method-testDependency-68d04a11-24e6-470a-b053-40692413951...-6d54dadd-ba48-427e-bf93-65b708f0db63] INFO com.example.mattermost.MeetingSchedulerWorkflowImpl - getProcessableActions: Node ID: get_requester_preferred_details_001, Status: COMPLETED, IsPending: false, DependenciesMet: false
[workflow-method-testDependency-68d04a11-24e6-470a-b053-40692413951...-6d54dadd-ba48-427e-bf93-65b708f0db63] INFO com.example.mattermost.MeetingSchedulerWorkflowImpl - getProcessableActions: Node ID: ask_arun_availability_001, Status: COMPLETED, IsPending: false, DependenciesMet: false
[workflow-method-testDependency-68d04a11-24e6-470a-b053-40692413951...-6d54dadd-ba48-427e-bf93-65b708f0db63] INFO com.example.mattermost.MeetingSchedulerWorkflowImpl - getProcessableActions: Node ID: ask_jasbir_availability_001, Status: COMPLETED, IsPending: false, DependenciesMet: false
[workflow-method-testDependency-68d04a11-24e6-470a-b053-40692413951...-6d54dadd-ba48-427e-bf93-65b708f0db63] INFO com.example.mattermost.MeetingSchedulerWorkflowImpl - getProcessableActions: Node ID: consolidate_availabilities_001, Status: COMPLETED, IsPending: false, DependenciesMet: false
[workflow-method-testDependency-68d04a11-24e6-470a-b053-40692413951...-6d54dadd-ba48-427e-bf93-65b708f0db63] INFO com.example.mattermost.MeetingSchedulerWorkflowImpl - getProcessableActions: Node ID: propose_final_time_for_approval_001, Status: COMPLETED, IsPending: false, DependenciesMet: false
[workflow-method-testDependency-68d04a11-24e6-470a-b053-40692413951...-6d54dadd-ba48-427e-bf93-65b708f0db63] INFO com.example.mattermost.MeetingSchedulerWorkflowImpl - getProcessableActions: Node ID: send_meeting_invite_001, Status: PROCESSING, IsPending: false, DependenciesMet: false
[workflow-method-testDependency-68d04a11-24e6-470a-b053-40692413951...-6d54dadd-ba48-427e-bf93-65b708f0db63] INFO com.example.mattermost.MeetingSchedulerWorkflowImpl - getProcessableActions: Returning 0 processable nodes.
[workflow-method-testDependency-68d04a11-24e6-470a-b053-40692413951...-6d54dadd-ba48-427e-bf93-65b708f0db63] INFO com.example.mattermost.MeetingSchedulerWorkflowImpl - Main loop: Workflow.await condition check: newProcessableActions=false, workflowNowComplete=false
[signal onUserResponse] INFO com.example.mattermost.MeetingSchedulerWorkflowImpl - Signal: validateInputActivity returned true for action send_meeting_invite_001.
[signal onUserResponse] INFO com.example.mattermost.MeetingSchedulerWorkflowImpl - Input for action send_meeting_invite_001 is valid. Marking as COMPLETED.
[workflow-method-testDependency-68d04a11-24e6-470a-b053-40692413951...-6d54dadd-ba48-427e-bf93-65b708f0db63] INFO com.example.mattermost.MeetingSchedulerWorkflowImpl - getProcessableActions: Checking all nodes in currentGoal.
[workflow-method-testDependency-68d04a11-24e6-470a-b053-40692413951...-6d54dadd-ba48-427e-bf93-65b708f0db63] INFO com.example.mattermost.MeetingSchedulerWorkflowImpl - getProcessableActions: Node ID: get_requester_preferred_details_001, Status: COMPLETED, IsPending: false, DependenciesMet: false
[workflow-method-testDependency-68d04a11-24e6-470a-b053-40692413951...-6d54dadd-ba48-427e-bf93-65b708f0db63] INFO com.example.mattermost.MeetingSchedulerWorkflowImpl - getProcessableActions: Node ID: ask_arun_availability_001, Status: COMPLETED, IsPending: false, DependenciesMet: false
[workflow-method-testDependency-68d04a11-24e6-470a-b053-40692413951...-6d54dadd-ba48-427e-bf93-65b708f0db63] INFO com.example.mattermost.MeetingSchedulerWorkflowImpl - getProcessableActions: Node ID: ask_jasbir_availability_001, Status: COMPLETED, IsPending: false, DependenciesMet: false
[workflow-method-testDependency-68d04a11-24e6-470a-b053-40692413951...-6d54dadd-ba48-427e-bf93-65b708f0db63] INFO com.example.mattermost.MeetingSchedulerWorkflowImpl - getProcessableActions: Node ID: consolidate_availabilities_001, Status: COMPLETED, IsPending: false, DependenciesMet: false
[workflow-method-testDependency-68d04a11-24e6-470a-b053-40692413951...-6d54dadd-ba48-427e-bf93-65b708f0db63] INFO com.example.mattermost.MeetingSchedulerWorkflowImpl - getProcessableActions: Node ID: propose_final_time_for_approval_001, Status: COMPLETED, IsPending: false, DependenciesMet: false
[workflow-method-testDependency-68d04a11-24e6-470a-b053-40692413951...-6d54dadd-ba48-427e-bf93-65b708f0db63] INFO com.example.mattermost.MeetingSchedulerWorkflowImpl - getProcessableActions: Node ID: send_meeting_invite_001, Status: COMPLETED, IsPending: false, DependenciesMet: false
[workflow-method-testDependency-68d04a11-24e6-470a-b053-40692413951...-6d54dadd-ba48-427e-bf93-65b708f0db63] INFO com.example.mattermost.MeetingSchedulerWorkflowImpl - getProcessableActions: Returning 0 processable nodes.
[workflow-method-testDependency-68d04a11-24e6-470a-b053-40692413951...-6d54dadd-ba48-427e-bf93-65b708f0db63] INFO com.example.mattermost.MeetingSchedulerWorkflowImpl - Main loop: Workflow.await condition check: newProcessableActions=false, workflowNowComplete=true
[workflow-method-testDependency-68d04a11-24e6-470a-b053-40692413951...-6d54dadd-ba48-427e-bf93-65b708f0db63] INFO com.example.mattermost.MeetingSchedulerWorkflowImpl - Main loop: Awakened from Workflow.await().
[workflow-method-testDependency-68d04a11-24e6-470a-b053-40692413951...-6d54dadd-ba48-427e-bf93-65b708f0db63] INFO com.example.mattermost.MeetingSchedulerWorkflowImpl - getProcessableActions: Checking all nodes in currentGoal.
[workflow-method-testDependency-68d04a11-24e6-470a-b053-40692413951...-6d54dadd-ba48-427e-bf93-65b708f0db63] INFO com.example.mattermost.MeetingSchedulerWorkflowImpl - getProcessableActions: Node ID: get_requester_preferred_details_001, Status: COMPLETED, IsPending: false, DependenciesMet: false
[workflow-method-testDependency-68d04a11-24e6-470a-b053-40692413951...-6d54dadd-ba48-427e-bf93-65b708f0db63] INFO com.example.mattermost.MeetingSchedulerWorkflowImpl - getProcessableActions: Node ID: ask_arun_availability_001, Status: COMPLETED, IsPending: false, DependenciesMet: false
[workflow-method-testDependency-68d04a11-24e6-470a-b053-40692413951...-6d54dadd-ba48-427e-bf93-65b708f0db63] INFO com.example.mattermost.MeetingSchedulerWorkflowImpl - getProcessableActions: Node ID: ask_jasbir_availability_001, Status: COMPLETED, IsPending: false, DependenciesMet: false
[workflow-method-testDependency-68d04a11-24e6-470a-b053-40692413951...-6d54dadd-ba48-427e-bf93-65b708f0db63] INFO com.example.mattermost.MeetingSchedulerWorkflowImpl - getProcessableActions: Node ID: consolidate_availabilities_001, Status: COMPLETED, IsPending: false, DependenciesMet: false
[workflow-method-testDependency-68d04a11-24e6-470a-b053-40692413951...-6d54dadd-ba48-427e-bf93-65b708f0db63] INFO com.example.mattermost.MeetingSchedulerWorkflowImpl - getProcessableActions: Node ID: propose_final_time_for_approval_001, Status: COMPLETED, IsPending: false, DependenciesMet: false
[workflow-method-testDependency-68d04a11-24e6-470a-b053-40692413951...-6d54dadd-ba48-427e-bf93-65b708f0db63] INFO com.example.mattermost.MeetingSchedulerWorkflowImpl - getProcessableActions: Node ID: send_meeting_invite_001, Status: COMPLETED, IsPending: false, DependenciesMet: false
[workflow-method-testDependency-68d04a11-24e6-470a-b053-40692413951...-6d54dadd-ba48-427e-bf93-65b708f0db63] INFO com.example.mattermost.MeetingSchedulerWorkflowImpl - getProcessableActions: Returning 0 processable nodes.
[workflow-method-testDependency-68d04a11-24e6-470a-b053-40692413951...-6d54dadd-ba48-427e-bf93-65b708f0db63] INFO com.example.mattermost.MeetingSchedulerWorkflowImpl - Main loop: Re-checked processable actions after await: []. Count: 0
[workflow-method-testDependency-68d04a11-24e6-470a-b053-40692413951...-6d54dadd-ba48-427e-bf93-65b708f0db63] INFO com.example.mattermost.MeetingSchedulerWorkflowImpl - Main loop: All actions completed. Workflow finishing.
[workflow-method-testDependency-68d04a11-24e6-470a-b053-40692413951...-6d54dadd-ba48-427e-bf93-65b708f0db63] INFO com.example.mattermost.MeetingSchedulerWorkflowImpl - Workflow finished for goal: Schedule a meeting with Arun and Jasbir, coordinating availability and topic. Final outputs: {get_requester_preferred_details_001={datetime=Next Monday 10AM, duration=1 hour, topic=Project Phoenix}, propose_final_time_for_approval_001={approved_time_final=Monday 10AM Approved}, ask_arun_availability_001={arun_availability=Monday 10AM-12PM}, consolidate_availabilities_001={proposed_time=Monday 10AM (Consolidated)}, send_meeting_invite_001={status=Final invite sent successfully}, ask_jasbir_availability_001={jasbir_availability=Monday 10AM-11AM}}
[main] INFO com.example.mattermost.MeetingSchedulerWorkflowTest - Test: Workflow completed for testDependencyAndPlaceholderResolution.
[main] INFO io.temporal.serviceclient.TestServiceStubsImpl - shutdownNow
[main] INFO io.temporal.serviceclient.OperatorServiceStubsImpl - shutdownNow
[main] INFO io.temporal.worker.WorkerFactory - shutdownNow: WorkerFactory{identity=10208@devbox}
[main] INFO io.temporal.internal.worker.Poller - shutdown: Poller{name=Workflow Poller taskQueue="WorkflowTest-testDependencyAndPlaceholderResolution()-[engine:junit-jupiter]/[class:com.example.mattermost.MeetingSchedulerWorkflowTest]/[method:testDependencyAndPlaceholderResolution()]", namespace="UnitTest", identity=10208@devbox}
[Workflow Poller taskQueue="WorkflowTest-testDependencyAndPlaceholderResolution()-[engine:junit-jupiter]/[class:com.example.mattermost.MeetingSchedulerWorkflowTest]/[method:testDependencyAndPlaceholderResolution()]", namespace="UnitTest": 4] INFO io.temporal.internal.worker.Poller - poll loop is terminated: WorkflowPollTask
[Workflow Poller taskQueue="WorkflowTest-testDependencyAndPlaceholderResolution()-[engine:junit-jupiter]/[class:com.example.mattermost.MeetingSchedulerWorkflowTest]/[method:testDependencyAndPlaceholderResolution()]", namespace="UnitTest": 2] INFO io.temporal.internal.worker.Poller - poll loop is terminated: WorkflowPollTask
[Workflow Poller taskQueue="WorkflowTest-testDependencyAndPlaceholderResolution()-[engine:junit-jupiter]/[class:com.example.mattermost.MeetingSchedulerWorkflowTest]/[method:testDependencyAndPlaceholderResolution()]", namespace="UnitTest": 5] INFO io.temporal.internal.worker.Poller - poll loop is terminated: WorkflowPollTask
[Workflow Poller taskQueue="WorkflowTest-testDependencyAndPlaceholderResolution()-[engine:junit-jupiter]/[class:com.example.mattermost.MeetingSchedulerWorkflowTest]/[method:testDependencyAndPlaceholderResolution()]", namespace="UnitTest": 1] INFO io.temporal.internal.worker.Poller - poll loop is terminated: WorkflowPollTask
[Workflow Poller taskQueue="WorkflowTest-testDependencyAndPlaceholderResolution()-[engine:junit-jupiter]/[class:com.example.mattermost.MeetingSchedulerWorkflowTest]/[method:testDependencyAndPlaceholderResolution()]", namespace="UnitTest": 3] INFO io.temporal.internal.worker.Poller - poll loop is terminated: WorkflowPollTask
[main] INFO io.temporal.internal.worker.Poller - shutdown: Poller{name=Workflow Poller taskQueue="Test-f796c10e-63a1-4799-b10b-b4dbb7030a7e", namespace="UnitTest", identity=10208@devbox}
[Workflow Poller taskQueue="Test-f796c10e-63a1-4799-b10b-b4dbb7030a7e", namespace="UnitTest": 4] INFO io.temporal.internal.worker.Poller - poll loop is terminated: WorkflowPollTask
[Workflow Poller taskQueue="Test-f796c10e-63a1-4799-b10b-b4dbb7030a7e", namespace="UnitTest": 2] INFO io.temporal.internal.worker.Poller - poll loop is terminated: WorkflowPollTask
[Workflow Poller taskQueue="Test-f796c10e-63a1-4799-b10b-b4dbb7030a7e", namespace="UnitTest": 1] INFO io.temporal.internal.worker.Poller - poll loop is terminated: WorkflowPollTask
[Workflow Poller taskQueue="Test-f796c10e-63a1-4799-b10b-b4dbb7030a7e", namespace="UnitTest": 3] INFO io.temporal.internal.worker.Poller - poll loop is terminated: WorkflowPollTask
[Workflow Poller taskQueue="Test-f796c10e-63a1-4799-b10b-b4dbb7030a7e", namespace="UnitTest": 5] INFO io.temporal.internal.worker.Poller - poll loop is terminated: WorkflowPollTask
[main] INFO io.temporal.internal.worker.Poller - shutdown: Poller{name=Activity Poller taskQueue="Test-f796c10e-63a1-4799-b10b-b4dbb7030a7e", namespace="UnitTest", identity=10208@devbox}
[Activity Poller taskQueue="Test-f796c10e-63a1-4799-b10b-b4dbb7030a7e", namespace="UnitTest": 5] INFO io.temporal.internal.worker.Poller - poll loop is terminated: ActivityPollTask
[Activity Poller taskQueue="Test-f796c10e-63a1-4799-b10b-b4dbb7030a7e", namespace="UnitTest": 1] INFO io.temporal.internal.worker.Poller - poll loop is terminated: ActivityPollTask
[Activity Poller taskQueue="Test-f796c10e-63a1-4799-b10b-b4dbb7030a7e", namespace="UnitTest": 2] INFO io.temporal.internal.worker.Poller - poll loop is terminated: ActivityPollTask
[Activity Poller taskQueue="Test-f796c10e-63a1-4799-b10b-b4dbb7030a7e", namespace="UnitTest": 3] INFO io.temporal.internal.worker.Poller - poll loop is terminated: ActivityPollTask
[Activity Poller taskQueue="Test-f796c10e-63a1-4799-b10b-b4dbb7030a7e", namespace="UnitTest": 4] INFO io.temporal.internal.worker.Poller - poll loop is terminated: ActivityPollTask
[main] INFO io.temporal.worker.WorkerFactory - awaitTermination begin: WorkerFactory{identity=10208@devbox}
[main] INFO io.temporal.worker.WorkerFactory - awaitTermination done: WorkerFactory{identity=10208@devbox}
[main] INFO io.temporal.serviceclient.WorkflowServiceStubsImpl - shutdownNow
[main] INFO io.temporal.testserver.TestServer - Shutting down in-process gRPC server
[main] INFO io.temporal.testserver.TestServer - Shutting down gRPC Services
[main] INFO io.temporal.serviceclient.TestServiceStubsImpl - shutdownNow
[main] INFO io.temporal.serviceclient.OperatorServiceStubsImpl - shutdownNow
[main] INFO io.temporal.worker.WorkerFactory - shutdownNow: WorkerFactory{identity=10208@devbox}
[main] INFO io.temporal.internal.worker.Poller - shutdown: Poller{name=Workflow Poller taskQueue="WorkflowTest-testDependencyAndPlaceholderResolution()-[engine:junit-jupiter]/[class:com.example.mattermost.MeetingSchedulerWorkflowTest]/[method:testDependencyAndPlaceholderResolution()]", namespace="UnitTest", identity=10208@devbox}
[main] INFO io.temporal.internal.worker.Poller - shutdown: Poller{name=Workflow Poller taskQueue="Test-f796c10e-63a1-4799-b10b-b4dbb7030a7e", namespace="UnitTest", identity=10208@devbox}
[main] INFO io.temporal.worker.WorkerFactory - awaitTermination begin: WorkerFactory{identity=10208@devbox}
[TemporalShutdownManager: 1] INFO io.temporal.internal.worker.Poller - shutdown: Poller{name=Activity Poller taskQueue="Test-f796c10e-63a1-4799-b10b-b4dbb7030a7e", namespace="UnitTest", identity=10208@devbox}
[main] INFO io.temporal.worker.WorkerFactory - awaitTermination done: WorkerFactory{identity=10208@devbox}
[main] INFO io.temporal.serviceclient.WorkflowServiceStubsImpl - shutdownNow
[main] INFO io.temporal.testserver.TestServer - Shutting down in-process gRPC server
[main] INFO io.temporal.testserver.TestServer - Shutting down gRPC Services
]]></system-err>
  </testcase>
  <testcase name="testSuccessfulWorkflowExecution" classname="com.example.mattermost.MeetingSchedulerWorkflowTest" time="0.584">
    <system-out><![CDATA[setUp completed. worker, mocks, client initialized for taskQueue: Test-8e560522-bf92-44d0-af42-5e19fa79b81e
Starting testSuccessfulWorkflowExecution with taskQueue: Test-8e560522-bf92-44d0-af42-5e19fa79b81e
]]></system-out>
    <system-err><![CDATA[[main] INFO io.temporal.serviceclient.WorkflowServiceStubsImpl - Created WorkflowServiceStubs for channel: ManagedChannelOrphanWrapper{delegate=ManagedChannelImpl{logId=7, target=directaddress:///2881f24c-127f-4da7-9a5c-300668a5af26}}
[main] INFO io.temporal.serviceclient.TestServiceStubsImpl - Created TestServiceStubs for channel: ManagedChannelOrphanWrapper{delegate=ManagedChannelImpl{logId=7, target=directaddress:///2881f24c-127f-4da7-9a5c-300668a5af26}}
[main] INFO io.temporal.serviceclient.OperatorServiceStubsImpl - Created OperatorServiceStubs for channel: ManagedChannelOrphanWrapper{delegate=ManagedChannelImpl{logId=7, target=directaddress:///2881f24c-127f-4da7-9a5c-300668a5af26}}
[main] INFO io.temporal.internal.worker.Poller - start: Poller{name=Workflow Poller taskQueue="Test-8e560522-bf92-44d0-af42-5e19fa79b81e", namespace="UnitTest", identity=10208@devbox}
[main] INFO io.temporal.internal.worker.Poller - start: Poller{name=Activity Poller taskQueue="Test-8e560522-bf92-44d0-af42-5e19fa79b81e", namespace="UnitTest", identity=10208@devbox}
[main] INFO io.temporal.internal.worker.Poller - start: Poller{name=Workflow Poller taskQueue="WorkflowTest-testSuccessfulWorkflowExecution()-[engine:junit-jupiter]/[class:com.example.mattermost.MeetingSchedulerWorkflowTest]/[method:testSuccessfulWorkflowExecution()]", namespace="UnitTest", identity=10208@devbox}
[main] INFO com.example.mattermost.MeetingSchedulerWorkflowTest - Test: Verifying askUserActivity.ask for get_details...
[workflow-method-testSuccessfulWorkflow-1bf692b7-9510-4672-b2f2-a21...-9e17defc-30fc-4746-a621-ea8141dda3cc] INFO com.example.mattermost.MeetingSchedulerWorkflowImpl - Workflow started for goal: Simple test goal. Initializing action statuses.
[workflow-method-testSuccessfulWorkflow-1bf692b7-9510-4672-b2f2-a21...-9e17defc-30fc-4746-a621-ea8141dda3cc] INFO com.example.mattermost.MeetingSchedulerWorkflowImpl - Initialized actionStatuses: {get_details=PENDING, send_invite=PENDING}
[workflow-method-testSuccessfulWorkflow-1bf692b7-9510-4672-b2f2-a21...-9e17defc-30fc-4746-a621-ea8141dda3cc] INFO com.example.mattermost.MeetingSchedulerWorkflowImpl - Main loop: Checking processable actions.
[workflow-method-testSuccessfulWorkflow-1bf692b7-9510-4672-b2f2-a21...-9e17defc-30fc-4746-a621-ea8141dda3cc] INFO com.example.mattermost.MeetingSchedulerWorkflowImpl - getProcessableActions: Checking all nodes in currentGoal.
[workflow-method-testSuccessfulWorkflow-1bf692b7-9510-4672-b2f2-a21...-9e17defc-30fc-4746-a621-ea8141dda3cc] INFO com.example.mattermost.MeetingSchedulerWorkflowImpl - dependenciesMet: Checking dependencies for actionId: get_details
[workflow-method-testSuccessfulWorkflow-1bf692b7-9510-4672-b2f2-a21...-9e17defc-30fc-4746-a621-ea8141dda3cc] INFO com.example.mattermost.MeetingSchedulerWorkflowImpl - dependenciesMet: No explicit dependencies found for actionId: get_details. Returning true.
[workflow-method-testSuccessfulWorkflow-1bf692b7-9510-4672-b2f2-a21...-9e17defc-30fc-4746-a621-ea8141dda3cc] INFO com.example.mattermost.MeetingSchedulerWorkflowImpl - getProcessableActions: Node ID: get_details, Status: PENDING, IsPending: true, DependenciesMet: true
[workflow-method-testSuccessfulWorkflow-1bf692b7-9510-4672-b2f2-a21...-9e17defc-30fc-4746-a621-ea8141dda3cc] INFO com.example.mattermost.MeetingSchedulerWorkflowImpl - dependenciesMet: Checking dependencies for actionId: send_invite
[workflow-method-testSuccessfulWorkflow-1bf692b7-9510-4672-b2f2-a21...-9e17defc-30fc-4746-a621-ea8141dda3cc] INFO com.example.mattermost.MeetingSchedulerWorkflowImpl - dependenciesMet: ActionId: send_invite has source dependencies: [get_details]
[workflow-method-testSuccessfulWorkflow-1bf692b7-9510-4672-b2f2-a21...-9e17defc-30fc-4746-a621-ea8141dda3cc] INFO com.example.mattermost.MeetingSchedulerWorkflowImpl - dependenciesMet: ActionId: send_invite, Dependency: get_details, Status: PENDING, IsCompleted: false
[workflow-method-testSuccessfulWorkflow-1bf692b7-9510-4672-b2f2-a21...-9e17defc-30fc-4746-a621-ea8141dda3cc] INFO com.example.mattermost.MeetingSchedulerWorkflowImpl - dependenciesMet: ActionId: send_invite, AllDependenciesMet: false
[workflow-method-testSuccessfulWorkflow-1bf692b7-9510-4672-b2f2-a21...-9e17defc-30fc-4746-a621-ea8141dda3cc] INFO com.example.mattermost.MeetingSchedulerWorkflowImpl - getProcessableActions: Node ID: send_invite, Status: PENDING, IsPending: true, DependenciesMet: false
[workflow-method-testSuccessfulWorkflow-1bf692b7-9510-4672-b2f2-a21...-9e17defc-30fc-4746-a621-ea8141dda3cc] INFO com.example.mattermost.MeetingSchedulerWorkflowImpl - getProcessableActions: Returning 1 processable nodes.
[workflow-method-testSuccessfulWorkflow-1bf692b7-9510-4672-b2f2-a21...-9e17defc-30fc-4746-a621-ea8141dda3cc] INFO com.example.mattermost.MeetingSchedulerWorkflowImpl - Main loop: Found 1 processable actions: [get_details]
[workflow-method-testSuccessfulWorkflow-1bf692b7-9510-4672-b2f2-a21...-9e17defc-30fc-4746-a621-ea8141dda3cc] INFO com.example.mattermost.MeetingSchedulerWorkflowImpl - getProcessableActions: Checking all nodes in currentGoal.
[workflow-method-testSuccessfulWorkflow-1bf692b7-9510-4672-b2f2-a21...-9e17defc-30fc-4746-a621-ea8141dda3cc] INFO com.example.mattermost.MeetingSchedulerWorkflowImpl - dependenciesMet: Checking dependencies for actionId: get_details
[workflow-method-testSuccessfulWorkflow-1bf692b7-9510-4672-b2f2-a21...-9e17defc-30fc-4746-a621-ea8141dda3cc] INFO com.example.mattermost.MeetingSchedulerWorkflowImpl - dependenciesMet: No explicit dependencies found for actionId: get_details. Returning true.
[workflow-method-testSuccessfulWorkflow-1bf692b7-9510-4672-b2f2-a21...-9e17defc-30fc-4746-a621-ea8141dda3cc] INFO com.example.mattermost.MeetingSchedulerWorkflowImpl - getProcessableActions: Node ID: get_details, Status: PENDING, IsPending: true, DependenciesMet: true
[workflow-method-testSuccessfulWorkflow-1bf692b7-9510-4672-b2f2-a21...-9e17defc-30fc-4746-a621-ea8141dda3cc] INFO com.example.mattermost.MeetingSchedulerWorkflowImpl - dependenciesMet: Checking dependencies for actionId: send_invite
[workflow-method-testSuccessfulWorkflow-1bf692b7-9510-4672-b2f2-a21...-9e17defc-30fc-4746-a621-ea8141dda3cc] INFO com.example.mattermost.MeetingSchedulerWorkflowImpl - dependenciesMet: ActionId: send_invite has source dependencies: [get_details]
[workflow-method-testSuccessfulWorkflow-1bf692b7-9510-4672-b2f2-a21...-9e17defc-30fc-4746-a621-ea8141dda3cc] INFO com.example.mattermost.MeetingSchedulerWorkflowImpl - dependenciesMet: ActionId: send_invite, Dependency: get_details, Status: PENDING, IsCompleted: false
[workflow-method-testSuccessfulWorkflow-1bf692b7-9510-4672-b2f2-a21...-9e17defc-30fc-4746-a621-ea8141dda3cc] INFO com.example.mattermost.MeetingSchedulerWorkflowImpl - dependenciesMet: ActionId: send_invite, AllDependenciesMet: false
[workflow-method-testSuccessfulWorkflow-1bf692b7-9510-4672-b2f2-a21...-9e17defc-30fc-4746-a621-ea8141dda3cc] INFO com.example.mattermost.MeetingSchedulerWorkflowImpl - getProcessableActions: Node ID: send_invite, Status: PENDING, IsPending: true, DependenciesMet: false
[workflow-method-testSuccessfulWorkflow-1bf692b7-9510-4672-b2f2-a21...-9e17defc-30fc-4746-a621-ea8141dda3cc] INFO com.example.mattermost.MeetingSchedulerWorkflowImpl - getProcessableActions: Returning 1 processable nodes.
[workflow-method-testSuccessfulWorkflow-1bf692b7-9510-4672-b2f2-a21...-9e17defc-30fc-4746-a621-ea8141dda3cc] INFO com.example.mattermost.MeetingSchedulerWorkflowImpl - Main loop: Evaluating action get_details with status PENDING
[workflow-method-testSuccessfulWorkflow-1bf692b7-9510-4672-b2f2-a21...-9e17defc-30fc-4746-a621-ea8141dda3cc] INFO com.example.mattermost.MeetingSchedulerWorkflowImpl - Main loop: Processing PENDING action: get_details
[workflow-method-testSuccessfulWorkflow-1bf692b7-9510-4672-b2f2-a21...-9e17defc-30fc-4746-a621-ea8141dda3cc] INFO com.example.mattermost.MeetingSchedulerWorkflowImpl - Main loop: Generated prompt for action get_details: 'Please provide your preferred topic and time.'
[workflow-method-testSuccessfulWorkflow-1bf692b7-9510-4672-b2f2-a21...-9e17defc-30fc-4746-a621-ea8141dda3cc] INFO com.example.mattermost.MeetingSchedulerWorkflowImpl - Main loop: About to call askUserActivity.ask for action get_details
[workflow-method-testSuccessfulWorkflow-1bf692b7-9510-4672-b2f2-a21...-9e17defc-30fc-4746-a621-ea8141dda3cc] INFO com.example.mattermost.MeetingSchedulerWorkflowImpl - Main loop: askUserActivity.ask called for action get_details. Setting status to WAITING_FOR_INPUT.
[workflow-method-testSuccessfulWorkflow-1bf692b7-9510-4672-b2f2-a21...-9e17defc-30fc-4746-a621-ea8141dda3cc] INFO com.example.mattermost.MeetingSchedulerWorkflowImpl - Action get_details is now WAITING_FOR_INPUT.
[workflow-method-testSuccessfulWorkflow-1bf692b7-9510-4672-b2f2-a21...-9e17defc-30fc-4746-a621-ea8141dda3cc] INFO com.example.mattermost.MeetingSchedulerWorkflowImpl - getProcessableActions: Checking all nodes in currentGoal.
[workflow-method-testSuccessfulWorkflow-1bf692b7-9510-4672-b2f2-a21...-9e17defc-30fc-4746-a621-ea8141dda3cc] INFO com.example.mattermost.MeetingSchedulerWorkflowImpl - getProcessableActions: Node ID: get_details, Status: WAITING_FOR_INPUT, IsPending: false, DependenciesMet: false
[workflow-method-testSuccessfulWorkflow-1bf692b7-9510-4672-b2f2-a21...-9e17defc-30fc-4746-a621-ea8141dda3cc] INFO com.example.mattermost.MeetingSchedulerWorkflowImpl - dependenciesMet: Checking dependencies for actionId: send_invite
[workflow-method-testSuccessfulWorkflow-1bf692b7-9510-4672-b2f2-a21...-9e17defc-30fc-4746-a621-ea8141dda3cc] INFO com.example.mattermost.MeetingSchedulerWorkflowImpl - dependenciesMet: ActionId: send_invite has source dependencies: [get_details]
[workflow-method-testSuccessfulWorkflow-1bf692b7-9510-4672-b2f2-a21...-9e17defc-30fc-4746-a621-ea8141dda3cc] INFO com.example.mattermost.MeetingSchedulerWorkflowImpl - dependenciesMet: ActionId: send_invite, Dependency: get_details, Status: WAITING_FOR_INPUT, IsCompleted: false
[workflow-method-testSuccessfulWorkflow-1bf692b7-9510-4672-b2f2-a21...-9e17defc-30fc-4746-a621-ea8141dda3cc] INFO com.example.mattermost.MeetingSchedulerWorkflowImpl - dependenciesMet: ActionId: send_invite, AllDependenciesMet: false
[workflow-method-testSuccessfulWorkflow-1bf692b7-9510-4672-b2f2-a21...-9e17defc-30fc-4746-a621-ea8141dda3cc] INFO com.example.mattermost.MeetingSchedulerWorkflowImpl - getProcessableActions: Node ID: send_invite, Status: PENDING, IsPending: true, DependenciesMet: false
[workflow-method-testSuccessfulWorkflow-1bf692b7-9510-4672-b2f2-a21...-9e17defc-30fc-4746-a621-ea8141dda3cc] INFO com.example.mattermost.MeetingSchedulerWorkflowImpl - getProcessableActions: Returning 0 processable nodes.
[workflow-method-testSuccessfulWorkflow-1bf692b7-9510-4672-b2f2-a21...-9e17defc-30fc-4746-a621-ea8141dda3cc] WARN com.example.mattermost.MeetingSchedulerWorkflowImpl - Potential deadlock or all remaining actions are waiting for external signals. Workflow might be stuck if no signals arrive.
[workflow-method-testSuccessfulWorkflow-1bf692b7-9510-4672-b2f2-a21...-9e17defc-30fc-4746-a621-ea8141dda3cc] INFO com.example.mattermost.MeetingSchedulerWorkflowImpl - dependenciesMet: Checking dependencies for actionId: send_invite
[workflow-method-testSuccessfulWorkflow-1bf692b7-9510-4672-b2f2-a21...-9e17defc-30fc-4746-a621-ea8141dda3cc] INFO com.example.mattermost.MeetingSchedulerWorkflowImpl - dependenciesMet: ActionId: send_invite has source dependencies: [get_details]
[workflow-method-testSuccessfulWorkflow-1bf692b7-9510-4672-b2f2-a21...-9e17defc-30fc-4746-a621-ea8141dda3cc] INFO com.example.mattermost.MeetingSchedulerWorkflowImpl - dependenciesMet: ActionId: send_invite, Dependency: get_details, Status: WAITING_FOR_INPUT, IsCompleted: false
[workflow-method-testSuccessfulWorkflow-1bf692b7-9510-4672-b2f2-a21...-9e17defc-30fc-4746-a621-ea8141dda3cc] INFO com.example.mattermost.MeetingSchedulerWorkflowImpl - dependenciesMet: ActionId: send_invite, AllDependenciesMet: false
[workflow-method-testSuccessfulWorkflow-1bf692b7-9510-4672-b2f2-a21...-9e17defc-30fc-4746-a621-ea8141dda3cc] INFO com.example.mattermost.MeetingSchedulerWorkflowImpl - Main loop: Checking processable actions.
[workflow-method-testSuccessfulWorkflow-1bf692b7-9510-4672-b2f2-a21...-9e17defc-30fc-4746-a621-ea8141dda3cc] INFO com.example.mattermost.MeetingSchedulerWorkflowImpl - getProcessableActions: Checking all nodes in currentGoal.
[workflow-method-testSuccessfulWorkflow-1bf692b7-9510-4672-b2f2-a21...-9e17defc-30fc-4746-a621-ea8141dda3cc] INFO com.example.mattermost.MeetingSchedulerWorkflowImpl - getProcessableActions: Node ID: get_details, Status: WAITING_FOR_INPUT, IsPending: false, DependenciesMet: false
[workflow-method-testSuccessfulWorkflow-1bf692b7-9510-4672-b2f2-a21...-9e17defc-30fc-4746-a621-ea8141dda3cc] INFO com.example.mattermost.MeetingSchedulerWorkflowImpl - dependenciesMet: Checking dependencies for actionId: send_invite
[workflow-method-testSuccessfulWorkflow-1bf692b7-9510-4672-b2f2-a21...-9e17defc-30fc-4746-a621-ea8141dda3cc] INFO com.example.mattermost.MeetingSchedulerWorkflowImpl - dependenciesMet: ActionId: send_invite has source dependencies: [get_details]
[workflow-method-testSuccessfulWorkflow-1bf692b7-9510-4672-b2f2-a21...-9e17defc-30fc-4746-a621-ea8141dda3cc] INFO com.example.mattermost.MeetingSchedulerWorkflowImpl - dependenciesMet: ActionId: send_invite, Dependency: get_details, Status: WAITING_FOR_INPUT, IsCompleted: false
[workflow-method-testSuccessfulWorkflow-1bf692b7-9510-4672-b2f2-a21...-9e17defc-30fc-4746-a621-ea8141dda3cc] INFO com.example.mattermost.MeetingSchedulerWorkflowImpl - dependenciesMet: ActionId: send_invite, AllDependenciesMet: false
[workflow-method-testSuccessfulWorkflow-1bf692b7-9510-4672-b2f2-a21...-9e17defc-30fc-4746-a621-ea8141dda3cc] INFO com.example.mattermost.MeetingSchedulerWorkflowImpl - getProcessableActions: Node ID: send_invite, Status: PENDING, IsPending: true, DependenciesMet: false
[workflow-method-testSuccessfulWorkflow-1bf692b7-9510-4672-b2f2-a21...-9e17defc-30fc-4746-a621-ea8141dda3cc] INFO com.example.mattermost.MeetingSchedulerWorkflowImpl - getProcessableActions: Returning 0 processable nodes.
[workflow-method-testSuccessfulWorkflow-1bf692b7-9510-4672-b2f2-a21...-9e17defc-30fc-4746-a621-ea8141dda3cc] INFO com.example.mattermost.MeetingSchedulerWorkflowImpl - Main loop: Found 0 processable actions: []
[workflow-method-testSuccessfulWorkflow-1bf692b7-9510-4672-b2f2-a21...-9e17defc-30fc-4746-a621-ea8141dda3cc] INFO com.example.mattermost.MeetingSchedulerWorkflowImpl - getProcessableActions: Checking all nodes in currentGoal.
[workflow-method-testSuccessfulWorkflow-1bf692b7-9510-4672-b2f2-a21...-9e17defc-30fc-4746-a621-ea8141dda3cc] INFO com.example.mattermost.MeetingSchedulerWorkflowImpl - getProcessableActions: Node ID: get_details, Status: WAITING_FOR_INPUT, IsPending: false, DependenciesMet: false
[workflow-method-testSuccessfulWorkflow-1bf692b7-9510-4672-b2f2-a21...-9e17defc-30fc-4746-a621-ea8141dda3cc] INFO com.example.mattermost.MeetingSchedulerWorkflowImpl - dependenciesMet: Checking dependencies for actionId: send_invite
[workflow-method-testSuccessfulWorkflow-1bf692b7-9510-4672-b2f2-a21...-9e17defc-30fc-4746-a621-ea8141dda3cc] INFO com.example.mattermost.MeetingSchedulerWorkflowImpl - dependenciesMet: ActionId: send_invite has source dependencies: [get_details]
[workflow-method-testSuccessfulWorkflow-1bf692b7-9510-4672-b2f2-a21...-9e17defc-30fc-4746-a621-ea8141dda3cc] INFO com.example.mattermost.MeetingSchedulerWorkflowImpl - dependenciesMet: ActionId: send_invite, Dependency: get_details, Status: WAITING_FOR_INPUT, IsCompleted: false
[workflow-method-testSuccessfulWorkflow-1bf692b7-9510-4672-b2f2-a21...-9e17defc-30fc-4746-a621-ea8141dda3cc] INFO com.example.mattermost.MeetingSchedulerWorkflowImpl - dependenciesMet: ActionId: send_invite, AllDependenciesMet: false
[workflow-method-testSuccessfulWorkflow-1bf692b7-9510-4672-b2f2-a21...-9e17defc-30fc-4746-a621-ea8141dda3cc] INFO com.example.mattermost.MeetingSchedulerWorkflowImpl - getProcessableActions: Node ID: send_invite, Status: PENDING, IsPending: true, DependenciesMet: false
[workflow-method-testSuccessfulWorkflow-1bf692b7-9510-4672-b2f2-a21...-9e17defc-30fc-4746-a621-ea8141dda3cc] INFO com.example.mattermost.MeetingSchedulerWorkflowImpl - getProcessableActions: Returning 0 processable nodes.
[workflow-method-testSuccessfulWorkflow-1bf692b7-9510-4672-b2f2-a21...-9e17defc-30fc-4746-a621-ea8141dda3cc] WARN com.example.mattermost.MeetingSchedulerWorkflowImpl - Potential deadlock or all remaining actions are waiting for external signals. Workflow might be stuck if no signals arrive.
[workflow-method-testSuccessfulWorkflow-1bf692b7-9510-4672-b2f2-a21...-9e17defc-30fc-4746-a621-ea8141dda3cc] INFO com.example.mattermost.MeetingSchedulerWorkflowImpl - dependenciesMet: Checking dependencies for actionId: send_invite
[workflow-method-testSuccessfulWorkflow-1bf692b7-9510-4672-b2f2-a21...-9e17defc-30fc-4746-a621-ea8141dda3cc] INFO com.example.mattermost.MeetingSchedulerWorkflowImpl - dependenciesMet: ActionId: send_invite has source dependencies: [get_details]
[workflow-method-testSuccessfulWorkflow-1bf692b7-9510-4672-b2f2-a21...-9e17defc-30fc-4746-a621-ea8141dda3cc] INFO com.example.mattermost.MeetingSchedulerWorkflowImpl - dependenciesMet: ActionId: send_invite, Dependency: get_details, Status: WAITING_FOR_INPUT, IsCompleted: false
[workflow-method-testSuccessfulWorkflow-1bf692b7-9510-4672-b2f2-a21...-9e17defc-30fc-4746-a621-ea8141dda3cc] INFO com.example.mattermost.MeetingSchedulerWorkflowImpl - dependenciesMet: ActionId: send_invite, AllDependenciesMet: false
[workflow-method-testSuccessfulWorkflow-1bf692b7-9510-4672-b2f2-a21...-9e17defc-30fc-4746-a621-ea8141dda3cc] INFO com.example.mattermost.MeetingSchedulerWorkflowImpl - Main loop: No actions currently processable. Waiting for signals or workflow completion. Current statuses: {get_details=WAITING_FOR_INPUT, send_invite=PENDING}
[workflow-method-testSuccessfulWorkflow-1bf692b7-9510-4672-b2f2-a21...-9e17defc-30fc-4746-a621-ea8141dda3cc] INFO com.example.mattermost.MeetingSchedulerWorkflowImpl - getProcessableActions: Checking all nodes in currentGoal.
[workflow-method-testSuccessfulWorkflow-1bf692b7-9510-4672-b2f2-a21...-9e17defc-30fc-4746-a621-ea8141dda3cc] INFO com.example.mattermost.MeetingSchedulerWorkflowImpl - getProcessableActions: Node ID: get_details, Status: WAITING_FOR_INPUT, IsPending: false, DependenciesMet: false
[workflow-method-testSuccessfulWorkflow-1bf692b7-9510-4672-b2f2-a21...-9e17defc-30fc-4746-a621-ea8141dda3cc] INFO com.example.mattermost.MeetingSchedulerWorkflowImpl - dependenciesMet: Checking dependencies for actionId: send_invite
[workflow-method-testSuccessfulWorkflow-1bf692b7-9510-4672-b2f2-a21...-9e17defc-30fc-4746-a621-ea8141dda3cc] INFO com.example.mattermost.MeetingSchedulerWorkflowImpl - dependenciesMet: ActionId: send_invite has source dependencies: [get_details]
[workflow-method-testSuccessfulWorkflow-1bf692b7-9510-4672-b2f2-a21...-9e17defc-30fc-4746-a621-ea8141dda3cc] INFO com.example.mattermost.MeetingSchedulerWorkflowImpl - dependenciesMet: ActionId: send_invite, Dependency: get_details, Status: WAITING_FOR_INPUT, IsCompleted: false
[workflow-method-testSuccessfulWorkflow-1bf692b7-9510-4672-b2f2-a21...-9e17defc-30fc-4746-a621-ea8141dda3cc] INFO com.example.mattermost.MeetingSchedulerWorkflowImpl - dependenciesMet: ActionId: send_invite, AllDependenciesMet: false
[workflow-method-testSuccessfulWorkflow-1bf692b7-9510-4672-b2f2-a21...-9e17defc-30fc-4746-a621-ea8141dda3cc] INFO com.example.mattermost.MeetingSchedulerWorkflowImpl - getProcessableActions: Node ID: send_invite, Status: PENDING, IsPending: true, DependenciesMet: false
[workflow-method-testSuccessfulWorkflow-1bf692b7-9510-4672-b2f2-a21...-9e17defc-30fc-4746-a621-ea8141dda3cc] INFO com.example.mattermost.MeetingSchedulerWorkflowImpl - getProcessableActions: Returning 0 processable nodes.
[workflow-method-testSuccessfulWorkflow-1bf692b7-9510-4672-b2f2-a21...-9e17defc-30fc-4746-a621-ea8141dda3cc] INFO com.example.mattermost.MeetingSchedulerWorkflowImpl - getProcessableActions: Checking all nodes in currentGoal.
[workflow-method-testSuccessfulWorkflow-1bf692b7-9510-4672-b2f2-a21...-9e17defc-30fc-4746-a621-ea8141dda3cc] INFO com.example.mattermost.MeetingSchedulerWorkflowImpl - getProcessableActions: Node ID: get_details, Status: WAITING_FOR_INPUT, IsPending: false, DependenciesMet: false
[workflow-method-testSuccessfulWorkflow-1bf692b7-9510-4672-b2f2-a21...-9e17defc-30fc-4746-a621-ea8141dda3cc] INFO com.example.mattermost.MeetingSchedulerWorkflowImpl - dependenciesMet: Checking dependencies for actionId: send_invite
[workflow-method-testSuccessfulWorkflow-1bf692b7-9510-4672-b2f2-a21...-9e17defc-30fc-4746-a621-ea8141dda3cc] INFO com.example.mattermost.MeetingSchedulerWorkflowImpl - dependenciesMet: ActionId: send_invite has source dependencies: [get_details]
[workflow-method-testSuccessfulWorkflow-1bf692b7-9510-4672-b2f2-a21...-9e17defc-30fc-4746-a621-ea8141dda3cc] INFO com.example.mattermost.MeetingSchedulerWorkflowImpl - dependenciesMet: ActionId: send_invite, Dependency: get_details, Status: WAITING_FOR_INPUT, IsCompleted: false
[workflow-method-testSuccessfulWorkflow-1bf692b7-9510-4672-b2f2-a21...-9e17defc-30fc-4746-a621-ea8141dda3cc] INFO com.example.mattermost.MeetingSchedulerWorkflowImpl - dependenciesMet: ActionId: send_invite, AllDependenciesMet: false
[workflow-method-testSuccessfulWorkflow-1bf692b7-9510-4672-b2f2-a21...-9e17defc-30fc-4746-a621-ea8141dda3cc] INFO com.example.mattermost.MeetingSchedulerWorkflowImpl - getProcessableActions: Node ID: send_invite, Status: PENDING, IsPending: true, DependenciesMet: false
[workflow-method-testSuccessfulWorkflow-1bf692b7-9510-4672-b2f2-a21...-9e17defc-30fc-4746-a621-ea8141dda3cc] INFO com.example.mattermost.MeetingSchedulerWorkflowImpl - getProcessableActions: Returning 0 processable nodes.
[workflow-method-testSuccessfulWorkflow-1bf692b7-9510-4672-b2f2-a21...-9e17defc-30fc-4746-a621-ea8141dda3cc] WARN com.example.mattermost.MeetingSchedulerWorkflowImpl - Potential deadlock or all remaining actions are waiting for external signals. Workflow might be stuck if no signals arrive.
[workflow-method-testSuccessfulWorkflow-1bf692b7-9510-4672-b2f2-a21...-9e17defc-30fc-4746-a621-ea8141dda3cc] INFO com.example.mattermost.MeetingSchedulerWorkflowImpl - dependenciesMet: Checking dependencies for actionId: send_invite
[workflow-method-testSuccessfulWorkflow-1bf692b7-9510-4672-b2f2-a21...-9e17defc-30fc-4746-a621-ea8141dda3cc] INFO com.example.mattermost.MeetingSchedulerWorkflowImpl - dependenciesMet: ActionId: send_invite has source dependencies: [get_details]
[workflow-method-testSuccessfulWorkflow-1bf692b7-9510-4672-b2f2-a21...-9e17defc-30fc-4746-a621-ea8141dda3cc] INFO com.example.mattermost.MeetingSchedulerWorkflowImpl - dependenciesMet: ActionId: send_invite, Dependency: get_details, Status: WAITING_FOR_INPUT, IsCompleted: false
[workflow-method-testSuccessfulWorkflow-1bf692b7-9510-4672-b2f2-a21...-9e17defc-30fc-4746-a621-ea8141dda3cc] INFO com.example.mattermost.MeetingSchedulerWorkflowImpl - dependenciesMet: ActionId: send_invite, AllDependenciesMet: false
[workflow-method-testSuccessfulWorkflow-1bf692b7-9510-4672-b2f2-a21...-9e17defc-30fc-4746-a621-ea8141dda3cc] INFO com.example.mattermost.MeetingSchedulerWorkflowImpl - Main loop: Workflow.await condition check: newProcessableActions=false, workflowNowComplete=false
[workflow-method-testSuccessfulWorkflow-1bf692b7-9510-4672-b2f2-a21...-9e17defc-30fc-4746-a621-ea8141dda3cc] INFO com.example.mattermost.MeetingSchedulerWorkflowImpl - getProcessableActions: Checking all nodes in currentGoal.
[workflow-method-testSuccessfulWorkflow-1bf692b7-9510-4672-b2f2-a21...-9e17defc-30fc-4746-a621-ea8141dda3cc] INFO com.example.mattermost.MeetingSchedulerWorkflowImpl - getProcessableActions: Node ID: get_details, Status: WAITING_FOR_INPUT, IsPending: false, DependenciesMet: false
[workflow-method-testSuccessfulWorkflow-1bf692b7-9510-4672-b2f2-a21...-9e17defc-30fc-4746-a621-ea8141dda3cc] INFO com.example.mattermost.MeetingSchedulerWorkflowImpl - dependenciesMet: Checking dependencies for actionId: send_invite
[workflow-method-testSuccessfulWorkflow-1bf692b7-9510-4672-b2f2-a21...-9e17defc-30fc-4746-a621-ea8141dda3cc] INFO com.example.mattermost.MeetingSchedulerWorkflowImpl - dependenciesMet: ActionId: send_invite has source dependencies: [get_details]
[workflow-method-testSuccessfulWorkflow-1bf692b7-9510-4672-b2f2-a21...-9e17defc-30fc-4746-a621-ea8141dda3cc] INFO com.example.mattermost.MeetingSchedulerWorkflowImpl - dependenciesMet: ActionId: send_invite, Dependency: get_details, Status: WAITING_FOR_INPUT, IsCompleted: false
[workflow-method-testSuccessfulWorkflow-1bf692b7-9510-4672-b2f2-a21...-9e17defc-30fc-4746-a621-ea8141dda3cc] INFO com.example.mattermost.MeetingSchedulerWorkflowImpl - dependenciesMet: ActionId: send_invite, AllDependenciesMet: false
[workflow-method-testSuccessfulWorkflow-1bf692b7-9510-4672-b2f2-a21...-9e17defc-30fc-4746-a621-ea8141dda3cc] INFO com.example.mattermost.MeetingSchedulerWorkflowImpl - getProcessableActions: Node ID: send_invite, Status: PENDING, IsPending: true, DependenciesMet: false
[workflow-method-testSuccessfulWorkflow-1bf692b7-9510-4672-b2f2-a21...-9e17defc-30fc-4746-a621-ea8141dda3cc] INFO com.example.mattermost.MeetingSchedulerWorkflowImpl - getProcessableActions: Returning 0 processable nodes.
[workflow-method-testSuccessfulWorkflow-1bf692b7-9510-4672-b2f2-a21...-9e17defc-30fc-4746-a621-ea8141dda3cc] INFO com.example.mattermost.MeetingSchedulerWorkflowImpl - getProcessableActions: Checking all nodes in currentGoal.
[workflow-method-testSuccessfulWorkflow-1bf692b7-9510-4672-b2f2-a21...-9e17defc-30fc-4746-a621-ea8141dda3cc] INFO com.example.mattermost.MeetingSchedulerWorkflowImpl - getProcessableActions: Node ID: get_details, Status: WAITING_FOR_INPUT, IsPending: false, DependenciesMet: false
[workflow-method-testSuccessfulWorkflow-1bf692b7-9510-4672-b2f2-a21...-9e17defc-30fc-4746-a621-ea8141dda3cc] INFO com.example.mattermost.MeetingSchedulerWorkflowImpl - dependenciesMet: Checking dependencies for actionId: send_invite
[workflow-method-testSuccessfulWorkflow-1bf692b7-9510-4672-b2f2-a21...-9e17defc-30fc-4746-a621-ea8141dda3cc] INFO com.example.mattermost.MeetingSchedulerWorkflowImpl - dependenciesMet: ActionId: send_invite has source dependencies: [get_details]
[workflow-method-testSuccessfulWorkflow-1bf692b7-9510-4672-b2f2-a21...-9e17defc-30fc-4746-a621-ea8141dda3cc] INFO com.example.mattermost.MeetingSchedulerWorkflowImpl - dependenciesMet: ActionId: send_invite, Dependency: get_details, Status: WAITING_FOR_INPUT, IsCompleted: false
[workflow-method-testSuccessfulWorkflow-1bf692b7-9510-4672-b2f2-a21...-9e17defc-30fc-4746-a621-ea8141dda3cc] INFO com.example.mattermost.MeetingSchedulerWorkflowImpl - dependenciesMet: ActionId: send_invite, AllDependenciesMet: false
[workflow-method-testSuccessfulWorkflow-1bf692b7-9510-4672-b2f2-a21...-9e17defc-30fc-4746-a621-ea8141dda3cc] INFO com.example.mattermost.MeetingSchedulerWorkflowImpl - getProcessableActions: Node ID: send_invite, Status: PENDING, IsPending: true, DependenciesMet: false
[workflow-method-testSuccessfulWorkflow-1bf692b7-9510-4672-b2f2-a21...-9e17defc-30fc-4746-a621-ea8141dda3cc] INFO com.example.mattermost.MeetingSchedulerWorkflowImpl - getProcessableActions: Returning 0 processable nodes.
[workflow-method-testSuccessfulWorkflow-1bf692b7-9510-4672-b2f2-a21...-9e17defc-30fc-4746-a621-ea8141dda3cc] WARN com.example.mattermost.MeetingSchedulerWorkflowImpl - Potential deadlock or all remaining actions are waiting for external signals. Workflow might be stuck if no signals arrive.
[workflow-method-testSuccessfulWorkflow-1bf692b7-9510-4672-b2f2-a21...-9e17defc-30fc-4746-a621-ea8141dda3cc] INFO com.example.mattermost.MeetingSchedulerWorkflowImpl - dependenciesMet: Checking dependencies for actionId: send_invite
[workflow-method-testSuccessfulWorkflow-1bf692b7-9510-4672-b2f2-a21...-9e17defc-30fc-4746-a621-ea8141dda3cc] INFO com.example.mattermost.MeetingSchedulerWorkflowImpl - dependenciesMet: ActionId: send_invite has source dependencies: [get_details]
[workflow-method-testSuccessfulWorkflow-1bf692b7-9510-4672-b2f2-a21...-9e17defc-30fc-4746-a621-ea8141dda3cc] INFO com.example.mattermost.MeetingSchedulerWorkflowImpl - dependenciesMet: ActionId: send_invite, Dependency: get_details, Status: WAITING_FOR_INPUT, IsCompleted: false
[workflow-method-testSuccessfulWorkflow-1bf692b7-9510-4672-b2f2-a21...-9e17defc-30fc-4746-a621-ea8141dda3cc] INFO com.example.mattermost.MeetingSchedulerWorkflowImpl - dependenciesMet: ActionId: send_invite, AllDependenciesMet: false
[workflow-method-testSuccessfulWorkflow-1bf692b7-9510-4672-b2f2-a21...-9e17defc-30fc-4746-a621-ea8141dda3cc] INFO com.example.mattermost.MeetingSchedulerWorkflowImpl - Main loop: Workflow.await condition check: newProcessableActions=false, workflowNowComplete=false
[main] INFO com.example.mattermost.MeetingSchedulerWorkflowTest - Test: askUserActivity.ask for get_details verified. Sending signal.
[main] INFO com.example.mattermost.MeetingSchedulerWorkflowTest - Test: Signal for get_details sent.
[main] INFO com.example.mattermost.MeetingSchedulerWorkflowTest - Test: Verifying askUserActivity.ask for send_invite...
[workflow-method-testSuccessfulWorkflow-1bf692b7-9510-4672-b2f2-a21...-9e17defc-30fc-4746-a621-ea8141dda3cc] INFO com.example.mattermost.MeetingSchedulerWorkflowImpl - getProcessableActions: Checking all nodes in currentGoal.
[workflow-method-testSuccessfulWorkflow-1bf692b7-9510-4672-b2f2-a21...-9e17defc-30fc-4746-a621-ea8141dda3cc] INFO com.example.mattermost.MeetingSchedulerWorkflowImpl - getProcessableActions: Node ID: get_details, Status: WAITING_FOR_INPUT, IsPending: false, DependenciesMet: false
[workflow-method-testSuccessfulWorkflow-1bf692b7-9510-4672-b2f2-a21...-9e17defc-30fc-4746-a621-ea8141dda3cc] INFO com.example.mattermost.MeetingSchedulerWorkflowImpl - dependenciesMet: Checking dependencies for actionId: send_invite
[workflow-method-testSuccessfulWorkflow-1bf692b7-9510-4672-b2f2-a21...-9e17defc-30fc-4746-a621-ea8141dda3cc] INFO com.example.mattermost.MeetingSchedulerWorkflowImpl - dependenciesMet: ActionId: send_invite has source dependencies: [get_details]
[workflow-method-testSuccessfulWorkflow-1bf692b7-9510-4672-b2f2-a21...-9e17defc-30fc-4746-a621-ea8141dda3cc] INFO com.example.mattermost.MeetingSchedulerWorkflowImpl - dependenciesMet: ActionId: send_invite, Dependency: get_details, Status: WAITING_FOR_INPUT, IsCompleted: false
[workflow-method-testSuccessfulWorkflow-1bf692b7-9510-4672-b2f2-a21...-9e17defc-30fc-4746-a621-ea8141dda3cc] INFO com.example.mattermost.MeetingSchedulerWorkflowImpl - dependenciesMet: ActionId: send_invite, AllDependenciesMet: false
[workflow-method-testSuccessfulWorkflow-1bf692b7-9510-4672-b2f2-a21...-9e17defc-30fc-4746-a621-ea8141dda3cc] INFO com.example.mattermost.MeetingSchedulerWorkflowImpl - getProcessableActions: Node ID: send_invite, Status: PENDING, IsPending: true, DependenciesMet: false
[workflow-method-testSuccessfulWorkflow-1bf692b7-9510-4672-b2f2-a21...-9e17defc-30fc-4746-a621-ea8141dda3cc] INFO com.example.mattermost.MeetingSchedulerWorkflowImpl - getProcessableActions: Returning 0 processable nodes.
[workflow-method-testSuccessfulWorkflow-1bf692b7-9510-4672-b2f2-a21...-9e17defc-30fc-4746-a621-ea8141dda3cc] INFO com.example.mattermost.MeetingSchedulerWorkflowImpl - getProcessableActions: Checking all nodes in currentGoal.
[workflow-method-testSuccessfulWorkflow-1bf692b7-9510-4672-b2f2-a21...-9e17defc-30fc-4746-a621-ea8141dda3cc] INFO com.example.mattermost.MeetingSchedulerWorkflowImpl - getProcessableActions: Node ID: get_details, Status: WAITING_FOR_INPUT, IsPending: false, DependenciesMet: false
[workflow-method-testSuccessfulWorkflow-1bf692b7-9510-4672-b2f2-a21...-9e17defc-30fc-4746-a621-ea8141dda3cc] INFO com.example.mattermost.MeetingSchedulerWorkflowImpl - dependenciesMet: Checking dependencies for actionId: send_invite
[workflow-method-testSuccessfulWorkflow-1bf692b7-9510-4672-b2f2-a21...-9e17defc-30fc-4746-a621-ea8141dda3cc] INFO com.example.mattermost.MeetingSchedulerWorkflowImpl - dependenciesMet: ActionId: send_invite has source dependencies: [get_details]
[workflow-method-testSuccessfulWorkflow-1bf692b7-9510-4672-b2f2-a21...-9e17defc-30fc-4746-a621-ea8141dda3cc] INFO com.example.mattermost.MeetingSchedulerWorkflowImpl - dependenciesMet: ActionId: send_invite, Dependency: get_details, Status: WAITING_FOR_INPUT, IsCompleted: false
[workflow-method-testSuccessfulWorkflow-1bf692b7-9510-4672-b2f2-a21...-9e17defc-30fc-4746-a621-ea8141dda3cc] INFO com.example.mattermost.MeetingSchedulerWorkflowImpl - dependenciesMet: ActionId: send_invite, AllDependenciesMet: false
[workflow-method-testSuccessfulWorkflow-1bf692b7-9510-4672-b2f2-a21...-9e17defc-30fc-4746-a621-ea8141dda3cc] INFO com.example.mattermost.MeetingSchedulerWorkflowImpl - getProcessableActions: Node ID: send_invite, Status: PENDING, IsPending: true, DependenciesMet: false
[workflow-method-testSuccessfulWorkflow-1bf692b7-9510-4672-b2f2-a21...-9e17defc-30fc-4746-a621-ea8141dda3cc] INFO com.example.mattermost.MeetingSchedulerWorkflowImpl - getProcessableActions: Returning 0 processable nodes.
[workflow-method-testSuccessfulWorkflow-1bf692b7-9510-4672-b2f2-a21...-9e17defc-30fc-4746-a621-ea8141dda3cc] WARN com.example.mattermost.MeetingSchedulerWorkflowImpl - Potential deadlock or all remaining actions are waiting for external signals. Workflow might be stuck if no signals arrive.
[workflow-method-testSuccessfulWorkflow-1bf692b7-9510-4672-b2f2-a21...-9e17defc-30fc-4746-a621-ea8141dda3cc] INFO com.example.mattermost.MeetingSchedulerWorkflowImpl - dependenciesMet: Checking dependencies for actionId: send_invite
[workflow-method-testSuccessfulWorkflow-1bf692b7-9510-4672-b2f2-a21...-9e17defc-30fc-4746-a621-ea8141dda3cc] INFO com.example.mattermost.MeetingSchedulerWorkflowImpl - dependenciesMet: ActionId: send_invite has source dependencies: [get_details]
[workflow-method-testSuccessfulWorkflow-1bf692b7-9510-4672-b2f2-a21...-9e17defc-30fc-4746-a621-ea8141dda3cc] INFO com.example.mattermost.MeetingSchedulerWorkflowImpl - dependenciesMet: ActionId: send_invite, Dependency: get_details, Status: WAITING_FOR_INPUT, IsCompleted: false
[workflow-method-testSuccessfulWorkflow-1bf692b7-9510-4672-b2f2-a21...-9e17defc-30fc-4746-a621-ea8141dda3cc] INFO com.example.mattermost.MeetingSchedulerWorkflowImpl - dependenciesMet: ActionId: send_invite, AllDependenciesMet: false
[workflow-method-testSuccessfulWorkflow-1bf692b7-9510-4672-b2f2-a21...-9e17defc-30fc-4746-a621-ea8141dda3cc] INFO com.example.mattermost.MeetingSchedulerWorkflowImpl - Main loop: Workflow.await condition check: newProcessableActions=false, workflowNowComplete=false
[signal onUserResponse] INFO com.example.mattermost.MeetingSchedulerWorkflowImpl - Signal: Received onUserResponse for actionId: get_details with input: {datetime=Tomorrow, duration=1hr, topic=Test Meeting}. Current status: WAITING_FOR_INPUT, waitingForUserInputMap containsKey: true
[signal onUserResponse] INFO com.example.mattermost.MeetingSchedulerWorkflowImpl - Signal: Processing valid signal for action get_details.
[signal onUserResponse] INFO com.example.mattermost.MeetingSchedulerWorkflowImpl - Signal: Calling validateInputActivity for action get_details.
[workflow-method-testSuccessfulWorkflow-1bf692b7-9510-4672-b2f2-a21...-9e17defc-30fc-4746-a621-ea8141dda3cc] INFO com.example.mattermost.MeetingSchedulerWorkflowImpl - getProcessableActions: Checking all nodes in currentGoal.
[workflow-method-testSuccessfulWorkflow-1bf692b7-9510-4672-b2f2-a21...-9e17defc-30fc-4746-a621-ea8141dda3cc] INFO com.example.mattermost.MeetingSchedulerWorkflowImpl - getProcessableActions: Node ID: get_details, Status: PROCESSING, IsPending: false, DependenciesMet: false
[workflow-method-testSuccessfulWorkflow-1bf692b7-9510-4672-b2f2-a21...-9e17defc-30fc-4746-a621-ea8141dda3cc] INFO com.example.mattermost.MeetingSchedulerWorkflowImpl - dependenciesMet: Checking dependencies for actionId: send_invite
[workflow-method-testSuccessfulWorkflow-1bf692b7-9510-4672-b2f2-a21...-9e17defc-30fc-4746-a621-ea8141dda3cc] INFO com.example.mattermost.MeetingSchedulerWorkflowImpl - dependenciesMet: ActionId: send_invite has source dependencies: [get_details]
[workflow-method-testSuccessfulWorkflow-1bf692b7-9510-4672-b2f2-a21...-9e17defc-30fc-4746-a621-ea8141dda3cc] INFO com.example.mattermost.MeetingSchedulerWorkflowImpl - dependenciesMet: ActionId: send_invite, Dependency: get_details, Status: PROCESSING, IsCompleted: false
[workflow-method-testSuccessfulWorkflow-1bf692b7-9510-4672-b2f2-a21...-9e17defc-30fc-4746-a621-ea8141dda3cc] INFO com.example.mattermost.MeetingSchedulerWorkflowImpl - dependenciesMet: ActionId: send_invite, AllDependenciesMet: false
[workflow-method-testSuccessfulWorkflow-1bf692b7-9510-4672-b2f2-a21...-9e17defc-30fc-4746-a621-ea8141dda3cc] INFO com.example.mattermost.MeetingSchedulerWorkflowImpl - getProcessableActions: Node ID: send_invite, Status: PENDING, IsPending: true, DependenciesMet: false
[workflow-method-testSuccessfulWorkflow-1bf692b7-9510-4672-b2f2-a21...-9e17defc-30fc-4746-a621-ea8141dda3cc] INFO com.example.mattermost.MeetingSchedulerWorkflowImpl - getProcessableActions: Returning 0 processable nodes.
[workflow-method-testSuccessfulWorkflow-1bf692b7-9510-4672-b2f2-a21...-9e17defc-30fc-4746-a621-ea8141dda3cc] INFO com.example.mattermost.MeetingSchedulerWorkflowImpl - getProcessableActions: Checking all nodes in currentGoal.
[workflow-method-testSuccessfulWorkflow-1bf692b7-9510-4672-b2f2-a21...-9e17defc-30fc-4746-a621-ea8141dda3cc] INFO com.example.mattermost.MeetingSchedulerWorkflowImpl - getProcessableActions: Node ID: get_details, Status: PROCESSING, IsPending: false, DependenciesMet: false
[workflow-method-testSuccessfulWorkflow-1bf692b7-9510-4672-b2f2-a21...-9e17defc-30fc-4746-a621-ea8141dda3cc] INFO com.example.mattermost.MeetingSchedulerWorkflowImpl - dependenciesMet: Checking dependencies for actionId: send_invite
[workflow-method-testSuccessfulWorkflow-1bf692b7-9510-4672-b2f2-a21...-9e17defc-30fc-4746-a621-ea8141dda3cc] INFO com.example.mattermost.MeetingSchedulerWorkflowImpl - dependenciesMet: ActionId: send_invite has source dependencies: [get_details]
[workflow-method-testSuccessfulWorkflow-1bf692b7-9510-4672-b2f2-a21...-9e17defc-30fc-4746-a621-ea8141dda3cc] INFO com.example.mattermost.MeetingSchedulerWorkflowImpl - dependenciesMet: ActionId: send_invite, Dependency: get_details, Status: PROCESSING, IsCompleted: false
[workflow-method-testSuccessfulWorkflow-1bf692b7-9510-4672-b2f2-a21...-9e17defc-30fc-4746-a621-ea8141dda3cc] INFO com.example.mattermost.MeetingSchedulerWorkflowImpl - dependenciesMet: ActionId: send_invite, AllDependenciesMet: false
[workflow-method-testSuccessfulWorkflow-1bf692b7-9510-4672-b2f2-a21...-9e17defc-30fc-4746-a621-ea8141dda3cc] INFO com.example.mattermost.MeetingSchedulerWorkflowImpl - getProcessableActions: Node ID: send_invite, Status: PENDING, IsPending: true, DependenciesMet: false
[workflow-method-testSuccessfulWorkflow-1bf692b7-9510-4672-b2f2-a21...-9e17defc-30fc-4746-a621-ea8141dda3cc] INFO com.example.mattermost.MeetingSchedulerWorkflowImpl - getProcessableActions: Returning 0 processable nodes.
[workflow-method-testSuccessfulWorkflow-1bf692b7-9510-4672-b2f2-a21...-9e17defc-30fc-4746-a621-ea8141dda3cc] WARN com.example.mattermost.MeetingSchedulerWorkflowImpl - Potential deadlock or all remaining actions are waiting for external signals. Workflow might be stuck if no signals arrive.
[workflow-method-testSuccessfulWorkflow-1bf692b7-9510-4672-b2f2-a21...-9e17defc-30fc-4746-a621-ea8141dda3cc] INFO com.example.mattermost.MeetingSchedulerWorkflowImpl - dependenciesMet: Checking dependencies for actionId: send_invite
[workflow-method-testSuccessfulWorkflow-1bf692b7-9510-4672-b2f2-a21...-9e17defc-30fc-4746-a621-ea8141dda3cc] INFO com.example.mattermost.MeetingSchedulerWorkflowImpl - dependenciesMet: ActionId: send_invite has source dependencies: [get_details]
[workflow-method-testSuccessfulWorkflow-1bf692b7-9510-4672-b2f2-a21...-9e17defc-30fc-4746-a621-ea8141dda3cc] INFO com.example.mattermost.MeetingSchedulerWorkflowImpl - dependenciesMet: ActionId: send_invite, Dependency: get_details, Status: PROCESSING, IsCompleted: false
[workflow-method-testSuccessfulWorkflow-1bf692b7-9510-4672-b2f2-a21...-9e17defc-30fc-4746-a621-ea8141dda3cc] INFO com.example.mattermost.MeetingSchedulerWorkflowImpl - dependenciesMet: ActionId: send_invite, AllDependenciesMet: false
[workflow-method-testSuccessfulWorkflow-1bf692b7-9510-4672-b2f2-a21...-9e17defc-30fc-4746-a621-ea8141dda3cc] INFO com.example.mattermost.MeetingSchedulerWorkflowImpl - Main loop: Workflow.await condition check: newProcessableActions=false, workflowNowComplete=false
[workflow-method-testSuccessfulWorkflow-1bf692b7-9510-4672-b2f2-a21...-9e17defc-30fc-4746-a621-ea8141dda3cc] INFO com.example.mattermost.MeetingSchedulerWorkflowImpl - getProcessableActions: Checking all nodes in currentGoal.
[workflow-method-testSuccessfulWorkflow-1bf692b7-9510-4672-b2f2-a21...-9e17defc-30fc-4746-a621-ea8141dda3cc] INFO com.example.mattermost.MeetingSchedulerWorkflowImpl - getProcessableActions: Node ID: get_details, Status: PROCESSING, IsPending: false, DependenciesMet: false
[workflow-method-testSuccessfulWorkflow-1bf692b7-9510-4672-b2f2-a21...-9e17defc-30fc-4746-a621-ea8141dda3cc] INFO com.example.mattermost.MeetingSchedulerWorkflowImpl - dependenciesMet: Checking dependencies for actionId: send_invite
[workflow-method-testSuccessfulWorkflow-1bf692b7-9510-4672-b2f2-a21...-9e17defc-30fc-4746-a621-ea8141dda3cc] INFO com.example.mattermost.MeetingSchedulerWorkflowImpl - dependenciesMet: ActionId: send_invite has source dependencies: [get_details]
[workflow-method-testSuccessfulWorkflow-1bf692b7-9510-4672-b2f2-a21...-9e17defc-30fc-4746-a621-ea8141dda3cc] INFO com.example.mattermost.MeetingSchedulerWorkflowImpl - dependenciesMet: ActionId: send_invite, Dependency: get_details, Status: PROCESSING, IsCompleted: false
[workflow-method-testSuccessfulWorkflow-1bf692b7-9510-4672-b2f2-a21...-9e17defc-30fc-4746-a621-ea8141dda3cc] INFO com.example.mattermost.MeetingSchedulerWorkflowImpl - dependenciesMet: ActionId: send_invite, AllDependenciesMet: false
[workflow-method-testSuccessfulWorkflow-1bf692b7-9510-4672-b2f2-a21...-9e17defc-30fc-4746-a621-ea8141dda3cc] INFO com.example.mattermost.MeetingSchedulerWorkflowImpl - getProcessableActions: Node ID: send_invite, Status: PENDING, IsPending: true, DependenciesMet: false
[workflow-method-testSuccessfulWorkflow-1bf692b7-9510-4672-b2f2-a21...-9e17defc-30fc-4746-a621-ea8141dda3cc] INFO com.example.mattermost.MeetingSchedulerWorkflowImpl - getProcessableActions: Returning 0 processable nodes.
[workflow-method-testSuccessfulWorkflow-1bf692b7-9510-4672-b2f2-a21...-9e17defc-30fc-4746-a621-ea8141dda3cc] INFO com.example.mattermost.MeetingSchedulerWorkflowImpl - getProcessableActions: Checking all nodes in currentGoal.
[workflow-method-testSuccessfulWorkflow-1bf692b7-9510-4672-b2f2-a21...-9e17defc-30fc-4746-a621-ea8141dda3cc] INFO com.example.mattermost.MeetingSchedulerWorkflowImpl - getProcessableActions: Node ID: get_details, Status: PROCESSING, IsPending: false, DependenciesMet: false
[workflow-method-testSuccessfulWorkflow-1bf692b7-9510-4672-b2f2-a21...-9e17defc-30fc-4746-a621-ea8141dda3cc] INFO com.example.mattermost.MeetingSchedulerWorkflowImpl - dependenciesMet: Checking dependencies for actionId: send_invite
[workflow-method-testSuccessfulWorkflow-1bf692b7-9510-4672-b2f2-a21...-9e17defc-30fc-4746-a621-ea8141dda3cc] INFO com.example.mattermost.MeetingSchedulerWorkflowImpl - dependenciesMet: ActionId: send_invite has source dependencies: [get_details]
[workflow-method-testSuccessfulWorkflow-1bf692b7-9510-4672-b2f2-a21...-9e17defc-30fc-4746-a621-ea8141dda3cc] INFO com.example.mattermost.MeetingSchedulerWorkflowImpl - dependenciesMet: ActionId: send_invite, Dependency: get_details, Status: PROCESSING, IsCompleted: false
[workflow-method-testSuccessfulWorkflow-1bf692b7-9510-4672-b2f2-a21...-9e17defc-30fc-4746-a621-ea8141dda3cc] INFO com.example.mattermost.MeetingSchedulerWorkflowImpl - dependenciesMet: ActionId: send_invite, AllDependenciesMet: false
[workflow-method-testSuccessfulWorkflow-1bf692b7-9510-4672-b2f2-a21...-9e17defc-30fc-4746-a621-ea8141dda3cc] INFO com.example.mattermost.MeetingSchedulerWorkflowImpl - getProcessableActions: Node ID: send_invite, Status: PENDING, IsPending: true, DependenciesMet: false
[workflow-method-testSuccessfulWorkflow-1bf692b7-9510-4672-b2f2-a21...-9e17defc-30fc-4746-a621-ea8141dda3cc] INFO com.example.mattermost.MeetingSchedulerWorkflowImpl - getProcessableActions: Returning 0 processable nodes.
[workflow-method-testSuccessfulWorkflow-1bf692b7-9510-4672-b2f2-a21...-9e17defc-30fc-4746-a621-ea8141dda3cc] WARN com.example.mattermost.MeetingSchedulerWorkflowImpl - Potential deadlock or all remaining actions are waiting for external signals. Workflow might be stuck if no signals arrive.
[workflow-method-testSuccessfulWorkflow-1bf692b7-9510-4672-b2f2-a21...-9e17defc-30fc-4746-a621-ea8141dda3cc] INFO com.example.mattermost.MeetingSchedulerWorkflowImpl - dependenciesMet: Checking dependencies for actionId: send_invite
[workflow-method-testSuccessfulWorkflow-1bf692b7-9510-4672-b2f2-a21...-9e17defc-30fc-4746-a621-ea8141dda3cc] INFO com.example.mattermost.MeetingSchedulerWorkflowImpl - dependenciesMet: ActionId: send_invite has source dependencies: [get_details]
[workflow-method-testSuccessfulWorkflow-1bf692b7-9510-4672-b2f2-a21...-9e17defc-30fc-4746-a621-ea8141dda3cc] INFO com.example.mattermost.MeetingSchedulerWorkflowImpl - dependenciesMet: ActionId: send_invite, Dependency: get_details, Status: PROCESSING, IsCompleted: false
[workflow-method-testSuccessfulWorkflow-1bf692b7-9510-4672-b2f2-a21...-9e17defc-30fc-4746-a621-ea8141dda3cc] INFO com.example.mattermost.MeetingSchedulerWorkflowImpl - dependenciesMet: ActionId: send_invite, AllDependenciesMet: false
[workflow-method-testSuccessfulWorkflow-1bf692b7-9510-4672-b2f2-a21...-9e17defc-30fc-4746-a621-ea8141dda3cc] INFO com.example.mattermost.MeetingSchedulerWorkflowImpl - Main loop: Workflow.await condition check: newProcessableActions=false, workflowNowComplete=false
[workflow-method-testSuccessfulWorkflow-1bf692b7-9510-4672-b2f2-a21...-9e17defc-30fc-4746-a621-ea8141dda3cc] INFO com.example.mattermost.MeetingSchedulerWorkflowImpl - getProcessableActions: Checking all nodes in currentGoal.
[workflow-method-testSuccessfulWorkflow-1bf692b7-9510-4672-b2f2-a21...-9e17defc-30fc-4746-a621-ea8141dda3cc] INFO com.example.mattermost.MeetingSchedulerWorkflowImpl - getProcessableActions: Node ID: get_details, Status: PROCESSING, IsPending: false, DependenciesMet: false
[workflow-method-testSuccessfulWorkflow-1bf692b7-9510-4672-b2f2-a21...-9e17defc-30fc-4746-a621-ea8141dda3cc] INFO com.example.mattermost.MeetingSchedulerWorkflowImpl - dependenciesMet: Checking dependencies for actionId: send_invite
[workflow-method-testSuccessfulWorkflow-1bf692b7-9510-4672-b2f2-a21...-9e17defc-30fc-4746-a621-ea8141dda3cc] INFO com.example.mattermost.MeetingSchedulerWorkflowImpl - dependenciesMet: ActionId: send_invite has source dependencies: [get_details]
[workflow-method-testSuccessfulWorkflow-1bf692b7-9510-4672-b2f2-a21...-9e17defc-30fc-4746-a621-ea8141dda3cc] INFO com.example.mattermost.MeetingSchedulerWorkflowImpl - dependenciesMet: ActionId: send_invite, Dependency: get_details, Status: PROCESSING, IsCompleted: false
[workflow-method-testSuccessfulWorkflow-1bf692b7-9510-4672-b2f2-a21...-9e17defc-30fc-4746-a621-ea8141dda3cc] INFO com.example.mattermost.MeetingSchedulerWorkflowImpl - dependenciesMet: ActionId: send_invite, AllDependenciesMet: false
[workflow-method-testSuccessfulWorkflow-1bf692b7-9510-4672-b2f2-a21...-9e17defc-30fc-4746-a621-ea8141dda3cc] INFO com.example.mattermost.MeetingSchedulerWorkflowImpl - getProcessableActions: Node ID: send_invite, Status: PENDING, IsPending: true, DependenciesMet: false
[workflow-method-testSuccessfulWorkflow-1bf692b7-9510-4672-b2f2-a21...-9e17defc-30fc-4746-a621-ea8141dda3cc] INFO com.example.mattermost.MeetingSchedulerWorkflowImpl - getProcessableActions: Returning 0 processable nodes.
[workflow-method-testSuccessfulWorkflow-1bf692b7-9510-4672-b2f2-a21...-9e17defc-30fc-4746-a621-ea8141dda3cc] INFO com.example.mattermost.MeetingSchedulerWorkflowImpl - getProcessableActions: Checking all nodes in currentGoal.
[workflow-method-testSuccessfulWorkflow-1bf692b7-9510-4672-b2f2-a21...-9e17defc-30fc-4746-a621-ea8141dda3cc] INFO com.example.mattermost.MeetingSchedulerWorkflowImpl - getProcessableActions: Node ID: get_details, Status: PROCESSING, IsPending: false, DependenciesMet: false
[workflow-method-testSuccessfulWorkflow-1bf692b7-9510-4672-b2f2-a21...-9e17defc-30fc-4746-a621-ea8141dda3cc] INFO com.example.mattermost.MeetingSchedulerWorkflowImpl - dependenciesMet: Checking dependencies for actionId: send_invite
[workflow-method-testSuccessfulWorkflow-1bf692b7-9510-4672-b2f2-a21...-9e17defc-30fc-4746-a621-ea8141dda3cc] INFO com.example.mattermost.MeetingSchedulerWorkflowImpl - dependenciesMet: ActionId: send_invite has source dependencies: [get_details]
[workflow-method-testSuccessfulWorkflow-1bf692b7-9510-4672-b2f2-a21...-9e17defc-30fc-4746-a621-ea8141dda3cc] INFO com.example.mattermost.MeetingSchedulerWorkflowImpl - dependenciesMet: ActionId: send_invite, Dependency: get_details, Status: PROCESSING, IsCompleted: false
[workflow-method-testSuccessfulWorkflow-1bf692b7-9510-4672-b2f2-a21...-9e17defc-30fc-4746-a621-ea8141dda3cc] INFO com.example.mattermost.MeetingSchedulerWorkflowImpl - dependenciesMet: ActionId: send_invite, AllDependenciesMet: false
[workflow-method-testSuccessfulWorkflow-1bf692b7-9510-4672-b2f2-a21...-9e17defc-30fc-4746-a621-ea8141dda3cc] INFO com.example.mattermost.MeetingSchedulerWorkflowImpl - getProcessableActions: Node ID: send_invite, Status: PENDING, IsPending: true, DependenciesMet: false
[workflow-method-testSuccessfulWorkflow-1bf692b7-9510-4672-b2f2-a21...-9e17defc-30fc-4746-a621-ea8141dda3cc] INFO com.example.mattermost.MeetingSchedulerWorkflowImpl - getProcessableActions: Returning 0 processable nodes.
[workflow-method-testSuccessfulWorkflow-1bf692b7-9510-4672-b2f2-a21...-9e17defc-30fc-4746-a621-ea8141dda3cc] WARN com.example.mattermost.MeetingSchedulerWorkflowImpl - Potential deadlock or all remaining actions are waiting for external signals. Workflow might be stuck if no signals arrive.
[workflow-method-testSuccessfulWorkflow-1bf692b7-9510-4672-b2f2-a21...-9e17defc-30fc-4746-a621-ea8141dda3cc] INFO com.example.mattermost.MeetingSchedulerWorkflowImpl - dependenciesMet: Checking dependencies for actionId: send_invite
[workflow-method-testSuccessfulWorkflow-1bf692b7-9510-4672-b2f2-a21...-9e17defc-30fc-4746-a621-ea8141dda3cc] INFO com.example.mattermost.MeetingSchedulerWorkflowImpl - dependenciesMet: ActionId: send_invite has source dependencies: [get_details]
[workflow-method-testSuccessfulWorkflow-1bf692b7-9510-4672-b2f2-a21...-9e17defc-30fc-4746-a621-ea8141dda3cc] INFO com.example.mattermost.MeetingSchedulerWorkflowImpl - dependenciesMet: ActionId: send_invite, Dependency: get_details, Status: PROCESSING, IsCompleted: false
[workflow-method-testSuccessfulWorkflow-1bf692b7-9510-4672-b2f2-a21...-9e17defc-30fc-4746-a621-ea8141dda3cc] INFO com.example.mattermost.MeetingSchedulerWorkflowImpl - dependenciesMet: ActionId: send_invite, AllDependenciesMet: false
[workflow-method-testSuccessfulWorkflow-1bf692b7-9510-4672-b2f2-a21...-9e17defc-30fc-4746-a621-ea8141dda3cc] INFO com.example.mattermost.MeetingSchedulerWorkflowImpl - Main loop: Workflow.await condition check: newProcessableActions=false, workflowNowComplete=false
[workflow-method-testSuccessfulWorkflow-1bf692b7-9510-4672-b2f2-a21...-9e17defc-30fc-4746-a621-ea8141dda3cc] INFO com.example.mattermost.MeetingSchedulerWorkflowImpl - getProcessableActions: Checking all nodes in currentGoal.
[workflow-method-testSuccessfulWorkflow-1bf692b7-9510-4672-b2f2-a21...-9e17defc-30fc-4746-a621-ea8141dda3cc] INFO com.example.mattermost.MeetingSchedulerWorkflowImpl - getProcessableActions: Node ID: get_details, Status: PROCESSING, IsPending: false, DependenciesMet: false
[workflow-method-testSuccessfulWorkflow-1bf692b7-9510-4672-b2f2-a21...-9e17defc-30fc-4746-a621-ea8141dda3cc] INFO com.example.mattermost.MeetingSchedulerWorkflowImpl - dependenciesMet: Checking dependencies for actionId: send_invite
[workflow-method-testSuccessfulWorkflow-1bf692b7-9510-4672-b2f2-a21...-9e17defc-30fc-4746-a621-ea8141dda3cc] INFO com.example.mattermost.MeetingSchedulerWorkflowImpl - dependenciesMet: ActionId: send_invite has source dependencies: [get_details]
[workflow-method-testSuccessfulWorkflow-1bf692b7-9510-4672-b2f2-a21...-9e17defc-30fc-4746-a621-ea8141dda3cc] INFO com.example.mattermost.MeetingSchedulerWorkflowImpl - dependenciesMet: ActionId: send_invite, Dependency: get_details, Status: PROCESSING, IsCompleted: false
[workflow-method-testSuccessfulWorkflow-1bf692b7-9510-4672-b2f2-a21...-9e17defc-30fc-4746-a621-ea8141dda3cc] INFO com.example.mattermost.MeetingSchedulerWorkflowImpl - dependenciesMet: ActionId: send_invite, AllDependenciesMet: false
[workflow-method-testSuccessfulWorkflow-1bf692b7-9510-4672-b2f2-a21...-9e17defc-30fc-4746-a621-ea8141dda3cc] INFO com.example.mattermost.MeetingSchedulerWorkflowImpl - getProcessableActions: Node ID: send_invite, Status: PENDING, IsPending: true, DependenciesMet: false
[workflow-method-testSuccessfulWorkflow-1bf692b7-9510-4672-b2f2-a21...-9e17defc-30fc-4746-a621-ea8141dda3cc] INFO com.example.mattermost.MeetingSchedulerWorkflowImpl - getProcessableActions: Returning 0 processable nodes.
[workflow-method-testSuccessfulWorkflow-1bf692b7-9510-4672-b2f2-a21...-9e17defc-30fc-4746-a621-ea8141dda3cc] INFO com.example.mattermost.MeetingSchedulerWorkflowImpl - getProcessableActions: Checking all nodes in currentGoal.
[workflow-method-testSuccessfulWorkflow-1bf692b7-9510-4672-b2f2-a21...-9e17defc-30fc-4746-a621-ea8141dda3cc] INFO com.example.mattermost.MeetingSchedulerWorkflowImpl - getProcessableActions: Node ID: get_details, Status: PROCESSING, IsPending: false, DependenciesMet: false
[workflow-method-testSuccessfulWorkflow-1bf692b7-9510-4672-b2f2-a21...-9e17defc-30fc-4746-a621-ea8141dda3cc] INFO com.example.mattermost.MeetingSchedulerWorkflowImpl - dependenciesMet: Checking dependencies for actionId: send_invite
[workflow-method-testSuccessfulWorkflow-1bf692b7-9510-4672-b2f2-a21...-9e17defc-30fc-4746-a621-ea8141dda3cc] INFO com.example.mattermost.MeetingSchedulerWorkflowImpl - dependenciesMet: ActionId: send_invite has source dependencies: [get_details]
[workflow-method-testSuccessfulWorkflow-1bf692b7-9510-4672-b2f2-a21...-9e17defc-30fc-4746-a621-ea8141dda3cc] INFO com.example.mattermost.MeetingSchedulerWorkflowImpl - dependenciesMet: ActionId: send_invite, Dependency: get_details, Status: PROCESSING, IsCompleted: false
[workflow-method-testSuccessfulWorkflow-1bf692b7-9510-4672-b2f2-a21...-9e17defc-30fc-4746-a621-ea8141dda3cc] INFO com.example.mattermost.MeetingSchedulerWorkflowImpl - dependenciesMet: ActionId: send_invite, AllDependenciesMet: false
[workflow-method-testSuccessfulWorkflow-1bf692b7-9510-4672-b2f2-a21...-9e17defc-30fc-4746-a621-ea8141dda3cc] INFO com.example.mattermost.MeetingSchedulerWorkflowImpl - getProcessableActions: Node ID: send_invite, Status: PENDING, IsPending: true, DependenciesMet: false
[workflow-method-testSuccessfulWorkflow-1bf692b7-9510-4672-b2f2-a21...-9e17defc-30fc-4746-a621-ea8141dda3cc] INFO com.example.mattermost.MeetingSchedulerWorkflowImpl - getProcessableActions: Returning 0 processable nodes.
[workflow-method-testSuccessfulWorkflow-1bf692b7-9510-4672-b2f2-a21...-9e17defc-30fc-4746-a621-ea8141dda3cc] WARN com.example.mattermost.MeetingSchedulerWorkflowImpl - Potential deadlock or all remaining actions are waiting for external signals. Workflow might be stuck if no signals arrive.
[workflow-method-testSuccessfulWorkflow-1bf692b7-9510-4672-b2f2-a21...-9e17defc-30fc-4746-a621-ea8141dda3cc] INFO com.example.mattermost.MeetingSchedulerWorkflowImpl - dependenciesMet: Checking dependencies for actionId: send_invite
[workflow-method-testSuccessfulWorkflow-1bf692b7-9510-4672-b2f2-a21...-9e17defc-30fc-4746-a621-ea8141dda3cc] INFO com.example.mattermost.MeetingSchedulerWorkflowImpl - dependenciesMet: ActionId: send_invite has source dependencies: [get_details]
[workflow-method-testSuccessfulWorkflow-1bf692b7-9510-4672-b2f2-a21...-9e17defc-30fc-4746-a621-ea8141dda3cc] INFO com.example.mattermost.MeetingSchedulerWorkflowImpl - dependenciesMet: ActionId: send_invite, Dependency: get_details, Status: PROCESSING, IsCompleted: false
[workflow-method-testSuccessfulWorkflow-1bf692b7-9510-4672-b2f2-a21...-9e17defc-30fc-4746-a621-ea8141dda3cc] INFO com.example.mattermost.MeetingSchedulerWorkflowImpl - dependenciesMet: ActionId: send_invite, AllDependenciesMet: false
[workflow-method-testSuccessfulWorkflow-1bf692b7-9510-4672-b2f2-a21...-9e17defc-30fc-4746-a621-ea8141dda3cc] INFO com.example.mattermost.MeetingSchedulerWorkflowImpl - Main loop: Workflow.await condition check: newProcessableActions=false, workflowNowComplete=false
[signal onUserResponse] INFO com.example.mattermost.MeetingSchedulerWorkflowImpl - Signal: validateInputActivity returned true for action get_details.
[signal onUserResponse] INFO com.example.mattermost.MeetingSchedulerWorkflowImpl - Input for action get_details is valid. Marking as COMPLETED.
[workflow-method-testSuccessfulWorkflow-1bf692b7-9510-4672-b2f2-a21...-9e17defc-30fc-4746-a621-ea8141dda3cc] INFO com.example.mattermost.MeetingSchedulerWorkflowImpl - getProcessableActions: Checking all nodes in currentGoal.
[workflow-method-testSuccessfulWorkflow-1bf692b7-9510-4672-b2f2-a21...-9e17defc-30fc-4746-a621-ea8141dda3cc] INFO com.example.mattermost.MeetingSchedulerWorkflowImpl - getProcessableActions: Node ID: get_details, Status: COMPLETED, IsPending: false, DependenciesMet: false
[workflow-method-testSuccessfulWorkflow-1bf692b7-9510-4672-b2f2-a21...-9e17defc-30fc-4746-a621-ea8141dda3cc] INFO com.example.mattermost.MeetingSchedulerWorkflowImpl - dependenciesMet: Checking dependencies for actionId: send_invite
[workflow-method-testSuccessfulWorkflow-1bf692b7-9510-4672-b2f2-a21...-9e17defc-30fc-4746-a621-ea8141dda3cc] INFO com.example.mattermost.MeetingSchedulerWorkflowImpl - dependenciesMet: ActionId: send_invite has source dependencies: [get_details]
[workflow-method-testSuccessfulWorkflow-1bf692b7-9510-4672-b2f2-a21...-9e17defc-30fc-4746-a621-ea8141dda3cc] INFO com.example.mattermost.MeetingSchedulerWorkflowImpl - dependenciesMet: ActionId: send_invite, Dependency: get_details, Status: COMPLETED, IsCompleted: true
[workflow-method-testSuccessfulWorkflow-1bf692b7-9510-4672-b2f2-a21...-9e17defc-30fc-4746-a621-ea8141dda3cc] INFO com.example.mattermost.MeetingSchedulerWorkflowImpl - dependenciesMet: ActionId: send_invite, AllDependenciesMet: true
[workflow-method-testSuccessfulWorkflow-1bf692b7-9510-4672-b2f2-a21...-9e17defc-30fc-4746-a621-ea8141dda3cc] INFO com.example.mattermost.MeetingSchedulerWorkflowImpl - getProcessableActions: Node ID: send_invite, Status: PENDING, IsPending: true, DependenciesMet: true
[workflow-method-testSuccessfulWorkflow-1bf692b7-9510-4672-b2f2-a21...-9e17defc-30fc-4746-a621-ea8141dda3cc] INFO com.example.mattermost.MeetingSchedulerWorkflowImpl - getProcessableActions: Returning 1 processable nodes.
[workflow-method-testSuccessfulWorkflow-1bf692b7-9510-4672-b2f2-a21...-9e17defc-30fc-4746-a621-ea8141dda3cc] INFO com.example.mattermost.MeetingSchedulerWorkflowImpl - getProcessableActions: Checking all nodes in currentGoal.
[workflow-method-testSuccessfulWorkflow-1bf692b7-9510-4672-b2f2-a21...-9e17defc-30fc-4746-a621-ea8141dda3cc] INFO com.example.mattermost.MeetingSchedulerWorkflowImpl - getProcessableActions: Node ID: get_details, Status: COMPLETED, IsPending: false, DependenciesMet: false
[workflow-method-testSuccessfulWorkflow-1bf692b7-9510-4672-b2f2-a21...-9e17defc-30fc-4746-a621-ea8141dda3cc] INFO com.example.mattermost.MeetingSchedulerWorkflowImpl - dependenciesMet: Checking dependencies for actionId: send_invite
[workflow-method-testSuccessfulWorkflow-1bf692b7-9510-4672-b2f2-a21...-9e17defc-30fc-4746-a621-ea8141dda3cc] INFO com.example.mattermost.MeetingSchedulerWorkflowImpl - dependenciesMet: ActionId: send_invite has source dependencies: [get_details]
[workflow-method-testSuccessfulWorkflow-1bf692b7-9510-4672-b2f2-a21...-9e17defc-30fc-4746-a621-ea8141dda3cc] INFO com.example.mattermost.MeetingSchedulerWorkflowImpl - dependenciesMet: ActionId: send_invite, Dependency: get_details, Status: COMPLETED, IsCompleted: true
[workflow-method-testSuccessfulWorkflow-1bf692b7-9510-4672-b2f2-a21...-9e17defc-30fc-4746-a621-ea8141dda3cc] INFO com.example.mattermost.MeetingSchedulerWorkflowImpl - dependenciesMet: ActionId: send_invite, AllDependenciesMet: true
[workflow-method-testSuccessfulWorkflow-1bf692b7-9510-4672-b2f2-a21...-9e17defc-30fc-4746-a621-ea8141dda3cc] INFO com.example.mattermost.MeetingSchedulerWorkflowImpl - getProcessableActions: Node ID: send_invite, Status: PENDING, IsPending: true, DependenciesMet: true
[workflow-method-testSuccessfulWorkflow-1bf692b7-9510-4672-b2f2-a21...-9e17defc-30fc-4746-a621-ea8141dda3cc] INFO com.example.mattermost.MeetingSchedulerWorkflowImpl - getProcessableActions: Returning 1 processable nodes.
[workflow-method-testSuccessfulWorkflow-1bf692b7-9510-4672-b2f2-a21...-9e17defc-30fc-4746-a621-ea8141dda3cc] INFO com.example.mattermost.MeetingSchedulerWorkflowImpl - Main loop: Workflow.await condition check: newProcessableActions=true, workflowNowComplete=false
[workflow-method-testSuccessfulWorkflow-1bf692b7-9510-4672-b2f2-a21...-9e17defc-30fc-4746-a621-ea8141dda3cc] INFO com.example.mattermost.MeetingSchedulerWorkflowImpl - Main loop: Awakened from Workflow.await().
[workflow-method-testSuccessfulWorkflow-1bf692b7-9510-4672-b2f2-a21...-9e17defc-30fc-4746-a621-ea8141dda3cc] INFO com.example.mattermost.MeetingSchedulerWorkflowImpl - getProcessableActions: Checking all nodes in currentGoal.
[workflow-method-testSuccessfulWorkflow-1bf692b7-9510-4672-b2f2-a21...-9e17defc-30fc-4746-a621-ea8141dda3cc] INFO com.example.mattermost.MeetingSchedulerWorkflowImpl - getProcessableActions: Node ID: get_details, Status: COMPLETED, IsPending: false, DependenciesMet: false
[workflow-method-testSuccessfulWorkflow-1bf692b7-9510-4672-b2f2-a21...-9e17defc-30fc-4746-a621-ea8141dda3cc] INFO com.example.mattermost.MeetingSchedulerWorkflowImpl - dependenciesMet: Checking dependencies for actionId: send_invite
[workflow-method-testSuccessfulWorkflow-1bf692b7-9510-4672-b2f2-a21...-9e17defc-30fc-4746-a621-ea8141dda3cc] INFO com.example.mattermost.MeetingSchedulerWorkflowImpl - dependenciesMet: ActionId: send_invite has source dependencies: [get_details]
[workflow-method-testSuccessfulWorkflow-1bf692b7-9510-4672-b2f2-a21...-9e17defc-30fc-4746-a621-ea8141dda3cc] INFO com.example.mattermost.MeetingSchedulerWorkflowImpl - dependenciesMet: ActionId: send_invite, Dependency: get_details, Status: COMPLETED, IsCompleted: true
[workflow-method-testSuccessfulWorkflow-1bf692b7-9510-4672-b2f2-a21...-9e17defc-30fc-4746-a621-ea8141dda3cc] INFO com.example.mattermost.MeetingSchedulerWorkflowImpl - dependenciesMet: ActionId: send_invite, AllDependenciesMet: true
[workflow-method-testSuccessfulWorkflow-1bf692b7-9510-4672-b2f2-a21...-9e17defc-30fc-4746-a621-ea8141dda3cc] INFO com.example.mattermost.MeetingSchedulerWorkflowImpl - getProcessableActions: Node ID: send_invite, Status: PENDING, IsPending: true, DependenciesMet: true
[workflow-method-testSuccessfulWorkflow-1bf692b7-9510-4672-b2f2-a21...-9e17defc-30fc-4746-a621-ea8141dda3cc] INFO com.example.mattermost.MeetingSchedulerWorkflowImpl - getProcessableActions: Returning 1 processable nodes.
[workflow-method-testSuccessfulWorkflow-1bf692b7-9510-4672-b2f2-a21...-9e17defc-30fc-4746-a621-ea8141dda3cc] INFO com.example.mattermost.MeetingSchedulerWorkflowImpl - Main loop: Re-checked processable actions after await: [send_invite]. Count: 1
[workflow-method-testSuccessfulWorkflow-1bf692b7-9510-4672-b2f2-a21...-9e17defc-30fc-4746-a621-ea8141dda3cc] INFO com.example.mattermost.MeetingSchedulerWorkflowImpl - getProcessableActions: Checking all nodes in currentGoal.
[workflow-method-testSuccessfulWorkflow-1bf692b7-9510-4672-b2f2-a21...-9e17defc-30fc-4746-a621-ea8141dda3cc] INFO com.example.mattermost.MeetingSchedulerWorkflowImpl - getProcessableActions: Node ID: get_details, Status: COMPLETED, IsPending: false, DependenciesMet: false
[workflow-method-testSuccessfulWorkflow-1bf692b7-9510-4672-b2f2-a21...-9e17defc-30fc-4746-a621-ea8141dda3cc] INFO com.example.mattermost.MeetingSchedulerWorkflowImpl - dependenciesMet: Checking dependencies for actionId: send_invite
[workflow-method-testSuccessfulWorkflow-1bf692b7-9510-4672-b2f2-a21...-9e17defc-30fc-4746-a621-ea8141dda3cc] INFO com.example.mattermost.MeetingSchedulerWorkflowImpl - dependenciesMet: ActionId: send_invite has source dependencies: [get_details]
[workflow-method-testSuccessfulWorkflow-1bf692b7-9510-4672-b2f2-a21...-9e17defc-30fc-4746-a621-ea8141dda3cc] INFO com.example.mattermost.MeetingSchedulerWorkflowImpl - dependenciesMet: ActionId: send_invite, Dependency: get_details, Status: COMPLETED, IsCompleted: true
[workflow-method-testSuccessfulWorkflow-1bf692b7-9510-4672-b2f2-a21...-9e17defc-30fc-4746-a621-ea8141dda3cc] INFO com.example.mattermost.MeetingSchedulerWorkflowImpl - dependenciesMet: ActionId: send_invite, AllDependenciesMet: true
[workflow-method-testSuccessfulWorkflow-1bf692b7-9510-4672-b2f2-a21...-9e17defc-30fc-4746-a621-ea8141dda3cc] INFO com.example.mattermost.MeetingSchedulerWorkflowImpl - getProcessableActions: Node ID: send_invite, Status: PENDING, IsPending: true, DependenciesMet: true
[workflow-method-testSuccessfulWorkflow-1bf692b7-9510-4672-b2f2-a21...-9e17defc-30fc-4746-a621-ea8141dda3cc] INFO com.example.mattermost.MeetingSchedulerWorkflowImpl - getProcessableActions: Returning 1 processable nodes.
[workflow-method-testSuccessfulWorkflow-1bf692b7-9510-4672-b2f2-a21...-9e17defc-30fc-4746-a621-ea8141dda3cc] INFO com.example.mattermost.MeetingSchedulerWorkflowImpl - Main loop: Evaluating action send_invite with status PENDING
[workflow-method-testSuccessfulWorkflow-1bf692b7-9510-4672-b2f2-a21...-9e17defc-30fc-4746-a621-ea8141dda3cc] INFO com.example.mattermost.MeetingSchedulerWorkflowImpl - Main loop: Processing PENDING action: send_invite
[workflow-method-testSuccessfulWorkflow-1bf692b7-9510-4672-b2f2-a21...-9e17defc-30fc-4746-a621-ea8141dda3cc] INFO com.example.mattermost.MeetingSchedulerWorkflowImpl - Main loop: Generated prompt for action send_invite: 'Confirm sending invite for Test Meeting at {get_details.time}.'
[workflow-method-testSuccessfulWorkflow-1bf692b7-9510-4672-b2f2-a21...-9e17defc-30fc-4746-a621-ea8141dda3cc] INFO com.example.mattermost.MeetingSchedulerWorkflowImpl - Main loop: About to call askUserActivity.ask for action send_invite
[workflow-method-testSuccessfulWorkflow-1bf692b7-9510-4672-b2f2-a21...-9e17defc-30fc-4746-a621-ea8141dda3cc] INFO com.example.mattermost.MeetingSchedulerWorkflowImpl - Main loop: askUserActivity.ask called for action send_invite. Setting status to WAITING_FOR_INPUT.
[workflow-method-testSuccessfulWorkflow-1bf692b7-9510-4672-b2f2-a21...-9e17defc-30fc-4746-a621-ea8141dda3cc] INFO com.example.mattermost.MeetingSchedulerWorkflowImpl - Action send_invite is now WAITING_FOR_INPUT.
[workflow-method-testSuccessfulWorkflow-1bf692b7-9510-4672-b2f2-a21...-9e17defc-30fc-4746-a621-ea8141dda3cc] INFO com.example.mattermost.MeetingSchedulerWorkflowImpl - getProcessableActions: Checking all nodes in currentGoal.
[workflow-method-testSuccessfulWorkflow-1bf692b7-9510-4672-b2f2-a21...-9e17defc-30fc-4746-a621-ea8141dda3cc] INFO com.example.mattermost.MeetingSchedulerWorkflowImpl - getProcessableActions: Node ID: get_details, Status: COMPLETED, IsPending: false, DependenciesMet: false
[workflow-method-testSuccessfulWorkflow-1bf692b7-9510-4672-b2f2-a21...-9e17defc-30fc-4746-a621-ea8141dda3cc] INFO com.example.mattermost.MeetingSchedulerWorkflowImpl - getProcessableActions: Node ID: send_invite, Status: WAITING_FOR_INPUT, IsPending: false, DependenciesMet: false
[workflow-method-testSuccessfulWorkflow-1bf692b7-9510-4672-b2f2-a21...-9e17defc-30fc-4746-a621-ea8141dda3cc] INFO com.example.mattermost.MeetingSchedulerWorkflowImpl - getProcessableActions: Returning 0 processable nodes.
[workflow-method-testSuccessfulWorkflow-1bf692b7-9510-4672-b2f2-a21...-9e17defc-30fc-4746-a621-ea8141dda3cc] WARN com.example.mattermost.MeetingSchedulerWorkflowImpl - Potential deadlock or all remaining actions are waiting for external signals. Workflow might be stuck if no signals arrive.
[workflow-method-testSuccessfulWorkflow-1bf692b7-9510-4672-b2f2-a21...-9e17defc-30fc-4746-a621-ea8141dda3cc] INFO com.example.mattermost.MeetingSchedulerWorkflowImpl - Main loop: Checking processable actions.
[workflow-method-testSuccessfulWorkflow-1bf692b7-9510-4672-b2f2-a21...-9e17defc-30fc-4746-a621-ea8141dda3cc] INFO com.example.mattermost.MeetingSchedulerWorkflowImpl - getProcessableActions: Checking all nodes in currentGoal.
[workflow-method-testSuccessfulWorkflow-1bf692b7-9510-4672-b2f2-a21...-9e17defc-30fc-4746-a621-ea8141dda3cc] INFO com.example.mattermost.MeetingSchedulerWorkflowImpl - getProcessableActions: Node ID: get_details, Status: COMPLETED, IsPending: false, DependenciesMet: false
[workflow-method-testSuccessfulWorkflow-1bf692b7-9510-4672-b2f2-a21...-9e17defc-30fc-4746-a621-ea8141dda3cc] INFO com.example.mattermost.MeetingSchedulerWorkflowImpl - getProcessableActions: Node ID: send_invite, Status: WAITING_FOR_INPUT, IsPending: false, DependenciesMet: false
[workflow-method-testSuccessfulWorkflow-1bf692b7-9510-4672-b2f2-a21...-9e17defc-30fc-4746-a621-ea8141dda3cc] INFO com.example.mattermost.MeetingSchedulerWorkflowImpl - getProcessableActions: Returning 0 processable nodes.
[workflow-method-testSuccessfulWorkflow-1bf692b7-9510-4672-b2f2-a21...-9e17defc-30fc-4746-a621-ea8141dda3cc] INFO com.example.mattermost.MeetingSchedulerWorkflowImpl - Main loop: Found 0 processable actions: []
[workflow-method-testSuccessfulWorkflow-1bf692b7-9510-4672-b2f2-a21...-9e17defc-30fc-4746-a621-ea8141dda3cc] INFO com.example.mattermost.MeetingSchedulerWorkflowImpl - getProcessableActions: Checking all nodes in currentGoal.
[workflow-method-testSuccessfulWorkflow-1bf692b7-9510-4672-b2f2-a21...-9e17defc-30fc-4746-a621-ea8141dda3cc] INFO com.example.mattermost.MeetingSchedulerWorkflowImpl - getProcessableActions: Node ID: get_details, Status: COMPLETED, IsPending: false, DependenciesMet: false
[workflow-method-testSuccessfulWorkflow-1bf692b7-9510-4672-b2f2-a21...-9e17defc-30fc-4746-a621-ea8141dda3cc] INFO com.example.mattermost.MeetingSchedulerWorkflowImpl - getProcessableActions: Node ID: send_invite, Status: WAITING_FOR_INPUT, IsPending: false, DependenciesMet: false
[workflow-method-testSuccessfulWorkflow-1bf692b7-9510-4672-b2f2-a21...-9e17defc-30fc-4746-a621-ea8141dda3cc] INFO com.example.mattermost.MeetingSchedulerWorkflowImpl - getProcessableActions: Returning 0 processable nodes.
[workflow-method-testSuccessfulWorkflow-1bf692b7-9510-4672-b2f2-a21...-9e17defc-30fc-4746-a621-ea8141dda3cc] WARN com.example.mattermost.MeetingSchedulerWorkflowImpl - Potential deadlock or all remaining actions are waiting for external signals. Workflow might be stuck if no signals arrive.
[workflow-method-testSuccessfulWorkflow-1bf692b7-9510-4672-b2f2-a21...-9e17defc-30fc-4746-a621-ea8141dda3cc] INFO com.example.mattermost.MeetingSchedulerWorkflowImpl - Main loop: No actions currently processable. Waiting for signals or workflow completion. Current statuses: {get_details=COMPLETED, send_invite=WAITING_FOR_INPUT}
[workflow-method-testSuccessfulWorkflow-1bf692b7-9510-4672-b2f2-a21...-9e17defc-30fc-4746-a621-ea8141dda3cc] INFO com.example.mattermost.MeetingSchedulerWorkflowImpl - getProcessableActions: Checking all nodes in currentGoal.
[workflow-method-testSuccessfulWorkflow-1bf692b7-9510-4672-b2f2-a21...-9e17defc-30fc-4746-a621-ea8141dda3cc] INFO com.example.mattermost.MeetingSchedulerWorkflowImpl - getProcessableActions: Node ID: get_details, Status: COMPLETED, IsPending: false, DependenciesMet: false
[workflow-method-testSuccessfulWorkflow-1bf692b7-9510-4672-b2f2-a21...-9e17defc-30fc-4746-a621-ea8141dda3cc] INFO com.example.mattermost.MeetingSchedulerWorkflowImpl - getProcessableActions: Node ID: send_invite, Status: WAITING_FOR_INPUT, IsPending: false, DependenciesMet: false
[workflow-method-testSuccessfulWorkflow-1bf692b7-9510-4672-b2f2-a21...-9e17defc-30fc-4746-a621-ea8141dda3cc] INFO com.example.mattermost.MeetingSchedulerWorkflowImpl - getProcessableActions: Returning 0 processable nodes.
[workflow-method-testSuccessfulWorkflow-1bf692b7-9510-4672-b2f2-a21...-9e17defc-30fc-4746-a621-ea8141dda3cc] INFO com.example.mattermost.MeetingSchedulerWorkflowImpl - getProcessableActions: Checking all nodes in currentGoal.
[workflow-method-testSuccessfulWorkflow-1bf692b7-9510-4672-b2f2-a21...-9e17defc-30fc-4746-a621-ea8141dda3cc] INFO com.example.mattermost.MeetingSchedulerWorkflowImpl - getProcessableActions: Node ID: get_details, Status: COMPLETED, IsPending: false, DependenciesMet: false
[workflow-method-testSuccessfulWorkflow-1bf692b7-9510-4672-b2f2-a21...-9e17defc-30fc-4746-a621-ea8141dda3cc] INFO com.example.mattermost.MeetingSchedulerWorkflowImpl - getProcessableActions: Node ID: send_invite, Status: WAITING_FOR_INPUT, IsPending: false, DependenciesMet: false
[workflow-method-testSuccessfulWorkflow-1bf692b7-9510-4672-b2f2-a21...-9e17defc-30fc-4746-a621-ea8141dda3cc] INFO com.example.mattermost.MeetingSchedulerWorkflowImpl - getProcessableActions: Returning 0 processable nodes.
[workflow-method-testSuccessfulWorkflow-1bf692b7-9510-4672-b2f2-a21...-9e17defc-30fc-4746-a621-ea8141dda3cc] WARN com.example.mattermost.MeetingSchedulerWorkflowImpl - Potential deadlock or all remaining actions are waiting for external signals. Workflow might be stuck if no signals arrive.
[workflow-method-testSuccessfulWorkflow-1bf692b7-9510-4672-b2f2-a21...-9e17defc-30fc-4746-a621-ea8141dda3cc] INFO com.example.mattermost.MeetingSchedulerWorkflowImpl - Main loop: Workflow.await condition check: newProcessableActions=false, workflowNowComplete=false
[workflow-method-testSuccessfulWorkflow-1bf692b7-9510-4672-b2f2-a21...-9e17defc-30fc-4746-a621-ea8141dda3cc] INFO com.example.mattermost.MeetingSchedulerWorkflowImpl - getProcessableActions: Checking all nodes in currentGoal.
[workflow-method-testSuccessfulWorkflow-1bf692b7-9510-4672-b2f2-a21...-9e17defc-30fc-4746-a621-ea8141dda3cc] INFO com.example.mattermost.MeetingSchedulerWorkflowImpl - getProcessableActions: Node ID: get_details, Status: COMPLETED, IsPending: false, DependenciesMet: false
[workflow-method-testSuccessfulWorkflow-1bf692b7-9510-4672-b2f2-a21...-9e17defc-30fc-4746-a621-ea8141dda3cc] INFO com.example.mattermost.MeetingSchedulerWorkflowImpl - getProcessableActions: Node ID: send_invite, Status: WAITING_FOR_INPUT, IsPending: false, DependenciesMet: false
[workflow-method-testSuccessfulWorkflow-1bf692b7-9510-4672-b2f2-a21...-9e17defc-30fc-4746-a621-ea8141dda3cc] INFO com.example.mattermost.MeetingSchedulerWorkflowImpl - getProcessableActions: Returning 0 processable nodes.
[workflow-method-testSuccessfulWorkflow-1bf692b7-9510-4672-b2f2-a21...-9e17defc-30fc-4746-a621-ea8141dda3cc] INFO com.example.mattermost.MeetingSchedulerWorkflowImpl - getProcessableActions: Checking all nodes in currentGoal.
[workflow-method-testSuccessfulWorkflow-1bf692b7-9510-4672-b2f2-a21...-9e17defc-30fc-4746-a621-ea8141dda3cc] INFO com.example.mattermost.MeetingSchedulerWorkflowImpl - getProcessableActions: Node ID: get_details, Status: COMPLETED, IsPending: false, DependenciesMet: false
[workflow-method-testSuccessfulWorkflow-1bf692b7-9510-4672-b2f2-a21...-9e17defc-30fc-4746-a621-ea8141dda3cc] INFO com.example.mattermost.MeetingSchedulerWorkflowImpl - getProcessableActions: Node ID: send_invite, Status: WAITING_FOR_INPUT, IsPending: false, DependenciesMet: false
[workflow-method-testSuccessfulWorkflow-1bf692b7-9510-4672-b2f2-a21...-9e17defc-30fc-4746-a621-ea8141dda3cc] INFO com.example.mattermost.MeetingSchedulerWorkflowImpl - getProcessableActions: Returning 0 processable nodes.
[workflow-method-testSuccessfulWorkflow-1bf692b7-9510-4672-b2f2-a21...-9e17defc-30fc-4746-a621-ea8141dda3cc] WARN com.example.mattermost.MeetingSchedulerWorkflowImpl - Potential deadlock or all remaining actions are waiting for external signals. Workflow might be stuck if no signals arrive.
[workflow-method-testSuccessfulWorkflow-1bf692b7-9510-4672-b2f2-a21...-9e17defc-30fc-4746-a621-ea8141dda3cc] INFO com.example.mattermost.MeetingSchedulerWorkflowImpl - Main loop: Workflow.await condition check: newProcessableActions=false, workflowNowComplete=false
[main] INFO com.example.mattermost.MeetingSchedulerWorkflowTest - Test: askUserActivity.ask for send_invite verified. Sending signal.
[main] INFO com.example.mattermost.MeetingSchedulerWorkflowTest - Test: Signal for send_invite sent.
[main] INFO com.example.mattermost.MeetingSchedulerWorkflowTest - Test: Waiting for workflow completion...
[workflow-method-testSuccessfulWorkflow-1bf692b7-9510-4672-b2f2-a21...-9e17defc-30fc-4746-a621-ea8141dda3cc] INFO com.example.mattermost.MeetingSchedulerWorkflowImpl - getProcessableActions: Checking all nodes in currentGoal.
[workflow-method-testSuccessfulWorkflow-1bf692b7-9510-4672-b2f2-a21...-9e17defc-30fc-4746-a621-ea8141dda3cc] INFO com.example.mattermost.MeetingSchedulerWorkflowImpl - getProcessableActions: Node ID: get_details, Status: COMPLETED, IsPending: false, DependenciesMet: false
[workflow-method-testSuccessfulWorkflow-1bf692b7-9510-4672-b2f2-a21...-9e17defc-30fc-4746-a621-ea8141dda3cc] INFO com.example.mattermost.MeetingSchedulerWorkflowImpl - getProcessableActions: Node ID: send_invite, Status: WAITING_FOR_INPUT, IsPending: false, DependenciesMet: false
[workflow-method-testSuccessfulWorkflow-1bf692b7-9510-4672-b2f2-a21...-9e17defc-30fc-4746-a621-ea8141dda3cc] INFO com.example.mattermost.MeetingSchedulerWorkflowImpl - getProcessableActions: Returning 0 processable nodes.
[workflow-method-testSuccessfulWorkflow-1bf692b7-9510-4672-b2f2-a21...-9e17defc-30fc-4746-a621-ea8141dda3cc] INFO com.example.mattermost.MeetingSchedulerWorkflowImpl - getProcessableActions: Checking all nodes in currentGoal.
[workflow-method-testSuccessfulWorkflow-1bf692b7-9510-4672-b2f2-a21...-9e17defc-30fc-4746-a621-ea8141dda3cc] INFO com.example.mattermost.MeetingSchedulerWorkflowImpl - getProcessableActions: Node ID: get_details, Status: COMPLETED, IsPending: false, DependenciesMet: false
[workflow-method-testSuccessfulWorkflow-1bf692b7-9510-4672-b2f2-a21...-9e17defc-30fc-4746-a621-ea8141dda3cc] INFO com.example.mattermost.MeetingSchedulerWorkflowImpl - getProcessableActions: Node ID: send_invite, Status: WAITING_FOR_INPUT, IsPending: false, DependenciesMet: false
[workflow-method-testSuccessfulWorkflow-1bf692b7-9510-4672-b2f2-a21...-9e17defc-30fc-4746-a621-ea8141dda3cc] INFO com.example.mattermost.MeetingSchedulerWorkflowImpl - getProcessableActions: Returning 0 processable nodes.
[workflow-method-testSuccessfulWorkflow-1bf692b7-9510-4672-b2f2-a21...-9e17defc-30fc-4746-a621-ea8141dda3cc] WARN com.example.mattermost.MeetingSchedulerWorkflowImpl - Potential deadlock or all remaining actions are waiting for external signals. Workflow might be stuck if no signals arrive.
[workflow-method-testSuccessfulWorkflow-1bf692b7-9510-4672-b2f2-a21...-9e17defc-30fc-4746-a621-ea8141dda3cc] INFO com.example.mattermost.MeetingSchedulerWorkflowImpl - Main loop: Workflow.await condition check: newProcessableActions=false, workflowNowComplete=false
[signal onUserResponse] INFO com.example.mattermost.MeetingSchedulerWorkflowImpl - Signal: Received onUserResponse for actionId: send_invite with input: {status=Invite sent}. Current status: WAITING_FOR_INPUT, waitingForUserInputMap containsKey: true
[signal onUserResponse] INFO com.example.mattermost.MeetingSchedulerWorkflowImpl - Signal: Processing valid signal for action send_invite.
[signal onUserResponse] INFO com.example.mattermost.MeetingSchedulerWorkflowImpl - Signal: Calling validateInputActivity for action send_invite.
[workflow-method-testSuccessfulWorkflow-1bf692b7-9510-4672-b2f2-a21...-9e17defc-30fc-4746-a621-ea8141dda3cc] INFO com.example.mattermost.MeetingSchedulerWorkflowImpl - getProcessableActions: Checking all nodes in currentGoal.
[workflow-method-testSuccessfulWorkflow-1bf692b7-9510-4672-b2f2-a21...-9e17defc-30fc-4746-a621-ea8141dda3cc] INFO com.example.mattermost.MeetingSchedulerWorkflowImpl - getProcessableActions: Node ID: get_details, Status: COMPLETED, IsPending: false, DependenciesMet: false
[workflow-method-testSuccessfulWorkflow-1bf692b7-9510-4672-b2f2-a21...-9e17defc-30fc-4746-a621-ea8141dda3cc] INFO com.example.mattermost.MeetingSchedulerWorkflowImpl - getProcessableActions: Node ID: send_invite, Status: PROCESSING, IsPending: false, DependenciesMet: false
[workflow-method-testSuccessfulWorkflow-1bf692b7-9510-4672-b2f2-a21...-9e17defc-30fc-4746-a621-ea8141dda3cc] INFO com.example.mattermost.MeetingSchedulerWorkflowImpl - getProcessableActions: Returning 0 processable nodes.
[workflow-method-testSuccessfulWorkflow-1bf692b7-9510-4672-b2f2-a21...-9e17defc-30fc-4746-a621-ea8141dda3cc] INFO com.example.mattermost.MeetingSchedulerWorkflowImpl - getProcessableActions: Checking all nodes in currentGoal.
[workflow-method-testSuccessfulWorkflow-1bf692b7-9510-4672-b2f2-a21...-9e17defc-30fc-4746-a621-ea8141dda3cc] INFO com.example.mattermost.MeetingSchedulerWorkflowImpl - getProcessableActions: Node ID: get_details, Status: COMPLETED, IsPending: false, DependenciesMet: false
[workflow-method-testSuccessfulWorkflow-1bf692b7-9510-4672-b2f2-a21...-9e17defc-30fc-4746-a621-ea8141dda3cc] INFO com.example.mattermost.MeetingSchedulerWorkflowImpl - getProcessableActions: Node ID: send_invite, Status: PROCESSING, IsPending: false, DependenciesMet: false
[workflow-method-testSuccessfulWorkflow-1bf692b7-9510-4672-b2f2-a21...-9e17defc-30fc-4746-a621-ea8141dda3cc] INFO com.example.mattermost.MeetingSchedulerWorkflowImpl - getProcessableActions: Returning 0 processable nodes.
[workflow-method-testSuccessfulWorkflow-1bf692b7-9510-4672-b2f2-a21...-9e17defc-30fc-4746-a621-ea8141dda3cc] INFO com.example.mattermost.MeetingSchedulerWorkflowImpl - Main loop: Workflow.await condition check: newProcessableActions=false, workflowNowComplete=false
[workflow-method-testSuccessfulWorkflow-1bf692b7-9510-4672-b2f2-a21...-9e17defc-30fc-4746-a621-ea8141dda3cc] INFO com.example.mattermost.MeetingSchedulerWorkflowImpl - getProcessableActions: Checking all nodes in currentGoal.
[workflow-method-testSuccessfulWorkflow-1bf692b7-9510-4672-b2f2-a21...-9e17defc-30fc-4746-a621-ea8141dda3cc] INFO com.example.mattermost.MeetingSchedulerWorkflowImpl - getProcessableActions: Node ID: get_details, Status: COMPLETED, IsPending: false, DependenciesMet: false
[workflow-method-testSuccessfulWorkflow-1bf692b7-9510-4672-b2f2-a21...-9e17defc-30fc-4746-a621-ea8141dda3cc] INFO com.example.mattermost.MeetingSchedulerWorkflowImpl - getProcessableActions: Node ID: send_invite, Status: PROCESSING, IsPending: false, DependenciesMet: false
[workflow-method-testSuccessfulWorkflow-1bf692b7-9510-4672-b2f2-a21...-9e17defc-30fc-4746-a621-ea8141dda3cc] INFO com.example.mattermost.MeetingSchedulerWorkflowImpl - getProcessableActions: Returning 0 processable nodes.
[workflow-method-testSuccessfulWorkflow-1bf692b7-9510-4672-b2f2-a21...-9e17defc-30fc-4746-a621-ea8141dda3cc] INFO com.example.mattermost.MeetingSchedulerWorkflowImpl - getProcessableActions: Checking all nodes in currentGoal.
[workflow-method-testSuccessfulWorkflow-1bf692b7-9510-4672-b2f2-a21...-9e17defc-30fc-4746-a621-ea8141dda3cc] INFO com.example.mattermost.MeetingSchedulerWorkflowImpl - getProcessableActions: Node ID: get_details, Status: COMPLETED, IsPending: false, DependenciesMet: false
[workflow-method-testSuccessfulWorkflow-1bf692b7-9510-4672-b2f2-a21...-9e17defc-30fc-4746-a621-ea8141dda3cc] INFO com.example.mattermost.MeetingSchedulerWorkflowImpl - getProcessableActions: Node ID: send_invite, Status: PROCESSING, IsPending: false, DependenciesMet: false
[workflow-method-testSuccessfulWorkflow-1bf692b7-9510-4672-b2f2-a21...-9e17defc-30fc-4746-a621-ea8141dda3cc] INFO com.example.mattermost.MeetingSchedulerWorkflowImpl - getProcessableActions: Returning 0 processable nodes.
[workflow-method-testSuccessfulWorkflow-1bf692b7-9510-4672-b2f2-a21...-9e17defc-30fc-4746-a621-ea8141dda3cc] INFO com.example.mattermost.MeetingSchedulerWorkflowImpl - Main loop: Workflow.await condition check: newProcessableActions=false, workflowNowComplete=false
[workflow-method-testSuccessfulWorkflow-1bf692b7-9510-4672-b2f2-a21...-9e17defc-30fc-4746-a621-ea8141dda3cc] INFO com.example.mattermost.MeetingSchedulerWorkflowImpl - getProcessableActions: Checking all nodes in currentGoal.
[workflow-method-testSuccessfulWorkflow-1bf692b7-9510-4672-b2f2-a21...-9e17defc-30fc-4746-a621-ea8141dda3cc] INFO com.example.mattermost.MeetingSchedulerWorkflowImpl - getProcessableActions: Node ID: get_details, Status: COMPLETED, IsPending: false, DependenciesMet: false
[workflow-method-testSuccessfulWorkflow-1bf692b7-9510-4672-b2f2-a21...-9e17defc-30fc-4746-a621-ea8141dda3cc] INFO com.example.mattermost.MeetingSchedulerWorkflowImpl - getProcessableActions: Node ID: send_invite, Status: PROCESSING, IsPending: false, DependenciesMet: false
[workflow-method-testSuccessfulWorkflow-1bf692b7-9510-4672-b2f2-a21...-9e17defc-30fc-4746-a621-ea8141dda3cc] INFO com.example.mattermost.MeetingSchedulerWorkflowImpl - getProcessableActions: Returning 0 processable nodes.
[workflow-method-testSuccessfulWorkflow-1bf692b7-9510-4672-b2f2-a21...-9e17defc-30fc-4746-a621-ea8141dda3cc] INFO com.example.mattermost.MeetingSchedulerWorkflowImpl - getProcessableActions: Checking all nodes in currentGoal.
[workflow-method-testSuccessfulWorkflow-1bf692b7-9510-4672-b2f2-a21...-9e17defc-30fc-4746-a621-ea8141dda3cc] INFO com.example.mattermost.MeetingSchedulerWorkflowImpl - getProcessableActions: Node ID: get_details, Status: COMPLETED, IsPending: false, DependenciesMet: false
[workflow-method-testSuccessfulWorkflow-1bf692b7-9510-4672-b2f2-a21...-9e17defc-30fc-4746-a621-ea8141dda3cc] INFO com.example.mattermost.MeetingSchedulerWorkflowImpl - getProcessableActions: Node ID: send_invite, Status: PROCESSING, IsPending: false, DependenciesMet: false
[workflow-method-testSuccessfulWorkflow-1bf692b7-9510-4672-b2f2-a21...-9e17defc-30fc-4746-a621-ea8141dda3cc] INFO com.example.mattermost.MeetingSchedulerWorkflowImpl - getProcessableActions: Returning 0 processable nodes.
[workflow-method-testSuccessfulWorkflow-1bf692b7-9510-4672-b2f2-a21...-9e17defc-30fc-4746-a621-ea8141dda3cc] INFO com.example.mattermost.MeetingSchedulerWorkflowImpl - Main loop: Workflow.await condition check: newProcessableActions=false, workflowNowComplete=false
[workflow-method-testSuccessfulWorkflow-1bf692b7-9510-4672-b2f2-a21...-9e17defc-30fc-4746-a621-ea8141dda3cc] INFO com.example.mattermost.MeetingSchedulerWorkflowImpl - getProcessableActions: Checking all nodes in currentGoal.
[workflow-method-testSuccessfulWorkflow-1bf692b7-9510-4672-b2f2-a21...-9e17defc-30fc-4746-a621-ea8141dda3cc] INFO com.example.mattermost.MeetingSchedulerWorkflowImpl - getProcessableActions: Node ID: get_details, Status: COMPLETED, IsPending: false, DependenciesMet: false
[workflow-method-testSuccessfulWorkflow-1bf692b7-9510-4672-b2f2-a21...-9e17defc-30fc-4746-a621-ea8141dda3cc] INFO com.example.mattermost.MeetingSchedulerWorkflowImpl - getProcessableActions: Node ID: send_invite, Status: PROCESSING, IsPending: false, DependenciesMet: false
[workflow-method-testSuccessfulWorkflow-1bf692b7-9510-4672-b2f2-a21...-9e17defc-30fc-4746-a621-ea8141dda3cc] INFO com.example.mattermost.MeetingSchedulerWorkflowImpl - getProcessableActions: Returning 0 processable nodes.
[workflow-method-testSuccessfulWorkflow-1bf692b7-9510-4672-b2f2-a21...-9e17defc-30fc-4746-a621-ea8141dda3cc] INFO com.example.mattermost.MeetingSchedulerWorkflowImpl - getProcessableActions: Checking all nodes in currentGoal.
[workflow-method-testSuccessfulWorkflow-1bf692b7-9510-4672-b2f2-a21...-9e17defc-30fc-4746-a621-ea8141dda3cc] INFO com.example.mattermost.MeetingSchedulerWorkflowImpl - getProcessableActions: Node ID: get_details, Status: COMPLETED, IsPending: false, DependenciesMet: false
[workflow-method-testSuccessfulWorkflow-1bf692b7-9510-4672-b2f2-a21...-9e17defc-30fc-4746-a621-ea8141dda3cc] INFO com.example.mattermost.MeetingSchedulerWorkflowImpl - getProcessableActions: Node ID: send_invite, Status: PROCESSING, IsPending: false, DependenciesMet: false
[workflow-method-testSuccessfulWorkflow-1bf692b7-9510-4672-b2f2-a21...-9e17defc-30fc-4746-a621-ea8141dda3cc] INFO com.example.mattermost.MeetingSchedulerWorkflowImpl - getProcessableActions: Returning 0 processable nodes.
[workflow-method-testSuccessfulWorkflow-1bf692b7-9510-4672-b2f2-a21...-9e17defc-30fc-4746-a621-ea8141dda3cc] INFO com.example.mattermost.MeetingSchedulerWorkflowImpl - Main loop: Workflow.await condition check: newProcessableActions=false, workflowNowComplete=false
[signal onUserResponse] INFO com.example.mattermost.MeetingSchedulerWorkflowImpl - Signal: validateInputActivity returned true for action send_invite.
[signal onUserResponse] INFO com.example.mattermost.MeetingSchedulerWorkflowImpl - Input for action send_invite is valid. Marking as COMPLETED.
[workflow-method-testSuccessfulWorkflow-1bf692b7-9510-4672-b2f2-a21...-9e17defc-30fc-4746-a621-ea8141dda3cc] INFO com.example.mattermost.MeetingSchedulerWorkflowImpl - getProcessableActions: Checking all nodes in currentGoal.
[workflow-method-testSuccessfulWorkflow-1bf692b7-9510-4672-b2f2-a21...-9e17defc-30fc-4746-a621-ea8141dda3cc] INFO com.example.mattermost.MeetingSchedulerWorkflowImpl - getProcessableActions: Node ID: get_details, Status: COMPLETED, IsPending: false, DependenciesMet: false
[workflow-method-testSuccessfulWorkflow-1bf692b7-9510-4672-b2f2-a21...-9e17defc-30fc-4746-a621-ea8141dda3cc] INFO com.example.mattermost.MeetingSchedulerWorkflowImpl - getProcessableActions: Node ID: send_invite, Status: COMPLETED, IsPending: false, DependenciesMet: false
[workflow-method-testSuccessfulWorkflow-1bf692b7-9510-4672-b2f2-a21...-9e17defc-30fc-4746-a621-ea8141dda3cc] INFO com.example.mattermost.MeetingSchedulerWorkflowImpl - getProcessableActions: Returning 0 processable nodes.
[workflow-method-testSuccessfulWorkflow-1bf692b7-9510-4672-b2f2-a21...-9e17defc-30fc-4746-a621-ea8141dda3cc] INFO com.example.mattermost.MeetingSchedulerWorkflowImpl - Main loop: Workflow.await condition check: newProcessableActions=false, workflowNowComplete=true
[workflow-method-testSuccessfulWorkflow-1bf692b7-9510-4672-b2f2-a21...-9e17defc-30fc-4746-a621-ea8141dda3cc] INFO com.example.mattermost.MeetingSchedulerWorkflowImpl - Main loop: Awakened from Workflow.await().
[workflow-method-testSuccessfulWorkflow-1bf692b7-9510-4672-b2f2-a21...-9e17defc-30fc-4746-a621-ea8141dda3cc] INFO com.example.mattermost.MeetingSchedulerWorkflowImpl - getProcessableActions: Checking all nodes in currentGoal.
[workflow-method-testSuccessfulWorkflow-1bf692b7-9510-4672-b2f2-a21...-9e17defc-30fc-4746-a621-ea8141dda3cc] INFO com.example.mattermost.MeetingSchedulerWorkflowImpl - getProcessableActions: Node ID: get_details, Status: COMPLETED, IsPending: false, DependenciesMet: false
[workflow-method-testSuccessfulWorkflow-1bf692b7-9510-4672-b2f2-a21...-9e17defc-30fc-4746-a621-ea8141dda3cc] INFO com.example.mattermost.MeetingSchedulerWorkflowImpl - getProcessableActions: Node ID: send_invite, Status: COMPLETED, IsPending: false, DependenciesMet: false
[workflow-method-testSuccessfulWorkflow-1bf692b7-9510-4672-b2f2-a21...-9e17defc-30fc-4746-a621-ea8141dda3cc] INFO com.example.mattermost.MeetingSchedulerWorkflowImpl - getProcessableActions: Returning 0 processable nodes.
[workflow-method-testSuccessfulWorkflow-1bf692b7-9510-4672-b2f2-a21...-9e17defc-30fc-4746-a621-ea8141dda3cc] INFO com.example.mattermost.MeetingSchedulerWorkflowImpl - Main loop: Re-checked processable actions after await: []. Count: 0
[workflow-method-testSuccessfulWorkflow-1bf692b7-9510-4672-b2f2-a21...-9e17defc-30fc-4746-a621-ea8141dda3cc] INFO com.example.mattermost.MeetingSchedulerWorkflowImpl - Main loop: All actions completed. Workflow finishing.
[workflow-method-testSuccessfulWorkflow-1bf692b7-9510-4672-b2f2-a21...-9e17defc-30fc-4746-a621-ea8141dda3cc] INFO com.example.mattermost.MeetingSchedulerWorkflowImpl - Workflow finished for goal: Simple test goal. Final outputs: {get_details={datetime=Tomorrow, duration=1hr, topic=Test Meeting}, send_invite={status=Invite sent}}
[main] INFO com.example.mattermost.MeetingSchedulerWorkflowTest - Test: Workflow completed.
[main] INFO io.temporal.serviceclient.TestServiceStubsImpl - shutdownNow
[main] INFO io.temporal.serviceclient.OperatorServiceStubsImpl - shutdownNow
[main] INFO io.temporal.worker.WorkerFactory - shutdownNow: WorkerFactory{identity=10208@devbox}
[main] INFO io.temporal.internal.worker.Poller - shutdown: Poller{name=Workflow Poller taskQueue="Test-8e560522-bf92-44d0-af42-5e19fa79b81e", namespace="UnitTest", identity=10208@devbox}
[main] INFO io.temporal.internal.worker.Poller - shutdown: Poller{name=Workflow Poller taskQueue="WorkflowTest-testSuccessfulWorkflowExecution()-[engine:junit-jupiter]/[class:com.example.mattermost.MeetingSchedulerWorkflowTest]/[method:testSuccessfulWorkflowExecution()]", namespace="UnitTest", identity=10208@devbox}
[main] INFO io.temporal.worker.WorkerFactory - awaitTermination begin: WorkerFactory{identity=10208@devbox}
[TemporalShutdownManager: 1] INFO io.temporal.internal.worker.Poller - shutdown: Poller{name=Activity Poller taskQueue="Test-8e560522-bf92-44d0-af42-5e19fa79b81e", namespace="UnitTest", identity=10208@devbox}
[Workflow Poller taskQueue="Test-8e560522-bf92-44d0-af42-5e19fa79b81e", namespace="UnitTest": 3] INFO io.temporal.internal.worker.Poller - poll loop is terminated: WorkflowPollTask
[Activity Poller taskQueue="Test-8e560522-bf92-44d0-af42-5e19fa79b81e", namespace="UnitTest": 2] INFO io.temporal.internal.worker.Poller - poll loop is terminated: ActivityPollTask
[Workflow Poller taskQueue="WorkflowTest-testSuccessfulWorkflowExecution()-[engine:junit-jupiter]/[class:com.example.mattermost.MeetingSchedulerWorkflowTest]/[method:testSuccessfulWorkflowExecution()]", namespace="UnitTest": 2] INFO io.temporal.internal.worker.Poller - poll loop is terminated: WorkflowPollTask
[Workflow Poller taskQueue="WorkflowTest-testSuccessfulWorkflowExecution()-[engine:junit-jupiter]/[class:com.example.mattermost.MeetingSchedulerWorkflowTest]/[method:testSuccessfulWorkflowExecution()]", namespace="UnitTest": 3] INFO io.temporal.internal.worker.Poller - poll loop is terminated: WorkflowPollTask
[Workflow Poller taskQueue="WorkflowTest-testSuccessfulWorkflowExecution()-[engine:junit-jupiter]/[class:com.example.mattermost.MeetingSchedulerWorkflowTest]/[method:testSuccessfulWorkflowExecution()]", namespace="UnitTest": 4] INFO io.temporal.internal.worker.Poller - poll loop is terminated: WorkflowPollTask
[Workflow Poller taskQueue="WorkflowTest-testSuccessfulWorkflowExecution()-[engine:junit-jupiter]/[class:com.example.mattermost.MeetingSchedulerWorkflowTest]/[method:testSuccessfulWorkflowExecution()]", namespace="UnitTest": 1] INFO io.temporal.internal.worker.Poller - poll loop is terminated: WorkflowPollTask
[Workflow Poller taskQueue="WorkflowTest-testSuccessfulWorkflowExecution()-[engine:junit-jupiter]/[class:com.example.mattermost.MeetingSchedulerWorkflowTest]/[method:testSuccessfulWorkflowExecution()]", namespace="UnitTest": 5] INFO io.temporal.internal.worker.Poller - poll loop is terminated: WorkflowPollTask
[Activity Poller taskQueue="Test-8e560522-bf92-44d0-af42-5e19fa79b81e", namespace="UnitTest": 3] INFO io.temporal.internal.worker.Poller - poll loop is terminated: ActivityPollTask
[Workflow Poller taskQueue="Test-8e560522-bf92-44d0-af42-5e19fa79b81e", namespace="UnitTest": 2] INFO io.temporal.internal.worker.Poller - poll loop is terminated: WorkflowPollTask
[Workflow Poller taskQueue="Test-8e560522-bf92-44d0-af42-5e19fa79b81e", namespace="UnitTest": 1] INFO io.temporal.internal.worker.Poller - poll loop is terminated: WorkflowPollTask
[Activity Poller taskQueue="Test-8e560522-bf92-44d0-af42-5e19fa79b81e", namespace="UnitTest": 1] INFO io.temporal.internal.worker.Poller - poll loop is terminated: ActivityPollTask
[Workflow Poller taskQueue="Test-8e560522-bf92-44d0-af42-5e19fa79b81e", namespace="UnitTest": 4] INFO io.temporal.internal.worker.Poller - poll loop is terminated: WorkflowPollTask
[Activity Poller taskQueue="Test-8e560522-bf92-44d0-af42-5e19fa79b81e", namespace="UnitTest": 5] INFO io.temporal.internal.worker.Poller - poll loop is terminated: ActivityPollTask
[Activity Poller taskQueue="Test-8e560522-bf92-44d0-af42-5e19fa79b81e", namespace="UnitTest": 4] INFO io.temporal.internal.worker.Poller - poll loop is terminated: ActivityPollTask
[Workflow Poller taskQueue="Test-8e560522-bf92-44d0-af42-5e19fa79b81e", namespace="UnitTest": 5] INFO io.temporal.internal.worker.Poller - poll loop is terminated: WorkflowPollTask
[main] INFO io.temporal.worker.WorkerFactory - awaitTermination done: WorkerFactory{identity=10208@devbox}
[main] INFO io.temporal.serviceclient.WorkflowServiceStubsImpl - shutdownNow
[main] INFO io.temporal.testserver.TestServer - Shutting down in-process gRPC server
[main] INFO io.temporal.testserver.TestServer - Shutting down gRPC Services
[main] INFO io.temporal.serviceclient.TestServiceStubsImpl - shutdownNow
[main] INFO io.temporal.serviceclient.OperatorServiceStubsImpl - shutdownNow
[main] INFO io.temporal.worker.WorkerFactory - shutdownNow: WorkerFactory{identity=10208@devbox}
[main] INFO io.temporal.internal.worker.Poller - shutdown: Poller{name=Workflow Poller taskQueue="Test-8e560522-bf92-44d0-af42-5e19fa79b81e", namespace="UnitTest", identity=10208@devbox}
[main] INFO io.temporal.internal.worker.Poller - shutdown: Poller{name=Workflow Poller taskQueue="WorkflowTest-testSuccessfulWorkflowExecution()-[engine:junit-jupiter]/[class:com.example.mattermost.MeetingSchedulerWorkflowTest]/[method:testSuccessfulWorkflowExecution()]", namespace="UnitTest", identity=10208@devbox}
[TemporalShutdownManager: 1] INFO io.temporal.internal.worker.Poller - shutdown: Poller{name=Activity Poller taskQueue="Test-8e560522-bf92-44d0-af42-5e19fa79b81e", namespace="UnitTest", identity=10208@devbox}
[main] INFO io.temporal.worker.WorkerFactory - awaitTermination begin: WorkerFactory{identity=10208@devbox}
[main] INFO io.temporal.worker.WorkerFactory - awaitTermination done: WorkerFactory{identity=10208@devbox}
[main] INFO io.temporal.serviceclient.WorkflowServiceStubsImpl - shutdownNow
[main] INFO io.temporal.testserver.TestServer - Shutting down in-process gRPC server
[main] INFO io.temporal.testserver.TestServer - Shutting down gRPC Services
]]></system-err>
  </testcase>
  <testcase name="testInputValidationFailureAndRetry" classname="com.example.mattermost.MeetingSchedulerWorkflowTest" time="0.413">
    <failure message="expected: &lt;true&gt; but was: &lt;false&gt;" type="org.opentest4j.AssertionFailedError"><![CDATA[org.opentest4j.AssertionFailedError: expected: <true> but was: <false>
	at org.junit.jupiter.api.AssertionFailureBuilder.build(AssertionFailureBuilder.java:151)
	at org.junit.jupiter.api.AssertionFailureBuilder.buildAndThrow(AssertionFailureBuilder.java:132)
	at org.junit.jupiter.api.AssertTrue.failNotTrue(AssertTrue.java:63)
	at org.junit.jupiter.api.AssertTrue.assertTrue(AssertTrue.java:36)
	at org.junit.jupiter.api.AssertTrue.assertTrue(AssertTrue.java:31)
	at org.junit.jupiter.api.Assertions.assertTrue(Assertions.java:179)
	at com.example.mattermost.MeetingSchedulerWorkflowTest.testInputValidationFailureAndRetry(MeetingSchedulerWorkflowTest.java:227)
	at java.base/java.lang.reflect.Method.invoke(Method.java:580)
	at java.base/java.util.ArrayList.forEach(ArrayList.java:1596)
	at java.base/java.util.ArrayList.forEach(ArrayList.java:1596)
]]></failure>
    <system-out><![CDATA[setUp completed. worker, mocks, client initialized for taskQueue: Test-5b152ab5-abde-4ada-b86d-61b198e8d91a
Starting testInputValidationFailureAndRetry with taskQueue: Test-5b152ab5-abde-4ada-b86d-61b198e8d91a
]]></system-out>
    <system-err><![CDATA[[main] INFO io.temporal.serviceclient.WorkflowServiceStubsImpl - Created WorkflowServiceStubs for channel: ManagedChannelOrphanWrapper{delegate=ManagedChannelImpl{logId=12, target=directaddress:///d5bdf426-ffbf-4815-a4ca-494a4ad46eef}}
[main] INFO io.temporal.serviceclient.TestServiceStubsImpl - Created TestServiceStubs for channel: ManagedChannelOrphanWrapper{delegate=ManagedChannelImpl{logId=12, target=directaddress:///d5bdf426-ffbf-4815-a4ca-494a4ad46eef}}
[main] INFO io.temporal.serviceclient.OperatorServiceStubsImpl - Created OperatorServiceStubs for channel: ManagedChannelOrphanWrapper{delegate=ManagedChannelImpl{logId=12, target=directaddress:///d5bdf426-ffbf-4815-a4ca-494a4ad46eef}}
[main] INFO io.temporal.internal.worker.Poller - start: Poller{name=Workflow Poller taskQueue="Test-5b152ab5-abde-4ada-b86d-61b198e8d91a", namespace="UnitTest", identity=10208@devbox}
[main] INFO io.temporal.internal.worker.Poller - start: Poller{name=Activity Poller taskQueue="Test-5b152ab5-abde-4ada-b86d-61b198e8d91a", namespace="UnitTest", identity=10208@devbox}
[main] INFO io.temporal.internal.worker.Poller - start: Poller{name=Workflow Poller taskQueue="WorkflowTest-testInputValidationFailureAndRetry()-[engine:junit-jupiter]/[class:com.example.mattermost.MeetingSchedulerWorkflowTest]/[method:testInputValidationFailureAndRetry()]", namespace="UnitTest", identity=10208@devbox}
[main] INFO com.example.mattermost.MeetingSchedulerWorkflowTest - Test: Verifying initial ask for single_action_001
[workflow-method-testValidationFailure-ab94a28f-dfcc-4248-b127-3fd4...-1c90cc8b-b192-4543-868a-da24f93cd776] INFO com.example.mattermost.MeetingSchedulerWorkflowImpl - Workflow started for goal: Single action test goal. Initializing action statuses.
[workflow-method-testValidationFailure-ab94a28f-dfcc-4248-b127-3fd4...-1c90cc8b-b192-4543-868a-da24f93cd776] INFO com.example.mattermost.MeetingSchedulerWorkflowImpl - Initialized actionStatuses: {single_action_001=PENDING}
[workflow-method-testValidationFailure-ab94a28f-dfcc-4248-b127-3fd4...-1c90cc8b-b192-4543-868a-da24f93cd776] INFO com.example.mattermost.MeetingSchedulerWorkflowImpl - Main loop: Checking processable actions.
[workflow-method-testValidationFailure-ab94a28f-dfcc-4248-b127-3fd4...-1c90cc8b-b192-4543-868a-da24f93cd776] INFO com.example.mattermost.MeetingSchedulerWorkflowImpl - getProcessableActions: Checking all nodes in currentGoal.
[workflow-method-testValidationFailure-ab94a28f-dfcc-4248-b127-3fd4...-1c90cc8b-b192-4543-868a-da24f93cd776] INFO com.example.mattermost.MeetingSchedulerWorkflowImpl - dependenciesMet: Checking dependencies for actionId: single_action_001
[workflow-method-testValidationFailure-ab94a28f-dfcc-4248-b127-3fd4...-1c90cc8b-b192-4543-868a-da24f93cd776] INFO com.example.mattermost.MeetingSchedulerWorkflowImpl - dependenciesMet: No explicit dependencies found for actionId: single_action_001. Returning true.
[workflow-method-testValidationFailure-ab94a28f-dfcc-4248-b127-3fd4...-1c90cc8b-b192-4543-868a-da24f93cd776] INFO com.example.mattermost.MeetingSchedulerWorkflowImpl - getProcessableActions: Node ID: single_action_001, Status: PENDING, IsPending: true, DependenciesMet: true
[workflow-method-testValidationFailure-ab94a28f-dfcc-4248-b127-3fd4...-1c90cc8b-b192-4543-868a-da24f93cd776] INFO com.example.mattermost.MeetingSchedulerWorkflowImpl - getProcessableActions: Returning 1 processable nodes.
[workflow-method-testValidationFailure-ab94a28f-dfcc-4248-b127-3fd4...-1c90cc8b-b192-4543-868a-da24f93cd776] INFO com.example.mattermost.MeetingSchedulerWorkflowImpl - Main loop: Found 1 processable actions: [single_action_001]
[workflow-method-testValidationFailure-ab94a28f-dfcc-4248-b127-3fd4...-1c90cc8b-b192-4543-868a-da24f93cd776] INFO com.example.mattermost.MeetingSchedulerWorkflowImpl - getProcessableActions: Checking all nodes in currentGoal.
[workflow-method-testValidationFailure-ab94a28f-dfcc-4248-b127-3fd4...-1c90cc8b-b192-4543-868a-da24f93cd776] INFO com.example.mattermost.MeetingSchedulerWorkflowImpl - dependenciesMet: Checking dependencies for actionId: single_action_001
[workflow-method-testValidationFailure-ab94a28f-dfcc-4248-b127-3fd4...-1c90cc8b-b192-4543-868a-da24f93cd776] INFO com.example.mattermost.MeetingSchedulerWorkflowImpl - dependenciesMet: No explicit dependencies found for actionId: single_action_001. Returning true.
[workflow-method-testValidationFailure-ab94a28f-dfcc-4248-b127-3fd4...-1c90cc8b-b192-4543-868a-da24f93cd776] INFO com.example.mattermost.MeetingSchedulerWorkflowImpl - getProcessableActions: Node ID: single_action_001, Status: PENDING, IsPending: true, DependenciesMet: true
[workflow-method-testValidationFailure-ab94a28f-dfcc-4248-b127-3fd4...-1c90cc8b-b192-4543-868a-da24f93cd776] INFO com.example.mattermost.MeetingSchedulerWorkflowImpl - getProcessableActions: Returning 1 processable nodes.
[workflow-method-testValidationFailure-ab94a28f-dfcc-4248-b127-3fd4...-1c90cc8b-b192-4543-868a-da24f93cd776] INFO com.example.mattermost.MeetingSchedulerWorkflowImpl - Main loop: Evaluating action single_action_001 with status PENDING
[workflow-method-testValidationFailure-ab94a28f-dfcc-4248-b127-3fd4...-1c90cc8b-b192-4543-868a-da24f93cd776] INFO com.example.mattermost.MeetingSchedulerWorkflowImpl - Main loop: Processing PENDING action: single_action_001
[workflow-method-testValidationFailure-ab94a28f-dfcc-4248-b127-3fd4...-1c90cc8b-b192-4543-868a-da24f93cd776] INFO com.example.mattermost.MeetingSchedulerWorkflowImpl - Main loop: Generated prompt for action single_action_001: 'Provide input for single action.'
[workflow-method-testValidationFailure-ab94a28f-dfcc-4248-b127-3fd4...-1c90cc8b-b192-4543-868a-da24f93cd776] INFO com.example.mattermost.MeetingSchedulerWorkflowImpl - Main loop: About to call askUserActivity.ask for action single_action_001
[signal onUserResponse] INFO com.example.mattermost.MeetingSchedulerWorkflowImpl - Signal: Received onUserResponse for actionId: single_action_001 with input: {input=bad_initial_input}. Current status: PROCESSING, waitingForUserInputMap containsKey: false
[signal onUserResponse] WARN com.example.mattermost.MeetingSchedulerWorkflowImpl - Received unexpected user response for actionId: single_action_001 or action not in WAITING_FOR_INPUT state. Current status: PROCESSING
[workflow-method-testValidationFailure-ab94a28f-dfcc-4248-b127-3fd4...-1c90cc8b-b192-4543-868a-da24f93cd776] INFO com.example.mattermost.MeetingSchedulerWorkflowImpl - Main loop: askUserActivity.ask called for action single_action_001. Setting status to WAITING_FOR_INPUT.
[workflow-method-testValidationFailure-ab94a28f-dfcc-4248-b127-3fd4...-1c90cc8b-b192-4543-868a-da24f93cd776] INFO com.example.mattermost.MeetingSchedulerWorkflowImpl - Action single_action_001 is now WAITING_FOR_INPUT.
[workflow-method-testValidationFailure-ab94a28f-dfcc-4248-b127-3fd4...-1c90cc8b-b192-4543-868a-da24f93cd776] INFO com.example.mattermost.MeetingSchedulerWorkflowImpl - getProcessableActions: Checking all nodes in currentGoal.
[workflow-method-testValidationFailure-ab94a28f-dfcc-4248-b127-3fd4...-1c90cc8b-b192-4543-868a-da24f93cd776] INFO com.example.mattermost.MeetingSchedulerWorkflowImpl - getProcessableActions: Node ID: single_action_001, Status: WAITING_FOR_INPUT, IsPending: false, DependenciesMet: false
[workflow-method-testValidationFailure-ab94a28f-dfcc-4248-b127-3fd4...-1c90cc8b-b192-4543-868a-da24f93cd776] INFO com.example.mattermost.MeetingSchedulerWorkflowImpl - getProcessableActions: Returning 0 processable nodes.
[workflow-method-testValidationFailure-ab94a28f-dfcc-4248-b127-3fd4...-1c90cc8b-b192-4543-868a-da24f93cd776] WARN com.example.mattermost.MeetingSchedulerWorkflowImpl - Potential deadlock or all remaining actions are waiting for external signals. Workflow might be stuck if no signals arrive.
[workflow-method-testValidationFailure-ab94a28f-dfcc-4248-b127-3fd4...-1c90cc8b-b192-4543-868a-da24f93cd776] INFO com.example.mattermost.MeetingSchedulerWorkflowImpl - Main loop: Checking processable actions.
[workflow-method-testValidationFailure-ab94a28f-dfcc-4248-b127-3fd4...-1c90cc8b-b192-4543-868a-da24f93cd776] INFO com.example.mattermost.MeetingSchedulerWorkflowImpl - getProcessableActions: Checking all nodes in currentGoal.
[workflow-method-testValidationFailure-ab94a28f-dfcc-4248-b127-3fd4...-1c90cc8b-b192-4543-868a-da24f93cd776] INFO com.example.mattermost.MeetingSchedulerWorkflowImpl - getProcessableActions: Node ID: single_action_001, Status: WAITING_FOR_INPUT, IsPending: false, DependenciesMet: false
[workflow-method-testValidationFailure-ab94a28f-dfcc-4248-b127-3fd4...-1c90cc8b-b192-4543-868a-da24f93cd776] INFO com.example.mattermost.MeetingSchedulerWorkflowImpl - getProcessableActions: Returning 0 processable nodes.
[workflow-method-testValidationFailure-ab94a28f-dfcc-4248-b127-3fd4...-1c90cc8b-b192-4543-868a-da24f93cd776] INFO com.example.mattermost.MeetingSchedulerWorkflowImpl - Main loop: Found 0 processable actions: []
[workflow-method-testValidationFailure-ab94a28f-dfcc-4248-b127-3fd4...-1c90cc8b-b192-4543-868a-da24f93cd776] INFO com.example.mattermost.MeetingSchedulerWorkflowImpl - getProcessableActions: Checking all nodes in currentGoal.
[workflow-method-testValidationFailure-ab94a28f-dfcc-4248-b127-3fd4...-1c90cc8b-b192-4543-868a-da24f93cd776] INFO com.example.mattermost.MeetingSchedulerWorkflowImpl - getProcessableActions: Node ID: single_action_001, Status: WAITING_FOR_INPUT, IsPending: false, DependenciesMet: false
[workflow-method-testValidationFailure-ab94a28f-dfcc-4248-b127-3fd4...-1c90cc8b-b192-4543-868a-da24f93cd776] INFO com.example.mattermost.MeetingSchedulerWorkflowImpl - getProcessableActions: Returning 0 processable nodes.
[workflow-method-testValidationFailure-ab94a28f-dfcc-4248-b127-3fd4...-1c90cc8b-b192-4543-868a-da24f93cd776] WARN com.example.mattermost.MeetingSchedulerWorkflowImpl - Potential deadlock or all remaining actions are waiting for external signals. Workflow might be stuck if no signals arrive.
[workflow-method-testValidationFailure-ab94a28f-dfcc-4248-b127-3fd4...-1c90cc8b-b192-4543-868a-da24f93cd776] INFO com.example.mattermost.MeetingSchedulerWorkflowImpl - Main loop: No actions currently processable. Waiting for signals or workflow completion. Current statuses: {single_action_001=WAITING_FOR_INPUT}
[workflow-method-testValidationFailure-ab94a28f-dfcc-4248-b127-3fd4...-1c90cc8b-b192-4543-868a-da24f93cd776] INFO com.example.mattermost.MeetingSchedulerWorkflowImpl - getProcessableActions: Checking all nodes in currentGoal.
[workflow-method-testValidationFailure-ab94a28f-dfcc-4248-b127-3fd4...-1c90cc8b-b192-4543-868a-da24f93cd776] INFO com.example.mattermost.MeetingSchedulerWorkflowImpl - getProcessableActions: Node ID: single_action_001, Status: WAITING_FOR_INPUT, IsPending: false, DependenciesMet: false
[workflow-method-testValidationFailure-ab94a28f-dfcc-4248-b127-3fd4...-1c90cc8b-b192-4543-868a-da24f93cd776] INFO com.example.mattermost.MeetingSchedulerWorkflowImpl - getProcessableActions: Returning 0 processable nodes.
[workflow-method-testValidationFailure-ab94a28f-dfcc-4248-b127-3fd4...-1c90cc8b-b192-4543-868a-da24f93cd776] INFO com.example.mattermost.MeetingSchedulerWorkflowImpl - getProcessableActions: Checking all nodes in currentGoal.
[workflow-method-testValidationFailure-ab94a28f-dfcc-4248-b127-3fd4...-1c90cc8b-b192-4543-868a-da24f93cd776] INFO com.example.mattermost.MeetingSchedulerWorkflowImpl - getProcessableActions: Node ID: single_action_001, Status: WAITING_FOR_INPUT, IsPending: false, DependenciesMet: false
[workflow-method-testValidationFailure-ab94a28f-dfcc-4248-b127-3fd4...-1c90cc8b-b192-4543-868a-da24f93cd776] INFO com.example.mattermost.MeetingSchedulerWorkflowImpl - getProcessableActions: Returning 0 processable nodes.
[workflow-method-testValidationFailure-ab94a28f-dfcc-4248-b127-3fd4...-1c90cc8b-b192-4543-868a-da24f93cd776] WARN com.example.mattermost.MeetingSchedulerWorkflowImpl - Potential deadlock or all remaining actions are waiting for external signals. Workflow might be stuck if no signals arrive.
[workflow-method-testValidationFailure-ab94a28f-dfcc-4248-b127-3fd4...-1c90cc8b-b192-4543-868a-da24f93cd776] INFO com.example.mattermost.MeetingSchedulerWorkflowImpl - Main loop: Workflow.await condition check: newProcessableActions=false, workflowNowComplete=false
[workflow-method-testValidationFailure-ab94a28f-dfcc-4248-b127-3fd4...-1c90cc8b-b192-4543-868a-da24f93cd776] INFO com.example.mattermost.MeetingSchedulerWorkflowImpl - getProcessableActions: Checking all nodes in currentGoal.
[workflow-method-testValidationFailure-ab94a28f-dfcc-4248-b127-3fd4...-1c90cc8b-b192-4543-868a-da24f93cd776] INFO com.example.mattermost.MeetingSchedulerWorkflowImpl - getProcessableActions: Node ID: single_action_001, Status: WAITING_FOR_INPUT, IsPending: false, DependenciesMet: false
[workflow-method-testValidationFailure-ab94a28f-dfcc-4248-b127-3fd4...-1c90cc8b-b192-4543-868a-da24f93cd776] INFO com.example.mattermost.MeetingSchedulerWorkflowImpl - getProcessableActions: Returning 0 processable nodes.
[workflow-method-testValidationFailure-ab94a28f-dfcc-4248-b127-3fd4...-1c90cc8b-b192-4543-868a-da24f93cd776] INFO com.example.mattermost.MeetingSchedulerWorkflowImpl - getProcessableActions: Checking all nodes in currentGoal.
[workflow-method-testValidationFailure-ab94a28f-dfcc-4248-b127-3fd4...-1c90cc8b-b192-4543-868a-da24f93cd776] INFO com.example.mattermost.MeetingSchedulerWorkflowImpl - getProcessableActions: Node ID: single_action_001, Status: WAITING_FOR_INPUT, IsPending: false, DependenciesMet: false
[workflow-method-testValidationFailure-ab94a28f-dfcc-4248-b127-3fd4...-1c90cc8b-b192-4543-868a-da24f93cd776] INFO com.example.mattermost.MeetingSchedulerWorkflowImpl - getProcessableActions: Returning 0 processable nodes.
[workflow-method-testValidationFailure-ab94a28f-dfcc-4248-b127-3fd4...-1c90cc8b-b192-4543-868a-da24f93cd776] WARN com.example.mattermost.MeetingSchedulerWorkflowImpl - Potential deadlock or all remaining actions are waiting for external signals. Workflow might be stuck if no signals arrive.
[workflow-method-testValidationFailure-ab94a28f-dfcc-4248-b127-3fd4...-1c90cc8b-b192-4543-868a-da24f93cd776] INFO com.example.mattermost.MeetingSchedulerWorkflowImpl - Main loop: Workflow.await condition check: newProcessableActions=false, workflowNowComplete=false
[main] INFO com.example.mattermost.MeetingSchedulerWorkflowTest - Test: Initial ask for single_action_001 verified. Sending bad input.
[main] INFO com.example.mattermost.MeetingSchedulerWorkflowTest - Test: Bad input signal sent for single_action_001.
[main] INFO com.example.mattermost.MeetingSchedulerWorkflowTest - Test: Verifying re-prompt for single_action_001 after bad input.
[workflow-method-testValidationFailure-ab94a28f-dfcc-4248-b127-3fd4...-1c90cc8b-b192-4543-868a-da24f93cd776] INFO com.example.mattermost.MeetingSchedulerWorkflowImpl - getProcessableActions: Checking all nodes in currentGoal.
[workflow-method-testValidationFailure-ab94a28f-dfcc-4248-b127-3fd4...-1c90cc8b-b192-4543-868a-da24f93cd776] INFO com.example.mattermost.MeetingSchedulerWorkflowImpl - getProcessableActions: Node ID: single_action_001, Status: WAITING_FOR_INPUT, IsPending: false, DependenciesMet: false
[workflow-method-testValidationFailure-ab94a28f-dfcc-4248-b127-3fd4...-1c90cc8b-b192-4543-868a-da24f93cd776] INFO com.example.mattermost.MeetingSchedulerWorkflowImpl - getProcessableActions: Returning 0 processable nodes.
[workflow-method-testValidationFailure-ab94a28f-dfcc-4248-b127-3fd4...-1c90cc8b-b192-4543-868a-da24f93cd776] INFO com.example.mattermost.MeetingSchedulerWorkflowImpl - getProcessableActions: Checking all nodes in currentGoal.
[workflow-method-testValidationFailure-ab94a28f-dfcc-4248-b127-3fd4...-1c90cc8b-b192-4543-868a-da24f93cd776] INFO com.example.mattermost.MeetingSchedulerWorkflowImpl - getProcessableActions: Node ID: single_action_001, Status: WAITING_FOR_INPUT, IsPending: false, DependenciesMet: false
[workflow-method-testValidationFailure-ab94a28f-dfcc-4248-b127-3fd4...-1c90cc8b-b192-4543-868a-da24f93cd776] INFO com.example.mattermost.MeetingSchedulerWorkflowImpl - getProcessableActions: Returning 0 processable nodes.
[workflow-method-testValidationFailure-ab94a28f-dfcc-4248-b127-3fd4...-1c90cc8b-b192-4543-868a-da24f93cd776] WARN com.example.mattermost.MeetingSchedulerWorkflowImpl - Potential deadlock or all remaining actions are waiting for external signals. Workflow might be stuck if no signals arrive.
[workflow-method-testValidationFailure-ab94a28f-dfcc-4248-b127-3fd4...-1c90cc8b-b192-4543-868a-da24f93cd776] INFO com.example.mattermost.MeetingSchedulerWorkflowImpl - Main loop: Workflow.await condition check: newProcessableActions=false, workflowNowComplete=false
[signal onUserResponse] INFO com.example.mattermost.MeetingSchedulerWorkflowImpl - Signal: Received onUserResponse for actionId: single_action_001 with input: {input=bad_initial_input}. Current status: WAITING_FOR_INPUT, waitingForUserInputMap containsKey: true
[signal onUserResponse] INFO com.example.mattermost.MeetingSchedulerWorkflowImpl - Signal: Processing valid signal for action single_action_001.
[signal onUserResponse] INFO com.example.mattermost.MeetingSchedulerWorkflowImpl - Signal: Calling validateInputActivity for action single_action_001.
[workflow-method-testValidationFailure-ab94a28f-dfcc-4248-b127-3fd4...-1c90cc8b-b192-4543-868a-da24f93cd776] INFO com.example.mattermost.MeetingSchedulerWorkflowImpl - getProcessableActions: Checking all nodes in currentGoal.
[workflow-method-testValidationFailure-ab94a28f-dfcc-4248-b127-3fd4...-1c90cc8b-b192-4543-868a-da24f93cd776] INFO com.example.mattermost.MeetingSchedulerWorkflowImpl - getProcessableActions: Node ID: single_action_001, Status: PROCESSING, IsPending: false, DependenciesMet: false
[workflow-method-testValidationFailure-ab94a28f-dfcc-4248-b127-3fd4...-1c90cc8b-b192-4543-868a-da24f93cd776] INFO com.example.mattermost.MeetingSchedulerWorkflowImpl - getProcessableActions: Returning 0 processable nodes.
[workflow-method-testValidationFailure-ab94a28f-dfcc-4248-b127-3fd4...-1c90cc8b-b192-4543-868a-da24f93cd776] INFO com.example.mattermost.MeetingSchedulerWorkflowImpl - getProcessableActions: Checking all nodes in currentGoal.
[workflow-method-testValidationFailure-ab94a28f-dfcc-4248-b127-3fd4...-1c90cc8b-b192-4543-868a-da24f93cd776] INFO com.example.mattermost.MeetingSchedulerWorkflowImpl - getProcessableActions: Node ID: single_action_001, Status: PROCESSING, IsPending: false, DependenciesMet: false
[workflow-method-testValidationFailure-ab94a28f-dfcc-4248-b127-3fd4...-1c90cc8b-b192-4543-868a-da24f93cd776] INFO com.example.mattermost.MeetingSchedulerWorkflowImpl - getProcessableActions: Returning 0 processable nodes.
[workflow-method-testValidationFailure-ab94a28f-dfcc-4248-b127-3fd4...-1c90cc8b-b192-4543-868a-da24f93cd776] INFO com.example.mattermost.MeetingSchedulerWorkflowImpl - Main loop: Workflow.await condition check: newProcessableActions=false, workflowNowComplete=false
[workflow-method-testValidationFailure-ab94a28f-dfcc-4248-b127-3fd4...-1c90cc8b-b192-4543-868a-da24f93cd776] INFO com.example.mattermost.MeetingSchedulerWorkflowImpl - getProcessableActions: Checking all nodes in currentGoal.
[workflow-method-testValidationFailure-ab94a28f-dfcc-4248-b127-3fd4...-1c90cc8b-b192-4543-868a-da24f93cd776] INFO com.example.mattermost.MeetingSchedulerWorkflowImpl - getProcessableActions: Node ID: single_action_001, Status: PROCESSING, IsPending: false, DependenciesMet: false
[workflow-method-testValidationFailure-ab94a28f-dfcc-4248-b127-3fd4...-1c90cc8b-b192-4543-868a-da24f93cd776] INFO com.example.mattermost.MeetingSchedulerWorkflowImpl - getProcessableActions: Returning 0 processable nodes.
[workflow-method-testValidationFailure-ab94a28f-dfcc-4248-b127-3fd4...-1c90cc8b-b192-4543-868a-da24f93cd776] INFO com.example.mattermost.MeetingSchedulerWorkflowImpl - getProcessableActions: Checking all nodes in currentGoal.
[workflow-method-testValidationFailure-ab94a28f-dfcc-4248-b127-3fd4...-1c90cc8b-b192-4543-868a-da24f93cd776] INFO com.example.mattermost.MeetingSchedulerWorkflowImpl - getProcessableActions: Node ID: single_action_001, Status: PROCESSING, IsPending: false, DependenciesMet: false
[workflow-method-testValidationFailure-ab94a28f-dfcc-4248-b127-3fd4...-1c90cc8b-b192-4543-868a-da24f93cd776] INFO com.example.mattermost.MeetingSchedulerWorkflowImpl - getProcessableActions: Returning 0 processable nodes.
[workflow-method-testValidationFailure-ab94a28f-dfcc-4248-b127-3fd4...-1c90cc8b-b192-4543-868a-da24f93cd776] INFO com.example.mattermost.MeetingSchedulerWorkflowImpl - Main loop: Workflow.await condition check: newProcessableActions=false, workflowNowComplete=false
[main] INFO io.temporal.serviceclient.TestServiceStubsImpl - shutdownNow
[main] INFO io.temporal.serviceclient.OperatorServiceStubsImpl - shutdownNow
[main] INFO io.temporal.worker.WorkerFactory - shutdownNow: WorkerFactory{identity=10208@devbox}
[main] INFO io.temporal.internal.worker.Poller - shutdown: Poller{name=Workflow Poller taskQueue="Test-5b152ab5-abde-4ada-b86d-61b198e8d91a", namespace="UnitTest", identity=10208@devbox}
[Workflow Poller taskQueue="Test-5b152ab5-abde-4ada-b86d-61b198e8d91a", namespace="UnitTest": 4] INFO io.temporal.internal.worker.Poller - poll loop is terminated: WorkflowPollTask
[Workflow Poller taskQueue="Test-5b152ab5-abde-4ada-b86d-61b198e8d91a", namespace="UnitTest": 3] INFO io.temporal.internal.worker.Poller - poll loop is terminated: WorkflowPollTask
[Workflow Poller taskQueue="Test-5b152ab5-abde-4ada-b86d-61b198e8d91a", namespace="UnitTest": 2] INFO io.temporal.internal.worker.Poller - poll loop is terminated: WorkflowPollTask
[Workflow Poller taskQueue="Test-5b152ab5-abde-4ada-b86d-61b198e8d91a", namespace="UnitTest": 5] INFO io.temporal.internal.worker.Poller - poll loop is terminated: WorkflowPollTask
[Workflow Poller taskQueue="Test-5b152ab5-abde-4ada-b86d-61b198e8d91a", namespace="UnitTest": 1] INFO io.temporal.internal.worker.Poller - poll loop is terminated: WorkflowPollTask
[main] INFO io.temporal.internal.worker.Poller - shutdown: Poller{name=Workflow Poller taskQueue="WorkflowTest-testInputValidationFailureAndRetry()-[engine:junit-jupiter]/[class:com.example.mattermost.MeetingSchedulerWorkflowTest]/[method:testInputValidationFailureAndRetry()]", namespace="UnitTest", identity=10208@devbox}
[Workflow Poller taskQueue="WorkflowTest-testInputValidationFailureAndRetry()-[engine:junit-jupiter]/[class:com.example.mattermost.MeetingSchedulerWorkflowTest]/[method:testInputValidationFailureAndRetry()]", namespace="UnitTest": 4] INFO io.temporal.internal.worker.Poller - poll loop is terminated: WorkflowPollTask
[TemporalShutdownManager: 1] INFO io.temporal.internal.worker.Poller - shutdown: Poller{name=Activity Poller taskQueue="Test-5b152ab5-abde-4ada-b86d-61b198e8d91a", namespace="UnitTest", identity=10208@devbox}
[main] INFO io.temporal.worker.WorkerFactory - awaitTermination begin: WorkerFactory{identity=10208@devbox}
[Workflow Poller taskQueue="WorkflowTest-testInputValidationFailureAndRetry()-[engine:junit-jupiter]/[class:com.example.mattermost.MeetingSchedulerWorkflowTest]/[method:testInputValidationFailureAndRetry()]", namespace="UnitTest": 2] INFO io.temporal.internal.worker.Poller - poll loop is terminated: WorkflowPollTask
[Workflow Poller taskQueue="WorkflowTest-testInputValidationFailureAndRetry()-[engine:junit-jupiter]/[class:com.example.mattermost.MeetingSchedulerWorkflowTest]/[method:testInputValidationFailureAndRetry()]", namespace="UnitTest": 3] INFO io.temporal.internal.worker.Poller - poll loop is terminated: WorkflowPollTask
[Activity Poller taskQueue="Test-5b152ab5-abde-4ada-b86d-61b198e8d91a", namespace="UnitTest": 1] INFO io.temporal.internal.worker.Poller - poll loop is terminated: ActivityPollTask
[Workflow Poller taskQueue="WorkflowTest-testInputValidationFailureAndRetry()-[engine:junit-jupiter]/[class:com.example.mattermost.MeetingSchedulerWorkflowTest]/[method:testInputValidationFailureAndRetry()]", namespace="UnitTest": 5] INFO io.temporal.internal.worker.Poller - poll loop is terminated: WorkflowPollTask
[Workflow Poller taskQueue="WorkflowTest-testInputValidationFailureAndRetry()-[engine:junit-jupiter]/[class:com.example.mattermost.MeetingSchedulerWorkflowTest]/[method:testInputValidationFailureAndRetry()]", namespace="UnitTest": 1] INFO io.temporal.internal.worker.Poller - poll loop is terminated: WorkflowPollTask
[Activity Poller taskQueue="Test-5b152ab5-abde-4ada-b86d-61b198e8d91a", namespace="UnitTest": 3] INFO io.temporal.internal.worker.Poller - poll loop is terminated: ActivityPollTask
[Activity Poller taskQueue="Test-5b152ab5-abde-4ada-b86d-61b198e8d91a", namespace="UnitTest": 4] INFO io.temporal.internal.worker.Poller - poll loop is terminated: ActivityPollTask
[Activity Poller taskQueue="Test-5b152ab5-abde-4ada-b86d-61b198e8d91a", namespace="UnitTest": 5] INFO io.temporal.internal.worker.Poller - poll loop is terminated: ActivityPollTask
[Activity Poller taskQueue="Test-5b152ab5-abde-4ada-b86d-61b198e8d91a", namespace="UnitTest": 2] INFO io.temporal.internal.worker.Poller - poll loop is terminated: ActivityPollTask
[main] INFO io.temporal.worker.WorkerFactory - awaitTermination done: WorkerFactory{identity=10208@devbox}
[main] INFO io.temporal.serviceclient.WorkflowServiceStubsImpl - shutdownNow
[main] INFO io.temporal.testserver.TestServer - Shutting down in-process gRPC server
[main] INFO io.temporal.testserver.TestServer - Shutting down gRPC Services
[main] INFO io.temporal.serviceclient.TestServiceStubsImpl - shutdownNow
[main] INFO io.temporal.serviceclient.OperatorServiceStubsImpl - shutdownNow
[main] INFO io.temporal.worker.WorkerFactory - shutdownNow: WorkerFactory{identity=10208@devbox}
[main] INFO io.temporal.internal.worker.Poller - shutdown: Poller{name=Workflow Poller taskQueue="Test-5b152ab5-abde-4ada-b86d-61b198e8d91a", namespace="UnitTest", identity=10208@devbox}
[main] INFO io.temporal.internal.worker.Poller - shutdown: Poller{name=Workflow Poller taskQueue="WorkflowTest-testInputValidationFailureAndRetry()-[engine:junit-jupiter]/[class:com.example.mattermost.MeetingSchedulerWorkflowTest]/[method:testInputValidationFailureAndRetry()]", namespace="UnitTest", identity=10208@devbox}
[TemporalShutdownManager: 1] INFO io.temporal.internal.worker.Poller - shutdown: Poller{name=Activity Poller taskQueue="Test-5b152ab5-abde-4ada-b86d-61b198e8d91a", namespace="UnitTest", identity=10208@devbox}
[main] INFO io.temporal.worker.WorkerFactory - awaitTermination begin: WorkerFactory{identity=10208@devbox}
[main] INFO io.temporal.worker.WorkerFactory - awaitTermination done: WorkerFactory{identity=10208@devbox}
[main] INFO io.temporal.serviceclient.WorkflowServiceStubsImpl - shutdownNow
[main] INFO io.temporal.testserver.TestServer - Shutting down in-process gRPC server
[main] INFO io.temporal.testserver.TestServer - Shutting down gRPC Services
Workflow execution histories:
Stored Workflows:
ExecutionId{namespace='UnitTest', execution=workflow_id: "testValidationFailure-ab94a28f-dfcc-4248-b127-3fd480b384af"
run_id: "1c90cc8b-b192-4543-868a-da24f93cd776"
}

event_id: 1
event_time { seconds: 1749807932 nanos: 754000000 }
event_type: EVENT_TYPE_WORKFLOW_EXECUTION_STARTED
workflow_execution_started_event_attributes {
  workflow_type { name: "MeetingSchedulerWorkflow" }
  task_queue { name: "Test-5b152ab5-abde-4ada-b86d-61b198e8d91a" }
  input {
    payloads {
      metadata {
        key: "encoding"
        value: "json/plain"
      }
      data: "{\"goal\":\"Single action test goal\",\"nodes\":[{\"actionId\":\"single_action_001\",\"actionName\":\"Perform Single Action\",\"actionDescription\":null,\"actionParams\":{\"prompt_message\":\"Provide input for single action.\"},\"actionStatus\":\"PENDING\"}],\"relationships\":[],\"actionOutputs\":{}}"
    }
  }
  workflow_execution_timeout { seconds: 315360000 }
  workflow_run_timeout { seconds: 315360000 }
  workflow_task_timeout { seconds: 10 }
  original_execution_run_id: "1c90cc8b-b192-4543-868a-da24f93cd776"
  identity: "10208@devbox"
  first_execution_run_id: "1c90cc8b-b192-4543-868a-da24f93cd776"
  attempt: 1
  header { }
}

event_id: 2
event_time { seconds: 1749807932 nanos: 754000000 }
event_type: EVENT_TYPE_WORKFLOW_TASK_SCHEDULED
workflow_task_scheduled_event_attributes {
  task_queue { name: "Test-5b152ab5-abde-4ada-b86d-61b198e8d91a" }
  start_to_close_timeout { seconds: 10 }
  attempt: 1
}

event_id: 3
event_time { seconds: 1749807932 nanos: 754000000 }
event_type: EVENT_TYPE_WORKFLOW_TASK_STARTED
workflow_task_started_event_attributes {
  scheduled_event_id: 2
  identity: "10208@devbox"
}

event_id: 4
event_time { seconds: 1749807932 nanos: 761000000 }
event_type: EVENT_TYPE_WORKFLOW_TASK_COMPLETED
workflow_task_completed_event_attributes {
  scheduled_event_id: 2
  identity: "10208@devbox"
  sdk_metadata { lang_used_flags: 1 }
  metering_metadata { }
}

event_id: 5
event_time { seconds: 1749807932 nanos: 761000000 }
event_type: EVENT_TYPE_ACTIVITY_TASK_SCHEDULED
activity_task_scheduled_event_attributes {
  activity_id: "83b27d54-c545-3dd4-b8da-45cf52a974d2"
  activity_type { name: "Ask" }
  task_queue { name: "Test-5b152ab5-abde-4ada-b86d-61b198e8d91a" }
  header { }
  input {
    payloads {
      metadata {
        key: "encoding"
        value: "json/plain"
      }
      data: "\"single_action_001\""
    }
    payloads {
      metadata {
        key: "encoding"
        value: "json/plain"
      }
      data: "\"Provide input for single action.\""
    }
  }
  schedule_to_close_timeout { seconds: 315360000 }
  schedule_to_start_timeout { seconds: 315360000 }
  start_to_close_timeout { seconds: 300 }
  heartbeat_timeout { }
  workflow_task_completed_event_id: 3
  retry_policy { initial_interval { seconds: 1 } backoff_coefficient: 2.0 maximum_interval { seconds: 10 } maximum_attempts: 3 }
}

event_id: 6
event_time { seconds: 1749807932 nanos: 761000000 }
event_type: EVENT_TYPE_WORKFLOW_EXECUTION_SIGNALED
workflow_execution_signaled_event_attributes {
  signal_name: "onUserResponse"
  input {
    payloads {
      metadata {
        key: "encoding"
        value: "json/plain"
      }
      data: "\"single_action_001\""
    }
    payloads {
      metadata {
        key: "encoding"
        value: "json/plain"
      }
      data: "{\"input\":\"bad_initial_input\"}"
    }
  }
  identity: "10208@devbox"
}

event_id: 7
event_time { seconds: 1749807932 nanos: 761000000 }
event_type: EVENT_TYPE_WORKFLOW_TASK_SCHEDULED
workflow_task_scheduled_event_attributes {
  task_queue { name: "Test-5b152ab5-abde-4ada-b86d-61b198e8d91a" }
  start_to_close_timeout { seconds: 10 }
  attempt: 2
}

event_id: 8
event_time { seconds: 1749807932 nanos: 761000000 }
event_type: EVENT_TYPE_WORKFLOW_TASK_STARTED
workflow_task_started_event_attributes {
  scheduled_event_id: 7
  identity: "10208@devbox"
}

event_id: 9
event_time { seconds: 1749807932 nanos: 764000000 }
event_type: EVENT_TYPE_WORKFLOW_TASK_COMPLETED
workflow_task_completed_event_attributes {
  scheduled_event_id: 7
  identity: "10208@devbox"
  sdk_metadata { }
  metering_metadata { }
}

event_id: 10
event_time { seconds: 1749807932 nanos: 762000000 }
event_type: EVENT_TYPE_ACTIVITY_TASK_STARTED
activity_task_started_event_attributes {
  scheduled_event_id: 5
  identity: "10208@devbox"
  attempt: 1
}

event_id: 11
event_time { seconds: 1749807932 nanos: 764000000 }
event_type: EVENT_TYPE_ACTIVITY_TASK_COMPLETED
activity_task_completed_event_attributes {
  result {
  }
  scheduled_event_id: 5
  started_event_id: 9
  identity: "10208@devbox"
}

event_id: 12
event_time { seconds: 1749807932 nanos: 764000000 }
event_type: EVENT_TYPE_WORKFLOW_TASK_SCHEDULED
workflow_task_scheduled_event_attributes {
  task_queue { name: "Test-5b152ab5-abde-4ada-b86d-61b198e8d91a" }
  start_to_close_timeout { seconds: 10 }
  attempt: 1
}

event_id: 13
event_time { seconds: 1749807932 nanos: 764000000 }
event_type: EVENT_TYPE_WORKFLOW_TASK_STARTED
workflow_task_started_event_attributes {
  scheduled_event_id: 12
  identity: "10208@devbox"
}

event_id: 14
event_time { seconds: 1749807932 nanos: 766000000 }
event_type: EVENT_TYPE_WORKFLOW_TASK_COMPLETED
workflow_task_completed_event_attributes {
  scheduled_event_id: 12
  identity: "10208@devbox"
  sdk_metadata { }
  metering_metadata { }
}

event_id: 15
event_time { seconds: 1749807932 nanos: 767000000 }
event_type: EVENT_TYPE_WORKFLOW_EXECUTION_SIGNALED
workflow_execution_signaled_event_attributes {
  signal_name: "onUserResponse"
  input {
    payloads {
      metadata {
        key: "encoding"
        value: "json/plain"
      }
      data: "\"single_action_001\""
    }
    payloads {
      metadata {
        key: "encoding"
        value: "json/plain"
      }
      data: "{\"input\":\"bad_initial_input\"}"
    }
  }
  identity: "10208@devbox"
}

event_id: 16
event_time { seconds: 1749807932 nanos: 767000000 }
event_type: EVENT_TYPE_WORKFLOW_TASK_SCHEDULED
workflow_task_scheduled_event_attributes {
  task_queue { name: "Test-5b152ab5-abde-4ada-b86d-61b198e8d91a" }
  start_to_close_timeout { seconds: 10 }
  attempt: 1
}

event_id: 17
event_time { seconds: 1749807932 nanos: 767000000 }
event_type: EVENT_TYPE_WORKFLOW_TASK_STARTED
workflow_task_started_event_attributes {
  scheduled_event_id: 16
  identity: "10208@devbox"
}

event_id: 18
event_time { seconds: 1749807932 nanos: 770000000 }
event_type: EVENT_TYPE_WORKFLOW_TASK_COMPLETED
workflow_task_completed_event_attributes {
  scheduled_event_id: 16
  identity: "10208@devbox"
  sdk_metadata { }
  metering_metadata { }
}

event_id: 19
event_time { seconds: 1749807932 nanos: 770000000 }
event_type: EVENT_TYPE_ACTIVITY_TASK_SCHEDULED
activity_task_scheduled_event_attributes {
  activity_id: "e0215f62-2895-36c1-9e2b-0af5ba416be2"
  activity_type { name: "Validate" }
  task_queue { name: "Test-5b152ab5-abde-4ada-b86d-61b198e8d91a" }
  header { }
  input {
    payloads {
      metadata {
        key: "encoding"
        value: "json/plain"
      }
      data: "\"single_action_001\""
    }
    payloads {
      metadata {
        key: "encoding"
        value: "json/plain"
      }
      data: "{\"input\":\"bad_initial_input\"}"
    }
    payloads {
      metadata {
        key: "encoding"
        value: "json/plain"
      }
      data: "{\"prompt_message\":\"Provide input for single action.\"}"
    }
  }
  schedule_to_close_timeout { seconds: 315360000 }
  schedule_to_start_timeout { seconds: 315360000 }
  start_to_close_timeout { seconds: 300 }
  heartbeat_timeout { }
  workflow_task_completed_event_id: 17
  retry_policy { initial_interval { seconds: 1 } backoff_coefficient: 2.0 maximum_interval { seconds: 10 } maximum_attempts: 3 }
}

event_id: 20
event_time { seconds: 1749807932 nanos: 770000000 }
event_type: EVENT_TYPE_ACTIVITY_TASK_STARTED
activity_task_started_event_attributes {
  scheduled_event_id: 19
  identity: "10208@devbox"
  attempt: 1
}

event_id: 21
event_time { seconds: 1749807932 nanos: 774000000 }
event_type: EVENT_TYPE_ACTIVITY_TASK_COMPLETED
activity_task_completed_event_attributes {
  result {
    payloads {
      metadata {
        key: "encoding"
        value: "json/plain"
      }
      data: "false"
    }
  }
  scheduled_event_id: 19
  started_event_id: 20
  identity: "10208@devbox"
}

event_id: 22
event_time { seconds: 1749807932 nanos: 774000000 }
event_type: EVENT_TYPE_WORKFLOW_TASK_SCHEDULED
workflow_task_scheduled_event_attributes {
  task_queue { name: "Test-5b152ab5-abde-4ada-b86d-61b198e8d91a" }
  start_to_close_timeout { seconds: 10 }
  attempt: 1
}

event_id: 23
event_time { seconds: 1749807932 nanos: 774000000 }
event_type: EVENT_TYPE_WORKFLOW_TASK_STARTED
workflow_task_started_event_attributes {
  scheduled_event_id: 22
  identity: "10208@devbox"
}



]]></system-err>
  </testcase>
</testsuite>